2018/11/14 19:03:24 Setting default language to user
2018/11/14 19:08:24 Setting default language to user
2018/11/14 19:13:24 Setting default language to user
2018/11/14 19:18:24 Setting default language to user
2018/11/14 19:23:24 Setting default language to user
2018/11/14 19:25:22 Setting default language to user
2018/11/14 19:25:22 Layout prepend running
2018/11/14 19:25:22 Adding css /assets/css/main.css
2018/11/14 19:25:22 SELECT * FROM media_type ORDER BY id
2018/11/14 19:25:22 REGEXP FOUND: "^/?" in path "/"

2018/11/14 19:25:22 Anyone is allowed
2018/11/14 19:25:22 Render layout frontend
2018/11/14 19:25:23 Layout prepend running
2018/11/14 19:25:23 REGEXP FOUND: "^/media$" in path "/media"

2018/11/14 19:25:23 Anyone is allowed
2018/11/14 19:25:23 Render layout frontend
2018/11/14 19:25:23 Layout prepend running
2018/11/14 19:25:23 REGEXP FOUND: "^/operators$" in path "/operators"

2018/11/14 19:25:23 Anyone is allowed
2018/11/14 19:25:23 Render layout frontend
2018/11/14 19:25:23 Layout prepend running
2018/11/14 19:25:23 REGEXP FOUND: "^/owners$" in path "/owners"

2018/11/14 19:25:23 Anyone is allowed
2018/11/14 19:25:23 Render layout frontend
2018/11/14 19:25:23 Layout prepend running
2018/11/14 19:25:23 REGEXP FOUND: "^/connections$" in path "/connections"

2018/11/14 19:25:23 Anyone is allowed
2018/11/14 19:25:23 Render layout frontend
2018/11/14 19:25:23 Layout prepend running
2018/11/14 19:25:23 REGEXP FOUND: "^/interests$" in path "/interests"

2018/11/14 19:25:23 Anyone is allowed
2018/11/14 19:25:23 Render layout frontend
2018/11/14 19:28:24 Setting default language to user
2018/11/14 19:33:24 Setting default language to user
2018/11/14 19:38:24 Setting default language to user
2018/11/14 19:43:24 Setting default language to user
2018/11/14 19:48:24 Setting default language to user
2018/11/14 19:53:24 Setting default language to user
2018/11/14 19:58:24 Setting default language to user
