2018/11/16 12:03:50 Setting default language to user
2018/11/16 12:08:50 Setting default language to user
2018/11/16 12:13:50 Setting default language to user
2018/11/16 12:18:50 Setting default language to user
2018/11/16 12:20:10 Setting default language to user
2018/11/16 12:20:10 Layout prepend running
2018/11/16 12:20:10 Adding css /assets/css/main.css
2018/11/16 12:20:10 SELECT * FROM media_type ORDER BY id
2018/11/16 12:20:10 REGEXP FOUND: "^/?" in path "/"

2018/11/16 12:20:10 Anyone is allowed
2018/11/16 12:20:10 Render layout frontend
2018/11/16 12:20:10 Layout prepend running
2018/11/16 12:20:10 REGEXP FOUND: "^/connections$" in path "/connections"

2018/11/16 12:20:10 Anyone is allowed
2018/11/16 12:20:10 Render layout frontend
2018/11/16 12:20:10 Layout prepend running
2018/11/16 12:20:10 REGEXP FOUND: "^/media$" in path "/media"

2018/11/16 12:20:10 Anyone is allowed
2018/11/16 12:20:10 Render layout frontend
2018/11/16 12:20:10 Layout prepend running
2018/11/16 12:20:10 REGEXP FOUND: "^/operators$" in path "/operators"

2018/11/16 12:20:10 Anyone is allowed
2018/11/16 12:20:10 Render layout frontend
2018/11/16 12:20:10 Layout prepend running
2018/11/16 12:20:10 REGEXP FOUND: "^/owners$" in path "/owners"

2018/11/16 12:20:10 Anyone is allowed
2018/11/16 12:20:10 Render layout frontend
2018/11/16 12:20:11 Layout prepend running
2018/11/16 12:20:11 REGEXP FOUND: "^/interests$" in path "/interests"

2018/11/16 12:20:11 Anyone is allowed
2018/11/16 12:20:11 Render layout frontend
2018/11/16 12:23:50 Setting default language to user
2018/11/16 12:28:50 Setting default language to user
2018/11/16 12:33:50 Setting default language to user
2018/11/16 12:38:50 Setting default language to user
2018/11/16 12:43:49 Setting default language to user
2018/11/16 12:48:49 Setting default language to user
2018/11/16 12:53:49 Setting default language to user
2018/11/16 12:58:49 Setting default language to user
