2018/11/06 14:00:06 Layout prepend running
2018/11/06 14:00:06 Adding css /assets/css/main.css
2018/11/06 14:00:06 SELECT * FROM media_type ORDER BY id
2018/11/06 14:00:06 REGEXP FOUND: "^/?" in path "/"

2018/11/06 14:00:06 Anyone is allowed
2018/11/06 14:00:06 Render layout frontend
2018/11/06 14:00:09 Layout prepend running
2018/11/06 14:00:09 REGEXP FOUND: "^/operators$" in path "/operators"

2018/11/06 14:00:09 Anyone is allowed
2018/11/06 14:00:09 Render layout frontend
2018/11/06 14:00:09 Layout prepend running
2018/11/06 14:00:09 REGEXP FOUND: "^/media$" in path "/media"

2018/11/06 14:00:09 Anyone is allowed
2018/11/06 14:00:09 Render layout frontend
2018/11/06 14:00:09 Layout prepend running
2018/11/06 14:00:09 REGEXP FOUND: "^/owners$" in path "/owners"

2018/11/06 14:00:09 Anyone is allowed
2018/11/06 14:00:09 Render layout frontend
2018/11/06 14:00:09 Layout prepend running
2018/11/06 14:00:09 REGEXP FOUND: "^/interests$" in path "/interests"

2018/11/06 14:00:09 Anyone is allowed
2018/11/06 14:00:09 Render layout frontend
2018/11/06 14:00:09 Layout prepend running
2018/11/06 14:00:09 REGEXP FOUND: "^/connections$" in path "/connections"

2018/11/06 14:00:09 Anyone is allowed
2018/11/06 14:00:09 Render layout frontend
2018/11/06 14:04:57 Setting default language to user
2018/11/06 14:09:39 Layout prepend running
2018/11/06 14:09:39 Adding css /assets/css/main.css
2018/11/06 14:09:39 SELECT * FROM media_type ORDER BY id
2018/11/06 14:09:39 REGEXP FOUND: "^/?" in path "/"

2018/11/06 14:09:39 Anyone is allowed
2018/11/06 14:09:39 Render layout frontend
2018/11/06 14:09:41 Layout prepend running
2018/11/06 14:09:41 REGEXP FOUND: "^/operators$" in path "/operators"

2018/11/06 14:09:41 Anyone is allowed
2018/11/06 14:09:41 Render layout frontend
2018/11/06 14:09:41 Layout prepend running
2018/11/06 14:09:41 REGEXP FOUND: "^/connections$" in path "/connections"

2018/11/06 14:09:41 Anyone is allowed
2018/11/06 14:09:41 Render layout frontend
2018/11/06 14:09:41 Layout prepend running
2018/11/06 14:09:41 REGEXP FOUND: "^/interests$" in path "/interests"

2018/11/06 14:09:41 Anyone is allowed
2018/11/06 14:09:41 Render layout frontend
2018/11/06 14:09:41 Layout prepend running
2018/11/06 14:09:41 REGEXP FOUND: "^/media$" in path "/media"

2018/11/06 14:09:41 Anyone is allowed
2018/11/06 14:09:41 Render layout frontend
2018/11/06 14:09:41 Layout prepend running
2018/11/06 14:09:41 REGEXP FOUND: "^/owners$" in path "/owners"

2018/11/06 14:09:41 Anyone is allowed
2018/11/06 14:09:41 Render layout frontend
2018/11/06 14:09:57 Setting default language to user
2018/11/06 14:14:57 Setting default language to user
2018/11/06 14:19:23 Layout prepend running
2018/11/06 14:19:23 Adding css /assets/css/main.css
2018/11/06 14:19:23 SELECT * FROM media_type ORDER BY id
2018/11/06 14:19:23 REGEXP FOUND: "^/?" in path "/"

2018/11/06 14:19:23 Anyone is allowed
2018/11/06 14:19:23 Render layout frontend
2018/11/06 14:19:23 Setting default language to user
2018/11/06 14:19:23 Layout prepend running
2018/11/06 14:19:23 REGEXP FOUND: "^/media$" in path "/media"

2018/11/06 14:19:23 Anyone is allowed
2018/11/06 14:19:23 Render layout frontend
2018/11/06 14:19:23 Setting default language to user
2018/11/06 14:19:23 Layout prepend running
2018/11/06 14:19:23 REGEXP FOUND: "^/connections$" in path "/connections"

2018/11/06 14:19:23 Anyone is allowed
2018/11/06 14:19:23 Render layout frontend
2018/11/06 14:19:23 Setting default language to user
2018/11/06 14:19:23 Layout prepend running
2018/11/06 14:19:23 REGEXP FOUND: "^/operators$" in path "/operators"

2018/11/06 14:19:23 Anyone is allowed
2018/11/06 14:19:23 Render layout frontend
2018/11/06 14:19:23 Setting default language to user
2018/11/06 14:19:23 Layout prepend running
2018/11/06 14:19:23 REGEXP FOUND: "^/owners$" in path "/owners"

2018/11/06 14:19:23 Anyone is allowed
2018/11/06 14:19:23 Render layout frontend
2018/11/06 14:19:23 Setting default language to user
2018/11/06 14:19:23 Layout prepend running
2018/11/06 14:19:23 REGEXP FOUND: "^/interests$" in path "/interests"

2018/11/06 14:19:23 Anyone is allowed
2018/11/06 14:19:23 Render layout frontend
2018/11/06 14:19:54 Changing language to en
2018/11/06 14:19:54 Layout prepend running
2018/11/06 14:19:54 Adding css /assets/css/main.css
2018/11/06 14:19:54 SELECT * FROM media_type ORDER BY id
2018/11/06 14:19:54 REGEXP FOUND: "^/?" in path "/"

2018/11/06 14:19:54 Anyone is allowed
2018/11/06 14:19:54 Render layout frontend
2018/11/06 14:19:56 Setting default language to user
2018/11/06 14:19:56 Layout prepend running
2018/11/06 14:19:56 REGEXP FOUND: "^/media$" in path "/media"

2018/11/06 14:19:56 Anyone is allowed
2018/11/06 14:19:56 Render layout frontend
2018/11/06 14:19:56 Setting default language to user
2018/11/06 14:19:56 Layout prepend running
2018/11/06 14:19:56 REGEXP FOUND: "^/operators$" in path "/operators"

2018/11/06 14:19:56 Anyone is allowed
2018/11/06 14:19:56 Render layout frontend
2018/11/06 14:19:56 Setting default language to user
2018/11/06 14:19:56 Layout prepend running
2018/11/06 14:19:56 REGEXP FOUND: "^/connections$" in path "/connections"

2018/11/06 14:19:56 Anyone is allowed
2018/11/06 14:19:56 Render layout frontend
2018/11/06 14:19:56 Setting default language to user
2018/11/06 14:19:56 Layout prepend running
2018/11/06 14:19:56 REGEXP FOUND: "^/owners$" in path "/owners"

2018/11/06 14:19:56 Anyone is allowed
2018/11/06 14:19:56 Render layout frontend
2018/11/06 14:19:56 Setting default language to user
2018/11/06 14:19:56 Layout prepend running
2018/11/06 14:19:56 REGEXP FOUND: "^/interests$" in path "/interests"

2018/11/06 14:19:56 Anyone is allowed
2018/11/06 14:19:56 Render layout frontend
2018/11/06 14:19:57 Setting default language to user
2018/11/06 14:24:57 Setting default language to user
2018/11/06 14:29:57 Setting default language to user
2018/11/06 14:34:57 Setting default language to user
2018/11/06 14:39:57 Setting default language to user
2018/11/06 14:44:57 Setting default language to user
2018/11/06 14:49:57 Setting default language to user
2018/11/06 14:54:57 Setting default language to user
2018/11/06 14:59:57 Setting default language to user
