2018/10/05 10:15:47 Setting default language to user
2018/10/05 10:15:47 Layout prepend running
2018/10/05 10:15:47 Adding css /assets/css/main.css
2018/10/05 10:15:47 SELECT * FROM media_type ORDER BY id
2018/10/05 10:15:47 REGEXP FOUND: "^/?" in path "/"

2018/10/05 10:15:47 Anyone is allowed
2018/10/05 10:15:47 Render layout frontend
2018/10/05 10:15:47 Setting default language to user
2018/10/05 10:15:47 Layout prepend running
2018/10/05 10:15:47 Adding css /assets/css/main.css
2018/10/05 10:15:47 SELECT * FROM media_type ORDER BY id
2018/10/05 10:15:47 REGEXP FOUND: "^/?" in path "/"

2018/10/05 10:15:47 Anyone is allowed
2018/10/05 10:15:47 Render layout frontend
2018/10/05 10:15:48 Setting default language to user
2018/10/05 10:15:48 Setting default language to user
2018/10/05 10:15:48 Setting default language to user
2018/10/05 10:15:48 Setting default language to user
2018/10/05 10:15:48 Layout prepend running
2018/10/05 10:15:48 REGEXP FOUND: "^/media$" in path "/media"

2018/10/05 10:15:48 Anyone is allowed
2018/10/05 10:15:48 Render layout frontend
2018/10/05 10:15:48 Setting default language to user
2018/10/05 10:15:48 Layout prepend running
2018/10/05 10:15:48 REGEXP FOUND: "^/connections$" in path "/connections"

2018/10/05 10:15:48 Anyone is allowed
2018/10/05 10:15:48 Setting default language to user
2018/10/05 10:15:48 Layout prepend running
2018/10/05 10:15:48 REGEXP FOUND: "^/owners$" in path "/owners"

2018/10/05 10:15:48 Anyone is allowed
2018/10/05 10:15:48 Render layout frontend
2018/10/05 10:15:48 Setting default language to user
2018/10/05 10:15:48 Layout prepend running
2018/10/05 10:15:48 REGEXP FOUND: "^/interests$" in path "/interests"

2018/10/05 10:15:48 Anyone is allowed
2018/10/05 10:15:48 Render layout frontend
2018/10/05 10:15:48 Layout prepend running
2018/10/05 10:15:48 REGEXP FOUND: "^/media$" in path "/media"

2018/10/05 10:15:48 Anyone is allowed
2018/10/05 10:15:48 Render layout frontend
2018/10/05 10:15:48 Layout prepend running
2018/10/05 10:15:48 REGEXP FOUND: "^/interests$" in path "/interests"

2018/10/05 10:15:48 Anyone is allowed
2018/10/05 10:15:48 Layout prepend running
2018/10/05 10:15:48 REGEXP FOUND: "^/owners$" in path "/owners"

2018/10/05 10:15:48 Anyone is allowed
2018/10/05 10:15:48 Render layout frontend
2018/10/05 10:15:48 Render layout frontend
2018/10/05 10:15:49 Setting default language to user
2018/10/05 10:15:49 Layout prepend running
2018/10/05 10:15:49 REGEXP FOUND: "^/operators$" in path "/operators"

2018/10/05 10:15:49 Anyone is allowed
2018/10/05 10:15:49 Render layout frontend
2018/10/05 10:15:49 Layout prepend running
2018/10/05 10:15:49 REGEXP FOUND: "^/connections$" in path "/connections"

2018/10/05 10:15:49 Anyone is allowed
2018/10/05 10:15:50 Render layout frontend
2018/10/05 10:15:51 Layout prepend running
2018/10/05 10:15:51 REGEXP FOUND: "^/operators$" in path "/operators"

2018/10/05 10:15:51 Anyone is allowed
2018/10/05 10:15:53 Render layout frontend
2018/10/05 10:32:47 Layout prepend running
2018/10/05 10:32:47 Adding css /assets/css/main.css
2018/10/05 10:32:47 SELECT * FROM media_type ORDER BY id
2018/10/05 10:32:47 REGEXP FOUND: "^/?" in path "/"

2018/10/05 10:32:47 Anyone is allowed
2018/10/05 10:32:47 Render layout frontend
2018/10/05 10:32:49 Layout prepend running
2018/10/05 10:32:49 REGEXP FOUND: "^/media$" in path "/media"

2018/10/05 10:32:49 Anyone is allowed
2018/10/05 10:32:49 Render layout frontend
2018/10/05 10:32:49 Layout prepend running
2018/10/05 10:32:49 REGEXP FOUND: "^/connections$" in path "/connections"

2018/10/05 10:32:49 Anyone is allowed
2018/10/05 10:32:49 Layout prepend running
2018/10/05 10:32:49 REGEXP FOUND: "^/operators$" in path "/operators"

2018/10/05 10:32:49 Anyone is allowed
2018/10/05 10:32:49 Layout prepend running
2018/10/05 10:32:49 REGEXP FOUND: "^/owners$" in path "/owners"

2018/10/05 10:32:49 Anyone is allowed
2018/10/05 10:32:49 Layout prepend running
2018/10/05 10:32:49 REGEXP FOUND: "^/interests$" in path "/interests"

2018/10/05 10:32:49 Anyone is allowed
2018/10/05 10:32:49 Render layout frontend
2018/10/05 10:32:49 Render layout frontend
2018/10/05 10:34:34 Layout prepend running
2018/10/05 10:34:34 Adding css /assets/css/main.css
2018/10/05 10:34:34 SELECT * FROM media_type ORDER BY id
2018/10/05 10:34:34 REGEXP FOUND: "^/?" in path "/"

2018/10/05 10:34:34 Anyone is allowed
2018/10/05 10:34:34 Render layout frontend
2018/10/05 10:34:35 Layout prepend running
2018/10/05 10:34:35 REGEXP FOUND: "^/media$" in path "/media"

2018/10/05 10:34:35 Anyone is allowed
2018/10/05 10:34:35 Render layout frontend
2018/10/05 10:34:35 Layout prepend running
2018/10/05 10:34:35 REGEXP FOUND: "^/connections$" in path "/connections"

2018/10/05 10:34:35 Anyone is allowed
2018/10/05 10:34:35 Layout prepend running
2018/10/05 10:34:35 REGEXP FOUND: "^/operators$" in path "/operators"

2018/10/05 10:34:35 Anyone is allowed
2018/10/05 10:34:35 Layout prepend running
2018/10/05 10:34:35 REGEXP FOUND: "^/owners$" in path "/owners"

2018/10/05 10:34:35 Anyone is allowed
2018/10/05 10:34:35 Layout prepend running
2018/10/05 10:34:35 REGEXP FOUND: "^/interests$" in path "/interests"

2018/10/05 10:34:35 Anyone is allowed
2018/10/05 10:34:35 Render layout frontend
2018/10/05 10:34:35 Render layout frontend
2018/10/05 10:36:07 Layout prepend running
2018/10/05 10:36:07 Adding css /assets/css/main.css
2018/10/05 10:36:07 SELECT * FROM media_type ORDER BY id
2018/10/05 10:36:07 REGEXP FOUND: "^/?" in path "/"

2018/10/05 10:36:07 Anyone is allowed
2018/10/05 10:36:07 Render layout frontend
2018/10/05 10:36:08 Layout prepend running
2018/10/05 10:36:08 REGEXP FOUND: "^/media$" in path "/media"

2018/10/05 10:36:08 Anyone is allowed
2018/10/05 10:36:08 Layout prepend running
2018/10/05 10:36:08 REGEXP FOUND: "^/connections$" in path "/connections"

2018/10/05 10:36:08 Anyone is allowed
2018/10/05 10:36:08 Render layout frontend
2018/10/05 10:36:08 Layout prepend running
2018/10/05 10:36:08 REGEXP FOUND: "^/operators$" in path "/operators"

2018/10/05 10:36:08 Anyone is allowed
2018/10/05 10:36:08 Layout prepend running
2018/10/05 10:36:08 REGEXP FOUND: "^/owners$" in path "/owners"

2018/10/05 10:36:08 Anyone is allowed
2018/10/05 10:36:08 Layout prepend running
2018/10/05 10:36:08 REGEXP FOUND: "^/interests$" in path "/interests"

2018/10/05 10:36:08 Anyone is allowed
2018/10/05 10:36:08 Render layout frontend
2018/10/05 10:36:08 Render layout frontend
2018/10/05 10:37:39 Layout prepend running
2018/10/05 10:37:39 Adding css /assets/css/main.css
2018/10/05 10:37:39 SELECT * FROM media_type ORDER BY id
2018/10/05 10:37:39 REGEXP FOUND: "^/?" in path "/"

2018/10/05 10:37:39 Anyone is allowed
2018/10/05 10:37:39 Render layout frontend
2018/10/05 10:37:39 Layout prepend running
2018/10/05 10:37:39 REGEXP FOUND: "^/media$" in path "/media"

2018/10/05 10:37:39 Anyone is allowed
2018/10/05 10:37:39 Render layout frontend
2018/10/05 10:37:39 Layout prepend running
2018/10/05 10:37:39 REGEXP FOUND: "^/connections$" in path "/connections"

2018/10/05 10:37:39 Anyone is allowed
2018/10/05 10:37:39 Layout prepend running
2018/10/05 10:37:39 REGEXP FOUND: "^/interests$" in path "/interests"

2018/10/05 10:37:39 Anyone is allowed
2018/10/05 10:37:39 Render layout frontend
2018/10/05 10:37:40 Layout prepend running
2018/10/05 10:37:40 REGEXP FOUND: "^/operators$" in path "/operators"

2018/10/05 10:37:40 Anyone is allowed
2018/10/05 10:37:40 Layout prepend running
2018/10/05 10:37:40 REGEXP FOUND: "^/owners$" in path "/owners"

2018/10/05 10:37:40 Anyone is allowed
2018/10/05 10:37:40 Render layout frontend
