2018/11/05 16:03:41 Setting default language to user
2018/11/05 16:08:41 Setting default language to user
2018/11/05 16:13:41 Setting default language to user
2018/11/05 16:18:41 Setting default language to user
2018/11/05 16:19:54 Setting default language to user
2018/11/05 16:19:54 Layout prepend running
2018/11/05 16:19:54 Adding css /assets/css/main.css
2018/11/05 16:19:54 SELECT * FROM media_type ORDER BY id
2018/11/05 16:19:54 REGEXP FOUND: "^/?" in path "/"

2018/11/05 16:19:54 Anyone is allowed
2018/11/05 16:19:54 Render layout frontend
2018/11/05 16:19:57 Layout prepend running
2018/11/05 16:19:57 REGEXP FOUND: "^/media$" in path "/media"

2018/11/05 16:19:57 Anyone is allowed
2018/11/05 16:19:57 Render layout frontend
2018/11/05 16:19:57 Layout prepend running
2018/11/05 16:19:57 REGEXP FOUND: "^/connections$" in path "/connections"

2018/11/05 16:19:57 Anyone is allowed
2018/11/05 16:19:57 Render layout frontend
2018/11/05 16:19:57 Layout prepend running
2018/11/05 16:19:57 REGEXP FOUND: "^/operators$" in path "/operators"

2018/11/05 16:19:57 Anyone is allowed
2018/11/05 16:19:57 Render layout frontend
2018/11/05 16:19:57 Layout prepend running
2018/11/05 16:19:57 REGEXP FOUND: "^/interests$" in path "/interests"

2018/11/05 16:19:57 Anyone is allowed
2018/11/05 16:19:57 Render layout frontend
2018/11/05 16:19:57 Layout prepend running
2018/11/05 16:19:57 REGEXP FOUND: "^/owners$" in path "/owners"

2018/11/05 16:19:57 Anyone is allowed
2018/11/05 16:19:57 Render layout frontend
2018/11/05 16:23:41 Setting default language to user
2018/11/05 16:28:41 Setting default language to user
2018/11/05 16:33:41 Setting default language to user
2018/11/05 16:38:41 Setting default language to user
2018/11/05 16:43:41 Setting default language to user
2018/11/05 16:48:41 Setting default language to user
2018/11/05 16:53:41 Setting default language to user
2018/11/05 16:58:41 Setting default language to user
