2018/10/09 13:33:59 Setting default language to user
2018/10/09 13:33:59 Layout prepend running
2018/10/09 13:33:59 Adding css /assets/css/main.css
2018/10/09 13:33:59 SELECT * FROM media_type ORDER BY id
2018/10/09 13:33:59 REGEXP FOUND: "^/?" in path "/"

2018/10/09 13:33:59 Anyone is allowed
2018/10/09 13:33:59 Render layout frontend
2018/10/09 13:34:00 Layout prepend running
2018/10/09 13:34:00 REGEXP FOUND: "^/media$" in path "/media"

2018/10/09 13:34:00 Anyone is allowed
2018/10/09 13:34:00 Layout prepend running
2018/10/09 13:34:00 REGEXP FOUND: "^/connections$" in path "/connections"

2018/10/09 13:34:00 Anyone is allowed
2018/10/09 13:34:00 Layout prepend running
2018/10/09 13:34:00 REGEXP FOUND: "^/operators$" in path "/operators"

2018/10/09 13:34:00 Anyone is allowed
2018/10/09 13:34:00 Render layout frontend
2018/10/09 13:34:00 Layout prepend running
2018/10/09 13:34:00 REGEXP FOUND: "^/owners$" in path "/owners"

2018/10/09 13:34:00 Anyone is allowed
2018/10/09 13:34:00 Render layout frontend
2018/10/09 13:34:00 Layout prepend running
2018/10/09 13:34:00 REGEXP FOUND: "^/interests$" in path "/interests"

2018/10/09 13:34:00 Anyone is allowed
2018/10/09 13:34:00 Render layout frontend
2018/10/09 13:35:44 Setting default language to user
2018/10/09 13:35:44 Layout prepend running
2018/10/09 13:35:44 Adding css /assets/css/main.css
2018/10/09 13:35:44 SELECT * FROM media_type ORDER BY id
2018/10/09 13:35:44 REGEXP FOUND: "^/?" in path "/"

2018/10/09 13:35:44 Anyone is allowed
2018/10/09 13:35:44 Render layout frontend
2018/10/09 13:35:44 Setting default language to user
2018/10/09 13:35:44 Layout prepend running
2018/10/09 13:35:44 Adding css /assets/css/main.css
2018/10/09 13:35:44 SELECT * FROM media_type ORDER BY id
2018/10/09 13:35:44 REGEXP FOUND: "^/?" in path "/"

2018/10/09 13:35:44 Anyone is allowed
2018/10/09 13:35:44 Render layout frontend
2018/10/09 13:35:45 Setting default language to user
2018/10/09 13:35:45 Setting default language to user
2018/10/09 13:35:45 Setting default language to user
2018/10/09 13:35:45 Setting default language to user
2018/10/09 13:35:46 Setting default language to user
2018/10/09 13:35:46 Layout prepend running
2018/10/09 13:35:46 REGEXP FOUND: "^/operators$" in path "/operators"

2018/10/09 13:35:46 Anyone is allowed
2018/10/09 13:35:46 Setting default language to user
2018/10/09 13:35:46 Layout prepend running
2018/10/09 13:35:46 REGEXP FOUND: "^/media$" in path "/media"

2018/10/09 13:35:46 Anyone is allowed
2018/10/09 13:35:46 Render layout frontend
2018/10/09 13:35:46 Setting default language to user
2018/10/09 13:35:46 Layout prepend running
2018/10/09 13:35:46 REGEXP FOUND: "^/owners$" in path "/owners"

2018/10/09 13:35:46 Anyone is allowed
2018/10/09 13:35:46 Setting default language to user
2018/10/09 13:35:46 Layout prepend running
2018/10/09 13:35:46 REGEXP FOUND: "^/interests$" in path "/interests"

2018/10/09 13:35:46 Anyone is allowed
2018/10/09 13:35:46 Setting default language to user
2018/10/09 13:35:46 Layout prepend running
2018/10/09 13:35:46 REGEXP FOUND: "^/connections$" in path "/connections"

2018/10/09 13:35:46 Anyone is allowed
2018/10/09 13:35:46 Render layout frontend
2018/10/09 13:35:46 Render layout frontend
2018/10/09 13:35:46 Layout prepend running
2018/10/09 13:35:46 REGEXP FOUND: "^/interests$" in path "/interests"

2018/10/09 13:35:46 Anyone is allowed
2018/10/09 13:35:46 Render layout frontend
2018/10/09 13:35:46 Layout prepend running
2018/10/09 13:35:46 REGEXP FOUND: "^/media$" in path "/media"

2018/10/09 13:35:46 Anyone is allowed
2018/10/09 13:35:46 Layout prepend running
2018/10/09 13:35:46 REGEXP FOUND: "^/owners$" in path "/owners"

2018/10/09 13:35:46 Anyone is allowed
2018/10/09 13:35:46 Render layout frontend
2018/10/09 13:35:46 Render layout frontend
2018/10/09 13:35:48 Layout prepend running
2018/10/09 13:35:48 REGEXP FOUND: "^/connections$" in path "/connections"

2018/10/09 13:35:48 Anyone is allowed
2018/10/09 13:35:49 Render layout frontend
2018/10/09 13:35:49 Layout prepend running
2018/10/09 13:35:49 REGEXP FOUND: "^/operators$" in path "/operators"

2018/10/09 13:35:49 Anyone is allowed
2018/10/09 13:35:50 Render layout frontend
2018/10/09 13:48:11 Changing language to en
2018/10/09 13:48:11 Layout prepend running
2018/10/09 13:48:11 Adding css /assets/css/main.css
2018/10/09 13:48:11 SELECT * FROM media_type ORDER BY id
2018/10/09 13:48:11 REGEXP FOUND: "^/?" in path "/"

2018/10/09 13:48:11 Anyone is allowed
2018/10/09 13:48:11 Render layout frontend
2018/10/09 13:48:12 Layout prepend running
2018/10/09 13:48:12 REGEXP FOUND: "^/media$" in path "/media"

2018/10/09 13:48:12 Anyone is allowed
2018/10/09 13:48:12 Layout prepend running
2018/10/09 13:48:12 REGEXP FOUND: "^/connections$" in path "/connections"

2018/10/09 13:48:12 Anyone is allowed
2018/10/09 13:48:12 Render layout frontend
2018/10/09 13:48:12 Layout prepend running
2018/10/09 13:48:12 REGEXP FOUND: "^/operators$" in path "/operators"

2018/10/09 13:48:12 Anyone is allowed
2018/10/09 13:48:12 Layout prepend running
2018/10/09 13:48:12 REGEXP FOUND: "^/owners$" in path "/owners"

2018/10/09 13:48:12 Anyone is allowed
2018/10/09 13:48:12 Layout prepend running
2018/10/09 13:48:12 REGEXP FOUND: "^/interests$" in path "/interests"

2018/10/09 13:48:12 Anyone is allowed
2018/10/09 13:48:12 Render layout frontend
