2018/10/26 12:03:28 Setting default language to user
2018/10/26 12:04:24 Layout prepend running
2018/10/26 12:04:24 template scope is admin
2018/10/26 12:04:24 Adding css /vendor/bootstrap/css/bootstrap.min.css
2018/10/26 12:04:24 Adding css /vendor/metisMenu/metisMenu.min.css
2018/10/26 12:04:24 Adding css /assets/dist/css/sb-admin-2.css
2018/10/26 12:04:24 Adding css /vendor/morrisjs/morris.css
2018/10/26 12:04:24 Adding css /vendor/font-awesome/css/font-awesome.min.css
2018/10/26 12:04:24 Adding css /assets/summernote/summernote.css
2018/10/26 12:04:24 Adding css /assets/css/admin.css
2018/10/26 12:04:24 Required role: user/new, rolegroup: user, user role: user/*
2018/10/26 12:04:24 Logged out user allowed
2018/10/26 12:04:24 Required role: user/list, rolegroup: user, user role: user/*
2018/10/26 12:04:24 Anyone is allowed
2018/10/26 12:04:24 Required role: block/list, rolegroup: block, user role: block/*
2018/10/26 12:04:24 Required role: block/new, rolegroup: block, user role: block/*
2018/10/26 12:04:24 Loggedin user is allowed (admin users)
2018/10/26 12:04:24 Required role: config/index, rolegroup: config, user role: config/*
2018/10/26 12:04:24 Required role: config/index, rolegroup: config, user role: config/*
2018/10/26 12:04:24 Required role: media/list, rolegroup: media, user role: media/*
2018/10/26 12:04:24 Required role: media/new, rolegroup: media, user role: media/*
2018/10/26 12:04:24 Required role: media/list, rolegroup: media, user role: media/*
2018/10/26 12:04:24 Required role: mediatype/list, rolegroup: mediatype, user role: mediatype/*
2018/10/26 12:04:24 Required role: mediatype/new, rolegroup: mediatype, user role: mediatype/*
2018/10/26 12:04:24 Required role: mediatype/list, rolegroup: mediatype, user role: mediatype/*
2018/10/26 12:04:24 Required role: media/list, rolegroup: media, user role: media/*
2018/10/26 12:04:24 Required role: media/new, rolegroup: media, user role: media/*
2018/10/26 12:04:24 Required role: media/list, rolegroup: media, user role: media/*
2018/10/26 12:04:24 Required role: media/list, rolegroup: media, user role: media/*
2018/10/26 12:04:24 Required role: media/new, rolegroup: media, user role: media/*
2018/10/26 12:04:24 Required role: media/list, rolegroup: media, user role: media/*
2018/10/26 12:04:24 Required role: owner/list, rolegroup: owner, user role: owner/*
2018/10/26 12:04:24 Required role: owner/list, rolegroup: owner, user role: owner/*
2018/10/26 12:04:24 Required role: operator/list, rolegroup: operator, user role: operator/*
2018/10/26 12:04:24 Required role: operator/list, rolegroup: operator, user role: operator/*
2018/10/26 12:04:24 Required role: interest/list, rolegroup: interest, user role: interest/*
2018/10/26 12:04:24 Required role: interest/list, rolegroup: interest, user role: interest/*
2018/10/26 12:04:24 Required role: operator/list, rolegroup: operator, user role: operator/*
2018/10/26 12:04:24 Required role: operator/new, rolegroup: operator, user role: operator/*
2018/10/26 12:04:24 Required role: operator/list, rolegroup: operator, user role: operator/*
2018/10/26 12:04:24 Required role: interest/list, rolegroup: interest, user role: interest/*
2018/10/26 12:04:24 Required role: interest/new, rolegroup: interest, user role: interest/*
2018/10/26 12:04:24 Required role: interest/list, rolegroup: interest, user role: interest/*
2018/10/26 12:04:24 REGEXP FOUND: "^/admin/block/?(index)?$" in path "/admin/block/index"

2018/10/26 12:04:24 Required role: block/list, rolegroup: block, user role: block/*
2018/10/26 12:04:24 SELECT * FROM block WHERE `lc` = "en" ORDER BY id DESC LIMIT 0,20
2018/10/26 12:04:24 block as m
2018/10/26 12:04:24 SELECT COUNT(m.`id`) FROM block as m WHERE `lc` = "en"
2018/10/26 12:04:24 Rendering form
2018/10/26 12:04:24 Rendering fieldset
2018/10/26 12:04:24 Rendering text
2018/10/26 12:04:24 Rendering input group
2018/10/26 12:04:24 Rendering text
2018/10/26 12:04:24 Rendering input group
2018/10/26 12:04:24 Rendering text
2018/10/26 12:04:24 Rendering input group
2018/10/26 12:04:24 Rendering fieldset
2018/10/26 12:04:24 Rendering button
2018/10/26 12:04:24 Rendering input group
2018/10/26 12:04:24 Render layout admin
2018/10/26 12:04:33 Layout prepend running
2018/10/26 12:04:33 Adding css /assets/css/main.css
2018/10/26 12:04:33 SELECT * FROM media_type ORDER BY id
2018/10/26 12:04:33 REGEXP FOUND: "^/?" in path "/"

2018/10/26 12:04:33 Anyone is allowed
2018/10/26 12:04:33 Render layout frontend
2018/10/26 12:04:36 Layout prepend running
2018/10/26 12:04:36 REGEXP FOUND: "^/media$" in path "/media"

2018/10/26 12:04:36 Anyone is allowed
2018/10/26 12:04:36 Render layout frontend
2018/10/26 12:04:36 Layout prepend running
2018/10/26 12:04:36 REGEXP FOUND: "^/connections$" in path "/connections"

2018/10/26 12:04:36 Anyone is allowed
2018/10/26 12:04:36 Render layout frontend
2018/10/26 12:04:36 Layout prepend running
2018/10/26 12:04:36 REGEXP FOUND: "^/operators$" in path "/operators"

2018/10/26 12:04:36 Anyone is allowed
2018/10/26 12:04:36 Render layout frontend
2018/10/26 12:04:36 Layout prepend running
2018/10/26 12:04:36 REGEXP FOUND: "^/owners$" in path "/owners"

2018/10/26 12:04:36 Anyone is allowed
2018/10/26 12:04:36 Render layout frontend
2018/10/26 12:04:36 Layout prepend running
2018/10/26 12:04:36 REGEXP FOUND: "^/interests$" in path "/interests"

2018/10/26 12:04:36 Anyone is allowed
2018/10/26 12:04:36 Render layout frontend
2018/10/26 12:04:52 Layout prepend running
2018/10/26 12:04:52 template scope is admin
2018/10/26 12:04:52 Adding css /vendor/bootstrap/css/bootstrap.min.css
2018/10/26 12:04:52 Adding css /vendor/metisMenu/metisMenu.min.css
2018/10/26 12:04:52 Adding css /assets/dist/css/sb-admin-2.css
2018/10/26 12:04:52 Adding css /vendor/morrisjs/morris.css
2018/10/26 12:04:52 Adding css /vendor/font-awesome/css/font-awesome.min.css
2018/10/26 12:04:52 Adding css /assets/summernote/summernote.css
2018/10/26 12:04:52 Adding css /assets/css/admin.css
2018/10/26 12:04:52 Required role: user/list, rolegroup: user, user role: user/*
2018/10/26 12:04:52 Required role: user/new, rolegroup: user, user role: user/*
2018/10/26 12:04:52 Logged out user allowed
2018/10/26 12:04:52 Anyone is allowed
2018/10/26 12:04:52 Required role: block/list, rolegroup: block, user role: block/*
2018/10/26 12:04:52 Required role: block/new, rolegroup: block, user role: block/*
2018/10/26 12:04:52 Loggedin user is allowed (admin users)
2018/10/26 12:04:52 Required role: config/index, rolegroup: config, user role: config/*
2018/10/26 12:04:52 Required role: config/index, rolegroup: config, user role: config/*
2018/10/26 12:04:52 Required role: media/new, rolegroup: media, user role: media/*
2018/10/26 12:04:52 Required role: media/list, rolegroup: media, user role: media/*
2018/10/26 12:04:52 Required role: media/list, rolegroup: media, user role: media/*
2018/10/26 12:04:52 Required role: mediatype/list, rolegroup: mediatype, user role: mediatype/*
2018/10/26 12:04:52 Required role: mediatype/new, rolegroup: mediatype, user role: mediatype/*
2018/10/26 12:04:52 Required role: mediatype/list, rolegroup: mediatype, user role: mediatype/*
2018/10/26 12:04:52 Required role: media/list, rolegroup: media, user role: media/*
2018/10/26 12:04:52 Required role: media/new, rolegroup: media, user role: media/*
2018/10/26 12:04:52 Required role: media/list, rolegroup: media, user role: media/*
2018/10/26 12:04:52 Required role: media/list, rolegroup: media, user role: media/*
2018/10/26 12:04:52 Required role: media/new, rolegroup: media, user role: media/*
2018/10/26 12:04:52 Required role: media/list, rolegroup: media, user role: media/*
2018/10/26 12:04:52 Required role: owner/list, rolegroup: owner, user role: owner/*
2018/10/26 12:04:52 Required role: owner/list, rolegroup: owner, user role: owner/*
2018/10/26 12:04:52 Required role: operator/list, rolegroup: operator, user role: operator/*
2018/10/26 12:04:52 Required role: operator/list, rolegroup: operator, user role: operator/*
2018/10/26 12:04:52 Required role: interest/list, rolegroup: interest, user role: interest/*
2018/10/26 12:04:52 Required role: interest/list, rolegroup: interest, user role: interest/*
2018/10/26 12:04:52 Required role: operator/new, rolegroup: operator, user role: operator/*
2018/10/26 12:04:52 Required role: operator/list, rolegroup: operator, user role: operator/*
2018/10/26 12:04:52 Required role: operator/list, rolegroup: operator, user role: operator/*
2018/10/26 12:04:52 Required role: interest/list, rolegroup: interest, user role: interest/*
2018/10/26 12:04:52 Required role: interest/new, rolegroup: interest, user role: interest/*
2018/10/26 12:04:52 Required role: interest/list, rolegroup: interest, user role: interest/*
2018/10/26 12:04:52 REGEXP FOUND: "^/admin/mediaoperator/?(index)?$" in path "/admin/mediaoperator/index"

2018/10/26 12:04:52 Required role: media/list, rolegroup: media, user role: media/*
2018/10/26 12:04:52 SELECT * FROM media_operator ORDER BY id DESC LIMIT 0,20
2018/10/26 12:04:52 media_operator as m
2018/10/26 12:04:52 SELECT COUNT(m.`id`) FROM media_operator as m
2018/10/26 12:04:52 Rendering form
2018/10/26 12:04:52 Rendering fieldset
2018/10/26 12:04:52 Rendering text
2018/10/26 12:04:52 Rendering input group
2018/10/26 12:04:52 Rendering text
2018/10/26 12:04:52 Rendering input group
2018/10/26 12:04:52 Rendering text
2018/10/26 12:04:52 Rendering input group
2018/10/26 12:04:52 Rendering fieldset
2018/10/26 12:04:52 Rendering button
2018/10/26 12:04:52 Rendering input group
2018/10/26 12:04:52 Render layout admin
2018/10/26 12:05:30 Layout prepend running
2018/10/26 12:05:30 template scope is admin
2018/10/26 12:05:30 Adding css /vendor/bootstrap/css/bootstrap.min.css
2018/10/26 12:05:30 Adding css /vendor/metisMenu/metisMenu.min.css
2018/10/26 12:05:30 Adding css /assets/dist/css/sb-admin-2.css
2018/10/26 12:05:30 Adding css /vendor/morrisjs/morris.css
2018/10/26 12:05:30 Adding css /vendor/font-awesome/css/font-awesome.min.css
2018/10/26 12:05:30 Adding css /assets/summernote/summernote.css
2018/10/26 12:05:30 Adding css /assets/css/admin.css
2018/10/26 12:05:30 Logged out user allowed
2018/10/26 12:05:30 Required role: user/list, rolegroup: user, user role: user/*
2018/10/26 12:05:30 Required role: user/new, rolegroup: user, user role: user/*
2018/10/26 12:05:30 Anyone is allowed
2018/10/26 12:05:30 Required role: block/list, rolegroup: block, user role: block/*
2018/10/26 12:05:30 Required role: block/new, rolegroup: block, user role: block/*
2018/10/26 12:05:30 Loggedin user is allowed (admin users)
2018/10/26 12:05:30 Required role: config/index, rolegroup: config, user role: config/*
2018/10/26 12:05:30 Required role: config/index, rolegroup: config, user role: config/*
2018/10/26 12:05:30 Required role: media/list, rolegroup: media, user role: media/*
2018/10/26 12:05:30 Required role: media/new, rolegroup: media, user role: media/*
2018/10/26 12:05:30 Required role: media/list, rolegroup: media, user role: media/*
2018/10/26 12:05:30 Required role: mediatype/new, rolegroup: mediatype, user role: mediatype/*
2018/10/26 12:05:30 Required role: mediatype/list, rolegroup: mediatype, user role: mediatype/*
2018/10/26 12:05:30 Required role: mediatype/list, rolegroup: mediatype, user role: mediatype/*
2018/10/26 12:05:30 Required role: media/list, rolegroup: media, user role: media/*
2018/10/26 12:05:30 Required role: media/new, rolegroup: media, user role: media/*
2018/10/26 12:05:30 Required role: media/list, rolegroup: media, user role: media/*
2018/10/26 12:05:30 Required role: media/list, rolegroup: media, user role: media/*
2018/10/26 12:05:30 Required role: media/new, rolegroup: media, user role: media/*
2018/10/26 12:05:30 Required role: media/list, rolegroup: media, user role: media/*
2018/10/26 12:05:30 Required role: owner/list, rolegroup: owner, user role: owner/*
2018/10/26 12:05:30 Required role: owner/list, rolegroup: owner, user role: owner/*
2018/10/26 12:05:30 Required role: operator/list, rolegroup: operator, user role: operator/*
2018/10/26 12:05:30 Required role: operator/list, rolegroup: operator, user role: operator/*
2018/10/26 12:05:30 Required role: interest/list, rolegroup: interest, user role: interest/*
2018/10/26 12:05:30 Required role: interest/list, rolegroup: interest, user role: interest/*
2018/10/26 12:05:30 Required role: operator/list, rolegroup: operator, user role: operator/*
2018/10/26 12:05:30 Required role: operator/new, rolegroup: operator, user role: operator/*
2018/10/26 12:05:30 Required role: operator/list, rolegroup: operator, user role: operator/*
2018/10/26 12:05:30 Required role: interest/list, rolegroup: interest, user role: interest/*
2018/10/26 12:05:30 Required role: interest/new, rolegroup: interest, user role: interest/*
2018/10/26 12:05:30 Required role: interest/list, rolegroup: interest, user role: interest/*
2018/10/26 12:05:30 REGEXP FOUND: "^/admin/operator/?(index)?$" in path "/admin/operator/index"

2018/10/26 12:05:30 Required role: operator/list, rolegroup: operator, user role: operator/*
2018/10/26 12:05:30 SELECT * FROM operator ORDER BY id DESC LIMIT 0,20
2018/10/26 12:05:30 operator as m
2018/10/26 12:05:30 SELECT COUNT(m.`id`) FROM operator as m
2018/10/26 12:05:30 Rendering form
2018/10/26 12:05:30 Rendering fieldset
2018/10/26 12:05:30 Rendering text
2018/10/26 12:05:30 Rendering input group
2018/10/26 12:05:30 Rendering text
2018/10/26 12:05:30 Rendering input group
2018/10/26 12:05:30 Rendering fieldset
2018/10/26 12:05:30 Rendering button
2018/10/26 12:05:30 Rendering input group
2018/10/26 12:05:30 Render layout admin
2018/10/26 12:05:42 Layout prepend running
2018/10/26 12:05:42 template scope is admin
2018/10/26 12:05:42 Adding css /vendor/bootstrap/css/bootstrap.min.css
2018/10/26 12:05:42 Adding css /vendor/metisMenu/metisMenu.min.css
2018/10/26 12:05:42 Adding css /assets/dist/css/sb-admin-2.css
2018/10/26 12:05:42 Adding css /vendor/morrisjs/morris.css
2018/10/26 12:05:42 Adding css /vendor/font-awesome/css/font-awesome.min.css
2018/10/26 12:05:42 Adding css /assets/summernote/summernote.css
2018/10/26 12:05:42 Adding css /assets/css/admin.css
2018/10/26 12:05:42 Logged out user allowed
2018/10/26 12:05:42 Required role: user/list, rolegroup: user, user role: user/*
2018/10/26 12:05:42 Required role: user/new, rolegroup: user, user role: user/*
2018/10/26 12:05:42 Anyone is allowed
2018/10/26 12:05:42 Required role: block/list, rolegroup: block, user role: block/*
2018/10/26 12:05:42 Required role: block/new, rolegroup: block, user role: block/*
2018/10/26 12:05:42 Loggedin user is allowed (admin users)
2018/10/26 12:05:42 Required role: config/index, rolegroup: config, user role: config/*
2018/10/26 12:05:42 Required role: config/index, rolegroup: config, user role: config/*
2018/10/26 12:05:42 Required role: media/new, rolegroup: media, user role: media/*
2018/10/26 12:05:42 Required role: media/list, rolegroup: media, user role: media/*
2018/10/26 12:05:42 Required role: media/list, rolegroup: media, user role: media/*
2018/10/26 12:05:42 Required role: mediatype/list, rolegroup: mediatype, user role: mediatype/*
2018/10/26 12:05:42 Required role: mediatype/new, rolegroup: mediatype, user role: mediatype/*
2018/10/26 12:05:42 Required role: mediatype/list, rolegroup: mediatype, user role: mediatype/*
2018/10/26 12:05:42 Required role: media/list, rolegroup: media, user role: media/*
2018/10/26 12:05:42 Required role: media/new, rolegroup: media, user role: media/*
2018/10/26 12:05:42 Required role: media/list, rolegroup: media, user role: media/*
2018/10/26 12:05:42 Required role: media/list, rolegroup: media, user role: media/*
2018/10/26 12:05:42 Required role: media/new, rolegroup: media, user role: media/*
2018/10/26 12:05:42 Required role: media/list, rolegroup: media, user role: media/*
2018/10/26 12:05:42 Required role: owner/list, rolegroup: owner, user role: owner/*
2018/10/26 12:05:42 Required role: owner/list, rolegroup: owner, user role: owner/*
2018/10/26 12:05:42 Required role: operator/list, rolegroup: operator, user role: operator/*
2018/10/26 12:05:42 Required role: operator/list, rolegroup: operator, user role: operator/*
2018/10/26 12:05:42 Required role: interest/list, rolegroup: interest, user role: interest/*
2018/10/26 12:05:42 Required role: interest/list, rolegroup: interest, user role: interest/*
2018/10/26 12:05:42 Required role: operator/list, rolegroup: operator, user role: operator/*
2018/10/26 12:05:42 Required role: operator/new, rolegroup: operator, user role: operator/*
2018/10/26 12:05:42 Required role: operator/list, rolegroup: operator, user role: operator/*
2018/10/26 12:05:42 Required role: interest/new, rolegroup: interest, user role: interest/*
2018/10/26 12:05:42 Required role: interest/list, rolegroup: interest, user role: interest/*
2018/10/26 12:05:42 Required role: interest/list, rolegroup: interest, user role: interest/*
2018/10/26 12:05:42 REGEXP FOUND: "^/admin/operatorinterest/?(index)?$" in path "/admin/operatorinterest/index"

2018/10/26 12:05:42 Required role: operator/list, rolegroup: operator, user role: operator/*
2018/10/26 12:05:42 SELECT * FROM operator_interest ORDER BY id DESC LIMIT 0,20
2018/10/26 12:05:42 operator_interest as m
2018/10/26 12:05:42 SELECT COUNT(m.`id`) FROM operator_interest as m
2018/10/26 12:05:42 Rendering form
2018/10/26 12:05:42 Rendering fieldset
2018/10/26 12:05:42 Rendering text
2018/10/26 12:05:42 Rendering input group
2018/10/26 12:05:42 Rendering text
2018/10/26 12:05:42 Rendering input group
2018/10/26 12:05:42 Rendering text
2018/10/26 12:05:42 Rendering input group
2018/10/26 12:05:42 Rendering fieldset
2018/10/26 12:05:42 Rendering button
2018/10/26 12:05:42 Rendering input group
2018/10/26 12:05:42 Render layout admin
2018/10/26 12:05:47 Layout prepend running
2018/10/26 12:05:47 template scope is admin
2018/10/26 12:05:47 Adding css /vendor/bootstrap/css/bootstrap.min.css
2018/10/26 12:05:47 Adding css /vendor/metisMenu/metisMenu.min.css
2018/10/26 12:05:47 Adding css /assets/dist/css/sb-admin-2.css
2018/10/26 12:05:47 Adding css /vendor/morrisjs/morris.css
2018/10/26 12:05:47 Adding css /vendor/font-awesome/css/font-awesome.min.css
2018/10/26 12:05:47 Adding css /assets/summernote/summernote.css
2018/10/26 12:05:47 Adding css /assets/css/admin.css
2018/10/26 12:05:47 Logged out user allowed
2018/10/26 12:05:47 Required role: user/list, rolegroup: user, user role: user/*
2018/10/26 12:05:47 Required role: user/new, rolegroup: user, user role: user/*
2018/10/26 12:05:47 Anyone is allowed
2018/10/26 12:05:47 Required role: block/list, rolegroup: block, user role: block/*
2018/10/26 12:05:47 Required role: block/new, rolegroup: block, user role: block/*
2018/10/26 12:05:47 Loggedin user is allowed (admin users)
2018/10/26 12:05:47 Required role: config/index, rolegroup: config, user role: config/*
2018/10/26 12:05:47 Required role: config/index, rolegroup: config, user role: config/*
2018/10/26 12:05:47 Required role: media/list, rolegroup: media, user role: media/*
2018/10/26 12:05:47 Required role: media/new, rolegroup: media, user role: media/*
2018/10/26 12:05:47 Required role: media/list, rolegroup: media, user role: media/*
2018/10/26 12:05:47 Required role: mediatype/list, rolegroup: mediatype, user role: mediatype/*
2018/10/26 12:05:47 Required role: mediatype/new, rolegroup: mediatype, user role: mediatype/*
2018/10/26 12:05:47 Required role: mediatype/list, rolegroup: mediatype, user role: mediatype/*
2018/10/26 12:05:47 Required role: media/list, rolegroup: media, user role: media/*
2018/10/26 12:05:47 Required role: media/new, rolegroup: media, user role: media/*
2018/10/26 12:05:47 Required role: media/list, rolegroup: media, user role: media/*
2018/10/26 12:05:47 Required role: media/list, rolegroup: media, user role: media/*
2018/10/26 12:05:47 Required role: media/new, rolegroup: media, user role: media/*
2018/10/26 12:05:47 Required role: media/list, rolegroup: media, user role: media/*
2018/10/26 12:05:47 Required role: owner/list, rolegroup: owner, user role: owner/*
2018/10/26 12:05:47 Required role: owner/list, rolegroup: owner, user role: owner/*
2018/10/26 12:05:47 Required role: operator/list, rolegroup: operator, user role: operator/*
2018/10/26 12:05:47 Required role: operator/list, rolegroup: operator, user role: operator/*
2018/10/26 12:05:47 Required role: interest/list, rolegroup: interest, user role: interest/*
2018/10/26 12:05:47 Required role: interest/list, rolegroup: interest, user role: interest/*
2018/10/26 12:05:47 Required role: operator/list, rolegroup: operator, user role: operator/*
2018/10/26 12:05:47 Required role: operator/new, rolegroup: operator, user role: operator/*
2018/10/26 12:05:47 Required role: operator/list, rolegroup: operator, user role: operator/*
2018/10/26 12:05:47 Required role: interest/list, rolegroup: interest, user role: interest/*
2018/10/26 12:05:47 Required role: interest/new, rolegroup: interest, user role: interest/*
2018/10/26 12:05:47 Required role: interest/list, rolegroup: interest, user role: interest/*
2018/10/26 12:05:47 REGEXP FOUND: "^/admin/operatorinterest/?(index)?$" in path "/admin/operatorinterest/index"

2018/10/26 12:05:47 Required role: operator/list, rolegroup: operator, user role: operator/*
2018/10/26 12:05:47 SELECT * FROM operator_interest ORDER BY id DESC LIMIT 40,20
2018/10/26 12:05:47 operator_interest as m
2018/10/26 12:05:47 SELECT COUNT(m.`id`) FROM operator_interest as m
2018/10/26 12:05:47 Rendering form
2018/10/26 12:05:47 Rendering fieldset
2018/10/26 12:05:47 Rendering text
2018/10/26 12:05:47 Rendering input group
2018/10/26 12:05:47 Rendering text
2018/10/26 12:05:47 Rendering input group
2018/10/26 12:05:47 Rendering text
2018/10/26 12:05:47 Rendering input group
2018/10/26 12:05:47 Rendering fieldset
2018/10/26 12:05:47 Rendering button
2018/10/26 12:05:47 Rendering input group
2018/10/26 12:05:47 Render layout admin
2018/10/26 12:05:51 Layout prepend running
2018/10/26 12:05:51 template scope is admin
2018/10/26 12:05:51 Adding css /vendor/bootstrap/css/bootstrap.min.css
2018/10/26 12:05:51 Adding css /vendor/metisMenu/metisMenu.min.css
2018/10/26 12:05:51 Adding css /assets/dist/css/sb-admin-2.css
2018/10/26 12:05:51 Adding css /vendor/morrisjs/morris.css
2018/10/26 12:05:51 Adding css /vendor/font-awesome/css/font-awesome.min.css
2018/10/26 12:05:51 Adding css /assets/summernote/summernote.css
2018/10/26 12:05:51 Adding css /assets/css/admin.css
2018/10/26 12:05:51 Required role: user/new, rolegroup: user, user role: user/*
2018/10/26 12:05:51 Logged out user allowed
2018/10/26 12:05:51 Required role: user/list, rolegroup: user, user role: user/*
2018/10/26 12:05:51 Anyone is allowed
2018/10/26 12:05:51 Required role: block/new, rolegroup: block, user role: block/*
2018/10/26 12:05:51 Required role: block/list, rolegroup: block, user role: block/*
2018/10/26 12:05:51 Loggedin user is allowed (admin users)
2018/10/26 12:05:51 Required role: config/index, rolegroup: config, user role: config/*
2018/10/26 12:05:51 Required role: config/index, rolegroup: config, user role: config/*
2018/10/26 12:05:51 Required role: media/list, rolegroup: media, user role: media/*
2018/10/26 12:05:51 Required role: media/new, rolegroup: media, user role: media/*
2018/10/26 12:05:51 Required role: media/list, rolegroup: media, user role: media/*
2018/10/26 12:05:51 Required role: mediatype/new, rolegroup: mediatype, user role: mediatype/*
2018/10/26 12:05:51 Required role: mediatype/list, rolegroup: mediatype, user role: mediatype/*
2018/10/26 12:05:51 Required role: mediatype/list, rolegroup: mediatype, user role: mediatype/*
2018/10/26 12:05:51 Required role: media/list, rolegroup: media, user role: media/*
2018/10/26 12:05:51 Required role: media/new, rolegroup: media, user role: media/*
2018/10/26 12:05:51 Required role: media/list, rolegroup: media, user role: media/*
2018/10/26 12:05:51 Required role: media/list, rolegroup: media, user role: media/*
2018/10/26 12:05:51 Required role: media/new, rolegroup: media, user role: media/*
2018/10/26 12:05:51 Required role: media/list, rolegroup: media, user role: media/*
2018/10/26 12:05:51 Required role: owner/list, rolegroup: owner, user role: owner/*
2018/10/26 12:05:51 Required role: owner/list, rolegroup: owner, user role: owner/*
2018/10/26 12:05:51 Required role: operator/list, rolegroup: operator, user role: operator/*
2018/10/26 12:05:51 Required role: operator/list, rolegroup: operator, user role: operator/*
2018/10/26 12:05:51 Required role: interest/list, rolegroup: interest, user role: interest/*
2018/10/26 12:05:51 Required role: interest/list, rolegroup: interest, user role: interest/*
2018/10/26 12:05:51 Required role: operator/list, rolegroup: operator, user role: operator/*
2018/10/26 12:05:51 Required role: operator/new, rolegroup: operator, user role: operator/*
2018/10/26 12:05:51 Required role: operator/list, rolegroup: operator, user role: operator/*
2018/10/26 12:05:51 Required role: interest/list, rolegroup: interest, user role: interest/*
2018/10/26 12:05:51 Required role: interest/new, rolegroup: interest, user role: interest/*
2018/10/26 12:05:51 Required role: interest/list, rolegroup: interest, user role: interest/*
2018/10/26 12:05:51 REGEXP FOUND: "^/admin/operatorinterest/?(index)?$" in path "/admin/operatorinterest/index"

2018/10/26 12:05:51 Required role: operator/list, rolegroup: operator, user role: operator/*
2018/10/26 12:05:51 SELECT * FROM operator_interest ORDER BY id DESC LIMIT 80,20
2018/10/26 12:05:51 operator_interest as m
2018/10/26 12:05:51 SELECT COUNT(m.`id`) FROM operator_interest as m
2018/10/26 12:05:51 Rendering form
2018/10/26 12:05:51 Rendering fieldset
2018/10/26 12:05:51 Rendering text
2018/10/26 12:05:51 Rendering input group
2018/10/26 12:05:51 Rendering text
2018/10/26 12:05:51 Rendering input group
2018/10/26 12:05:51 Rendering text
2018/10/26 12:05:51 Rendering input group
2018/10/26 12:05:51 Rendering fieldset
2018/10/26 12:05:51 Rendering button
2018/10/26 12:05:51 Rendering input group
2018/10/26 12:05:51 Render layout admin
2018/10/26 12:05:58 Layout prepend running
2018/10/26 12:05:58 template scope is admin
2018/10/26 12:05:58 Adding css /vendor/bootstrap/css/bootstrap.min.css
2018/10/26 12:05:58 Adding css /vendor/metisMenu/metisMenu.min.css
2018/10/26 12:05:58 Adding css /assets/dist/css/sb-admin-2.css
2018/10/26 12:05:58 Adding css /vendor/morrisjs/morris.css
2018/10/26 12:05:58 Adding css /vendor/font-awesome/css/font-awesome.min.css
2018/10/26 12:05:58 Adding css /assets/summernote/summernote.css
2018/10/26 12:05:58 Adding css /assets/css/admin.css
2018/10/26 12:05:58 Logged out user allowed
2018/10/26 12:05:58 Required role: user/list, rolegroup: user, user role: user/*
2018/10/26 12:05:58 Required role: user/new, rolegroup: user, user role: user/*
2018/10/26 12:05:58 Anyone is allowed
2018/10/26 12:05:58 Required role: block/list, rolegroup: block, user role: block/*
2018/10/26 12:05:58 Required role: block/new, rolegroup: block, user role: block/*
2018/10/26 12:05:58 Loggedin user is allowed (admin users)
2018/10/26 12:05:58 Required role: config/index, rolegroup: config, user role: config/*
2018/10/26 12:05:58 Required role: config/index, rolegroup: config, user role: config/*
2018/10/26 12:05:58 Required role: media/list, rolegroup: media, user role: media/*
2018/10/26 12:05:58 Required role: media/new, rolegroup: media, user role: media/*
2018/10/26 12:05:58 Required role: media/list, rolegroup: media, user role: media/*
2018/10/26 12:05:58 Required role: mediatype/list, rolegroup: mediatype, user role: mediatype/*
2018/10/26 12:05:58 Required role: mediatype/new, rolegroup: mediatype, user role: mediatype/*
2018/10/26 12:05:58 Required role: mediatype/list, rolegroup: mediatype, user role: mediatype/*
2018/10/26 12:05:58 Required role: media/list, rolegroup: media, user role: media/*
2018/10/26 12:05:58 Required role: media/new, rolegroup: media, user role: media/*
2018/10/26 12:05:58 Required role: media/list, rolegroup: media, user role: media/*
2018/10/26 12:05:58 Required role: media/new, rolegroup: media, user role: media/*
2018/10/26 12:05:58 Required role: media/list, rolegroup: media, user role: media/*
2018/10/26 12:05:58 Required role: media/list, rolegroup: media, user role: media/*
2018/10/26 12:05:58 Required role: owner/list, rolegroup: owner, user role: owner/*
2018/10/26 12:05:58 Required role: owner/list, rolegroup: owner, user role: owner/*
2018/10/26 12:05:58 Required role: operator/list, rolegroup: operator, user role: operator/*
2018/10/26 12:05:58 Required role: operator/list, rolegroup: operator, user role: operator/*
2018/10/26 12:05:58 Required role: interest/list, rolegroup: interest, user role: interest/*
2018/10/26 12:05:58 Required role: interest/list, rolegroup: interest, user role: interest/*
2018/10/26 12:05:58 Required role: operator/list, rolegroup: operator, user role: operator/*
2018/10/26 12:05:58 Required role: operator/new, rolegroup: operator, user role: operator/*
2018/10/26 12:05:58 Required role: operator/list, rolegroup: operator, user role: operator/*
2018/10/26 12:05:58 Required role: interest/list, rolegroup: interest, user role: interest/*
2018/10/26 12:05:58 Required role: interest/new, rolegroup: interest, user role: interest/*
2018/10/26 12:05:58 Required role: interest/list, rolegroup: interest, user role: interest/*
2018/10/26 12:05:58 REGEXP FOUND: "^/admin/operatordata/?(index)?$" in path "/admin/operatordata/index"

2018/10/26 12:05:58 Required role: operator/list, rolegroup: operator, user role: operator/*
2018/10/26 12:05:58 SELECT * FROM operator_yeardata ORDER BY operator_id, year DESC LIMIT 0,20
2018/10/26 12:05:58 operator_yeardata as m
2018/10/26 12:05:58 SELECT COUNT(m.`operator_id`) FROM operator_yeardata as m
2018/10/26 12:05:58 Rendering form
2018/10/26 12:05:58 Rendering fieldset
2018/10/26 12:05:58 Rendering text
2018/10/26 12:05:58 Rendering input group
2018/10/26 12:05:58 Rendering text
2018/10/26 12:05:58 Rendering input group
2018/10/26 12:05:58 Rendering text
2018/10/26 12:05:58 Rendering input group
2018/10/26 12:05:58 Rendering text
2018/10/26 12:05:58 Rendering input group
2018/10/26 12:05:58 Rendering text
2018/10/26 12:05:58 Rendering input group
2018/10/26 12:05:58 Rendering text
2018/10/26 12:05:58 Rendering input group
2018/10/26 12:05:58 Rendering text
2018/10/26 12:05:58 Rendering input group
2018/10/26 12:05:58 Rendering text
2018/10/26 12:05:58 Rendering input group
2018/10/26 12:05:58 Rendering text
2018/10/26 12:05:58 Rendering input group
2018/10/26 12:05:58 Rendering fieldset
2018/10/26 12:05:58 Rendering button
2018/10/26 12:05:58 Rendering input group
2018/10/26 12:05:58 Render layout admin
2018/10/26 12:08:28 Setting default language to user
2018/10/26 12:13:28 Setting default language to user
2018/10/26 12:17:54 Changing language to hu
2018/10/26 12:17:54 Layout prepend running
2018/10/26 12:17:54 Adding css /assets/css/main.css
2018/10/26 12:17:54 SELECT * FROM media_type ORDER BY id
2018/10/26 12:17:54 REGEXP FOUND: "^/?" in path "/"

2018/10/26 12:17:54 Anyone is allowed
2018/10/26 12:17:54 Render layout frontend
2018/10/26 12:17:55 Layout prepend running
2018/10/26 12:17:55 REGEXP FOUND: "^/media$" in path "/media"

2018/10/26 12:17:55 Anyone is allowed
2018/10/26 12:17:55 Render layout frontend
2018/10/26 12:17:55 Layout prepend running
2018/10/26 12:17:55 REGEXP FOUND: "^/connections$" in path "/connections"

2018/10/26 12:17:55 Anyone is allowed
2018/10/26 12:17:55 Render layout frontend
2018/10/26 12:17:55 Layout prepend running
2018/10/26 12:17:55 REGEXP FOUND: "^/operators$" in path "/operators"

2018/10/26 12:17:55 Anyone is allowed
2018/10/26 12:17:55 Render layout frontend
2018/10/26 12:17:55 Layout prepend running
2018/10/26 12:17:55 REGEXP FOUND: "^/owners$" in path "/owners"

2018/10/26 12:17:55 Anyone is allowed
2018/10/26 12:17:55 Render layout frontend
2018/10/26 12:17:55 Layout prepend running
2018/10/26 12:17:55 REGEXP FOUND: "^/interests$" in path "/interests"

2018/10/26 12:17:55 Anyone is allowed
2018/10/26 12:17:55 Render layout frontend
2018/10/26 12:18:28 Setting default language to user
2018/10/26 12:21:19 Setting default language to user
2018/10/26 12:21:19 Layout prepend running
2018/10/26 12:21:19 Adding css /assets/css/main.css
2018/10/26 12:21:19 SELECT * FROM media_type ORDER BY id
2018/10/26 12:21:19 REGEXP FOUND: "^/?" in path "/"

2018/10/26 12:21:19 Anyone is allowed
2018/10/26 12:21:19 Render layout frontend
2018/10/26 12:21:23 Layout prepend running
2018/10/26 12:21:23 REGEXP FOUND: "^/media$" in path "/media"

2018/10/26 12:21:23 Anyone is allowed
2018/10/26 12:21:23 Render layout frontend
2018/10/26 12:21:23 Layout prepend running
2018/10/26 12:21:23 REGEXP FOUND: "^/connections$" in path "/connections"

2018/10/26 12:21:23 Anyone is allowed
2018/10/26 12:21:23 Render layout frontend
2018/10/26 12:21:23 Layout prepend running
2018/10/26 12:21:23 REGEXP FOUND: "^/operators$" in path "/operators"

2018/10/26 12:21:23 Anyone is allowed
2018/10/26 12:21:23 Render layout frontend
2018/10/26 12:21:23 Layout prepend running
2018/10/26 12:21:23 REGEXP FOUND: "^/interests$" in path "/interests"

2018/10/26 12:21:23 Anyone is allowed
2018/10/26 12:21:23 Render layout frontend
2018/10/26 12:21:23 Layout prepend running
2018/10/26 12:21:23 REGEXP FOUND: "^/owners$" in path "/owners"

2018/10/26 12:21:23 Anyone is allowed
2018/10/26 12:21:23 Render layout frontend
2018/10/26 12:23:28 Setting default language to user
2018/10/26 12:28:28 Setting default language to user
2018/10/26 12:33:28 Setting default language to user
2018/10/26 12:38:28 Setting default language to user
2018/10/26 12:39:24 Changing language to en
2018/10/26 12:39:24 Layout prepend running
2018/10/26 12:39:24 Adding css /assets/css/main.css
2018/10/26 12:39:24 SELECT * FROM media_type ORDER BY id
2018/10/26 12:39:24 REGEXP FOUND: "^/?" in path "/"

2018/10/26 12:39:24 Anyone is allowed
2018/10/26 12:39:24 Render layout frontend
2018/10/26 12:39:25 Layout prepend running
2018/10/26 12:39:25 REGEXP FOUND: "^/media$" in path "/media"

2018/10/26 12:39:25 Anyone is allowed
2018/10/26 12:39:25 Render layout frontend
2018/10/26 12:39:25 Layout prepend running
2018/10/26 12:39:25 REGEXP FOUND: "^/connections$" in path "/connections"

2018/10/26 12:39:25 Anyone is allowed
2018/10/26 12:39:25 Render layout frontend
2018/10/26 12:39:25 Layout prepend running
2018/10/26 12:39:25 REGEXP FOUND: "^/interests$" in path "/interests"

2018/10/26 12:39:25 Anyone is allowed
2018/10/26 12:39:25 Render layout frontend
2018/10/26 12:39:25 Layout prepend running
2018/10/26 12:39:25 REGEXP FOUND: "^/operators$" in path "/operators"

2018/10/26 12:39:25 Anyone is allowed
2018/10/26 12:39:25 Render layout frontend
2018/10/26 12:39:25 Layout prepend running
2018/10/26 12:39:25 REGEXP FOUND: "^/owners$" in path "/owners"

2018/10/26 12:39:25 Anyone is allowed
2018/10/26 12:39:25 Render layout frontend
2018/10/26 12:40:25 Changing language to hu
2018/10/26 12:40:25 Layout prepend running
2018/10/26 12:40:25 Adding css /assets/css/main.css
2018/10/26 12:40:25 SELECT * FROM media_type ORDER BY id
2018/10/26 12:40:25 REGEXP FOUND: "^/?" in path "/"

2018/10/26 12:40:25 Anyone is allowed
2018/10/26 12:40:25 Render layout frontend
2018/10/26 12:40:26 Layout prepend running
2018/10/26 12:40:26 REGEXP FOUND: "^/media$" in path "/media"

2018/10/26 12:40:26 Anyone is allowed
2018/10/26 12:40:26 Render layout frontend
2018/10/26 12:40:26 Layout prepend running
2018/10/26 12:40:26 REGEXP FOUND: "^/connections$" in path "/connections"

2018/10/26 12:40:26 Anyone is allowed
2018/10/26 12:40:26 Render layout frontend
2018/10/26 12:40:26 Layout prepend running
2018/10/26 12:40:26 REGEXP FOUND: "^/owners$" in path "/owners"

2018/10/26 12:40:26 Anyone is allowed
2018/10/26 12:40:26 Render layout frontend
2018/10/26 12:40:26 Layout prepend running
2018/10/26 12:40:26 REGEXP FOUND: "^/operators$" in path "/operators"

2018/10/26 12:40:26 Anyone is allowed
2018/10/26 12:40:26 Render layout frontend
2018/10/26 12:40:26 Layout prepend running
2018/10/26 12:40:26 REGEXP FOUND: "^/interests$" in path "/interests"

2018/10/26 12:40:26 Anyone is allowed
2018/10/26 12:40:26 Render layout frontend
2018/10/26 12:42:24 Layout prepend running
2018/10/26 12:42:24 REGEXP FOUND: "^/media$" in path "/media"

2018/10/26 12:42:24 Anyone is allowed
2018/10/26 12:42:24 Render layout frontend
2018/10/26 12:42:24 Layout prepend running
2018/10/26 12:42:24 REGEXP FOUND: "^/connections$" in path "/connections"

2018/10/26 12:42:24 Anyone is allowed
2018/10/26 12:42:24 Render layout frontend
2018/10/26 12:42:24 Layout prepend running
2018/10/26 12:42:24 REGEXP FOUND: "^/operators$" in path "/operators"

2018/10/26 12:42:24 Anyone is allowed
2018/10/26 12:42:24 Render layout frontend
2018/10/26 12:42:24 Layout prepend running
2018/10/26 12:42:24 REGEXP FOUND: "^/owners$" in path "/owners"

2018/10/26 12:42:24 Anyone is allowed
2018/10/26 12:42:24 Render layout frontend
2018/10/26 12:42:24 Layout prepend running
2018/10/26 12:42:24 REGEXP FOUND: "^/interests$" in path "/interests"

2018/10/26 12:42:24 Anyone is allowed
2018/10/26 12:42:24 Render layout frontend
2018/10/26 12:43:28 Setting default language to user
2018/10/26 12:46:06 Changing language to en
2018/10/26 12:46:06 Layout prepend running
2018/10/26 12:46:06 Adding css /assets/css/main.css
2018/10/26 12:46:06 SELECT * FROM media_type ORDER BY id
2018/10/26 12:46:06 REGEXP FOUND: "^/?" in path "/"

2018/10/26 12:46:06 Anyone is allowed
2018/10/26 12:46:06 Render layout frontend
2018/10/26 12:46:07 Layout prepend running
2018/10/26 12:46:07 REGEXP FOUND: "^/connections$" in path "/connections"

2018/10/26 12:46:07 Anyone is allowed
2018/10/26 12:46:07 Render layout frontend
2018/10/26 12:46:07 Layout prepend running
2018/10/26 12:46:07 REGEXP FOUND: "^/operators$" in path "/operators"

2018/10/26 12:46:07 Anyone is allowed
2018/10/26 12:46:07 Render layout frontend
2018/10/26 12:46:07 Layout prepend running
2018/10/26 12:46:07 REGEXP FOUND: "^/interests$" in path "/interests"

2018/10/26 12:46:07 Anyone is allowed
2018/10/26 12:46:07 Render layout frontend
2018/10/26 12:46:07 Layout prepend running
2018/10/26 12:46:07 REGEXP FOUND: "^/media$" in path "/media"

2018/10/26 12:46:07 Anyone is allowed
2018/10/26 12:46:07 Render layout frontend
2018/10/26 12:46:07 Layout prepend running
2018/10/26 12:46:07 REGEXP FOUND: "^/owners$" in path "/owners"

2018/10/26 12:46:07 Anyone is allowed
2018/10/26 12:46:07 Render layout frontend
2018/10/26 12:48:28 Setting default language to user
2018/10/26 12:52:29 Changing language to hu
2018/10/26 12:52:29 Layout prepend running
2018/10/26 12:52:29 Adding css /assets/css/main.css
2018/10/26 12:52:29 SELECT * FROM media_type ORDER BY id
2018/10/26 12:52:29 REGEXP FOUND: "^/?" in path "/"

2018/10/26 12:52:29 Anyone is allowed
2018/10/26 12:52:29 Render layout frontend
2018/10/26 12:52:30 Layout prepend running
2018/10/26 12:52:30 REGEXP FOUND: "^/connections$" in path "/connections"

2018/10/26 12:52:30 Anyone is allowed
2018/10/26 12:52:30 Render layout frontend
2018/10/26 12:52:30 Layout prepend running
2018/10/26 12:52:30 REGEXP FOUND: "^/media$" in path "/media"

2018/10/26 12:52:30 Anyone is allowed
2018/10/26 12:52:30 Render layout frontend
2018/10/26 12:52:30 Layout prepend running
2018/10/26 12:52:30 REGEXP FOUND: "^/owners$" in path "/owners"

2018/10/26 12:52:30 Anyone is allowed
2018/10/26 12:52:30 Render layout frontend
2018/10/26 12:52:30 Layout prepend running
2018/10/26 12:52:30 REGEXP FOUND: "^/operators$" in path "/operators"

2018/10/26 12:52:30 Anyone is allowed
2018/10/26 12:52:30 Render layout frontend
2018/10/26 12:52:30 Layout prepend running
2018/10/26 12:52:30 REGEXP FOUND: "^/interests$" in path "/interests"

2018/10/26 12:52:30 Anyone is allowed
2018/10/26 12:52:30 Render layout frontend
2018/10/26 12:53:28 Setting default language to user
2018/10/26 12:58:28 Setting default language to user
