2018/10/11 12:25:58 Setting default language to user
2018/10/11 12:25:58 Layout prepend running
2018/10/11 12:25:58 Adding css /assets/css/main.css
2018/10/11 12:25:58 SELECT * FROM media_type ORDER BY id
2018/10/11 12:25:58 REGEXP FOUND: "^/?" in path "/"

2018/10/11 12:25:58 Anyone is allowed
2018/10/11 12:25:58 Render layout frontend
2018/10/11 12:25:59 Layout prepend running
2018/10/11 12:26:00 REGEXP FOUND: "^/connections$" in path "/connections"

2018/10/11 12:26:00 Anyone is allowed
2018/10/11 12:26:00 Layout prepend running
2018/10/11 12:26:00 REGEXP FOUND: "^/media$" in path "/media"

2018/10/11 12:26:00 Anyone is allowed
2018/10/11 12:26:00 Layout prepend running
2018/10/11 12:26:00 REGEXP FOUND: "^/owners$" in path "/owners"

2018/10/11 12:26:00 Anyone is allowed
2018/10/11 12:26:00 Layout prepend running
2018/10/11 12:26:00 REGEXP FOUND: "^/operators$" in path "/operators"

2018/10/11 12:26:00 Anyone is allowed
2018/10/11 12:26:00 Layout prepend running
2018/10/11 12:26:00 REGEXP FOUND: "^/interests$" in path "/interests"

2018/10/11 12:26:00 Anyone is allowed
2018/10/11 12:26:00 Render layout frontend
