2018/12/05 13:04:46 Setting default language to user
2018/12/05 13:09:46 Setting default language to user
2018/12/05 13:14:46 Setting default language to user
2018/12/05 13:19:46 Setting default language to user
2018/12/05 13:20:30 Setting default language to user
2018/12/05 13:20:31 Setting default language to user
2018/12/05 13:20:31 Layout prepend running
2018/12/05 13:20:31 Adding css /assets/css/main.css
2018/12/05 13:20:31 SELECT * FROM media_type ORDER BY id
2018/12/05 13:20:31 REGEXP FOUND: "^/?" in path "/"

2018/12/05 13:20:31 Anyone is allowed
2018/12/05 13:20:31 Render layout frontend
2018/12/05 13:20:33 Layout prepend running
2018/12/05 13:20:33 REGEXP FOUND: "^/media$" in path "/media"

2018/12/05 13:20:33 Anyone is allowed
2018/12/05 13:20:33 Render layout frontend
2018/12/05 13:20:33 Layout prepend running
2018/12/05 13:20:33 REGEXP FOUND: "^/connections$" in path "/connections"

2018/12/05 13:20:33 Anyone is allowed
2018/12/05 13:20:33 Render layout frontend
2018/12/05 13:20:33 Layout prepend running
2018/12/05 13:20:33 REGEXP FOUND: "^/operators$" in path "/operators"

2018/12/05 13:20:33 Anyone is allowed
2018/12/05 13:20:33 Render layout frontend
2018/12/05 13:20:33 Layout prepend running
2018/12/05 13:20:33 REGEXP FOUND: "^/owners$" in path "/owners"

2018/12/05 13:20:33 Anyone is allowed
2018/12/05 13:20:33 Render layout frontend
2018/12/05 13:20:33 Layout prepend running
2018/12/05 13:20:33 REGEXP FOUND: "^/interests$" in path "/interests"

2018/12/05 13:20:33 Anyone is allowed
2018/12/05 13:20:33 Render layout frontend
2018/12/05 13:24:46 Setting default language to user
2018/12/05 13:25:02 Setting default language to user
2018/12/05 13:25:02 Layout prepend running
2018/12/05 13:25:02 Adding css /assets/css/main.css
2018/12/05 13:25:02 SELECT * FROM media_type ORDER BY id
2018/12/05 13:25:02 REGEXP FOUND: "^/?" in path "/"

2018/12/05 13:25:02 Anyone is allowed
2018/12/05 13:25:02 Render layout frontend
2018/12/05 13:25:05 Layout prepend running
2018/12/05 13:25:05 REGEXP FOUND: "^/media$" in path "/media"

2018/12/05 13:25:05 Anyone is allowed
2018/12/05 13:25:05 Render layout frontend
2018/12/05 13:25:05 Layout prepend running
2018/12/05 13:25:05 REGEXP FOUND: "^/owners$" in path "/owners"

2018/12/05 13:25:05 Anyone is allowed
2018/12/05 13:25:05 Render layout frontend
2018/12/05 13:25:05 Layout prepend running
2018/12/05 13:25:05 REGEXP FOUND: "^/operators$" in path "/operators"

2018/12/05 13:25:05 Anyone is allowed
2018/12/05 13:25:05 Render layout frontend
2018/12/05 13:25:05 Layout prepend running
2018/12/05 13:25:05 REGEXP FOUND: "^/connections$" in path "/connections"

2018/12/05 13:25:05 Anyone is allowed
2018/12/05 13:25:05 Render layout frontend
2018/12/05 13:25:05 Layout prepend running
2018/12/05 13:25:05 REGEXP FOUND: "^/interests$" in path "/interests"

2018/12/05 13:25:05 Anyone is allowed
2018/12/05 13:25:05 Render layout frontend
2018/12/05 13:29:46 Setting default language to user
2018/12/05 13:34:46 Setting default language to user
2018/12/05 13:39:46 Setting default language to user
2018/12/05 13:44:46 Setting default language to user
2018/12/05 13:49:46 Setting default language to user
2018/12/05 13:54:46 Setting default language to user
2018/12/05 13:59:46 Setting default language to user
