2018/11/29 10:00:26 Setting default language to user
2018/11/29 10:05:26 Setting default language to user
2018/11/29 10:10:26 Setting default language to user
2018/11/29 10:15:26 Setting default language to user
2018/11/29 10:20:26 Setting default language to user
2018/11/29 10:25:26 Setting default language to user
2018/11/29 10:30:26 Setting default language to user
2018/11/29 10:35:26 Setting default language to user
2018/11/29 10:37:23 Setting default language to user
2018/11/29 10:37:23 Layout prepend running
2018/11/29 10:37:23 Adding css /assets/css/main.css
2018/11/29 10:37:23 SELECT * FROM media_type ORDER BY id
2018/11/29 10:37:23 REGEXP FOUND: "^/?" in path "/"

2018/11/29 10:37:23 Anyone is allowed
2018/11/29 10:37:23 Render layout frontend
2018/11/29 10:37:24 Layout prepend running
2018/11/29 10:37:24 REGEXP FOUND: "^/media$" in path "/media"

2018/11/29 10:37:24 Anyone is allowed
2018/11/29 10:37:24 Render layout frontend
2018/11/29 10:37:24 Layout prepend running
2018/11/29 10:37:24 REGEXP FOUND: "^/owners$" in path "/owners"

2018/11/29 10:37:24 Anyone is allowed
2018/11/29 10:37:24 Render layout frontend
2018/11/29 10:37:24 Layout prepend running
2018/11/29 10:37:24 REGEXP FOUND: "^/operators$" in path "/operators"

2018/11/29 10:37:24 Anyone is allowed
2018/11/29 10:37:24 Render layout frontend
2018/11/29 10:37:24 Layout prepend running
2018/11/29 10:37:24 REGEXP FOUND: "^/connections$" in path "/connections"

2018/11/29 10:37:24 Anyone is allowed
2018/11/29 10:37:24 Render layout frontend
2018/11/29 10:37:24 Layout prepend running
2018/11/29 10:37:24 REGEXP FOUND: "^/interests$" in path "/interests"

2018/11/29 10:37:24 Anyone is allowed
2018/11/29 10:37:24 Render layout frontend
2018/11/29 10:40:26 Setting default language to user
2018/11/29 10:45:26 Setting default language to user
2018/11/29 10:50:26 Setting default language to user
2018/11/29 10:55:26 Setting default language to user
