2018/11/19 05:03:25 Setting default language to user
2018/11/19 05:07:48 Setting default language to user
2018/11/19 05:12:48 Setting default language to user
2018/11/19 05:17:48 Setting default language to user
2018/11/19 05:22:48 Setting default language to user
2018/11/19 05:27:48 Setting default language to user
2018/11/19 05:32:48 Setting default language to user
2018/11/19 05:37:48 Setting default language to user
2018/11/19 05:42:48 Setting default language to user
2018/11/19 05:47:48 Setting default language to user
2018/11/19 05:52:48 Setting default language to user
2018/11/19 05:54:41 Setting default language to user
2018/11/19 05:54:41 Layout prepend running
2018/11/19 05:54:41 Adding css /assets/css/main.css
2018/11/19 05:54:41 SELECT * FROM media_type ORDER BY id
2018/11/19 05:54:41 REGEXP FOUND: "^/?" in path "/"

2018/11/19 05:54:41 Anyone is allowed
2018/11/19 05:54:41 Render layout frontend
2018/11/19 05:54:44 Layout prepend running
2018/11/19 05:54:44 REGEXP FOUND: "^/media$" in path "/media"

2018/11/19 05:54:44 Anyone is allowed
2018/11/19 05:54:44 Render layout frontend
2018/11/19 05:54:44 Layout prepend running
2018/11/19 05:54:44 REGEXP FOUND: "^/interests$" in path "/interests"

2018/11/19 05:54:44 Anyone is allowed
2018/11/19 05:54:44 Render layout frontend
2018/11/19 05:54:44 Layout prepend running
2018/11/19 05:54:44 REGEXP FOUND: "^/operators$" in path "/operators"

2018/11/19 05:54:44 Anyone is allowed
2018/11/19 05:54:44 Render layout frontend
2018/11/19 05:54:44 Layout prepend running
2018/11/19 05:54:44 REGEXP FOUND: "^/owners$" in path "/owners"

2018/11/19 05:54:44 Anyone is allowed
2018/11/19 05:54:44 Render layout frontend
2018/11/19 05:54:44 Layout prepend running
2018/11/19 05:54:44 REGEXP FOUND: "^/connections$" in path "/connections"

2018/11/19 05:54:44 Anyone is allowed
2018/11/19 05:54:44 Render layout frontend
2018/11/19 05:57:47 Setting default language to user
