2018/12/20 15:01:05 Changing language to en
2018/12/20 15:01:05 Layout prepend running
2018/12/20 15:01:05 Adding css /assets/css/main.css
2018/12/20 15:01:05 SELECT * FROM media_type ORDER BY id
2018/12/20 15:01:05 REGEXP FOUND: "^/?" in path "/"

2018/12/20 15:01:05 Anyone is allowed
2018/12/20 15:01:05 Render layout frontend
2018/12/20 15:01:05 Layout prepend running
2018/12/20 15:01:05 Layout prepend running
2018/12/20 15:01:05 REGEXP FOUND: "^/media$" in path "/media"

2018/12/20 15:01:05 Anyone is allowed
2018/12/20 15:01:05 Render layout frontend
2018/12/20 15:01:05 REGEXP FOUND: "^/connections$" in path "/connections"

2018/12/20 15:01:05 Anyone is allowed
2018/12/20 15:01:05 Layout prepend running
2018/12/20 15:01:05 Layout prepend running
2018/12/20 15:01:05 Layout prepend running
2018/12/20 15:01:05 REGEXP FOUND: "^/owners$" in path "/owners"

2018/12/20 15:01:05 Anyone is allowed
2018/12/20 15:01:05 Render layout frontend
2018/12/20 15:01:05 REGEXP FOUND: "^/operators$" in path "/operators"

2018/12/20 15:01:05 Anyone is allowed
2018/12/20 15:01:05 REGEXP FOUND: "^/interests$" in path "/interests"

2018/12/20 15:01:05 Anyone is allowed
2018/12/20 15:01:05 Render layout frontend
2018/12/20 15:01:06 Setting default language to user
2018/12/20 15:02:50 Changing language to en
2018/12/20 15:02:50 Layout prepend running
2018/12/20 15:02:50 Adding css /assets/css/main.css
2018/12/20 15:02:50 SELECT * FROM media_type ORDER BY id
2018/12/20 15:02:50 REGEXP FOUND: "^/?" in path "/"

2018/12/20 15:02:50 Anyone is allowed
2018/12/20 15:02:50 Render layout frontend
2018/12/20 15:02:50 Layout prepend running
2018/12/20 15:02:50 REGEXP FOUND: "^/media$" in path "/media"

2018/12/20 15:02:50 Anyone is allowed
2018/12/20 15:02:50 Render layout frontend
2018/12/20 15:02:50 Layout prepend running
2018/12/20 15:02:50 REGEXP FOUND: "^/connections$" in path "/connections"

2018/12/20 15:02:50 Anyone is allowed
2018/12/20 15:02:50 Render layout frontend
2018/12/20 15:02:50 Layout prepend running
2018/12/20 15:02:50 REGEXP FOUND: "^/operators$" in path "/operators"

2018/12/20 15:02:50 Anyone is allowed
2018/12/20 15:02:50 Render layout frontend
2018/12/20 15:02:50 Layout prepend running
2018/12/20 15:02:50 REGEXP FOUND: "^/owners$" in path "/owners"

2018/12/20 15:02:50 Anyone is allowed
2018/12/20 15:02:50 Render layout frontend
2018/12/20 15:02:50 Layout prepend running
2018/12/20 15:02:50 REGEXP FOUND: "^/interests$" in path "/interests"

2018/12/20 15:02:50 Anyone is allowed
2018/12/20 15:02:50 Render layout frontend
2018/12/20 15:06:06 Setting default language to user
2018/12/20 15:11:06 Setting default language to user
2018/12/20 15:16:06 Setting default language to user
2018/12/20 15:21:06 Setting default language to user
2018/12/20 15:26:06 Setting default language to user
2018/12/20 15:31:06 Setting default language to user
2018/12/20 15:36:06 Setting default language to user
2018/12/20 15:41:06 Setting default language to user
2018/12/20 15:46:06 Setting default language to user
2018/12/20 15:51:06 Setting default language to user
2018/12/20 15:54:16 Layout prepend running
2018/12/20 15:54:16 REGEXP FOUND: "^/media$" in path "/media"

2018/12/20 15:54:16 Anyone is allowed
2018/12/20 15:54:16 Render layout frontend
2018/12/20 15:54:16 Layout prepend running
2018/12/20 15:54:16 REGEXP FOUND: "^/connections$" in path "/connections"

2018/12/20 15:54:16 Anyone is allowed
2018/12/20 15:54:16 Render layout frontend
2018/12/20 15:54:16 Layout prepend running
2018/12/20 15:54:16 REGEXP FOUND: "^/operators$" in path "/operators"

2018/12/20 15:54:16 Anyone is allowed
2018/12/20 15:54:16 Render layout frontend
2018/12/20 15:54:16 Layout prepend running
2018/12/20 15:54:16 REGEXP FOUND: "^/owners$" in path "/owners"

2018/12/20 15:54:16 Anyone is allowed
2018/12/20 15:54:16 Render layout frontend
2018/12/20 15:54:16 Layout prepend running
2018/12/20 15:54:16 REGEXP FOUND: "^/interests$" in path "/interests"

2018/12/20 15:54:16 Anyone is allowed
2018/12/20 15:54:16 Render layout frontend
2018/12/20 15:56:06 Setting default language to user
2018/12/20 15:56:57 Setting default language to user
2018/12/20 15:56:57 Layout prepend running
2018/12/20 15:56:57 Adding css /assets/css/main.css
2018/12/20 15:56:57 SELECT * FROM media_type ORDER BY id
2018/12/20 15:56:57 REGEXP FOUND: "^/?" in path "/"

2018/12/20 15:56:57 Anyone is allowed
2018/12/20 15:56:57 Render layout frontend
