2018/10/22 15:45:16 Setting default language to user
2018/10/22 15:45:16 Layout prepend running
2018/10/22 15:45:16 Adding css /assets/css/main.css
2018/10/22 15:45:16 SELECT * FROM media_type ORDER BY id
2018/10/22 15:45:16 REGEXP FOUND: "^/?" in path "/"

2018/10/22 15:45:16 Anyone is allowed
2018/10/22 15:45:16 Render layout frontend
2018/10/22 15:45:16 Layout prepend running
2018/10/22 15:45:16 REGEXP FOUND: "^/owners$" in path "/owners"

2018/10/22 15:45:16 Anyone is allowed
2018/10/22 15:45:16 Render layout frontend
2018/10/22 15:45:16 Layout prepend running
2018/10/22 15:45:16 REGEXP FOUND: "^/operators$" in path "/operators"

2018/10/22 15:45:16 Anyone is allowed
2018/10/22 15:45:16 Render layout frontend
2018/10/22 15:45:16 Layout prepend running
2018/10/22 15:45:16 REGEXP FOUND: "^/media$" in path "/media"

2018/10/22 15:45:16 Anyone is allowed
2018/10/22 15:45:16 Render layout frontend
2018/10/22 15:45:16 Layout prepend running
2018/10/22 15:45:16 REGEXP FOUND: "^/connections$" in path "/connections"

2018/10/22 15:45:16 Anyone is allowed
2018/10/22 15:45:16 Render layout frontend
2018/10/22 15:45:16 Layout prepend running
2018/10/22 15:45:16 REGEXP FOUND: "^/interests$" in path "/interests"

2018/10/22 15:45:16 Anyone is allowed
2018/10/22 15:45:16 Render layout frontend
