2018/11/14 12:03:19 Setting default language to user
2018/11/14 12:08:19 Setting default language to user
2018/11/14 12:13:18 Setting default language to user
2018/11/14 12:18:18 Setting default language to user
2018/11/14 12:23:18 Setting default language to user
2018/11/14 12:23:25 Setting default language to user
2018/11/14 12:23:25 Layout prepend running
2018/11/14 12:23:25 Adding css /assets/css/main.css
2018/11/14 12:23:25 SELECT * FROM media_type ORDER BY id
2018/11/14 12:23:25 REGEXP FOUND: "^/?" in path "/"

2018/11/14 12:23:25 Anyone is allowed
2018/11/14 12:23:25 Render layout frontend
2018/11/14 12:23:28 Layout prepend running
2018/11/14 12:23:28 REGEXP FOUND: "^/owners$" in path "/owners"

2018/11/14 12:23:28 Anyone is allowed
2018/11/14 12:23:28 Render layout frontend
2018/11/14 12:23:28 Layout prepend running
2018/11/14 12:23:28 REGEXP FOUND: "^/connections$" in path "/connections"

2018/11/14 12:23:28 Anyone is allowed
2018/11/14 12:23:28 Render layout frontend
2018/11/14 12:23:28 Layout prepend running
2018/11/14 12:23:28 REGEXP FOUND: "^/operators$" in path "/operators"

2018/11/14 12:23:28 Anyone is allowed
2018/11/14 12:23:28 Render layout frontend
2018/11/14 12:23:28 Layout prepend running
2018/11/14 12:23:28 REGEXP FOUND: "^/media$" in path "/media"

2018/11/14 12:23:28 Anyone is allowed
2018/11/14 12:23:28 Render layout frontend
2018/11/14 12:23:28 Layout prepend running
2018/11/14 12:23:28 REGEXP FOUND: "^/interests$" in path "/interests"

2018/11/14 12:23:28 Anyone is allowed
2018/11/14 12:23:28 Render layout frontend
2018/11/14 12:28:18 Setting default language to user
2018/11/14 12:33:18 Setting default language to user
2018/11/14 12:38:18 Setting default language to user
2018/11/14 12:42:35 Setting default language to user
2018/11/14 12:42:35 Layout prepend running
2018/11/14 12:42:35 Adding css /assets/css/main.css
2018/11/14 12:42:35 SELECT * FROM media_type ORDER BY id
2018/11/14 12:42:35 REGEXP FOUND: "^/?" in path "/"

2018/11/14 12:42:35 Anyone is allowed
2018/11/14 12:42:35 Render layout frontend
2018/11/14 12:42:53 Layout prepend running
2018/11/14 12:42:53 Layout prepend running
2018/11/14 12:42:53 Layout prepend running
2018/11/14 12:42:53 Layout prepend running
2018/11/14 12:42:53 Layout prepend running
2018/11/14 12:42:53 REGEXP FOUND: "^/media$" in path "/media"

2018/11/14 12:42:53 Anyone is allowed
2018/11/14 12:42:53 Render layout frontend
2018/11/14 12:42:53 REGEXP FOUND: "^/owners$" in path "/owners"

2018/11/14 12:42:53 Anyone is allowed
2018/11/14 12:42:53 Render layout frontend
2018/11/14 12:42:53 REGEXP FOUND: "^/interests$" in path "/interests"

2018/11/14 12:42:53 Anyone is allowed
2018/11/14 12:42:53 Render layout frontend
2018/11/14 12:42:53 REGEXP FOUND: "^/operators$" in path "/operators"

2018/11/14 12:42:53 Anyone is allowed
2018/11/14 12:42:53 Render layout frontend
2018/11/14 12:42:53 REGEXP FOUND: "^/connections$" in path "/connections"

2018/11/14 12:42:53 Anyone is allowed
2018/11/14 12:42:53 Render layout frontend
2018/11/14 12:43:18 Setting default language to user
2018/11/14 12:48:18 Setting default language to user
2018/11/14 12:53:18 Setting default language to user
2018/11/14 12:58:18 Setting default language to user
