2018/10/08 11:01:36 Config values are the following: {ViewDir:view ListenPort:9004 BrandUrl: ChiefAdmin:map[1:{Email:lo@branditorial.hu Password:mos180628 SuperAdmin:false} 2:{Email:atom@agl.group Password:mos180628 SuperAdmin:false} 0:{Email:istvan.dombi@agl.group Password:mos180628 SuperAdmin:false}] Og:{Url:mos.48p.in Type:website Title:Media Ownership Description:Media Ownership Image:/assets/images/mediaos.png} Environment:local Db:{Environment:map[local:{Host:localhost Username:mos Password:golangforever Name:mos}] MaxIdleCons:0 MaxOpenCons:0 MaxConnLifetimeMinutes:3} Server:{ReadTimeoutSeconds:20 WriteTimeoutSeconds:20 SessionKey:mediaownership MaxRPS:5 BanMinutes:10 BanActive:false} Mode:{Live:false Debug:true Rebuild_structure:false} Cache:{Enabled:true Dir:view/cache} AdminRouter:admin ConfigValues:map[facebook: instagram: linkedin: youtube: spotify:] Language:{Allowed:[hu en]}}
2018/10/08 11:01:36 Initializing translator
2018/10/08 11:01:36 Translator initialization done
2018/10/08 11:01:36 Ininialize connection
2018/10/08 11:02:00 Config values are the following: {ViewDir:view ListenPort:9004 BrandUrl: ChiefAdmin:map[0:{Email:istvan.dombi@agl.group Password:mos180628 SuperAdmin:false} 1:{Email:lo@branditorial.hu Password:mos180628 SuperAdmin:false} 2:{Email:atom@agl.group Password:mos180628 SuperAdmin:false}] Og:{Url:mos.48p.in Type:website Title:Media Ownership Description:Media Ownership Image:/assets/images/mediaos.png} Environment:local Db:{Environment:map[local:{Host:localhost Username:mos Password:golangforever Name:mos}] MaxIdleCons:0 MaxOpenCons:0 MaxConnLifetimeMinutes:3} Server:{ReadTimeoutSeconds:20 WriteTimeoutSeconds:20 SessionKey:mediaownership MaxRPS:5 BanMinutes:10 BanActive:false} Mode:{Live:false Debug:true Rebuild_structure:false} Cache:{Enabled:true Dir:view/cache} AdminRouter:admin ConfigValues:map[spotify: facebook: instagram: linkedin: youtube:] Language:{Allowed:[hu en]}}
2018/10/08 11:02:00 Initializing translator
2018/10/08 11:02:00 Translator initialization done
2018/10/08 11:02:00 Ininialize connection
2018/10/08 11:02:14 Setting default language to user
2018/10/08 11:02:14 Layout prepend running
2018/10/08 11:02:14 Adding css /assets/css/main.css
2018/10/08 11:02:14 SELECT * FROM media_type ORDER BY id
2018/10/08 11:02:14 REGEXP FOUND: "^/?" in path "/"

2018/10/08 11:02:14 Anyone is allowed
2018/10/08 11:02:14 Render layout frontend
2018/10/08 11:02:16 Layout prepend running
2018/10/08 11:02:16 REGEXP FOUND: "^/media$" in path "/media"

2018/10/08 11:02:16 Anyone is allowed
2018/10/08 11:02:16 Layout prepend running
2018/10/08 11:02:16 REGEXP FOUND: "^/operators$" in path "/operators"

2018/10/08 11:02:16 Anyone is allowed
2018/10/08 11:02:16 Layout prepend running
2018/10/08 11:02:16 REGEXP FOUND: "^/connections$" in path "/connections"

2018/10/08 11:02:16 Anyone is allowed
2018/10/08 11:02:16 Render layout frontend
2018/10/08 11:02:16 Layout prepend running
2018/10/08 11:02:16 REGEXP FOUND: "^/owners$" in path "/owners"

2018/10/08 11:02:16 Anyone is allowed
2018/10/08 11:02:16 Layout prepend running
2018/10/08 11:02:16 REGEXP FOUND: "^/interests$" in path "/interests"

2018/10/08 11:02:16 Anyone is allowed
2018/10/08 11:02:16 Render layout frontend
2018/10/08 11:05:19 Setting default language to user
2018/10/08 11:05:19 Layout prepend running
2018/10/08 11:05:19 Adding css /assets/css/main.css
2018/10/08 11:05:19 SELECT * FROM media_type ORDER BY id
2018/10/08 11:05:19 REGEXP FOUND: "^/?" in path "/"

2018/10/08 11:05:19 Anyone is allowed
2018/10/08 11:05:19 Render layout frontend
2018/10/08 11:05:21 Layout prepend running
2018/10/08 11:05:21 REGEXP FOUND: "^/media$" in path "/media"

2018/10/08 11:05:21 Anyone is allowed
2018/10/08 11:05:21 Render layout frontend
2018/10/08 11:05:21 Layout prepend running
2018/10/08 11:05:21 REGEXP FOUND: "^/operators$" in path "/operators"

2018/10/08 11:05:21 Anyone is allowed
2018/10/08 11:05:21 Layout prepend running
2018/10/08 11:05:21 REGEXP FOUND: "^/connections$" in path "/connections"

2018/10/08 11:05:21 Anyone is allowed
2018/10/08 11:05:21 Layout prepend running
2018/10/08 11:05:21 REGEXP FOUND: "^/owners$" in path "/owners"

2018/10/08 11:05:21 Anyone is allowed
2018/10/08 11:05:21 Layout prepend running
2018/10/08 11:05:21 REGEXP FOUND: "^/interests$" in path "/interests"

2018/10/08 11:05:21 Anyone is allowed
2018/10/08 11:05:21 Render layout frontend
2018/10/08 11:05:21 Render layout frontend
2018/10/08 11:05:36 Layout prepend running
2018/10/08 11:05:36 Adding css /assets/css/main.css
2018/10/08 11:05:36 SELECT * FROM media_type ORDER BY id
2018/10/08 11:05:36 REGEXP FOUND: "^/?" in path "/"

2018/10/08 11:05:36 Anyone is allowed
2018/10/08 11:05:36 Render layout frontend
2018/10/08 11:05:38 Layout prepend running
2018/10/08 11:05:38 REGEXP FOUND: "^/media$" in path "/media"

2018/10/08 11:05:38 Anyone is allowed
2018/10/08 11:05:38 Layout prepend running
2018/10/08 11:05:38 REGEXP FOUND: "^/connections$" in path "/connections"

2018/10/08 11:05:38 Anyone is allowed
2018/10/08 11:05:38 Layout prepend running
2018/10/08 11:05:38 REGEXP FOUND: "^/interests$" in path "/interests"

2018/10/08 11:05:38 Anyone is allowed
2018/10/08 11:05:38 Layout prepend running
2018/10/08 11:05:38 REGEXP FOUND: "^/owners$" in path "/owners"

2018/10/08 11:05:38 Anyone is allowed
2018/10/08 11:05:38 Layout prepend running
2018/10/08 11:05:38 REGEXP FOUND: "^/operators$" in path "/operators"

2018/10/08 11:05:38 Anyone is allowed
2018/10/08 11:05:38 Render layout frontend
2018/10/08 11:05:38 Render layout frontend
2018/10/08 11:05:38 Render layout frontend
2018/10/08 11:05:39 Render layout frontend
2018/10/08 11:05:40 Render layout frontend
2018/10/08 11:05:49 Layout prepend running
2018/10/08 11:05:49 Adding css /assets/css/main.css
2018/10/08 11:05:49 SELECT * FROM media_type ORDER BY id
2018/10/08 11:05:49 REGEXP FOUND: "^/?" in path "/"

2018/10/08 11:05:49 Anyone is allowed
2018/10/08 11:05:49 Render layout frontend
2018/10/08 11:05:50 Layout prepend running
2018/10/08 11:05:50 REGEXP FOUND: "^/owners$" in path "/owners"

2018/10/08 11:05:50 Anyone is allowed
2018/10/08 11:05:50 Render layout frontend
2018/10/08 11:05:50 Layout prepend running
2018/10/08 11:05:50 REGEXP FOUND: "^/operators$" in path "/operators"

2018/10/08 11:05:50 Anyone is allowed
2018/10/08 11:05:50 Layout prepend running
2018/10/08 11:05:50 REGEXP FOUND: "^/connections$" in path "/connections"

2018/10/08 11:05:50 Anyone is allowed
2018/10/08 11:05:50 Layout prepend running
2018/10/08 11:05:50 REGEXP FOUND: "^/media$" in path "/media"

2018/10/08 11:05:50 Anyone is allowed
2018/10/08 11:05:50 Layout prepend running
2018/10/08 11:05:50 REGEXP FOUND: "^/interests$" in path "/interests"

2018/10/08 11:05:50 Anyone is allowed
2018/10/08 11:05:50 Render layout frontend
2018/10/08 11:05:50 Render layout frontend
2018/10/08 11:06:22 Setting default language to user
2018/10/08 11:06:22 Layout prepend running
2018/10/08 11:06:22 Adding css /assets/css/main.css
2018/10/08 11:06:22 SELECT * FROM media_type ORDER BY id
2018/10/08 11:06:22 REGEXP FOUND: "^/?" in path "/"

2018/10/08 11:06:22 Anyone is allowed
2018/10/08 11:06:22 Render layout frontend
2018/10/08 11:06:24 Layout prepend running
2018/10/08 11:06:24 REGEXP FOUND: "^/media$" in path "/media"

2018/10/08 11:06:24 Anyone is allowed
2018/10/08 11:06:24 Render layout frontend
2018/10/08 11:06:24 Layout prepend running
2018/10/08 11:06:24 REGEXP FOUND: "^/operators$" in path "/operators"

2018/10/08 11:06:24 Anyone is allowed
2018/10/08 11:06:24 Layout prepend running
2018/10/08 11:06:24 REGEXP FOUND: "^/connections$" in path "/connections"

2018/10/08 11:06:24 Anyone is allowed
2018/10/08 11:06:24 Layout prepend running
2018/10/08 11:06:24 REGEXP FOUND: "^/owners$" in path "/owners"

2018/10/08 11:06:24 Anyone is allowed
2018/10/08 11:06:24 Layout prepend running
2018/10/08 11:06:24 REGEXP FOUND: "^/interests$" in path "/interests"

2018/10/08 11:06:24 Anyone is allowed
2018/10/08 11:06:24 Render layout frontend
2018/10/08 11:06:24 Render layout frontend
2018/10/08 11:07:00 Changing language to en
2018/10/08 11:07:00 Layout prepend running
2018/10/08 11:07:00 Adding css /assets/css/main.css
2018/10/08 11:07:00 SELECT * FROM media_type ORDER BY id
2018/10/08 11:07:00 REGEXP FOUND: "^/?" in path "/"

2018/10/08 11:07:00 Anyone is allowed
2018/10/08 11:07:00 Render layout frontend
2018/10/08 11:07:01 Layout prepend running
2018/10/08 11:07:01 REGEXP FOUND: "^/media$" in path "/media"

2018/10/08 11:07:01 Anyone is allowed
2018/10/08 11:07:01 Render layout frontend
2018/10/08 11:07:01 Layout prepend running
2018/10/08 11:07:01 REGEXP FOUND: "^/connections$" in path "/connections"

2018/10/08 11:07:01 Anyone is allowed
2018/10/08 11:07:01 Layout prepend running
2018/10/08 11:07:01 REGEXP FOUND: "^/owners$" in path "/owners"

2018/10/08 11:07:01 Anyone is allowed
2018/10/08 11:07:01 Layout prepend running
2018/10/08 11:07:01 REGEXP FOUND: "^/operators$" in path "/operators"

2018/10/08 11:07:01 Anyone is allowed
2018/10/08 11:07:01 Layout prepend running
2018/10/08 11:07:02 REGEXP FOUND: "^/interests$" in path "/interests"

2018/10/08 11:07:02 Anyone is allowed
2018/10/08 11:07:02 Render layout frontend
2018/10/08 11:07:02 Render layout frontend
