2018/11/15 16:02:21 Setting default language to user
2018/11/15 16:07:21 Setting default language to user
2018/11/15 16:18:56 Setting default language to user
2018/11/15 16:23:56 Setting default language to user
2018/11/15 16:28:56 Setting default language to user
2018/11/15 16:29:32 Setting default language to user
2018/11/15 16:29:34 Setting default language to user
2018/11/15 16:29:34 Layout prepend running
2018/11/15 16:29:34 Adding css /assets/css/main.css
2018/11/15 16:29:34 SELECT * FROM media_type ORDER BY id
2018/11/15 16:29:34 REGEXP FOUND: "^/?" in path "/"

2018/11/15 16:29:34 Anyone is allowed
2018/11/15 16:29:34 Render layout frontend
2018/11/15 16:29:35 Layout prepend running
2018/11/15 16:29:35 REGEXP FOUND: "^/connections$" in path "/connections"

2018/11/15 16:29:35 Anyone is allowed
2018/11/15 16:29:35 Render layout frontend
2018/11/15 16:29:35 Layout prepend running
2018/11/15 16:29:35 Layout prepend running
2018/11/15 16:29:35 REGEXP FOUND: "^/media$" in path "/media"

2018/11/15 16:29:35 Anyone is allowed
2018/11/15 16:29:35 Render layout frontend
2018/11/15 16:29:35 REGEXP FOUND: "^/operators$" in path "/operators"

2018/11/15 16:29:35 Anyone is allowed
2018/11/15 16:29:35 Render layout frontend
2018/11/15 16:29:35 Layout prepend running
2018/11/15 16:29:35 REGEXP FOUND: "^/owners$" in path "/owners"

2018/11/15 16:29:35 Anyone is allowed
2018/11/15 16:29:35 Render layout frontend
2018/11/15 16:29:35 Layout prepend running
2018/11/15 16:29:35 REGEXP FOUND: "^/interests$" in path "/interests"

2018/11/15 16:29:35 Anyone is allowed
2018/11/15 16:29:35 Render layout frontend
2018/11/15 16:29:35 Layout prepend running
2018/11/15 16:29:35 Adding css /assets/css/main.css
2018/11/15 16:29:35 SELECT * FROM media_type ORDER BY id
2018/11/15 16:29:35 REGEXP FOUND: "^/?" in path "/favicon.ico"

2018/11/15 16:29:35 Anyone is allowed
2018/11/15 16:29:35 Render layout frontend
2018/11/15 16:33:56 Setting default language to user
2018/11/15 16:37:10 Setting default language to user
2018/11/15 16:37:10 Layout prepend running
2018/11/15 16:37:10 Adding css /assets/css/main.css
2018/11/15 16:37:10 SELECT * FROM media_type ORDER BY id
2018/11/15 16:37:10 REGEXP FOUND: "^/?" in path "/"

2018/11/15 16:37:10 Anyone is allowed
2018/11/15 16:37:10 Render layout frontend
2018/11/15 16:37:11 Layout prepend running
2018/11/15 16:37:11 REGEXP FOUND: "^/media$" in path "/media"

2018/11/15 16:37:11 Anyone is allowed
2018/11/15 16:37:11 Render layout frontend
2018/11/15 16:37:11 Layout prepend running
2018/11/15 16:37:11 REGEXP FOUND: "^/owners$" in path "/owners"

2018/11/15 16:37:11 Anyone is allowed
2018/11/15 16:37:11 Render layout frontend
2018/11/15 16:37:11 Layout prepend running
2018/11/15 16:37:11 REGEXP FOUND: "^/operators$" in path "/operators"

2018/11/15 16:37:11 Anyone is allowed
2018/11/15 16:37:11 Render layout frontend
2018/11/15 16:37:11 Layout prepend running
2018/11/15 16:37:11 REGEXP FOUND: "^/connections$" in path "/connections"

2018/11/15 16:37:11 Anyone is allowed
2018/11/15 16:37:11 Render layout frontend
2018/11/15 16:37:11 Layout prepend running
2018/11/15 16:37:11 REGEXP FOUND: "^/interests$" in path "/interests"

2018/11/15 16:37:11 Anyone is allowed
2018/11/15 16:37:11 Render layout frontend
2018/11/15 16:37:18 Layout prepend running
2018/11/15 16:37:18 Adding css /assets/css/main.css
2018/11/15 16:37:18 SELECT * FROM media_type ORDER BY id
2018/11/15 16:37:18 REGEXP FOUND: "^/?" in path "/"

2018/11/15 16:37:18 Anyone is allowed
2018/11/15 16:37:18 Render layout frontend
2018/11/15 16:37:18 Layout prepend running
2018/11/15 16:37:18 REGEXP FOUND: "^/media$" in path "/media"

2018/11/15 16:37:18 Anyone is allowed
2018/11/15 16:37:18 Render layout frontend
2018/11/15 16:37:18 Layout prepend running
2018/11/15 16:37:18 REGEXP FOUND: "^/connections$" in path "/connections"

2018/11/15 16:37:18 Anyone is allowed
2018/11/15 16:37:18 Render layout frontend
2018/11/15 16:37:18 Layout prepend running
2018/11/15 16:37:18 REGEXP FOUND: "^/operators$" in path "/operators"

2018/11/15 16:37:18 Anyone is allowed
2018/11/15 16:37:18 Render layout frontend
2018/11/15 16:37:18 Layout prepend running
2018/11/15 16:37:18 REGEXP FOUND: "^/owners$" in path "/owners"

2018/11/15 16:37:18 Anyone is allowed
2018/11/15 16:37:18 Render layout frontend
2018/11/15 16:37:18 Layout prepend running
2018/11/15 16:37:18 REGEXP FOUND: "^/interests$" in path "/interests"

2018/11/15 16:37:18 Anyone is allowed
2018/11/15 16:37:18 Render layout frontend
2018/11/15 16:38:33 Layout prepend running
2018/11/15 16:38:33 Adding css /assets/css/main.css
2018/11/15 16:38:33 SELECT * FROM media_type ORDER BY id
2018/11/15 16:38:33 REGEXP FOUND: "^/?" in path "/"

2018/11/15 16:38:33 Anyone is allowed
2018/11/15 16:38:33 Render layout frontend
2018/11/15 16:38:34 Layout prepend running
2018/11/15 16:38:34 REGEXP FOUND: "^/media$" in path "/media"

2018/11/15 16:38:34 Anyone is allowed
2018/11/15 16:38:34 Render layout frontend
2018/11/15 16:38:34 Layout prepend running
2018/11/15 16:38:34 Layout prepend running
2018/11/15 16:38:34 REGEXP FOUND: "^/operators$" in path "/operators"

2018/11/15 16:38:34 Anyone is allowed
2018/11/15 16:38:34 Render layout frontend
2018/11/15 16:38:34 Layout prepend running
2018/11/15 16:38:34 REGEXP FOUND: "^/connections$" in path "/connections"

2018/11/15 16:38:34 Anyone is allowed
2018/11/15 16:38:34 Render layout frontend
2018/11/15 16:38:34 Layout prepend running
2018/11/15 16:38:34 REGEXP FOUND: "^/interests$" in path "/interests"

2018/11/15 16:38:34 Anyone is allowed
2018/11/15 16:38:34 Render layout frontend
2018/11/15 16:38:56 Setting default language to user
2018/11/15 16:43:56 Setting default language to user
2018/11/15 16:48:56 Setting default language to user
2018/11/15 16:53:56 Setting default language to user
2018/11/15 16:58:56 Setting default language to user
