2018/10/29 10:23:13 Setting default language to user
2018/10/29 10:28:05 Setting default language to user
2018/10/29 10:30:35 Setting default language to user
2018/10/29 10:30:35 Setting default language to user
2018/10/29 10:30:36 Setting default language to user
2018/10/29 10:30:36 Setting default language to user
2018/10/29 10:30:36 Setting default language to user
2018/10/29 10:30:36 Setting default language to user
2018/10/29 10:30:36 Setting default language to user
2018/10/29 10:30:39 Setting default language to user
2018/10/29 10:30:43 Setting default language to user
2018/10/29 10:30:43 Setting default language to user
2018/10/29 10:30:48 Setting default language to user
2018/10/29 10:30:48 Setting default language to user
2018/10/29 10:30:48 Setting default language to user
2018/10/29 10:30:48 Setting default language to user
2018/10/29 10:30:48 Layout prepend running
2018/10/29 10:30:48 Setting default language to user
2018/10/29 10:30:48 Layout prepend running
2018/10/29 10:30:48 Setting default language to user
2018/10/29 10:30:48 Layout prepend running
2018/10/29 10:30:48 Setting default language to user
2018/10/29 10:30:48 Layout prepend running
2018/10/29 10:30:48 Setting default language to user
2018/10/29 10:30:48 Layout prepend running
2018/10/29 10:30:48 REGEXP FOUND: "^/media$" in path "/media"

2018/10/29 10:30:48 Anyone is allowed
2018/10/29 10:30:48 Render layout frontend
2018/10/29 10:30:48 REGEXP FOUND: "^/interests$" in path "/interests"

2018/10/29 10:30:48 Anyone is allowed
2018/10/29 10:30:48 Render layout frontend
2018/10/29 10:30:48 REGEXP FOUND: "^/owners$" in path "/owners"

2018/10/29 10:30:48 Anyone is allowed
2018/10/29 10:30:48 Render layout frontend
2018/10/29 10:30:48 REGEXP FOUND: "^/connections$" in path "/connections"

2018/10/29 10:30:48 Anyone is allowed
2018/10/29 10:30:48 Render layout frontend
2018/10/29 10:30:49 Setting default language to user
2018/10/29 10:33:05 Setting default language to user
2018/10/29 10:38:05 Setting default language to user
2018/10/29 10:43:05 Setting default language to user
2018/10/29 10:48:05 Setting default language to user
2018/10/29 10:53:05 Setting default language to user
2018/10/29 10:58:05 Setting default language to user
