2018/11/29 13:00:26 Setting default language to user
2018/11/29 13:05:26 Setting default language to user
2018/11/29 13:10:26 Setting default language to user
2018/11/29 13:15:26 Setting default language to user
2018/11/29 13:18:55 Setting default language to user
2018/11/29 13:18:55 Layout prepend running
2018/11/29 13:18:55 Adding css /assets/css/main.css
2018/11/29 13:18:55 SELECT * FROM media_type ORDER BY id
2018/11/29 13:18:55 REGEXP FOUND: "^/?" in path "/"

2018/11/29 13:18:55 Anyone is allowed
2018/11/29 13:18:55 Render layout frontend
2018/11/29 13:20:26 Setting default language to user
2018/11/29 13:21:32 Setting default language to user
2018/11/29 13:21:32 Layout prepend running
2018/11/29 13:21:32 Adding css /assets/css/main.css
2018/11/29 13:21:32 SELECT * FROM media_type ORDER BY id
2018/11/29 13:21:32 REGEXP FOUND: "^/?" in path "/"

2018/11/29 13:21:32 Anyone is allowed
2018/11/29 13:21:32 Render layout frontend
2018/11/29 13:25:26 Setting default language to user
2018/11/29 13:30:26 Setting default language to user
2018/11/29 13:35:26 Setting default language to user
2018/11/29 13:40:26 Setting default language to user
2018/11/29 13:45:26 Setting default language to user
2018/11/29 13:50:26 Setting default language to user
2018/11/29 13:55:26 Setting default language to user
