2018/10/10 10:48:23 Setting default language to user
2018/10/10 10:48:23 Layout prepend running
2018/10/10 10:48:23 REGEXP FOUND: "^/media$" in path "/media"

2018/10/10 10:48:23 Anyone is allowed
2018/10/10 10:48:23 Render layout frontend
2018/10/10 10:48:23 Setting default language to user
2018/10/10 10:48:23 Layout prepend running
2018/10/10 10:48:23 REGEXP FOUND: "^/connections$" in path "/connections"

2018/10/10 10:48:23 Anyone is allowed
2018/10/10 10:48:23 Setting default language to user
2018/10/10 10:48:23 Layout prepend running
2018/10/10 10:48:23 REGEXP FOUND: "^/operators$" in path "/operators"

2018/10/10 10:48:23 Anyone is allowed
2018/10/10 10:48:23 Setting default language to user
2018/10/10 10:48:23 Layout prepend running
2018/10/10 10:48:23 REGEXP FOUND: "^/owners$" in path "/owners"

2018/10/10 10:48:23 Anyone is allowed
2018/10/10 10:48:23 Setting default language to user
2018/10/10 10:48:23 Layout prepend running
2018/10/10 10:48:23 REGEXP FOUND: "^/interests$" in path "/interests"

2018/10/10 10:48:23 Anyone is allowed
2018/10/10 10:48:23 Render layout frontend
2018/10/10 10:48:23 Render layout frontend
