2018/11/30 21:02:24 Setting default language to user
2018/11/30 21:07:25 Setting default language to user
2018/11/30 21:12:24 Setting default language to user
2018/11/30 21:17:24 Setting default language to user
2018/11/30 21:22:24 Setting default language to user
2018/11/30 21:27:24 Setting default language to user
2018/11/30 21:32:24 Setting default language to user
2018/11/30 21:37:24 Setting default language to user
2018/11/30 21:42:24 Setting default language to user
2018/11/30 21:47:24 Setting default language to user
2018/11/30 21:52:24 Setting default language to user
2018/11/30 21:57:24 Setting default language to user
2018/11/30 21:59:02 Setting default language to user
2018/11/30 21:59:02 Layout prepend running
2018/11/30 21:59:02 Adding css /assets/css/main.css
2018/11/30 21:59:02 SELECT * FROM media_type ORDER BY id
2018/11/30 21:59:02 REGEXP FOUND: "^/?" in path "/"

2018/11/30 21:59:02 Anyone is allowed
2018/11/30 21:59:02 Render layout frontend
2018/11/30 21:59:04 Layout prepend running
2018/11/30 21:59:04 REGEXP FOUND: "^/media$" in path "/media"

2018/11/30 21:59:04 Anyone is allowed
2018/11/30 21:59:04 Render layout frontend
2018/11/30 21:59:04 Layout prepend running
2018/11/30 21:59:04 REGEXP FOUND: "^/owners$" in path "/owners"

2018/11/30 21:59:04 Anyone is allowed
2018/11/30 21:59:04 Render layout frontend
2018/11/30 21:59:04 Layout prepend running
2018/11/30 21:59:04 REGEXP FOUND: "^/operators$" in path "/operators"

2018/11/30 21:59:04 Anyone is allowed
2018/11/30 21:59:04 Render layout frontend
2018/11/30 21:59:04 Layout prepend running
2018/11/30 21:59:04 REGEXP FOUND: "^/connections$" in path "/connections"

2018/11/30 21:59:04 Anyone is allowed
2018/11/30 21:59:04 Render layout frontend
2018/11/30 21:59:04 Layout prepend running
2018/11/30 21:59:04 REGEXP FOUND: "^/interests$" in path "/interests"

2018/11/30 21:59:04 Anyone is allowed
2018/11/30 21:59:04 Render layout frontend
