2018/10/11 16:08:12 Setting default language to user
2018/10/11 16:08:12 Layout prepend running
2018/10/11 16:08:12 Adding css /assets/css/main.css
2018/10/11 16:08:12 SELECT * FROM media_type ORDER BY id
2018/10/11 16:08:12 REGEXP FOUND: "^/?" in path "/"

2018/10/11 16:08:12 Anyone is allowed
2018/10/11 16:08:12 Render layout frontend
2018/10/11 16:08:48 Layout prepend running
2018/10/11 16:08:48 Adding css /assets/css/main.css
2018/10/11 16:08:48 SELECT * FROM media_type ORDER BY id
2018/10/11 16:08:48 REGEXP FOUND: "^/?" in path "/"

2018/10/11 16:08:48 Anyone is allowed
2018/10/11 16:08:48 Render layout frontend
2018/10/11 16:12:07 Layout prepend running
2018/10/11 16:12:07 Adding css /assets/css/main.css
2018/10/11 16:12:07 SELECT * FROM media_type ORDER BY id
2018/10/11 16:12:07 REGEXP FOUND: "^/?" in path "/"

2018/10/11 16:12:07 Anyone is allowed
2018/10/11 16:12:07 Render layout frontend
2018/10/11 16:12:34 Changing language to en
2018/10/11 16:12:34 Layout prepend running
2018/10/11 16:12:34 Adding css /assets/css/main.css
2018/10/11 16:12:34 SELECT * FROM media_type ORDER BY id
2018/10/11 16:12:34 REGEXP FOUND: "^/?" in path "/"

2018/10/11 16:12:34 Anyone is allowed
2018/10/11 16:12:34 Render layout frontend
2018/10/11 16:16:20 Layout prepend running
2018/10/11 16:16:20 Adding css /assets/css/main.css
2018/10/11 16:16:20 SELECT * FROM media_type ORDER BY id
2018/10/11 16:16:20 REGEXP FOUND: "^/?" in path "/"

2018/10/11 16:16:20 Anyone is allowed
2018/10/11 16:16:20 Render layout frontend
2018/10/11 16:16:24 Layout prepend running
2018/10/11 16:16:24 REGEXP FOUND: "^/connections$" in path "/connections"

2018/10/11 16:16:24 Anyone is allowed
2018/10/11 16:16:24 Layout prepend running
2018/10/11 16:16:24 REGEXP FOUND: "^/owners$" in path "/owners"

2018/10/11 16:16:24 Anyone is allowed
2018/10/11 16:16:24 Layout prepend running
2018/10/11 16:16:24 REGEXP FOUND: "^/operators$" in path "/operators"

2018/10/11 16:16:24 Anyone is allowed
2018/10/11 16:16:24 Render layout frontend
2018/10/11 16:16:24 Layout prepend running
2018/10/11 16:16:24 REGEXP FOUND: "^/interests$" in path "/interests"

2018/10/11 16:16:24 Anyone is allowed
2018/10/11 16:16:24 Render layout frontend
2018/10/11 16:16:27 Layout prepend running
2018/10/11 16:16:27 REGEXP FOUND: "^/media$" in path "/media"

2018/10/11 16:16:27 Anyone is allowed
2018/10/11 16:16:27 Render layout frontend
2018/10/11 16:30:05 Changing language to en
2018/10/11 16:30:05 Layout prepend running
2018/10/11 16:30:05 Adding css /assets/css/main.css
2018/10/11 16:30:05 SELECT * FROM media_type ORDER BY id
2018/10/11 16:30:05 REGEXP FOUND: "^/?" in path "/"

2018/10/11 16:30:05 Anyone is allowed
2018/10/11 16:30:05 Render layout frontend
2018/10/11 16:30:08 Layout prepend running
2018/10/11 16:30:08 REGEXP FOUND: "^/media$" in path "/media"

2018/10/11 16:30:08 Anyone is allowed
2018/10/11 16:30:08 Layout prepend running
2018/10/11 16:30:08 REGEXP FOUND: "^/owners$" in path "/owners"

2018/10/11 16:30:08 Anyone is allowed
2018/10/11 16:30:08 Render layout frontend
2018/10/11 16:30:08 Layout prepend running
2018/10/11 16:30:08 REGEXP FOUND: "^/operators$" in path "/operators"

2018/10/11 16:30:08 Anyone is allowed
2018/10/11 16:30:08 Layout prepend running
2018/10/11 16:30:08 REGEXP FOUND: "^/connections$" in path "/connections"

2018/10/11 16:30:08 Anyone is allowed
2018/10/11 16:30:08 Render layout frontend
2018/10/11 16:30:08 Layout prepend running
2018/10/11 16:30:08 REGEXP FOUND: "^/interests$" in path "/interests"

2018/10/11 16:30:08 Anyone is allowed
2018/10/11 16:30:08 Render layout frontend
2018/10/11 16:44:05 Setting default language to user
2018/10/11 16:44:05 Layout prepend running
2018/10/11 16:44:05 Adding css /assets/css/main.css
2018/10/11 16:44:05 SELECT * FROM media_type ORDER BY id
2018/10/11 16:44:05 REGEXP FOUND: "^/?" in path "/"

2018/10/11 16:44:05 Anyone is allowed
2018/10/11 16:44:05 Render layout frontend
2018/10/11 16:44:09 Layout prepend running
2018/10/11 16:44:09 REGEXP FOUND: "^/media$" in path "/media"

2018/10/11 16:44:09 Anyone is allowed
2018/10/11 16:44:09 Layout prepend running
2018/10/11 16:44:09 REGEXP FOUND: "^/connections$" in path "/connections"

2018/10/11 16:44:09 Anyone is allowed
2018/10/11 16:44:09 Layout prepend running
2018/10/11 16:44:09 REGEXP FOUND: "^/owners$" in path "/owners"

2018/10/11 16:44:09 Anyone is allowed
2018/10/11 16:44:09 Layout prepend running
2018/10/11 16:44:09 REGEXP FOUND: "^/operators$" in path "/operators"

2018/10/11 16:44:09 Anyone is allowed
2018/10/11 16:44:09 Render layout frontend
2018/10/11 16:44:09 Render layout frontend
2018/10/11 16:44:09 Layout prepend running
2018/10/11 16:44:09 REGEXP FOUND: "^/interests$" in path "/interests"

2018/10/11 16:44:09 Anyone is allowed
2018/10/11 16:44:09 Render layout frontend
