2018/12/07 23:04:06 Setting default language to user
2018/12/07 23:09:06 Setting default language to user
2018/12/07 23:14:06 Setting default language to user
2018/12/07 23:18:48 Setting default language to user
2018/12/07 23:18:48 Layout prepend running
2018/12/07 23:18:48 Adding css /assets/css/main.css
2018/12/07 23:18:48 SELECT * FROM media_type ORDER BY id
2018/12/07 23:18:48 REGEXP FOUND: "^/?" in path "/"

2018/12/07 23:18:48 Anyone is allowed
2018/12/07 23:18:48 Render layout frontend
2018/12/07 23:18:49 Layout prepend running
2018/12/07 23:18:49 REGEXP FOUND: "^/media$" in path "/media"

2018/12/07 23:18:49 Anyone is allowed
2018/12/07 23:18:49 Render layout frontend
2018/12/07 23:18:49 Layout prepend running
2018/12/07 23:18:49 REGEXP FOUND: "^/operators$" in path "/operators"

2018/12/07 23:18:49 Anyone is allowed
2018/12/07 23:18:49 Render layout frontend
2018/12/07 23:18:49 Layout prepend running
2018/12/07 23:18:49 REGEXP FOUND: "^/connections$" in path "/connections"

2018/12/07 23:18:49 Anyone is allowed
2018/12/07 23:18:49 Layout prepend running
2018/12/07 23:18:49 REGEXP FOUND: "^/owners$" in path "/owners"

2018/12/07 23:18:49 Anyone is allowed
2018/12/07 23:18:49 Render layout frontend
2018/12/07 23:18:49 Layout prepend running
2018/12/07 23:18:49 REGEXP FOUND: "^/interests$" in path "/interests"

2018/12/07 23:18:49 Anyone is allowed
2018/12/07 23:18:49 Render layout frontend
2018/12/07 23:19:06 Setting default language to user
2018/12/07 23:24:06 Setting default language to user
2018/12/07 23:29:06 Setting default language to user
2018/12/07 23:34:07 Setting default language to user
2018/12/07 23:39:06 Setting default language to user
2018/12/07 23:44:07 Setting default language to user
2018/12/07 23:49:06 Setting default language to user
2018/12/07 23:54:06 Setting default language to user
2018/12/07 23:59:06 Setting default language to user
