2018/10/02 19:29:02 Setting default language to user
2018/10/02 19:29:02 Layout prepend running
2018/10/02 19:29:02 Adding css /assets/css/main.css
2018/10/02 19:29:02 SELECT * FROM media_type ORDER BY id
2018/10/02 19:29:02 REGEXP FOUND: "^/?" in path "/"

2018/10/02 19:29:02 Anyone is allowed
2018/10/02 19:29:02 Render layout frontend
2018/10/02 19:29:03 Layout prepend running
2018/10/02 19:29:03 REGEXP FOUND: "^/connections$" in path "/connections"

2018/10/02 19:29:03 Anyone is allowed
2018/10/02 19:29:03 Layout prepend running
2018/10/02 19:29:03 REGEXP FOUND: "^/operators$" in path "/operators"

2018/10/02 19:29:03 Anyone is allowed
2018/10/02 19:29:03 Layout prepend running
2018/10/02 19:29:03 REGEXP FOUND: "^/media$" in path "/media"

2018/10/02 19:29:03 Anyone is allowed
2018/10/02 19:29:03 Layout prepend running
2018/10/02 19:29:03 REGEXP FOUND: "^/owners$" in path "/owners"

2018/10/02 19:29:03 Anyone is allowed
2018/10/02 19:29:03 Render layout frontend
2018/10/02 19:29:03 Render layout frontend
2018/10/02 19:29:09 Layout prepend running
2018/10/02 19:29:09 Adding css /assets/css/main.css
2018/10/02 19:29:09 SELECT * FROM media_type ORDER BY id
2018/10/02 19:29:09 REGEXP FOUND: "^/?" in path "/"

2018/10/02 19:29:09 Anyone is allowed
2018/10/02 19:29:09 Render layout frontend
2018/10/02 19:29:15 Layout prepend running
2018/10/02 19:29:15 REGEXP FOUND: "^/media$" in path "/media"

2018/10/02 19:29:15 Anyone is allowed
2018/10/02 19:29:15 Render layout frontend
2018/10/02 19:29:15 Layout prepend running
2018/10/02 19:29:15 REGEXP FOUND: "^/operators$" in path "/operators"

2018/10/02 19:29:15 Anyone is allowed
2018/10/02 19:29:15 Layout prepend running
2018/10/02 19:29:15 REGEXP FOUND: "^/owners$" in path "/owners"

2018/10/02 19:29:15 Anyone is allowed
2018/10/02 19:29:15 Layout prepend running
2018/10/02 19:29:15 REGEXP FOUND: "^/connections$" in path "/connections"

2018/10/02 19:29:15 Anyone is allowed
2018/10/02 19:29:15 Render layout frontend
2018/10/02 19:29:15 Layout prepend running
2018/10/02 19:29:15 Adding css /assets/css/main.css
2018/10/02 19:29:15 SELECT * FROM media_type ORDER BY id
2018/10/02 19:29:15 REGEXP FOUND: "^/?" in path "/"

2018/10/02 19:29:15 Anyone is allowed
2018/10/02 19:29:15 Render layout frontend
2018/10/02 19:29:15 Layout prepend running
2018/10/02 19:29:15 REGEXP FOUND: "^/operators$" in path "/operators"

2018/10/02 19:29:15 Anyone is allowed
2018/10/02 19:29:15 Layout prepend running
2018/10/02 19:29:15 REGEXP FOUND: "^/media$" in path "/media"

2018/10/02 19:29:15 Anyone is allowed
2018/10/02 19:29:15 Layout prepend running
2018/10/02 19:29:15 REGEXP FOUND: "^/connections$" in path "/connections"

2018/10/02 19:29:15 Anyone is allowed
2018/10/02 19:29:15 Layout prepend running
2018/10/02 19:29:15 REGEXP FOUND: "^/owners$" in path "/owners"

2018/10/02 19:29:15 Anyone is allowed
2018/10/02 19:29:15 Render layout frontend
2018/10/02 19:29:15 Render layout frontend
2018/10/02 19:51:19 Layout prepend running
2018/10/02 19:51:19 REGEXP FOUND: "^/connections$" in path "/connections"

2018/10/02 19:51:19 Anyone is allowed
2018/10/02 19:51:19 Layout prepend running
2018/10/02 19:51:19 REGEXP FOUND: "^/operators$" in path "/operators"

2018/10/02 19:51:19 Anyone is allowed
2018/10/02 19:51:21 Render layout frontend
2018/10/02 19:51:22 Render layout frontend
