2018/10/16 20:49:36 Setting default language to user
2018/10/16 20:49:36 Layout prepend running
2018/10/16 20:49:36 Adding css /assets/css/main.css
2018/10/16 20:49:36 SELECT * FROM media_type ORDER BY id
2018/10/16 20:49:36 REGEXP FOUND: "^/?" in path "/"

2018/10/16 20:49:36 Anyone is allowed
2018/10/16 20:49:36 Render layout frontend
2018/10/16 20:49:36 Layout prepend running
2018/10/16 20:49:36 REGEXP FOUND: "^/media$" in path "/media"

2018/10/16 20:49:36 Anyone is allowed
2018/10/16 20:49:36 Layout prepend running
2018/10/16 20:49:36 REGEXP FOUND: "^/connections$" in path "/connections"

2018/10/16 20:49:36 Anyone is allowed
2018/10/16 20:49:36 Render layout frontend
2018/10/16 20:49:36 Layout prepend running
2018/10/16 20:49:36 Layout prepend running
2018/10/16 20:49:36 REGEXP FOUND: "^/operators$" in path "/operators"

2018/10/16 20:49:36 Anyone is allowed
2018/10/16 20:49:36 Layout prepend running
2018/10/16 20:49:36 REGEXP FOUND: "^/owners$" in path "/owners"

2018/10/16 20:49:36 Anyone is allowed
2018/10/16 20:49:36 Render layout frontend
