2018/11/05 10:03:41 Setting default language to user
2018/11/05 10:08:41 Setting default language to user
2018/11/05 10:13:41 Setting default language to user
2018/11/05 10:18:41 Setting default language to user
2018/11/05 10:21:24 Setting default language to user
2018/11/05 10:21:24 Layout prepend running
2018/11/05 10:21:24 template scope is admin
2018/11/05 10:21:24 Adding css /vendor/bootstrap/css/bootstrap.min.css
2018/11/05 10:21:24 Adding css /vendor/metisMenu/metisMenu.min.css
2018/11/05 10:21:24 Adding css /assets/dist/css/sb-admin-2.css
2018/11/05 10:21:24 Adding css /vendor/morrisjs/morris.css
2018/11/05 10:21:24 Adding css /vendor/font-awesome/css/font-awesome.min.css
2018/11/05 10:21:24 Adding css /assets/summernote/summernote.css
2018/11/05 10:21:24 Adding css /assets/css/admin.css
2018/11/05 10:21:24 Logged out user allowed
2018/11/05 10:21:24 Anyone is allowed
2018/11/05 10:21:24 Loggedin user is allowed (admin users)
2018/11/05 10:21:24 REGEXP FOUND: "^/admin/block/edit/(\d)+$" in path "/admin/block/edit/1"

2018/11/05 10:21:24 Redirecting to /admin/block
2018/11/05 10:21:24 No render /admin/block/edit/1 -> redirect
2018/11/05 10:21:24 Changing language to en
2018/11/05 10:21:24 Layout prepend running
2018/11/05 10:21:24 Adding css /assets/css/main.css
2018/11/05 10:21:24 SELECT * FROM media_type ORDER BY id
2018/11/05 10:21:24 REGEXP FOUND: "^/?" in path "/"

2018/11/05 10:21:24 Anyone is allowed
2018/11/05 10:21:24 Render layout frontend
2018/11/05 10:21:24 Layout prepend running
2018/11/05 10:21:24 template scope is admin
2018/11/05 10:21:24 Adding css /vendor/bootstrap/css/bootstrap.min.css
2018/11/05 10:21:24 Adding css /vendor/metisMenu/metisMenu.min.css
2018/11/05 10:21:24 Adding css /assets/dist/css/sb-admin-2.css
2018/11/05 10:21:24 Adding css /vendor/morrisjs/morris.css
2018/11/05 10:21:24 Adding css /vendor/font-awesome/css/font-awesome.min.css
2018/11/05 10:21:24 Adding css /assets/summernote/summernote.css
2018/11/05 10:21:24 Adding css /assets/css/admin.css
2018/11/05 10:21:24 Logged out user allowed
2018/11/05 10:21:24 Anyone is allowed
2018/11/05 10:21:24 Loggedin user is allowed (admin users)
2018/11/05 10:21:24 REGEXP FOUND: "^/admin/block/?(index)?$" in path "/admin/block"

2018/11/05 10:21:24 Redirecting to /admin/user/welcome
2018/11/05 10:21:24 No render /admin/block -> redirect
2018/11/05 10:21:25 Layout prepend running
2018/11/05 10:21:25 template scope is admin
2018/11/05 10:21:25 Adding css /vendor/bootstrap/css/bootstrap.min.css
2018/11/05 10:21:25 Adding css /vendor/metisMenu/metisMenu.min.css
2018/11/05 10:21:25 Adding css /assets/dist/css/sb-admin-2.css
2018/11/05 10:21:25 Adding css /vendor/morrisjs/morris.css
2018/11/05 10:21:25 Adding css /vendor/font-awesome/css/font-awesome.min.css
2018/11/05 10:21:25 Adding css /assets/summernote/summernote.css
2018/11/05 10:21:25 Adding css /assets/css/admin.css
2018/11/05 10:21:25 Logged out user allowed
2018/11/05 10:21:25 Anyone is allowed
2018/11/05 10:21:25 Loggedin user is allowed (admin users)
2018/11/05 10:21:25 REGEXP FOUND: "^/admin/user/welcome$" in path "/admin/user/welcome"

2018/11/05 10:21:25 Loggedin user is allowed (admin users)
2018/11/05 10:21:25 Redirecting to /admin/user/login
2018/11/05 10:21:25 No render /admin/user/welcome -> redirect
2018/11/05 10:21:26 Layout prepend running
2018/11/05 10:21:26 template scope is admin
2018/11/05 10:21:26 Adding css /vendor/bootstrap/css/bootstrap.min.css
2018/11/05 10:21:26 Adding css /vendor/metisMenu/metisMenu.min.css
2018/11/05 10:21:26 Adding css /assets/dist/css/sb-admin-2.css
2018/11/05 10:21:26 Adding css /vendor/morrisjs/morris.css
2018/11/05 10:21:26 Adding css /vendor/font-awesome/css/font-awesome.min.css
2018/11/05 10:21:26 Adding css /assets/summernote/summernote.css
2018/11/05 10:21:26 Adding css /assets/css/admin.css
2018/11/05 10:21:26 Logged out user allowed
2018/11/05 10:21:26 Anyone is allowed
2018/11/05 10:21:26 Loggedin user is allowed (admin users)
2018/11/05 10:21:26 REGEXP FOUND: "^/admin/user/login$" in path "/admin/user/login"

2018/11/05 10:21:26 Logged out user allowed
2018/11/05 10:21:26 Render layout admin
2018/11/05 10:21:29 Layout prepend running
2018/11/05 10:21:29 REGEXP FOUND: "^/operators$" in path "/operators"

2018/11/05 10:21:29 Anyone is allowed
2018/11/05 10:21:29 Layout prepend running
2018/11/05 10:21:29 Layout prepend running
2018/11/05 10:21:29 REGEXP FOUND: "^/connections$" in path "/connections"

2018/11/05 10:21:29 Anyone is allowed
2018/11/05 10:21:29 REGEXP FOUND: "^/media$" in path "/media"

2018/11/05 10:21:29 Anyone is allowed
2018/11/05 10:21:29 Render layout frontend
2018/11/05 10:21:30 Layout prepend running
2018/11/05 10:21:30 REGEXP FOUND: "^/owners$" in path "/owners"

2018/11/05 10:21:30 Anyone is allowed
2018/11/05 10:21:30 Render layout frontend
2018/11/05 10:21:30 Layout prepend running
2018/11/05 10:21:30 REGEXP FOUND: "^/interests$" in path "/interests"

2018/11/05 10:21:30 Anyone is allowed
2018/11/05 10:21:30 Render layout frontend
2018/11/05 10:23:41 Setting default language to user
2018/11/05 10:28:41 Setting default language to user
2018/11/05 10:33:41 Setting default language to user
2018/11/05 10:38:41 Setting default language to user
2018/11/05 10:43:41 Setting default language to user
2018/11/05 10:48:41 Setting default language to user
2018/11/05 10:53:41 Setting default language to user
2018/11/05 10:58:41 Setting default language to user
