2018/10/17 14:02:17 Layout prepend running
2018/10/17 14:02:17 Adding css /assets/css/main.css
2018/10/17 14:02:17 SELECT * FROM media_type ORDER BY id
2018/10/17 14:02:17 REGEXP FOUND: "^/?" in path "/"

2018/10/17 14:02:17 Anyone is allowed
2018/10/17 14:02:17 Render layout frontend
2018/10/17 14:02:18 Layout prepend running
2018/10/17 14:02:18 REGEXP FOUND: "^/connections$" in path "/connections"

2018/10/17 14:02:18 Anyone is allowed
2018/10/17 14:02:18 Layout prepend running
2018/10/17 14:02:18 REGEXP FOUND: "^/media$" in path "/media"

2018/10/17 14:02:18 Anyone is allowed
2018/10/17 14:02:18 Render layout frontend
2018/10/17 14:02:18 Layout prepend running
2018/10/17 14:02:18 REGEXP FOUND: "^/owners$" in path "/owners"

2018/10/17 14:02:18 Anyone is allowed
2018/10/17 14:02:18 Render layout frontend
2018/10/17 14:02:18 Layout prepend running
2018/10/17 14:02:18 REGEXP FOUND: "^/operators$" in path "/operators"

2018/10/17 14:02:18 Anyone is allowed
2018/10/17 14:02:18 Layout prepend running
2018/10/17 14:02:18 REGEXP FOUND: "^/interests$" in path "/interests"

2018/10/17 14:02:18 Anyone is allowed
2018/10/17 14:02:18 Render layout frontend
