2018/10/12 09:26:27 Setting default language to user
2018/10/12 09:26:27 Layout prepend running
2018/10/12 09:26:27 Adding css /assets/css/main.css
2018/10/12 09:26:27 SELECT * FROM media_type ORDER BY id
2018/10/12 09:26:27 REGEXP FOUND: "^/?" in path "/"

2018/10/12 09:26:27 Anyone is allowed
2018/10/12 09:26:27 Render layout frontend
2018/10/12 09:26:29 Layout prepend running
2018/10/12 09:26:29 REGEXP FOUND: "^/media$" in path "/media"

2018/10/12 09:26:29 Anyone is allowed
2018/10/12 09:26:29 Layout prepend running
2018/10/12 09:26:29 REGEXP FOUND: "^/connections$" in path "/connections"

2018/10/12 09:26:29 Anyone is allowed
2018/10/12 09:26:29 Layout prepend running
2018/10/12 09:26:29 REGEXP FOUND: "^/operators$" in path "/operators"

2018/10/12 09:26:29 Anyone is allowed
2018/10/12 09:26:29 Render layout frontend
2018/10/12 09:26:29 Layout prepend running
2018/10/12 09:26:29 REGEXP FOUND: "^/owners$" in path "/owners"

2018/10/12 09:26:29 Anyone is allowed
2018/10/12 09:26:29 Render layout frontend
2018/10/12 09:26:29 Layout prepend running
2018/10/12 09:26:29 REGEXP FOUND: "^/interests$" in path "/interests"

2018/10/12 09:26:29 Anyone is allowed
2018/10/12 09:26:29 Render layout frontend
2018/10/12 09:26:39 Setting default language to user
2018/10/12 09:26:39 Layout prepend running
2018/10/12 09:26:39 Adding css /assets/css/main.css
2018/10/12 09:26:39 SELECT * FROM media_type ORDER BY id
2018/10/12 09:26:39 REGEXP FOUND: "^/?" in path "/mos.48p.in/assets/images/mediaos.png"

2018/10/12 09:26:39 Anyone is allowed
2018/10/12 09:26:39 Render layout frontend
2018/10/12 09:26:39 Setting default language to user
2018/10/12 09:26:39 Setting default language to user
2018/10/12 09:26:39 Setting default language to user
2018/10/12 09:26:39 Setting default language to user
2018/10/12 09:26:40 Setting default language to user
2018/10/12 09:26:41 Setting default language to user
2018/10/12 09:26:41 Layout prepend running
2018/10/12 09:26:41 REGEXP FOUND: "^/media$" in path "/media"

2018/10/12 09:26:41 Anyone is allowed
2018/10/12 09:26:41 Render layout frontend
2018/10/12 09:26:41 Setting default language to user
2018/10/12 09:26:41 Layout prepend running
2018/10/12 09:26:41 REGEXP FOUND: "^/operators$" in path "/operators"

2018/10/12 09:26:41 Anyone is allowed
2018/10/12 09:26:41 Setting default language to user
2018/10/12 09:26:41 Layout prepend running
2018/10/12 09:26:41 REGEXP FOUND: "^/connections$" in path "/connections"

2018/10/12 09:26:41 Anyone is allowed
2018/10/12 09:26:41 Setting default language to user
2018/10/12 09:26:41 Layout prepend running
2018/10/12 09:26:41 REGEXP FOUND: "^/owners$" in path "/owners"

2018/10/12 09:26:41 Anyone is allowed
2018/10/12 09:26:41 Render layout frontend
2018/10/12 09:26:41 Setting default language to user
2018/10/12 09:26:41 Layout prepend running
2018/10/12 09:26:41 REGEXP FOUND: "^/interests$" in path "/interests"

2018/10/12 09:26:41 Anyone is allowed
2018/10/12 09:26:41 Render layout frontend
2018/10/12 09:26:56 Changing language to en
2018/10/12 09:26:56 Layout prepend running
2018/10/12 09:26:56 Adding css /assets/css/main.css
2018/10/12 09:26:56 SELECT * FROM media_type ORDER BY id
2018/10/12 09:26:56 REGEXP FOUND: "^/?" in path "/"

2018/10/12 09:26:56 Anyone is allowed
2018/10/12 09:26:56 Render layout frontend
2018/10/12 09:26:57 Layout prepend running
2018/10/12 09:26:57 REGEXP FOUND: "^/operators$" in path "/operators"

2018/10/12 09:26:57 Anyone is allowed
2018/10/12 09:26:57 Layout prepend running
2018/10/12 09:26:57 REGEXP FOUND: "^/media$" in path "/media"

2018/10/12 09:26:57 Anyone is allowed
2018/10/12 09:26:57 Render layout frontend
2018/10/12 09:26:58 Layout prepend running
2018/10/12 09:26:58 REGEXP FOUND: "^/owners$" in path "/owners"

2018/10/12 09:26:58 Anyone is allowed
2018/10/12 09:26:58 Layout prepend running
2018/10/12 09:26:58 REGEXP FOUND: "^/interests$" in path "/interests"

2018/10/12 09:26:58 Anyone is allowed
2018/10/12 09:26:58 Render layout frontend
2018/10/12 09:26:58 Render layout frontend
2018/10/12 09:26:58 Layout prepend running
2018/10/12 09:26:58 REGEXP FOUND: "^/connections$" in path "/connections"

2018/10/12 09:26:58 Anyone is allowed
2018/10/12 09:26:59 Render layout frontend
2018/10/12 09:32:48 Setting default language to user
2018/10/12 09:32:48 Layout prepend running
2018/10/12 09:32:48 Adding css /assets/css/main.css
2018/10/12 09:32:48 SELECT * FROM media_type ORDER BY id
2018/10/12 09:32:48 REGEXP FOUND: "^/?" in path "/"

2018/10/12 09:32:48 Anyone is allowed
2018/10/12 09:32:48 Render layout frontend
2018/10/12 09:32:49 Layout prepend running
2018/10/12 09:32:49 REGEXP FOUND: "^/owners$" in path "/owners"

2018/10/12 09:32:49 Anyone is allowed
2018/10/12 09:32:49 Layout prepend running
2018/10/12 09:32:49 REGEXP FOUND: "^/operators$" in path "/operators"

2018/10/12 09:32:49 Anyone is allowed
2018/10/12 09:32:49 Layout prepend running
2018/10/12 09:32:49 REGEXP FOUND: "^/connections$" in path "/connections"

2018/10/12 09:32:49 Anyone is allowed
2018/10/12 09:32:49 Layout prepend running
2018/10/12 09:32:49 REGEXP FOUND: "^/media$" in path "/media"

2018/10/12 09:32:49 Anyone is allowed
2018/10/12 09:32:49 Render layout frontend
2018/10/12 09:32:49 Layout prepend running
2018/10/12 09:32:49 REGEXP FOUND: "^/interests$" in path "/interests"

2018/10/12 09:32:49 Anyone is allowed
2018/10/12 09:32:49 Render layout frontend
