2018/10/10 09:02:29 Setting default language to user
2018/10/10 09:02:29 Layout prepend running
2018/10/10 09:02:29 Adding css /assets/css/main.css
2018/10/10 09:02:29 SELECT * FROM media_type ORDER BY id
2018/10/10 09:02:29 REGEXP FOUND: "^/?" in path "/"

2018/10/10 09:02:29 Anyone is allowed
2018/10/10 09:02:29 Render layout frontend
2018/10/10 09:02:30 Layout prepend running
2018/10/10 09:02:30 REGEXP FOUND: "^/media$" in path "/media"

2018/10/10 09:02:30 Anyone is allowed
2018/10/10 09:02:30 Layout prepend running
2018/10/10 09:02:30 REGEXP FOUND: "^/owners$" in path "/owners"

2018/10/10 09:02:30 Anyone is allowed
2018/10/10 09:02:30 Layout prepend running
2018/10/10 09:02:30 REGEXP FOUND: "^/operators$" in path "/operators"

2018/10/10 09:02:30 Anyone is allowed
2018/10/10 09:02:30 Layout prepend running
2018/10/10 09:02:30 REGEXP FOUND: "^/connections$" in path "/connections"

2018/10/10 09:02:30 Anyone is allowed
2018/10/10 09:02:30 Render layout frontend
2018/10/10 09:02:30 Layout prepend running
2018/10/10 09:02:30 REGEXP FOUND: "^/interests$" in path "/interests"

2018/10/10 09:02:30 Anyone is allowed
2018/10/10 09:02:30 Render layout frontend
2018/10/10 09:02:30 Render layout frontend
