2018/12/18 11:04:00 Setting default language to user
2018/12/18 11:08:59 Setting default language to user
2018/12/18 11:14:00 Setting default language to user
2018/12/18 11:18:59 Setting default language to user
2018/12/18 11:19:17 Setting default language to user
2018/12/18 11:19:17 Layout prepend running
2018/12/18 11:19:17 Adding css /assets/css/main.css
2018/12/18 11:19:17 SELECT * FROM media_type ORDER BY id
2018/12/18 11:19:17 REGEXP FOUND: "^/?" in path "/"

2018/12/18 11:19:17 Anyone is allowed
2018/12/18 11:19:17 Render layout frontend
2018/12/18 11:23:59 Setting default language to user
2018/12/18 11:28:12 Setting default language to user
2018/12/18 11:28:12 Layout prepend running
2018/12/18 11:28:12 Adding css /assets/css/main.css
2018/12/18 11:28:12 SELECT * FROM media_type ORDER BY id
2018/12/18 11:28:12 REGEXP FOUND: "^/?" in path "/"

2018/12/18 11:28:12 Anyone is allowed
2018/12/18 11:28:12 Render layout frontend
2018/12/18 11:28:12 Layout prepend running
2018/12/18 11:28:12 Layout prepend running
2018/12/18 11:28:12 Layout prepend running
2018/12/18 11:28:12 REGEXP FOUND: "^/media$" in path "/media"

2018/12/18 11:28:12 Anyone is allowed
2018/12/18 11:28:12 Render layout frontend
2018/12/18 11:28:12 REGEXP FOUND: "^/operators$" in path "/operators"

2018/12/18 11:28:12 Anyone is allowed
2018/12/18 11:28:12 Render layout frontend
2018/12/18 11:28:12 REGEXP FOUND: "^/connections$" in path "/connections"

2018/12/18 11:28:12 Anyone is allowed
2018/12/18 11:28:12 Render layout frontend
2018/12/18 11:28:12 Layout prepend running
2018/12/18 11:28:12 REGEXP FOUND: "^/owners$" in path "/owners"

2018/12/18 11:28:12 Anyone is allowed
2018/12/18 11:28:12 Render layout frontend
2018/12/18 11:28:12 Layout prepend running
2018/12/18 11:28:12 REGEXP FOUND: "^/interests$" in path "/interests"

2018/12/18 11:28:12 Anyone is allowed
2018/12/18 11:28:12 Render layout frontend
2018/12/18 11:37:12 Setting default language to user
2018/12/18 11:43:44 Setting default language to user
2018/12/18 11:48:43 Setting default language to user
2018/12/18 11:53:43 Setting default language to user
2018/12/18 11:58:43 Setting default language to user
