2018/10/16 11:26:44 Changing language to en
2018/10/16 11:26:44 Layout prepend running
2018/10/16 11:26:44 Adding css /assets/css/main.css
2018/10/16 11:26:44 SELECT * FROM media_type ORDER BY id
2018/10/16 11:26:44 REGEXP FOUND: "^/?" in path "/"

2018/10/16 11:26:44 Anyone is allowed
2018/10/16 11:26:44 Render layout frontend
2018/10/16 11:26:44 Layout prepend running
2018/10/16 11:26:44 REGEXP FOUND: "^/connections$" in path "/connections"

2018/10/16 11:26:44 Anyone is allowed
2018/10/16 11:26:44 Layout prepend running
2018/10/16 11:26:44 REGEXP FOUND: "^/media$" in path "/media"

2018/10/16 11:26:44 Anyone is allowed
2018/10/16 11:26:44 Render layout frontend
2018/10/16 11:26:44 Layout prepend running
2018/10/16 11:26:44 Layout prepend running
2018/10/16 11:26:44 Layout prepend running
2018/10/16 11:26:44 REGEXP FOUND: "^/operators$" in path "/operators"

2018/10/16 11:26:44 Anyone is allowed
2018/10/16 11:26:44 REGEXP FOUND: "^/interests$" in path "/interests"

2018/10/16 11:26:44 Anyone is allowed
2018/10/16 11:26:44 REGEXP FOUND: "^/owners$" in path "/owners"

2018/10/16 11:26:44 Anyone is allowed
2018/10/16 11:26:44 Render layout frontend
2018/10/16 11:26:44 Render layout frontend
2018/10/16 11:51:26 Setting default language to user
2018/10/16 11:51:26 Layout prepend running
2018/10/16 11:51:26 Adding css /assets/css/main.css
2018/10/16 11:51:26 SELECT * FROM media_type ORDER BY id
2018/10/16 11:51:26 REGEXP FOUND: "^/?" in path "/"

2018/10/16 11:51:26 Anyone is allowed
2018/10/16 11:51:26 Render layout frontend
2018/10/16 11:51:27 Layout prepend running
2018/10/16 11:51:27 REGEXP FOUND: "^/media$" in path "/media"

2018/10/16 11:51:27 Anyone is allowed
2018/10/16 11:51:27 Layout prepend running
2018/10/16 11:51:27 REGEXP FOUND: "^/owners$" in path "/owners"

2018/10/16 11:51:27 Anyone is allowed
2018/10/16 11:51:27 Render layout frontend
2018/10/16 11:51:27 Layout prepend running
2018/10/16 11:51:27 REGEXP FOUND: "^/operators$" in path "/operators"

2018/10/16 11:51:27 Anyone is allowed
2018/10/16 11:51:27 Layout prepend running
2018/10/16 11:51:27 Render layout frontend
2018/10/16 11:51:27 Layout prepend running
2018/10/16 11:51:27 REGEXP FOUND: "^/connections$" in path "/connections"

2018/10/16 11:51:27 Anyone is allowed
2018/10/16 11:51:27 REGEXP FOUND: "^/interests$" in path "/interests"

2018/10/16 11:51:27 Anyone is allowed
2018/10/16 11:51:27 Render layout frontend
2018/10/16 11:53:38 Setting default language to user
2018/10/16 11:53:38 Layout prepend running
2018/10/16 11:53:38 Adding css /assets/css/main.css
2018/10/16 11:53:38 SELECT * FROM media_type ORDER BY id
2018/10/16 11:53:38 REGEXP FOUND: "^/?" in path "/"

2018/10/16 11:53:38 Anyone is allowed
2018/10/16 11:53:38 Render layout frontend
2018/10/16 11:53:40 Layout prepend running
2018/10/16 11:53:40 REGEXP FOUND: "^/media$" in path "/media"

2018/10/16 11:53:40 Anyone is allowed
2018/10/16 11:53:40 Layout prepend running
2018/10/16 11:53:40 REGEXP FOUND: "^/operators$" in path "/operators"

2018/10/16 11:53:40 Anyone is allowed
2018/10/16 11:53:40 Layout prepend running
2018/10/16 11:53:40 Render layout frontend
2018/10/16 11:53:40 Layout prepend running
2018/10/16 11:53:40 REGEXP FOUND: "^/connections$" in path "/connections"

2018/10/16 11:53:40 Anyone is allowed
2018/10/16 11:53:40 REGEXP FOUND: "^/owners$" in path "/owners"

2018/10/16 11:53:40 Anyone is allowed
2018/10/16 11:53:40 Render layout frontend
2018/10/16 11:53:40 Layout prepend running
2018/10/16 11:53:40 REGEXP FOUND: "^/interests$" in path "/interests"

2018/10/16 11:53:40 Anyone is allowed
2018/10/16 11:53:40 Render layout frontend
