2018/10/04 13:38:39 Setting default language to user
2018/10/04 13:38:39 Layout prepend running
2018/10/04 13:38:39 Adding css /assets/css/main.css
2018/10/04 13:38:39 SELECT * FROM media_type ORDER BY id
2018/10/04 13:38:39 REGEXP FOUND: "^/?" in path "/"

2018/10/04 13:38:39 Anyone is allowed
2018/10/04 13:38:39 Render layout frontend
2018/10/04 13:38:40 Layout prepend running
2018/10/04 13:38:40 REGEXP FOUND: "^/media$" in path "/media"

2018/10/04 13:38:40 Anyone is allowed
2018/10/04 13:38:40 Layout prepend running
2018/10/04 13:38:40 REGEXP FOUND: "^/connections$" in path "/connections"

2018/10/04 13:38:40 Anyone is allowed
2018/10/04 13:38:40 Layout prepend running
2018/10/04 13:38:40 REGEXP FOUND: "^/operators$" in path "/operators"

2018/10/04 13:38:40 Anyone is allowed
2018/10/04 13:38:40 Render layout frontend
2018/10/04 13:38:40 Layout prepend running
2018/10/04 13:38:40 REGEXP FOUND: "^/owners$" in path "/owners"

2018/10/04 13:38:40 Anyone is allowed
2018/10/04 13:38:40 Layout prepend running
2018/10/04 13:38:40 REGEXP FOUND: "^/interests$" in path "/interests"

2018/10/04 13:38:40 Anyone is allowed
2018/10/04 13:38:40 Render layout frontend
2018/10/04 13:39:43 Layout prepend running
2018/10/04 13:39:43 Adding css /assets/css/main.css
2018/10/04 13:39:43 SELECT * FROM media_type ORDER BY id
2018/10/04 13:39:43 REGEXP FOUND: "^/?" in path "/"

2018/10/04 13:39:43 Anyone is allowed
2018/10/04 13:39:43 Render layout frontend
2018/10/04 13:39:44 Layout prepend running
2018/10/04 13:39:44 REGEXP FOUND: "^/media$" in path "/media"

2018/10/04 13:39:44 Anyone is allowed
2018/10/04 13:39:44 Render layout frontend
2018/10/04 13:39:44 Layout prepend running
2018/10/04 13:39:44 REGEXP FOUND: "^/connections$" in path "/connections"

2018/10/04 13:39:44 Anyone is allowed
2018/10/04 13:39:44 Layout prepend running
2018/10/04 13:39:44 REGEXP FOUND: "^/operators$" in path "/operators"

2018/10/04 13:39:44 Anyone is allowed
2018/10/04 13:39:44 Layout prepend running
2018/10/04 13:39:44 REGEXP FOUND: "^/owners$" in path "/owners"

2018/10/04 13:39:44 Anyone is allowed
2018/10/04 13:39:44 Layout prepend running
2018/10/04 13:39:44 REGEXP FOUND: "^/interests$" in path "/interests"

2018/10/04 13:39:44 Anyone is allowed
2018/10/04 13:39:44 Render layout frontend
2018/10/04 13:39:44 Render layout frontend
2018/10/04 13:40:04 Layout prepend running
2018/10/04 13:40:04 Adding css /assets/css/main.css
2018/10/04 13:40:04 SELECT * FROM media_type ORDER BY id
2018/10/04 13:40:04 REGEXP FOUND: "^/?" in path "/"

2018/10/04 13:40:04 Anyone is allowed
2018/10/04 13:40:04 Render layout frontend
2018/10/04 13:40:05 Layout prepend running
2018/10/04 13:40:05 REGEXP FOUND: "^/media$" in path "/media"

2018/10/04 13:40:05 Anyone is allowed
2018/10/04 13:40:05 Render layout frontend
2018/10/04 13:40:05 Layout prepend running
2018/10/04 13:40:05 REGEXP FOUND: "^/operators$" in path "/operators"

2018/10/04 13:40:05 Anyone is allowed
2018/10/04 13:40:05 Layout prepend running
2018/10/04 13:40:05 REGEXP FOUND: "^/connections$" in path "/connections"

2018/10/04 13:40:05 Anyone is allowed
2018/10/04 13:40:05 Layout prepend running
2018/10/04 13:40:05 REGEXP FOUND: "^/interests$" in path "/interests"

2018/10/04 13:40:05 Anyone is allowed
2018/10/04 13:40:05 Render layout frontend
2018/10/04 13:40:05 Layout prepend running
2018/10/04 13:40:05 REGEXP FOUND: "^/owners$" in path "/owners"

2018/10/04 13:40:05 Anyone is allowed
2018/10/04 13:40:05 Render layout frontend
2018/10/04 13:58:27 Layout prepend running
2018/10/04 13:58:27 Adding css /assets/css/main.css
2018/10/04 13:58:27 SELECT * FROM media_type ORDER BY id
2018/10/04 13:58:27 REGEXP FOUND: "^/?" in path "/"

2018/10/04 13:58:27 Anyone is allowed
2018/10/04 13:58:27 Render layout frontend
2018/10/04 13:58:29 Layout prepend running
2018/10/04 13:58:29 REGEXP FOUND: "^/connections$" in path "/connections"

2018/10/04 13:58:29 Anyone is allowed
2018/10/04 13:58:29 Layout prepend running
2018/10/04 13:58:29 REGEXP FOUND: "^/media$" in path "/media"

2018/10/04 13:58:29 Anyone is allowed
2018/10/04 13:58:29 Render layout frontend
2018/10/04 13:58:29 Layout prepend running
2018/10/04 13:58:29 REGEXP FOUND: "^/operators$" in path "/operators"

2018/10/04 13:58:29 Anyone is allowed
2018/10/04 13:58:29 Layout prepend running
2018/10/04 13:58:29 REGEXP FOUND: "^/owners$" in path "/owners"

2018/10/04 13:58:29 Anyone is allowed
2018/10/04 13:58:29 Layout prepend running
2018/10/04 13:58:29 REGEXP FOUND: "^/interests$" in path "/interests"

2018/10/04 13:58:29 Anyone is allowed
2018/10/04 13:58:29 Render layout frontend
2018/10/04 13:58:29 Render layout frontend
