2018/12/09 22:01:35 Setting default language to user
2018/12/09 22:06:35 Setting default language to user
2018/12/09 22:11:35 Setting default language to user
2018/12/09 22:16:35 Setting default language to user
2018/12/09 22:21:35 Setting default language to user
2018/12/09 22:26:35 Setting default language to user
2018/12/09 22:31:35 Setting default language to user
2018/12/09 22:36:35 Setting default language to user
2018/12/09 22:41:35 Setting default language to user
2018/12/09 22:44:45 Setting default language to user
2018/12/09 22:44:45 Layout prepend running
2018/12/09 22:44:45 Adding css /assets/css/main.css
2018/12/09 22:44:45 SELECT * FROM media_type ORDER BY id
2018/12/09 22:44:45 REGEXP FOUND: "^/?" in path "/"

2018/12/09 22:44:45 Anyone is allowed
2018/12/09 22:44:45 Render layout frontend
2018/12/09 22:44:47 Layout prepend running
2018/12/09 22:44:47 REGEXP FOUND: "^/media$" in path "/media"

2018/12/09 22:44:47 Anyone is allowed
2018/12/09 22:44:47 Render layout frontend
2018/12/09 22:44:47 Layout prepend running
2018/12/09 22:44:47 REGEXP FOUND: "^/interests$" in path "/interests"

2018/12/09 22:44:47 Anyone is allowed
2018/12/09 22:44:47 Render layout frontend
2018/12/09 22:44:47 Layout prepend running
2018/12/09 22:44:47 REGEXP FOUND: "^/owners$" in path "/owners"

2018/12/09 22:44:47 Anyone is allowed
2018/12/09 22:44:47 Render layout frontend
2018/12/09 22:44:47 Layout prepend running
2018/12/09 22:44:47 REGEXP FOUND: "^/operators$" in path "/operators"

2018/12/09 22:44:47 Anyone is allowed
2018/12/09 22:44:47 Render layout frontend
2018/12/09 22:44:47 Layout prepend running
2018/12/09 22:44:47 REGEXP FOUND: "^/connections$" in path "/connections"

2018/12/09 22:44:47 Anyone is allowed
2018/12/09 22:44:47 Render layout frontend
2018/12/09 22:46:35 Setting default language to user
2018/12/09 22:51:35 Setting default language to user
2018/12/09 22:56:35 Setting default language to user
