2018/12/03 15:04:38 Setting default language to user
2018/12/03 15:09:38 Setting default language to user
2018/12/03 15:14:38 Setting default language to user
2018/12/03 15:14:52 Layout prepend running
2018/12/03 15:14:52 Adding css /assets/css/main.css
2018/12/03 15:14:52 SELECT * FROM media_type ORDER BY id
2018/12/03 15:14:52 REGEXP FOUND: "^/?" in path "/"

2018/12/03 15:14:52 Anyone is allowed
2018/12/03 15:14:52 Render layout frontend
2018/12/03 15:14:53 Layout prepend running
2018/12/03 15:14:53 REGEXP FOUND: "^/media$" in path "/media"

2018/12/03 15:14:53 Anyone is allowed
2018/12/03 15:14:53 Render layout frontend
2018/12/03 15:14:53 Layout prepend running
2018/12/03 15:14:53 REGEXP FOUND: "^/connections$" in path "/connections"

2018/12/03 15:14:53 Anyone is allowed
2018/12/03 15:14:53 Render layout frontend
2018/12/03 15:14:53 Layout prepend running
2018/12/03 15:14:53 REGEXP FOUND: "^/operators$" in path "/operators"

2018/12/03 15:14:53 Anyone is allowed
2018/12/03 15:14:53 Render layout frontend
2018/12/03 15:14:53 Layout prepend running
2018/12/03 15:14:53 REGEXP FOUND: "^/owners$" in path "/owners"

2018/12/03 15:14:53 Anyone is allowed
2018/12/03 15:14:53 Render layout frontend
2018/12/03 15:14:53 Layout prepend running
2018/12/03 15:14:53 REGEXP FOUND: "^/interests$" in path "/interests"

2018/12/03 15:14:53 Anyone is allowed
2018/12/03 15:14:53 Render layout frontend
2018/12/03 15:19:38 Setting default language to user
2018/12/03 15:24:38 Setting default language to user
2018/12/03 15:27:50 Layout prepend running
2018/12/03 15:27:50 Adding css /assets/css/main.css
2018/12/03 15:27:50 SELECT * FROM media_type ORDER BY id
2018/12/03 15:27:50 REGEXP FOUND: "^/?" in path "/"

2018/12/03 15:27:50 Anyone is allowed
2018/12/03 15:27:50 Render layout frontend
2018/12/03 15:27:51 Layout prepend running
2018/12/03 15:27:51 REGEXP FOUND: "^/media$" in path "/media"

2018/12/03 15:27:51 Anyone is allowed
2018/12/03 15:27:51 Render layout frontend
2018/12/03 15:27:51 Layout prepend running
2018/12/03 15:27:51 REGEXP FOUND: "^/connections$" in path "/connections"

2018/12/03 15:27:51 Anyone is allowed
2018/12/03 15:27:51 Render layout frontend
2018/12/03 15:27:51 Layout prepend running
2018/12/03 15:27:51 REGEXP FOUND: "^/operators$" in path "/operators"

2018/12/03 15:27:51 Anyone is allowed
2018/12/03 15:27:51 Render layout frontend
2018/12/03 15:27:51 Layout prepend running
2018/12/03 15:27:51 REGEXP FOUND: "^/owners$" in path "/owners"

2018/12/03 15:27:51 Anyone is allowed
2018/12/03 15:27:51 Render layout frontend
2018/12/03 15:27:51 Layout prepend running
2018/12/03 15:27:51 REGEXP FOUND: "^/interests$" in path "/interests"

2018/12/03 15:27:51 Anyone is allowed
2018/12/03 15:27:51 Render layout frontend
2018/12/03 15:29:38 Setting default language to user
2018/12/03 15:34:38 Setting default language to user
2018/12/03 15:39:38 Setting default language to user
2018/12/03 15:45:05 Setting default language to user
2018/12/03 15:50:05 Setting default language to user
2018/12/03 15:55:05 Setting default language to user
