2018/10/10 14:44:24 Config values are the following: {ViewDir:view ListenPort:9004 BrandUrl: ChiefAdmin:map[0:{Email:istvan.dombi@agl.group Password:mos180628 SuperAdmin:false} 1:{Email:lo@branditorial.hu Password:mos180628 SuperAdmin:false} 2:{Email:atom@agl.group Password:mos180628 SuperAdmin:false}] Og:{Url:mos.48p.in Type:website Title:Media Ownership Description:Media Ownership Image:/assets/images/mediaos.png} Environment:local Db:{Environment:map[local:{Host:localhost Username:mos Password:golangforever Name:mos}] MaxIdleCons:0 MaxOpenCons:0 MaxConnLifetimeMinutes:3} Server:{ReadTimeoutSeconds:20 WriteTimeoutSeconds:20 SessionKey:mediaownership MaxRPS:5 BanMinutes:10 BanActive:false} Mode:{Live:false Debug:true Rebuild_structure:false} Cache:{Enabled:true Dir:view/cache} AdminRouter:admin ConfigValues:map[youtube: spotify: facebook: instagram: linkedin:] Language:{Allowed:[hu en]}}
2018/10/10 14:44:24 Initializing translator
2018/10/10 14:44:24 Translator initialization done
2018/10/10 14:44:24 Ininialize connection
2018/10/10 14:44:59 Setting default language to user
2018/10/10 14:44:59 Layout prepend running
2018/10/10 14:44:59 Adding css /assets/css/main.css
2018/10/10 14:44:59 SELECT * FROM media_type ORDER BY id
2018/10/10 14:44:59 REGEXP FOUND: "^/?" in path "/"

2018/10/10 14:44:59 Anyone is allowed
2018/10/10 14:44:59 Render layout frontend
2018/10/10 14:45:01 Layout prepend running
2018/10/10 14:45:01 REGEXP FOUND: "^/media$" in path "/media"

2018/10/10 14:45:01 Anyone is allowed
2018/10/10 14:45:01 Render layout frontend
2018/10/10 14:45:01 Layout prepend running
2018/10/10 14:45:01 REGEXP FOUND: "^/owners$" in path "/owners"

2018/10/10 14:45:01 Anyone is allowed
2018/10/10 14:45:01 Render layout frontend
2018/10/10 14:45:01 Layout prepend running
2018/10/10 14:45:01 REGEXP FOUND: "^/operators$" in path "/operators"

2018/10/10 14:45:01 Anyone is allowed
2018/10/10 14:45:01 Layout prepend running
2018/10/10 14:45:01 REGEXP FOUND: "^/connections$" in path "/connections"

2018/10/10 14:45:01 Anyone is allowed
2018/10/10 14:45:01 Layout prepend running
2018/10/10 14:45:01 REGEXP FOUND: "^/interests$" in path "/interests"

2018/10/10 14:45:01 Anyone is allowed
2018/10/10 14:45:01 Render layout frontend
