2018/10/25 16:02:06 Setting default language to user
2018/10/25 16:02:35 Layout prepend running
2018/10/25 16:02:35 template scope is admin
2018/10/25 16:02:35 Adding css /vendor/bootstrap/css/bootstrap.min.css
2018/10/25 16:02:35 Adding css /vendor/metisMenu/metisMenu.min.css
2018/10/25 16:02:35 Adding css /assets/dist/css/sb-admin-2.css
2018/10/25 16:02:35 Adding css /vendor/morrisjs/morris.css
2018/10/25 16:02:35 Adding css /vendor/font-awesome/css/font-awesome.min.css
2018/10/25 16:02:35 Adding css /assets/summernote/summernote.css
2018/10/25 16:02:35 Adding css /assets/css/admin.css
2018/10/25 16:02:35 Logged out user allowed
2018/10/25 16:02:35 Required role: user/list, rolegroup: user, user role: user/*
2018/10/25 16:02:35 Required role: user/new, rolegroup: user, user role: user/*
2018/10/25 16:02:35 Anyone is allowed
2018/10/25 16:02:35 Required role: block/list, rolegroup: block, user role: block/*
2018/10/25 16:02:35 Required role: block/new, rolegroup: block, user role: block/*
2018/10/25 16:02:35 Loggedin user is allowed (admin users)
2018/10/25 16:02:35 Required role: config/index, rolegroup: config, user role: config/*
2018/10/25 16:02:35 Required role: config/index, rolegroup: config, user role: config/*
2018/10/25 16:02:35 Required role: media/list, rolegroup: media, user role: media/*
2018/10/25 16:02:35 Required role: media/new, rolegroup: media, user role: media/*
2018/10/25 16:02:35 Required role: media/list, rolegroup: media, user role: media/*
2018/10/25 16:02:35 Required role: mediatype/new, rolegroup: mediatype, user role: mediatype/*
2018/10/25 16:02:35 Required role: mediatype/list, rolegroup: mediatype, user role: mediatype/*
2018/10/25 16:02:35 Required role: mediatype/list, rolegroup: mediatype, user role: mediatype/*
2018/10/25 16:02:35 Required role: media/list, rolegroup: media, user role: media/*
2018/10/25 16:02:35 Required role: media/new, rolegroup: media, user role: media/*
2018/10/25 16:02:35 Required role: media/list, rolegroup: media, user role: media/*
2018/10/25 16:02:35 Required role: media/new, rolegroup: media, user role: media/*
2018/10/25 16:02:35 Required role: media/list, rolegroup: media, user role: media/*
2018/10/25 16:02:35 Required role: media/list, rolegroup: media, user role: media/*
2018/10/25 16:02:35 Required role: owner/list, rolegroup: owner, user role: owner/*
2018/10/25 16:02:35 Required role: owner/list, rolegroup: owner, user role: owner/*
2018/10/25 16:02:35 Required role: operator/list, rolegroup: operator, user role: operator/*
2018/10/25 16:02:35 Required role: operator/list, rolegroup: operator, user role: operator/*
2018/10/25 16:02:35 Required role: interest/list, rolegroup: interest, user role: interest/*
2018/10/25 16:02:35 Required role: interest/list, rolegroup: interest, user role: interest/*
2018/10/25 16:02:35 Required role: operator/list, rolegroup: operator, user role: operator/*
2018/10/25 16:02:35 Required role: operator/new, rolegroup: operator, user role: operator/*
2018/10/25 16:02:35 Required role: operator/list, rolegroup: operator, user role: operator/*
2018/10/25 16:02:35 Required role: interest/list, rolegroup: interest, user role: interest/*
2018/10/25 16:02:35 Required role: interest/new, rolegroup: interest, user role: interest/*
2018/10/25 16:02:35 Required role: interest/list, rolegroup: interest, user role: interest/*
2018/10/25 16:02:35 REGEXP FOUND: "^/admin/block/edit/(\d)+$" in path "/admin/block/edit/3"

2018/10/25 16:02:35 Required role: block/edit, rolegroup: block, user role: block/*
2018/10/25 16:02:35 Required role: block/edit, rolegroup: block, user role: block/*
2018/10/25 16:02:35 Validation start
2018/10/25 16:02:35 Validating field content
2018/10/25 16:02:35 Validating required
2018/10/25 16:02:35 value of content has not set yet, getting from request
2018/10/25 16:02:35 Empty check -> Value of content is <p><div>A látható és több kapcsolóval állítható dinamikus ábrát egy olyan adattábla szolgálja ki, amely évekre lebontva tartalmazza a hírmédia kiadásával foglalkozó, Magyarországon bejegyzett kiadók, műsorszolgáltatók, plakátcégek nevét, az általuk kiadott lapok, tévék, rádiók, hírportálok címét, a végtulajdonosaikat és a kormányokhoz fűződő viszonyukat. Emellett a tábla évenkénti bontásban tartalmazza a kiadó árbevételét és adózott eredményét is. A cégadatok az Opten céginformációs szolgáltatótól, a médiavállalatok és portfólióik idősoros adatai a Whitereport cross-média adatbázis gyűjtéséből származnak. &nbsp;</div><div><br></div><div>A teljes adattábla a 100 legnagyobb árbevételű, hírszolgáltatással is foglalkozó magyar médiavállalatot tartalmazza. A könnyebb átláthatóság és értelmezhetőség kedvéért azonban kivettük belőlük a kisebb, csak lokális piacokon, városokban megjelenő, többnyire önkormányzati kiadású helyi kiadókat és médiumokat.&nbsp;</div><div><br></div><div>Emellett a CEU Center for Media, Data and Society az egyes kiadókat besorolta kormánypárti és nem kormánypárti kategóriákba. Kormánypártinak azt vették, amely vagy teljesen nyíltan, vagy többnyire támogatja az éppen hatalmon lévő kormány politikáját. Ezen kívül a kiadókat a hozzájuk köthető, politikailag is exponált üzletemberek érdekeltségébe is besorolták.&nbsp;</div><div><br></div><div>A projekt egyelőre béta-verzióban üzemel, így első körben csak 2008-ig visszamenőleg lehet visszakövetni a változásokat.&nbsp;</div>

</p><p><b>További kapcsolódó anyagok, olvasmányok:
</b></p><p>
<a href="https://eur-lex.europa.eu/legal-content/en/ALL/?uri=CELEX%3A32010L0013" target="_blank">Az audiovizuális szolgáltatásokról szóló uniós direktíva</a>&nbsp;</p><p>
<a href="http://cmpf.eui.eu/media-pluralism-monitor/" target="_blank">Media Pluralism Monitor</a>&nbsp; </p><p>Magyar médiatörvény
2010. évi CLXXXV. <a href="https://net.jogtar.hu/jogszabaly?docid=A1000185.TV" target="_blank">Törvény a médiaszolgáltatásokról és a tömegkommunikációról, V. fejezet: A piaci koncentráció megelőzése és a jelentős befolyásoló erejű médiaszolgáltatók</a>&nbsp; </p><p>Szabályozás
</p><p> 
Gálik, Mihály: Regulating Media Concentration within the Council of Europe and the European Union, In: Beata Klimkiewitz (ed.): Media Freedom and Pluralism. Budapest, CEU Press, 2010, pp. 229-244 </p><p>Urbán Ágnes: <a href="http://www.mediapiac.com/mediapiac/A-mediakoncentracio-meresenek-nehany-modszertani-kerdese/112372/" target="_blank">A médiakoncentráció mérésének néhány módszertani kérdése</a>&nbsp; </p><p>Polyák Gábor: V<a href="http://www.akti.hu/dok/fuzet21.pdf" target="_blank">ersenyjogi és médiajogi eszközök a médiakoncentráció korlátozásában</a>, AKTI 2008&nbsp; </p><p>Gálik Mihály (szerk.): A médiakoncentráció szabályozása, Budapest, Gondolat, 2011
</p><p> 
Klasszikusok
</p><p> 
Bagdikian, Ben H.: The Media Monopoly. New York, Beacon Press, 1983
</p><p>
Bagdikian, Ben H.: Az új médiamonpólium. Budapest, Complex, 2012.
</p><p> 
Gillian Doyle: Media Ownership: The Economics and Politics of Convergence and Concentration in the UK and European Media. Sage, 2002
</p><p> 
Rice, Ronald E.: Media Ownership – Research and Regulation. Hampton Press, 2008
</p><p> 
Noam, Eli M. (szerk.): Who Owns the World’s Media? Media Concentration and Ownership around the World. Oxford, Oxford University Press 2016
 
 
</p><p>Magyarország
</p><p> 
<a href="http://cmpf.eui.eu/media-pluralism-monitor/mpm-2016-results/hungary/ http://cadmus.eui.eu/bitstream/handle/1814/46799/Cover_Hungary_O.pdf?sequence=2&amp;isAllowed=y" target="_blank">Media Pluralism Monitor&nbsp;</a></p>
2018/10/25 16:02:35 Valid
2018/10/25 16:02:35 Validating field id
2018/10/25 16:02:35 Validating required
2018/10/25 16:02:35 Valid
2018/10/25 16:02:35 Validating field title
2018/10/25 16:02:35 Validating required
2018/10/25 16:02:35 value of title has not set yet, getting from request
2018/10/25 16:02:35 Empty check -> Value of title is Módszertan
2018/10/25 16:02:35 Valid
2018/10/25 16:02:35 Validating field identifier
2018/10/25 16:02:35 Validating required
2018/10/25 16:02:35 value of identifier has not set yet, getting from request
2018/10/25 16:02:35 Empty check -> Value of identifier is methodology
2018/10/25 16:02:35 Valid
2018/10/25 16:02:35 Empty check -> Value of identifier is methodology
2018/10/25 16:02:35 Validating regexp ^([a-zA-Z0-9\-\_]*)+$ in methodology
2018/10/25 16:02:35 Valid
2018/10/25 16:02:35 Redirecting to /admin/block/edit/3
2018/10/25 16:02:35 No render /admin/block/edit/3 -> redirect
2018/10/25 16:02:35 Layout prepend running
2018/10/25 16:02:35 template scope is admin
2018/10/25 16:02:35 Adding css /vendor/bootstrap/css/bootstrap.min.css
2018/10/25 16:02:35 Adding css /vendor/metisMenu/metisMenu.min.css
2018/10/25 16:02:35 Adding css /assets/dist/css/sb-admin-2.css
2018/10/25 16:02:35 Adding css /vendor/morrisjs/morris.css
2018/10/25 16:02:35 Adding css /vendor/font-awesome/css/font-awesome.min.css
2018/10/25 16:02:35 Adding css /assets/summernote/summernote.css
2018/10/25 16:02:35 Adding css /assets/css/admin.css
2018/10/25 16:02:35 Logged out user allowed
2018/10/25 16:02:35 Required role: user/list, rolegroup: user, user role: user/*
2018/10/25 16:02:35 Required role: user/new, rolegroup: user, user role: user/*
2018/10/25 16:02:35 Anyone is allowed
2018/10/25 16:02:35 Required role: block/list, rolegroup: block, user role: block/*
2018/10/25 16:02:35 Required role: block/new, rolegroup: block, user role: block/*
2018/10/25 16:02:35 Loggedin user is allowed (admin users)
2018/10/25 16:02:35 Required role: config/index, rolegroup: config, user role: config/*
2018/10/25 16:02:35 Required role: config/index, rolegroup: config, user role: config/*
2018/10/25 16:02:35 Required role: media/list, rolegroup: media, user role: media/*
2018/10/25 16:02:35 Required role: media/new, rolegroup: media, user role: media/*
2018/10/25 16:02:35 Required role: media/list, rolegroup: media, user role: media/*
2018/10/25 16:02:35 Required role: mediatype/new, rolegroup: mediatype, user role: mediatype/*
2018/10/25 16:02:35 Required role: mediatype/list, rolegroup: mediatype, user role: mediatype/*
2018/10/25 16:02:35 Required role: mediatype/list, rolegroup: mediatype, user role: mediatype/*
2018/10/25 16:02:35 Required role: media/list, rolegroup: media, user role: media/*
2018/10/25 16:02:35 Required role: media/new, rolegroup: media, user role: media/*
2018/10/25 16:02:35 Required role: media/list, rolegroup: media, user role: media/*
2018/10/25 16:02:35 Required role: media/list, rolegroup: media, user role: media/*
2018/10/25 16:02:35 Required role: media/new, rolegroup: media, user role: media/*
2018/10/25 16:02:35 Required role: media/list, rolegroup: media, user role: media/*
2018/10/25 16:02:35 Required role: owner/list, rolegroup: owner, user role: owner/*
2018/10/25 16:02:35 Required role: owner/list, rolegroup: owner, user role: owner/*
2018/10/25 16:02:35 Required role: operator/list, rolegroup: operator, user role: operator/*
2018/10/25 16:02:35 Required role: operator/list, rolegroup: operator, user role: operator/*
2018/10/25 16:02:35 Required role: interest/list, rolegroup: interest, user role: interest/*
2018/10/25 16:02:35 Required role: interest/list, rolegroup: interest, user role: interest/*
2018/10/25 16:02:35 Required role: operator/list, rolegroup: operator, user role: operator/*
2018/10/25 16:02:35 Required role: operator/new, rolegroup: operator, user role: operator/*
2018/10/25 16:02:35 Required role: operator/list, rolegroup: operator, user role: operator/*
2018/10/25 16:02:35 Required role: interest/list, rolegroup: interest, user role: interest/*
2018/10/25 16:02:35 Required role: interest/new, rolegroup: interest, user role: interest/*
2018/10/25 16:02:35 Required role: interest/list, rolegroup: interest, user role: interest/*
2018/10/25 16:02:35 REGEXP FOUND: "^/admin/block/edit/(\d)+$" in path "/admin/block/edit/3"

2018/10/25 16:02:35 Required role: block/edit, rolegroup: block, user role: block/*
2018/10/25 16:02:35 Rendering form
2018/10/25 16:02:35 Rendering fieldset
2018/10/25 16:02:35 Rendering hidden
2018/10/25 16:02:35 Rendering hidden
2018/10/25 16:02:35 Rendering text
2018/10/25 16:02:35 Rendering input group
2018/10/25 16:02:35 Rendering text
2018/10/25 16:02:35 Rendering input group
2018/10/25 16:02:35 Rendering textarea
2018/10/25 16:02:35 Rendering input group
2018/10/25 16:02:35 Rendering fieldset
2018/10/25 16:02:35 Rendering button
2018/10/25 16:02:35 Rendering input group
2018/10/25 16:02:35 Render layout admin
2018/10/25 16:02:42 Layout prepend running
2018/10/25 16:02:42 template scope is admin
2018/10/25 16:02:42 Adding css /vendor/bootstrap/css/bootstrap.min.css
2018/10/25 16:02:42 Adding css /vendor/metisMenu/metisMenu.min.css
2018/10/25 16:02:42 Adding css /assets/dist/css/sb-admin-2.css
2018/10/25 16:02:42 Adding css /vendor/morrisjs/morris.css
2018/10/25 16:02:42 Adding css /vendor/font-awesome/css/font-awesome.min.css
2018/10/25 16:02:42 Adding css /assets/summernote/summernote.css
2018/10/25 16:02:42 Adding css /assets/css/admin.css
2018/10/25 16:02:42 Logged out user allowed
2018/10/25 16:02:42 Required role: user/list, rolegroup: user, user role: user/*
2018/10/25 16:02:42 Required role: user/new, rolegroup: user, user role: user/*
2018/10/25 16:02:42 Anyone is allowed
2018/10/25 16:02:42 Required role: block/list, rolegroup: block, user role: block/*
2018/10/25 16:02:42 Required role: block/new, rolegroup: block, user role: block/*
2018/10/25 16:02:42 Loggedin user is allowed (admin users)
2018/10/25 16:02:42 Required role: config/index, rolegroup: config, user role: config/*
2018/10/25 16:02:43 Required role: config/index, rolegroup: config, user role: config/*
2018/10/25 16:02:43 Required role: media/list, rolegroup: media, user role: media/*
2018/10/25 16:02:43 Required role: media/new, rolegroup: media, user role: media/*
2018/10/25 16:02:43 Required role: media/list, rolegroup: media, user role: media/*
2018/10/25 16:02:43 Required role: mediatype/list, rolegroup: mediatype, user role: mediatype/*
2018/10/25 16:02:43 Required role: mediatype/new, rolegroup: mediatype, user role: mediatype/*
2018/10/25 16:02:43 Required role: mediatype/list, rolegroup: mediatype, user role: mediatype/*
2018/10/25 16:02:43 Required role: media/list, rolegroup: media, user role: media/*
2018/10/25 16:02:43 Required role: media/new, rolegroup: media, user role: media/*
2018/10/25 16:02:43 Required role: media/list, rolegroup: media, user role: media/*
2018/10/25 16:02:43 Required role: media/list, rolegroup: media, user role: media/*
2018/10/25 16:02:43 Required role: media/new, rolegroup: media, user role: media/*
2018/10/25 16:02:43 Required role: media/list, rolegroup: media, user role: media/*
2018/10/25 16:02:43 Required role: owner/list, rolegroup: owner, user role: owner/*
2018/10/25 16:02:43 Required role: owner/list, rolegroup: owner, user role: owner/*
2018/10/25 16:02:43 Required role: operator/list, rolegroup: operator, user role: operator/*
2018/10/25 16:02:43 Required role: operator/list, rolegroup: operator, user role: operator/*
2018/10/25 16:02:43 Required role: interest/list, rolegroup: interest, user role: interest/*
2018/10/25 16:02:43 Required role: interest/list, rolegroup: interest, user role: interest/*
2018/10/25 16:02:43 Required role: operator/list, rolegroup: operator, user role: operator/*
2018/10/25 16:02:43 Required role: operator/new, rolegroup: operator, user role: operator/*
2018/10/25 16:02:43 Required role: operator/list, rolegroup: operator, user role: operator/*
2018/10/25 16:02:43 Required role: interest/list, rolegroup: interest, user role: interest/*
2018/10/25 16:02:43 Required role: interest/new, rolegroup: interest, user role: interest/*
2018/10/25 16:02:43 Required role: interest/list, rolegroup: interest, user role: interest/*
2018/10/25 16:02:43 REGEXP FOUND: "^/admin/block/?(index)?$" in path "/admin/block/index"

2018/10/25 16:02:43 Required role: block/list, rolegroup: block, user role: block/*
2018/10/25 16:02:43 SELECT * FROM block WHERE `lc` = "en" ORDER BY id DESC LIMIT 0,20
2018/10/25 16:02:43 block as m
2018/10/25 16:02:43 SELECT COUNT(m.`id`) FROM block as m WHERE `lc` = "en"
2018/10/25 16:02:43 Rendering form
2018/10/25 16:02:43 Rendering fieldset
2018/10/25 16:02:43 Rendering text
2018/10/25 16:02:43 Rendering input group
2018/10/25 16:02:43 Rendering text
2018/10/25 16:02:43 Rendering input group
2018/10/25 16:02:43 Rendering text
2018/10/25 16:02:43 Rendering input group
2018/10/25 16:02:43 Rendering fieldset
2018/10/25 16:02:43 Rendering button
2018/10/25 16:02:43 Rendering input group
2018/10/25 16:02:43 Render layout admin
2018/10/25 16:02:48 Layout prepend running
2018/10/25 16:02:48 template scope is admin
2018/10/25 16:02:48 Adding css /vendor/bootstrap/css/bootstrap.min.css
2018/10/25 16:02:48 Adding css /vendor/metisMenu/metisMenu.min.css
2018/10/25 16:02:48 Adding css /assets/dist/css/sb-admin-2.css
2018/10/25 16:02:48 Adding css /vendor/morrisjs/morris.css
2018/10/25 16:02:48 Adding css /vendor/font-awesome/css/font-awesome.min.css
2018/10/25 16:02:48 Adding css /assets/summernote/summernote.css
2018/10/25 16:02:48 Adding css /assets/css/admin.css
2018/10/25 16:02:48 Logged out user allowed
2018/10/25 16:02:48 Required role: user/list, rolegroup: user, user role: user/*
2018/10/25 16:02:48 Required role: user/new, rolegroup: user, user role: user/*
2018/10/25 16:02:48 Anyone is allowed
2018/10/25 16:02:48 Required role: block/list, rolegroup: block, user role: block/*
2018/10/25 16:02:48 Required role: block/new, rolegroup: block, user role: block/*
2018/10/25 16:02:48 Loggedin user is allowed (admin users)
2018/10/25 16:02:48 Required role: config/index, rolegroup: config, user role: config/*
2018/10/25 16:02:48 Required role: config/index, rolegroup: config, user role: config/*
2018/10/25 16:02:48 Required role: media/new, rolegroup: media, user role: media/*
2018/10/25 16:02:48 Required role: media/list, rolegroup: media, user role: media/*
2018/10/25 16:02:48 Required role: media/list, rolegroup: media, user role: media/*
2018/10/25 16:02:48 Required role: mediatype/new, rolegroup: mediatype, user role: mediatype/*
2018/10/25 16:02:48 Required role: mediatype/list, rolegroup: mediatype, user role: mediatype/*
2018/10/25 16:02:48 Required role: mediatype/list, rolegroup: mediatype, user role: mediatype/*
2018/10/25 16:02:48 Required role: media/list, rolegroup: media, user role: media/*
2018/10/25 16:02:48 Required role: media/new, rolegroup: media, user role: media/*
2018/10/25 16:02:48 Required role: media/list, rolegroup: media, user role: media/*
2018/10/25 16:02:48 Required role: media/list, rolegroup: media, user role: media/*
2018/10/25 16:02:48 Required role: media/new, rolegroup: media, user role: media/*
2018/10/25 16:02:48 Required role: media/list, rolegroup: media, user role: media/*
2018/10/25 16:02:48 Required role: owner/list, rolegroup: owner, user role: owner/*
2018/10/25 16:02:48 Required role: owner/list, rolegroup: owner, user role: owner/*
2018/10/25 16:02:48 Required role: operator/list, rolegroup: operator, user role: operator/*
2018/10/25 16:02:48 Required role: operator/list, rolegroup: operator, user role: operator/*
2018/10/25 16:02:48 Required role: interest/list, rolegroup: interest, user role: interest/*
2018/10/25 16:02:48 Required role: interest/list, rolegroup: interest, user role: interest/*
2018/10/25 16:02:48 Required role: operator/list, rolegroup: operator, user role: operator/*
2018/10/25 16:02:48 Required role: operator/new, rolegroup: operator, user role: operator/*
2018/10/25 16:02:48 Required role: operator/list, rolegroup: operator, user role: operator/*
2018/10/25 16:02:48 Required role: interest/list, rolegroup: interest, user role: interest/*
2018/10/25 16:02:48 Required role: interest/new, rolegroup: interest, user role: interest/*
2018/10/25 16:02:48 Required role: interest/list, rolegroup: interest, user role: interest/*
2018/10/25 16:02:48 REGEXP FOUND: "^/admin/block/edit/(\d)+$" in path "/admin/block/edit/1"

2018/10/25 16:02:48 Required role: block/edit, rolegroup: block, user role: block/*
2018/10/25 16:02:48 Rendering form
2018/10/25 16:02:48 Rendering fieldset
2018/10/25 16:02:48 Rendering hidden
2018/10/25 16:02:48 Rendering hidden
2018/10/25 16:02:48 Rendering text
2018/10/25 16:02:48 Rendering input group
2018/10/25 16:02:48 Rendering text
2018/10/25 16:02:48 Rendering input group
2018/10/25 16:02:48 Rendering textarea
2018/10/25 16:02:48 Rendering input group
2018/10/25 16:02:48 Rendering fieldset
2018/10/25 16:02:48 Rendering button
2018/10/25 16:02:48 Rendering input group
2018/10/25 16:02:48 Render layout admin
2018/10/25 16:03:34 Layout prepend running
2018/10/25 16:03:34 template scope is admin
2018/10/25 16:03:34 Adding css /vendor/bootstrap/css/bootstrap.min.css
2018/10/25 16:03:34 Adding css /vendor/metisMenu/metisMenu.min.css
2018/10/25 16:03:34 Adding css /assets/dist/css/sb-admin-2.css
2018/10/25 16:03:34 Adding css /vendor/morrisjs/morris.css
2018/10/25 16:03:34 Adding css /vendor/font-awesome/css/font-awesome.min.css
2018/10/25 16:03:34 Adding css /assets/summernote/summernote.css
2018/10/25 16:03:34 Adding css /assets/css/admin.css
2018/10/25 16:03:34 Required role: user/list, rolegroup: user, user role: user/*
2018/10/25 16:03:34 Required role: user/new, rolegroup: user, user role: user/*
2018/10/25 16:03:34 Logged out user allowed
2018/10/25 16:03:34 Anyone is allowed
2018/10/25 16:03:34 Required role: block/list, rolegroup: block, user role: block/*
2018/10/25 16:03:34 Required role: block/new, rolegroup: block, user role: block/*
2018/10/25 16:03:34 Loggedin user is allowed (admin users)
2018/10/25 16:03:34 Required role: config/index, rolegroup: config, user role: config/*
2018/10/25 16:03:34 Required role: config/index, rolegroup: config, user role: config/*
2018/10/25 16:03:34 Required role: media/list, rolegroup: media, user role: media/*
2018/10/25 16:03:34 Required role: media/new, rolegroup: media, user role: media/*
2018/10/25 16:03:34 Required role: media/list, rolegroup: media, user role: media/*
2018/10/25 16:03:34 Required role: mediatype/new, rolegroup: mediatype, user role: mediatype/*
2018/10/25 16:03:34 Required role: mediatype/list, rolegroup: mediatype, user role: mediatype/*
2018/10/25 16:03:34 Required role: mediatype/list, rolegroup: mediatype, user role: mediatype/*
2018/10/25 16:03:34 Required role: media/list, rolegroup: media, user role: media/*
2018/10/25 16:03:34 Required role: media/new, rolegroup: media, user role: media/*
2018/10/25 16:03:34 Required role: media/list, rolegroup: media, user role: media/*
2018/10/25 16:03:34 Required role: media/list, rolegroup: media, user role: media/*
2018/10/25 16:03:34 Required role: media/new, rolegroup: media, user role: media/*
2018/10/25 16:03:34 Required role: media/list, rolegroup: media, user role: media/*
2018/10/25 16:03:34 Required role: owner/list, rolegroup: owner, user role: owner/*
2018/10/25 16:03:34 Required role: owner/list, rolegroup: owner, user role: owner/*
2018/10/25 16:03:34 Required role: operator/list, rolegroup: operator, user role: operator/*
2018/10/25 16:03:34 Required role: operator/list, rolegroup: operator, user role: operator/*
2018/10/25 16:03:34 Required role: interest/list, rolegroup: interest, user role: interest/*
2018/10/25 16:03:34 Required role: interest/list, rolegroup: interest, user role: interest/*
2018/10/25 16:03:34 Required role: operator/list, rolegroup: operator, user role: operator/*
2018/10/25 16:03:34 Required role: operator/new, rolegroup: operator, user role: operator/*
2018/10/25 16:03:34 Required role: operator/list, rolegroup: operator, user role: operator/*
2018/10/25 16:03:34 Required role: interest/list, rolegroup: interest, user role: interest/*
2018/10/25 16:03:34 Required role: interest/new, rolegroup: interest, user role: interest/*
2018/10/25 16:03:34 Required role: interest/list, rolegroup: interest, user role: interest/*
2018/10/25 16:03:34 REGEXP FOUND: "^/admin/block/edit/(\d)+$" in path "/admin/block/edit/1"

2018/10/25 16:03:34 Required role: block/edit, rolegroup: block, user role: block/*
2018/10/25 16:03:34 Required role: block/edit, rolegroup: block, user role: block/*
2018/10/25 16:03:34 Validation start
2018/10/25 16:03:34 Validating field id
2018/10/25 16:03:34 Validating required
2018/10/25 16:03:34 Valid
2018/10/25 16:03:34 Validating field title
2018/10/25 16:03:34 Validating required
2018/10/25 16:03:34 value of title has not set yet, getting from request
2018/10/25 16:03:34 Empty check -> Value of title is methodology
2018/10/25 16:03:34 Valid
2018/10/25 16:03:34 Validating field identifier
2018/10/25 16:03:34 Validating required
2018/10/25 16:03:34 value of identifier has not set yet, getting from request
2018/10/25 16:03:34 Empty check -> Value of identifier is methodology
2018/10/25 16:03:34 Valid
2018/10/25 16:03:34 Empty check -> Value of identifier is methodology
2018/10/25 16:03:34 Validating regexp ^([a-zA-Z0-9\-\_]*)+$ in methodology
2018/10/25 16:03:34 Valid
2018/10/25 16:03:34 Validating field content
2018/10/25 16:03:34 Validating required
2018/10/25 16:03:34 value of content has not set yet, getting from request
2018/10/25 16:03:34 Empty check -> Value of content is <div>The visible and modifiable dynamic chart is served by a data table which includes the yearly breakdown of names of publishers, broadcasters, billboard companies registered in Hungary, the names of newspapers, television channels, radios and news websites published by these companies, the names of their end owners and their relationship with the respective government in power. Furthermore, the table also includes the yearly breakdown of the publishers’ revenue and profit after tax. The company data was purchased from Opten, and Whitereport`s cross-media database was used to visualize media companies and their portfolios over time. &nbsp; &nbsp; &nbsp;</div><div><br></div><div>The full data table includes the top 100 Hungarian publishers (based on their revenue) that also provide news services. To make it more comprehensible and easier to understand, we removed those small local publishers and media outlets that are only published locally, mostly by the local government.&nbsp; &nbsp;&nbsp;</div><div><br></div><div>Furthermore, the Center for Media, Data and Society (CMDS) at the School of Public Policy of Central European University also categorized the publishers as pro-government and not pro-government. Publishers are regarded as pro-government if they either completely openly or mostly support the politics of the ruling government. In addition, CMDS also classified publishers based on documented links to politically exposed businessmen.&nbsp; &nbsp; &nbsp;&nbsp;</div><div><br></div><div>The project currently runs in beta version, so at the moment changes in media ownership can be traced back to 2008.</div><div><br></div><div><b>Further readings, resources:</b></div><div><br></div>
2018/10/25 16:03:34 Valid
2018/10/25 16:03:34 Redirecting to /admin/block/edit/1
2018/10/25 16:03:34 No render /admin/block/edit/1 -> redirect
2018/10/25 16:03:34 Layout prepend running
2018/10/25 16:03:34 template scope is admin
2018/10/25 16:03:34 Adding css /vendor/bootstrap/css/bootstrap.min.css
2018/10/25 16:03:34 Adding css /vendor/metisMenu/metisMenu.min.css
2018/10/25 16:03:34 Adding css /assets/dist/css/sb-admin-2.css
2018/10/25 16:03:34 Adding css /vendor/morrisjs/morris.css
2018/10/25 16:03:34 Adding css /vendor/font-awesome/css/font-awesome.min.css
2018/10/25 16:03:34 Adding css /assets/summernote/summernote.css
2018/10/25 16:03:34 Adding css /assets/css/admin.css
2018/10/25 16:03:34 Logged out user allowed
2018/10/25 16:03:34 Required role: user/list, rolegroup: user, user role: user/*
2018/10/25 16:03:34 Required role: user/new, rolegroup: user, user role: user/*
2018/10/25 16:03:34 Anyone is allowed
2018/10/25 16:03:34 Required role: block/list, rolegroup: block, user role: block/*
2018/10/25 16:03:34 Required role: block/new, rolegroup: block, user role: block/*
2018/10/25 16:03:34 Loggedin user is allowed (admin users)
2018/10/25 16:03:34 Required role: config/index, rolegroup: config, user role: config/*
2018/10/25 16:03:34 Required role: config/index, rolegroup: config, user role: config/*
2018/10/25 16:03:34 Required role: media/list, rolegroup: media, user role: media/*
2018/10/25 16:03:34 Required role: media/new, rolegroup: media, user role: media/*
2018/10/25 16:03:34 Required role: media/list, rolegroup: media, user role: media/*
2018/10/25 16:03:34 Required role: mediatype/list, rolegroup: mediatype, user role: mediatype/*
2018/10/25 16:03:34 Required role: mediatype/new, rolegroup: mediatype, user role: mediatype/*
2018/10/25 16:03:34 Required role: mediatype/list, rolegroup: mediatype, user role: mediatype/*
2018/10/25 16:03:34 Required role: media/list, rolegroup: media, user role: media/*
2018/10/25 16:03:34 Required role: media/new, rolegroup: media, user role: media/*
2018/10/25 16:03:34 Required role: media/list, rolegroup: media, user role: media/*
2018/10/25 16:03:34 Required role: media/list, rolegroup: media, user role: media/*
2018/10/25 16:03:34 Required role: media/new, rolegroup: media, user role: media/*
2018/10/25 16:03:34 Required role: media/list, rolegroup: media, user role: media/*
2018/10/25 16:03:34 Required role: owner/list, rolegroup: owner, user role: owner/*
2018/10/25 16:03:34 Required role: owner/list, rolegroup: owner, user role: owner/*
2018/10/25 16:03:34 Required role: operator/list, rolegroup: operator, user role: operator/*
2018/10/25 16:03:34 Required role: operator/list, rolegroup: operator, user role: operator/*
2018/10/25 16:03:34 Required role: interest/list, rolegroup: interest, user role: interest/*
2018/10/25 16:03:34 Required role: interest/list, rolegroup: interest, user role: interest/*
2018/10/25 16:03:34 Required role: operator/list, rolegroup: operator, user role: operator/*
2018/10/25 16:03:34 Required role: operator/new, rolegroup: operator, user role: operator/*
2018/10/25 16:03:34 Required role: operator/list, rolegroup: operator, user role: operator/*
2018/10/25 16:03:34 Required role: interest/new, rolegroup: interest, user role: interest/*
2018/10/25 16:03:34 Required role: interest/list, rolegroup: interest, user role: interest/*
2018/10/25 16:03:34 Required role: interest/list, rolegroup: interest, user role: interest/*
2018/10/25 16:03:34 REGEXP FOUND: "^/admin/block/edit/(\d)+$" in path "/admin/block/edit/1"

2018/10/25 16:03:34 Required role: block/edit, rolegroup: block, user role: block/*
2018/10/25 16:03:34 Rendering form
2018/10/25 16:03:34 Rendering fieldset
2018/10/25 16:03:34 Rendering hidden
2018/10/25 16:03:34 Rendering hidden
2018/10/25 16:03:34 Rendering text
2018/10/25 16:03:34 Rendering input group
2018/10/25 16:03:34 Rendering text
2018/10/25 16:03:34 Rendering input group
2018/10/25 16:03:34 Rendering textarea
2018/10/25 16:03:34 Rendering input group
2018/10/25 16:03:34 Rendering fieldset
2018/10/25 16:03:34 Rendering button
2018/10/25 16:03:34 Rendering input group
2018/10/25 16:03:34 Render layout admin
2018/10/25 16:03:38 Changing language to hu
2018/10/25 16:03:38 Layout prepend running
2018/10/25 16:03:38 Adding css /assets/css/main.css
2018/10/25 16:03:38 SELECT * FROM media_type ORDER BY id
2018/10/25 16:03:38 REGEXP FOUND: "^/?" in path "/"

2018/10/25 16:03:38 Anyone is allowed
2018/10/25 16:03:38 Render layout frontend
2018/10/25 16:03:38 Layout prepend running
2018/10/25 16:03:38 REGEXP FOUND: "^/media$" in path "/media"

2018/10/25 16:03:38 Anyone is allowed
2018/10/25 16:03:38 Render layout frontend
2018/10/25 16:03:38 Layout prepend running
2018/10/25 16:03:38 REGEXP FOUND: "^/connections$" in path "/connections"

2018/10/25 16:03:38 Anyone is allowed
2018/10/25 16:03:38 Render layout frontend
2018/10/25 16:03:38 Layout prepend running
2018/10/25 16:03:38 REGEXP FOUND: "^/operators$" in path "/operators"

2018/10/25 16:03:38 Anyone is allowed
2018/10/25 16:03:38 Render layout frontend
2018/10/25 16:03:38 Layout prepend running
2018/10/25 16:03:38 Layout prepend running
2018/10/25 16:03:38 REGEXP FOUND: "^/interests$" in path "/interests"

2018/10/25 16:03:38 Anyone is allowed
2018/10/25 16:03:38 Render layout frontend
2018/10/25 16:03:53 Layout prepend running
2018/10/25 16:03:53 template scope is admin
2018/10/25 16:03:53 Adding css /vendor/bootstrap/css/bootstrap.min.css
2018/10/25 16:03:53 Adding css /vendor/metisMenu/metisMenu.min.css
2018/10/25 16:03:53 Adding css /assets/dist/css/sb-admin-2.css
2018/10/25 16:03:53 Adding css /vendor/morrisjs/morris.css
2018/10/25 16:03:53 Adding css /vendor/font-awesome/css/font-awesome.min.css
2018/10/25 16:03:53 Adding css /assets/summernote/summernote.css
2018/10/25 16:03:53 Adding css /assets/css/admin.css
2018/10/25 16:03:53 Logged out user allowed
2018/10/25 16:03:53 Required role: user/list, rolegroup: user, user role: user/*
2018/10/25 16:03:53 Required role: user/new, rolegroup: user, user role: user/*
2018/10/25 16:03:53 Anyone is allowed
2018/10/25 16:03:53 Required role: block/list, rolegroup: block, user role: block/*
2018/10/25 16:03:53 Required role: block/new, rolegroup: block, user role: block/*
2018/10/25 16:03:53 Loggedin user is allowed (admin users)
2018/10/25 16:03:53 Required role: config/index, rolegroup: config, user role: config/*
2018/10/25 16:03:53 Required role: config/index, rolegroup: config, user role: config/*
2018/10/25 16:03:53 Required role: media/list, rolegroup: media, user role: media/*
2018/10/25 16:03:53 Required role: media/new, rolegroup: media, user role: media/*
2018/10/25 16:03:53 Required role: media/list, rolegroup: media, user role: media/*
2018/10/25 16:03:53 Required role: mediatype/list, rolegroup: mediatype, user role: mediatype/*
2018/10/25 16:03:53 Required role: mediatype/new, rolegroup: mediatype, user role: mediatype/*
2018/10/25 16:03:53 Required role: mediatype/list, rolegroup: mediatype, user role: mediatype/*
2018/10/25 16:03:53 Required role: media/list, rolegroup: media, user role: media/*
2018/10/25 16:03:53 Required role: media/new, rolegroup: media, user role: media/*
2018/10/25 16:03:53 Required role: media/list, rolegroup: media, user role: media/*
2018/10/25 16:03:53 Required role: media/list, rolegroup: media, user role: media/*
2018/10/25 16:03:53 Required role: media/new, rolegroup: media, user role: media/*
2018/10/25 16:03:53 Required role: media/list, rolegroup: media, user role: media/*
2018/10/25 16:03:53 Required role: owner/list, rolegroup: owner, user role: owner/*
2018/10/25 16:03:53 Required role: owner/list, rolegroup: owner, user role: owner/*
2018/10/25 16:03:53 Required role: operator/list, rolegroup: operator, user role: operator/*
2018/10/25 16:03:53 Required role: operator/list, rolegroup: operator, user role: operator/*
2018/10/25 16:03:53 Required role: interest/list, rolegroup: interest, user role: interest/*
2018/10/25 16:03:53 Required role: interest/list, rolegroup: interest, user role: interest/*
2018/10/25 16:03:53 Required role: operator/new, rolegroup: operator, user role: operator/*
2018/10/25 16:03:53 Required role: operator/list, rolegroup: operator, user role: operator/*
2018/10/25 16:03:53 Required role: operator/list, rolegroup: operator, user role: operator/*
2018/10/25 16:03:53 Required role: interest/new, rolegroup: interest, user role: interest/*
2018/10/25 16:03:53 Required role: interest/list, rolegroup: interest, user role: interest/*
2018/10/25 16:03:53 Required role: interest/list, rolegroup: interest, user role: interest/*
2018/10/25 16:03:53 REGEXP FOUND: "^/admin/block/?(index)?$" in path "/admin/block/index"

2018/10/25 16:03:53 Required role: block/list, rolegroup: block, user role: block/*
2018/10/25 16:03:53 SELECT * FROM block WHERE `lc` = "hu" ORDER BY id DESC LIMIT 0,20
2018/10/25 16:03:53 block as m
2018/10/25 16:03:53 SELECT COUNT(m.`id`) FROM block as m WHERE `lc` = "hu"
2018/10/25 16:03:53 Rendering form
2018/10/25 16:03:53 Rendering fieldset
2018/10/25 16:03:53 Rendering text
2018/10/25 16:03:53 Rendering input group
2018/10/25 16:03:53 Rendering text
2018/10/25 16:03:53 Rendering input group
2018/10/25 16:03:53 Rendering text
2018/10/25 16:03:53 Rendering input group
2018/10/25 16:03:53 Rendering fieldset
2018/10/25 16:03:53 Rendering button
2018/10/25 16:03:53 Rendering input group
2018/10/25 16:03:53 Render layout admin
2018/10/25 16:04:12 Changing language to en
2018/10/25 16:04:12 Layout prepend running
2018/10/25 16:04:12 Adding css /assets/css/main.css
2018/10/25 16:04:12 SELECT * FROM media_type ORDER BY id
2018/10/25 16:04:12 REGEXP FOUND: "^/?" in path "/"

2018/10/25 16:04:12 Anyone is allowed
2018/10/25 16:04:12 Render layout frontend
2018/10/25 16:04:12 Layout prepend running
2018/10/25 16:04:12 REGEXP FOUND: "^/media$" in path "/media"

2018/10/25 16:04:12 Anyone is allowed
2018/10/25 16:04:12 Render layout frontend
2018/10/25 16:04:12 Layout prepend running
2018/10/25 16:04:12 REGEXP FOUND: "^/connections$" in path "/connections"

2018/10/25 16:04:12 Anyone is allowed
2018/10/25 16:04:12 Render layout frontend
2018/10/25 16:04:12 Layout prepend running
2018/10/25 16:04:12 REGEXP FOUND: "^/operators$" in path "/operators"

2018/10/25 16:04:12 Anyone is allowed
2018/10/25 16:04:12 Render layout frontend
2018/10/25 16:04:12 Layout prepend running
2018/10/25 16:04:12 REGEXP FOUND: "^/owners$" in path "/owners"

2018/10/25 16:04:12 Anyone is allowed
2018/10/25 16:04:12 Render layout frontend
2018/10/25 16:04:12 Layout prepend running
2018/10/25 16:04:12 REGEXP FOUND: "^/interests$" in path "/interests"

2018/10/25 16:04:12 Anyone is allowed
2018/10/25 16:04:12 Render layout frontend
2018/10/25 16:04:17 Layout prepend running
2018/10/25 16:04:17 template scope is admin
2018/10/25 16:04:17 Adding css /vendor/bootstrap/css/bootstrap.min.css
2018/10/25 16:04:17 Adding css /vendor/metisMenu/metisMenu.min.css
2018/10/25 16:04:17 Adding css /assets/dist/css/sb-admin-2.css
2018/10/25 16:04:17 Adding css /vendor/morrisjs/morris.css
2018/10/25 16:04:17 Adding css /vendor/font-awesome/css/font-awesome.min.css
2018/10/25 16:04:17 Adding css /assets/summernote/summernote.css
2018/10/25 16:04:17 Adding css /assets/css/admin.css
2018/10/25 16:04:17 Logged out user allowed
2018/10/25 16:04:17 Required role: user/list, rolegroup: user, user role: user/*
2018/10/25 16:04:17 Required role: user/new, rolegroup: user, user role: user/*
2018/10/25 16:04:17 Anyone is allowed
2018/10/25 16:04:17 Required role: block/list, rolegroup: block, user role: block/*
2018/10/25 16:04:17 Required role: block/new, rolegroup: block, user role: block/*
2018/10/25 16:04:17 Loggedin user is allowed (admin users)
2018/10/25 16:04:17 Required role: config/index, rolegroup: config, user role: config/*
2018/10/25 16:04:17 Required role: config/index, rolegroup: config, user role: config/*
2018/10/25 16:04:17 Required role: media/new, rolegroup: media, user role: media/*
2018/10/25 16:04:17 Required role: media/list, rolegroup: media, user role: media/*
2018/10/25 16:04:17 Required role: media/list, rolegroup: media, user role: media/*
2018/10/25 16:04:17 Required role: mediatype/new, rolegroup: mediatype, user role: mediatype/*
2018/10/25 16:04:17 Required role: mediatype/list, rolegroup: mediatype, user role: mediatype/*
2018/10/25 16:04:17 Required role: mediatype/list, rolegroup: mediatype, user role: mediatype/*
2018/10/25 16:04:17 Required role: media/list, rolegroup: media, user role: media/*
2018/10/25 16:04:17 Required role: media/new, rolegroup: media, user role: media/*
2018/10/25 16:04:17 Required role: media/list, rolegroup: media, user role: media/*
2018/10/25 16:04:17 Required role: media/list, rolegroup: media, user role: media/*
2018/10/25 16:04:17 Required role: media/new, rolegroup: media, user role: media/*
2018/10/25 16:04:17 Required role: media/list, rolegroup: media, user role: media/*
2018/10/25 16:04:17 Required role: owner/list, rolegroup: owner, user role: owner/*
2018/10/25 16:04:17 Required role: owner/list, rolegroup: owner, user role: owner/*
2018/10/25 16:04:17 Required role: operator/list, rolegroup: operator, user role: operator/*
2018/10/25 16:04:17 Required role: operator/list, rolegroup: operator, user role: operator/*
2018/10/25 16:04:17 Required role: interest/list, rolegroup: interest, user role: interest/*
2018/10/25 16:04:17 Required role: interest/list, rolegroup: interest, user role: interest/*
2018/10/25 16:04:17 Required role: operator/list, rolegroup: operator, user role: operator/*
2018/10/25 16:04:17 Required role: operator/new, rolegroup: operator, user role: operator/*
2018/10/25 16:04:17 Required role: operator/list, rolegroup: operator, user role: operator/*
2018/10/25 16:04:17 Required role: interest/list, rolegroup: interest, user role: interest/*
2018/10/25 16:04:17 Required role: interest/new, rolegroup: interest, user role: interest/*
2018/10/25 16:04:17 Required role: interest/list, rolegroup: interest, user role: interest/*
2018/10/25 16:04:17 REGEXP FOUND: "^/admin/block/?(index)?$" in path "/admin/block/index"

2018/10/25 16:04:17 Required role: block/list, rolegroup: block, user role: block/*
2018/10/25 16:04:17 SELECT * FROM block WHERE `lc` = "en" ORDER BY id DESC LIMIT 0,20
2018/10/25 16:04:17 block as m
2018/10/25 16:04:17 SELECT COUNT(m.`id`) FROM block as m WHERE `lc` = "en"
2018/10/25 16:04:17 Rendering form
2018/10/25 16:04:17 Rendering fieldset
2018/10/25 16:04:17 Rendering text
2018/10/25 16:04:17 Rendering input group
2018/10/25 16:04:17 Rendering text
2018/10/25 16:04:17 Rendering input group
2018/10/25 16:04:17 Rendering text
2018/10/25 16:04:17 Rendering input group
2018/10/25 16:04:17 Rendering fieldset
2018/10/25 16:04:17 Rendering button
2018/10/25 16:04:17 Rendering input group
2018/10/25 16:04:17 Render layout admin
2018/10/25 16:04:22 Layout prepend running
2018/10/25 16:04:22 template scope is admin
2018/10/25 16:04:22 Adding css /vendor/bootstrap/css/bootstrap.min.css
2018/10/25 16:04:22 Adding css /vendor/metisMenu/metisMenu.min.css
2018/10/25 16:04:22 Adding css /assets/dist/css/sb-admin-2.css
2018/10/25 16:04:22 Adding css /vendor/morrisjs/morris.css
2018/10/25 16:04:22 Adding css /vendor/font-awesome/css/font-awesome.min.css
2018/10/25 16:04:22 Adding css /assets/summernote/summernote.css
2018/10/25 16:04:22 Adding css /assets/css/admin.css
2018/10/25 16:04:22 Required role: user/list, rolegroup: user, user role: user/*
2018/10/25 16:04:22 Required role: user/new, rolegroup: user, user role: user/*
2018/10/25 16:04:22 Logged out user allowed
2018/10/25 16:04:22 Anyone is allowed
2018/10/25 16:04:22 Required role: block/list, rolegroup: block, user role: block/*
2018/10/25 16:04:22 Required role: block/new, rolegroup: block, user role: block/*
2018/10/25 16:04:22 Loggedin user is allowed (admin users)
2018/10/25 16:04:22 Required role: config/index, rolegroup: config, user role: config/*
2018/10/25 16:04:22 Required role: config/index, rolegroup: config, user role: config/*
2018/10/25 16:04:22 Required role: media/list, rolegroup: media, user role: media/*
2018/10/25 16:04:22 Required role: media/new, rolegroup: media, user role: media/*
2018/10/25 16:04:22 Required role: media/list, rolegroup: media, user role: media/*
2018/10/25 16:04:22 Required role: mediatype/new, rolegroup: mediatype, user role: mediatype/*
2018/10/25 16:04:22 Required role: mediatype/list, rolegroup: mediatype, user role: mediatype/*
2018/10/25 16:04:22 Required role: mediatype/list, rolegroup: mediatype, user role: mediatype/*
2018/10/25 16:04:22 Required role: media/list, rolegroup: media, user role: media/*
2018/10/25 16:04:22 Required role: media/new, rolegroup: media, user role: media/*
2018/10/25 16:04:22 Required role: media/list, rolegroup: media, user role: media/*
2018/10/25 16:04:22 Required role: media/list, rolegroup: media, user role: media/*
2018/10/25 16:04:22 Required role: media/new, rolegroup: media, user role: media/*
2018/10/25 16:04:22 Required role: media/list, rolegroup: media, user role: media/*
2018/10/25 16:04:22 Required role: owner/list, rolegroup: owner, user role: owner/*
2018/10/25 16:04:22 Required role: owner/list, rolegroup: owner, user role: owner/*
2018/10/25 16:04:22 Required role: operator/list, rolegroup: operator, user role: operator/*
2018/10/25 16:04:22 Required role: operator/list, rolegroup: operator, user role: operator/*
2018/10/25 16:04:22 Required role: interest/list, rolegroup: interest, user role: interest/*
2018/10/25 16:04:22 Required role: interest/list, rolegroup: interest, user role: interest/*
2018/10/25 16:04:22 Required role: operator/list, rolegroup: operator, user role: operator/*
2018/10/25 16:04:22 Required role: operator/new, rolegroup: operator, user role: operator/*
2018/10/25 16:04:22 Required role: operator/list, rolegroup: operator, user role: operator/*
2018/10/25 16:04:22 Required role: interest/list, rolegroup: interest, user role: interest/*
2018/10/25 16:04:22 Required role: interest/new, rolegroup: interest, user role: interest/*
2018/10/25 16:04:22 Required role: interest/list, rolegroup: interest, user role: interest/*
2018/10/25 16:04:22 REGEXP FOUND: "^/admin/block/edit/(\d)+$" in path "/admin/block/edit/1"

2018/10/25 16:04:22 Required role: block/edit, rolegroup: block, user role: block/*
2018/10/25 16:04:22 Rendering form
2018/10/25 16:04:22 Rendering fieldset
2018/10/25 16:04:22 Rendering hidden
2018/10/25 16:04:22 Rendering hidden
2018/10/25 16:04:22 Rendering text
2018/10/25 16:04:22 Rendering input group
2018/10/25 16:04:22 Rendering text
2018/10/25 16:04:22 Rendering input group
2018/10/25 16:04:22 Rendering textarea
2018/10/25 16:04:22 Rendering input group
2018/10/25 16:04:22 Rendering fieldset
2018/10/25 16:04:22 Rendering button
2018/10/25 16:04:22 Rendering input group
2018/10/25 16:04:22 Render layout admin
2018/10/25 16:07:06 Setting default language to user
2018/10/25 16:12:06 Setting default language to user
2018/10/25 16:17:06 Setting default language to user
2018/10/25 16:22:06 Setting default language to user
2018/10/25 16:27:06 Setting default language to user
2018/10/25 16:32:06 Setting default language to user
2018/10/25 16:37:06 Setting default language to user
2018/10/25 16:42:06 Setting default language to user
2018/10/25 16:47:06 Setting default language to user
2018/10/25 16:52:06 Setting default language to user
2018/10/25 16:57:06 Setting default language to user
