2018/10/29 11:03:05 Setting default language to user
2018/10/29 11:04:22 Setting default language to user
2018/10/29 11:04:22 Layout prepend running
2018/10/29 11:04:22 Adding css /assets/css/main.css
2018/10/29 11:04:22 SELECT * FROM media_type ORDER BY id
2018/10/29 11:04:22 REGEXP FOUND: "^/?" in path "/"

2018/10/29 11:04:22 Anyone is allowed
2018/10/29 11:04:22 Render layout frontend
2018/10/29 11:08:05 Setting default language to user
2018/10/29 11:13:05 Setting default language to user
2018/10/29 11:18:05 Setting default language to user
2018/10/29 11:23:05 Setting default language to user
2018/10/29 11:28:05 Setting default language to user
2018/10/29 11:33:05 Setting default language to user
2018/10/29 11:38:05 Setting default language to user
2018/10/29 11:43:05 Setting default language to user
2018/10/29 11:44:11 Setting default language to user
2018/10/29 11:44:11 Setting default language to user
2018/10/29 11:44:11 Setting default language to user
2018/10/29 11:44:14 Setting default language to user
2018/10/29 11:44:15 Setting default language to user
2018/10/29 11:48:05 Setting default language to user
2018/10/29 11:53:05 Setting default language to user
2018/10/29 11:58:05 Setting default language to user
