2018/10/13 10:46:12 Setting default language to user
2018/10/13 10:46:12 Layout prepend running
2018/10/13 10:46:12 Adding css /assets/css/main.css
2018/10/13 10:46:12 SELECT * FROM media_type ORDER BY id
2018/10/13 10:46:12 REGEXP FOUND: "^/?" in path "/"

2018/10/13 10:46:12 Anyone is allowed
2018/10/13 10:46:12 Render layout frontend
2018/10/13 10:46:13 Layout prepend running
2018/10/13 10:46:13 REGEXP FOUND: "^/connections$" in path "/connections"

2018/10/13 10:46:13 Anyone is allowed
2018/10/13 10:46:13 Layout prepend running
2018/10/13 10:46:13 REGEXP FOUND: "^/media$" in path "/media"

2018/10/13 10:46:13 Anyone is allowed
2018/10/13 10:46:13 Layout prepend running
2018/10/13 10:46:13 REGEXP FOUND: "^/operators$" in path "/operators"

2018/10/13 10:46:13 Anyone is allowed
2018/10/13 10:46:13 Layout prepend running
2018/10/13 10:46:13 REGEXP FOUND: "^/owners$" in path "/owners"

2018/10/13 10:46:13 Anyone is allowed
2018/10/13 10:46:13 Layout prepend running
2018/10/13 10:46:13 REGEXP FOUND: "^/interests$" in path "/interests"

2018/10/13 10:46:13 Anyone is allowed
2018/10/13 10:46:13 Render layout frontend
2018/10/13 10:46:13 Render layout frontend
2018/10/13 10:46:13 Render layout frontend
2018/10/13 10:49:31 Layout prepend running
2018/10/13 10:49:31 Adding css /assets/css/main.css
2018/10/13 10:49:31 SELECT * FROM media_type ORDER BY id
2018/10/13 10:49:31 REGEXP FOUND: "^/?" in path "/"

2018/10/13 10:49:31 Anyone is allowed
2018/10/13 10:49:31 Render layout frontend
2018/10/13 10:49:32 Layout prepend running
2018/10/13 10:49:32 REGEXP FOUND: "^/media$" in path "/media"

2018/10/13 10:49:32 Anyone is allowed
2018/10/13 10:49:32 Layout prepend running
2018/10/13 10:49:32 REGEXP FOUND: "^/owners$" in path "/owners"

2018/10/13 10:49:32 Anyone is allowed
2018/10/13 10:49:32 Render layout frontend
2018/10/13 10:49:32 Layout prepend running
2018/10/13 10:49:32 REGEXP FOUND: "^/operators$" in path "/operators"

2018/10/13 10:49:32 Anyone is allowed
2018/10/13 10:49:33 Layout prepend running
2018/10/13 10:49:33 REGEXP FOUND: "^/connections$" in path "/connections"

2018/10/13 10:49:33 Anyone is allowed
2018/10/13 10:49:33 Render layout frontend
2018/10/13 10:49:33 Layout prepend running
2018/10/13 10:49:33 REGEXP FOUND: "^/interests$" in path "/interests"

2018/10/13 10:49:33 Anyone is allowed
2018/10/13 10:49:33 Render layout frontend
2018/10/13 10:51:29 Layout prepend running
2018/10/13 10:51:29 Adding css /assets/css/main.css
2018/10/13 10:51:29 SELECT * FROM media_type ORDER BY id
2018/10/13 10:51:29 REGEXP FOUND: "^/?" in path "/"

2018/10/13 10:51:29 Anyone is allowed
2018/10/13 10:51:29 Render layout frontend
2018/10/13 10:51:30 Layout prepend running
2018/10/13 10:51:31 REGEXP FOUND: "^/media$" in path "/media"

2018/10/13 10:51:31 Anyone is allowed
2018/10/13 10:51:31 Render layout frontend
2018/10/13 10:51:31 Layout prepend running
2018/10/13 10:51:31 REGEXP FOUND: "^/connections$" in path "/connections"

2018/10/13 10:51:31 Anyone is allowed
2018/10/13 10:51:31 Layout prepend running
2018/10/13 10:51:31 REGEXP FOUND: "^/operators$" in path "/operators"

2018/10/13 10:51:31 Anyone is allowed
2018/10/13 10:51:31 Layout prepend running
2018/10/13 10:51:31 REGEXP FOUND: "^/owners$" in path "/owners"

2018/10/13 10:51:31 Anyone is allowed
2018/10/13 10:51:31 Layout prepend running
2018/10/13 10:51:31 REGEXP FOUND: "^/interests$" in path "/interests"

2018/10/13 10:51:31 Anyone is allowed
2018/10/13 10:51:31 Render layout frontend
2018/10/13 10:51:56 Layout prepend running
2018/10/13 10:51:56 Adding css /assets/css/main.css
2018/10/13 10:51:56 SELECT * FROM media_type ORDER BY id
2018/10/13 10:51:56 REGEXP FOUND: "^/?" in path "/"

2018/10/13 10:51:56 Anyone is allowed
2018/10/13 10:51:56 Render layout frontend
2018/10/13 10:51:57 Layout prepend running
2018/10/13 10:51:57 REGEXP FOUND: "^/connections$" in path "/connections"

2018/10/13 10:51:57 Anyone is allowed
2018/10/13 10:51:57 Layout prepend running
2018/10/13 10:51:57 REGEXP FOUND: "^/media$" in path "/media"

2018/10/13 10:51:57 Anyone is allowed
2018/10/13 10:51:57 Layout prepend running
2018/10/13 10:51:57 REGEXP FOUND: "^/interests$" in path "/interests"

2018/10/13 10:51:57 Anyone is allowed
2018/10/13 10:51:57 Layout prepend running
2018/10/13 10:51:57 REGEXP FOUND: "^/operators$" in path "/operators"

2018/10/13 10:51:57 Anyone is allowed
2018/10/13 10:51:57 Layout prepend running
2018/10/13 10:51:57 REGEXP FOUND: "^/owners$" in path "/owners"

2018/10/13 10:51:57 Anyone is allowed
2018/10/13 10:51:57 Render layout frontend
2018/10/13 10:51:57 Render layout frontend
2018/10/13 10:52:21 Setting default language to user
2018/10/13 10:52:21 Layout prepend running
2018/10/13 10:52:21 Adding css /assets/css/main.css
2018/10/13 10:52:21 SELECT * FROM media_type ORDER BY id
2018/10/13 10:52:21 REGEXP FOUND: "^/?" in path "/"

2018/10/13 10:52:21 Anyone is allowed
2018/10/13 10:52:21 Render layout frontend
2018/10/13 10:52:23 Layout prepend running
2018/10/13 10:52:23 REGEXP FOUND: "^/owners$" in path "/owners"

2018/10/13 10:52:23 Anyone is allowed
2018/10/13 10:52:23 Render layout frontend
2018/10/13 10:52:23 Layout prepend running
2018/10/13 10:52:23 REGEXP FOUND: "^/operators$" in path "/operators"

2018/10/13 10:52:23 Anyone is allowed
2018/10/13 10:52:23 Layout prepend running
2018/10/13 10:52:23 REGEXP FOUND: "^/connections$" in path "/connections"

2018/10/13 10:52:23 Anyone is allowed
2018/10/13 10:52:23 Layout prepend running
2018/10/13 10:52:23 REGEXP FOUND: "^/media$" in path "/media"

2018/10/13 10:52:23 Anyone is allowed
2018/10/13 10:52:23 Layout prepend running
2018/10/13 10:52:23 REGEXP FOUND: "^/interests$" in path "/interests"

2018/10/13 10:52:23 Anyone is allowed
2018/10/13 10:52:23 Render layout frontend
2018/10/13 10:52:23 Render layout frontend
2018/10/13 10:52:55 Layout prepend running
2018/10/13 10:52:55 Adding css /assets/css/main.css
2018/10/13 10:52:55 SELECT * FROM media_type ORDER BY id
2018/10/13 10:52:55 REGEXP FOUND: "^/?" in path "/"

2018/10/13 10:52:55 Anyone is allowed
2018/10/13 10:52:55 Render layout frontend
2018/10/13 10:52:56 Layout prepend running
2018/10/13 10:52:56 REGEXP FOUND: "^/connections$" in path "/connections"

2018/10/13 10:52:56 Anyone is allowed
2018/10/13 10:52:56 Layout prepend running
2018/10/13 10:52:56 REGEXP FOUND: "^/media$" in path "/media"

2018/10/13 10:52:56 Anyone is allowed
2018/10/13 10:52:56 Layout prepend running
2018/10/13 10:52:56 REGEXP FOUND: "^/operators$" in path "/operators"

2018/10/13 10:52:56 Anyone is allowed
2018/10/13 10:52:56 Render layout frontend
2018/10/13 10:52:56 Layout prepend running
2018/10/13 10:52:56 REGEXP FOUND: "^/owners$" in path "/owners"

2018/10/13 10:52:56 Anyone is allowed
2018/10/13 10:52:56 Render layout frontend
2018/10/13 10:52:56 Layout prepend running
2018/10/13 10:52:56 REGEXP FOUND: "^/interests$" in path "/interests"

2018/10/13 10:52:56 Anyone is allowed
2018/10/13 10:52:56 Render layout frontend
