2018/10/12 14:00:11 Layout prepend running
2018/10/12 14:00:11 template scope is admin
2018/10/12 14:00:11 Adding css /vendor/bootstrap/css/bootstrap.min.css
2018/10/12 14:00:11 Adding css /vendor/metisMenu/metisMenu.min.css
2018/10/12 14:00:11 Adding css /assets/dist/css/sb-admin-2.css
2018/10/12 14:00:11 Adding css /vendor/morrisjs/morris.css
2018/10/12 14:00:11 Adding css /vendor/font-awesome/css/font-awesome.min.css
2018/10/12 14:00:11 Adding css /assets/summernote/summernote.css
2018/10/12 14:00:11 Adding css /assets/css/admin.css
2018/10/12 14:00:11 Logged out user allowed
2018/10/12 14:00:11 Anyone is allowed
2018/10/12 14:00:11 Required role: block/list, rolegroup: block, user role: block/*
2018/10/12 14:00:11 Required role: block/new, rolegroup: block, user role: block/*
2018/10/12 14:00:11 Loggedin user is allowed (admin users)
2018/10/12 14:00:11 Required role: config/index, rolegroup: config, user role: config/*
2018/10/12 14:00:11 Required role: config/index, rolegroup: config, user role: config/*
2018/10/12 14:00:11 Required role: media/list, rolegroup: media, user role: media/*
2018/10/12 14:00:11 Required role: media/new, rolegroup: media, user role: media/*
2018/10/12 14:00:11 Required role: media/list, rolegroup: media, user role: media/*
2018/10/12 14:00:11 Required role: mediatype/list, rolegroup: mediatype, user role: mediatype/*
2018/10/12 14:00:11 Required role: mediatype/new, rolegroup: mediatype, user role: mediatype/*
2018/10/12 14:00:11 Required role: mediatype/list, rolegroup: mediatype, user role: mediatype/*
2018/10/12 14:00:11 Required role: media/new, rolegroup: media, user role: media/*
2018/10/12 14:00:11 Required role: media/list, rolegroup: media, user role: media/*
2018/10/12 14:00:11 Required role: media/list, rolegroup: media, user role: media/*
2018/10/12 14:00:11 Required role: media/list, rolegroup: media, user role: media/*
2018/10/12 14:00:11 Required role: media/new, rolegroup: media, user role: media/*
2018/10/12 14:00:11 Required role: media/list, rolegroup: media, user role: media/*
2018/10/12 14:00:11 Required role: owner/list, rolegroup: owner, user role: owner/*
2018/10/12 14:00:11 Required role: owner/list, rolegroup: owner, user role: owner/*
2018/10/12 14:00:11 Required role: operator/list, rolegroup: operator, user role: operator/*
2018/10/12 14:00:11 Required role: operator/list, rolegroup: operator, user role: operator/*
2018/10/12 14:00:11 Required role: interest/list, rolegroup: interest, user role: interest/*
2018/10/12 14:00:11 Required role: interest/list, rolegroup: interest, user role: interest/*
2018/10/12 14:00:11 Required role: operator/new, rolegroup: operator, user role: operator/*
2018/10/12 14:00:11 Required role: operator/list, rolegroup: operator, user role: operator/*
2018/10/12 14:00:11 Required role: operator/list, rolegroup: operator, user role: operator/*
2018/10/12 14:00:11 Required role: interest/list, rolegroup: interest, user role: interest/*
2018/10/12 14:00:11 Required role: interest/new, rolegroup: interest, user role: interest/*
2018/10/12 14:00:11 Required role: interest/list, rolegroup: interest, user role: interest/*
2018/10/12 14:00:11 REGEXP FOUND: "^/admin/block/edit/(\d)+$" in path "/admin/block/edit/3"

2018/10/12 14:00:11 Required role: block/edit, rolegroup: block, user role: block/*
2018/10/12 14:00:11 Required role: block/edit, rolegroup: block, user role: block/*
2018/10/12 14:00:11 Validation start
2018/10/12 14:00:11 Validating field id
2018/10/12 14:00:11 Validating required
2018/10/12 14:00:11 Valid
2018/10/12 14:00:11 Validating field title
2018/10/12 14:00:11 Validating required
2018/10/12 14:00:11 value of title has not set yet, getting from request
2018/10/12 14:00:11 Empty check -> Value of title is Rólunk
2018/10/12 14:00:11 Valid
2018/10/12 14:00:11 Validating field identifier
2018/10/12 14:00:11 Validating required
2018/10/12 14:00:11 value of identifier has not set yet, getting from request
2018/10/12 14:00:11 Empty check -> Value of identifier is about
2018/10/12 14:00:11 Valid
2018/10/12 14:00:11 Empty check -> Value of identifier is about
2018/10/12 14:00:11 Validating regexp ^([a-zA-Z0-9\-\_]*)+$ in about
2018/10/12 14:00:11 Valid
2018/10/12 14:00:11 Validating field content
2018/10/12 14:00:11 Validating required
2018/10/12 14:00:11 value of content has not set yet, getting from request
2018/10/12 14:00:11 Empty check -> Value of content is <p>A Media Ownership Tool (MOT) egy online eszköz, amellyel könnyen átláthatod és követheted a magyar média tulajdonosi szerkezetének változását.&nbsp;</p><p>Az utóbbi években nemcsak Magyarországon, hanem a világ minden pontján újra előtérbe kerültek a média koncentrációjának, az információ- és véleménymonopóliumoknak, valamint a tulajdonosok, politikai érdekeltségek összefonodásainak kérdései. A téma iránt érdeklődők hosszú adattáblákból, sokszor követhetetlenül bonyolult cikkekből próbáltak képet kapni a probléma valódi súlyáról. <br><br>Mi ehelyett azt választottuk, hogy pontokkal, vonalakkal, körökkel és színekkel próbáljuk közérthetőbbé tenni a problémát, de emellett lehetőséget biztosítunk a felhasználónak arra is, hogy az ábrát saját igényeinek és érdeklődéseinek megfelelően szűrhesse, böngészhesse, és bizonyos változók szerint átalakíthassa. Reményeink szerint ezzel az eszközzel hozzájárulunk a hazai médiatulajdonosi viszonyok tisztábban látásához és az arányok pontosabb megállapításához is, emellett példát szeretnénk nyújtani más országok hasonló kérdéseinek megválaszolásához is.
<br><br>A projekt finanszírozására a CEU CMDS a <a href="https://newsinitiative.withgoogle.com/dnifund/" target="_blank">Google Digital News Innovation Fund</a> programján nyert 50.000 Euró pályázati összeget.</p>
2018/10/12 14:00:11 Valid
2018/10/12 14:00:11 Redirecting to /admin/block/edit/3
2018/10/12 14:00:11 No render /admin/block/edit/3 -> redirect
2018/10/12 14:00:11 Layout prepend running
2018/10/12 14:00:11 template scope is admin
2018/10/12 14:00:11 Adding css /vendor/bootstrap/css/bootstrap.min.css
2018/10/12 14:00:11 Adding css /vendor/metisMenu/metisMenu.min.css
2018/10/12 14:00:11 Adding css /assets/dist/css/sb-admin-2.css
2018/10/12 14:00:11 Adding css /vendor/morrisjs/morris.css
2018/10/12 14:00:11 Adding css /vendor/font-awesome/css/font-awesome.min.css
2018/10/12 14:00:11 Adding css /assets/summernote/summernote.css
2018/10/12 14:00:11 Adding css /assets/css/admin.css
2018/10/12 14:00:11 Logged out user allowed
2018/10/12 14:00:11 Anyone is allowed
2018/10/12 14:00:11 Required role: block/new, rolegroup: block, user role: block/*
2018/10/12 14:00:11 Required role: block/list, rolegroup: block, user role: block/*
2018/10/12 14:00:11 Loggedin user is allowed (admin users)
2018/10/12 14:00:11 Required role: config/index, rolegroup: config, user role: config/*
2018/10/12 14:00:11 Required role: config/index, rolegroup: config, user role: config/*
2018/10/12 14:00:11 Required role: media/list, rolegroup: media, user role: media/*
2018/10/12 14:00:11 Required role: media/new, rolegroup: media, user role: media/*
2018/10/12 14:00:11 Required role: media/list, rolegroup: media, user role: media/*
2018/10/12 14:00:11 Required role: mediatype/list, rolegroup: mediatype, user role: mediatype/*
2018/10/12 14:00:11 Required role: mediatype/new, rolegroup: mediatype, user role: mediatype/*
2018/10/12 14:00:11 Required role: mediatype/list, rolegroup: mediatype, user role: mediatype/*
2018/10/12 14:00:11 Required role: media/list, rolegroup: media, user role: media/*
2018/10/12 14:00:11 Required role: media/new, rolegroup: media, user role: media/*
2018/10/12 14:00:11 Required role: media/list, rolegroup: media, user role: media/*
2018/10/12 14:00:11 Required role: media/list, rolegroup: media, user role: media/*
2018/10/12 14:00:11 Required role: media/new, rolegroup: media, user role: media/*
2018/10/12 14:00:11 Required role: media/list, rolegroup: media, user role: media/*
2018/10/12 14:00:11 Required role: owner/list, rolegroup: owner, user role: owner/*
2018/10/12 14:00:11 Required role: owner/list, rolegroup: owner, user role: owner/*
2018/10/12 14:00:11 Required role: operator/list, rolegroup: operator, user role: operator/*
2018/10/12 14:00:11 Required role: operator/list, rolegroup: operator, user role: operator/*
2018/10/12 14:00:11 Required role: interest/list, rolegroup: interest, user role: interest/*
2018/10/12 14:00:11 Required role: interest/list, rolegroup: interest, user role: interest/*
2018/10/12 14:00:11 Required role: operator/list, rolegroup: operator, user role: operator/*
2018/10/12 14:00:11 Required role: operator/new, rolegroup: operator, user role: operator/*
2018/10/12 14:00:11 Required role: operator/list, rolegroup: operator, user role: operator/*
2018/10/12 14:00:11 Required role: interest/new, rolegroup: interest, user role: interest/*
2018/10/12 14:00:11 Required role: interest/list, rolegroup: interest, user role: interest/*
2018/10/12 14:00:11 Required role: interest/list, rolegroup: interest, user role: interest/*
2018/10/12 14:00:11 REGEXP FOUND: "^/admin/block/edit/(\d)+$" in path "/admin/block/edit/3"

2018/10/12 14:00:11 Required role: block/edit, rolegroup: block, user role: block/*
2018/10/12 14:00:11 Rendering form
2018/10/12 14:00:11 Rendering fieldset
2018/10/12 14:00:11 Rendering hidden
2018/10/12 14:00:11 Rendering hidden
2018/10/12 14:00:11 Rendering text
2018/10/12 14:00:11 Rendering input group
2018/10/12 14:00:11 Rendering text
2018/10/12 14:00:11 Rendering input group
2018/10/12 14:00:11 Rendering textarea
2018/10/12 14:00:11 Rendering input group
2018/10/12 14:00:11 Rendering fieldset
2018/10/12 14:00:11 Rendering button
2018/10/12 14:00:11 Rendering input group
2018/10/12 14:00:11 Render layout admin
2018/10/12 14:00:17 Layout prepend running
2018/10/12 14:00:17 Adding css /assets/css/main.css
2018/10/12 14:00:17 SELECT * FROM media_type ORDER BY id
2018/10/12 14:00:17 REGEXP FOUND: "^/?" in path "/"

2018/10/12 14:00:17 Anyone is allowed
2018/10/12 14:00:17 Render layout frontend
2018/10/12 14:00:18 Layout prepend running
2018/10/12 14:00:18 REGEXP FOUND: "^/media$" in path "/media"

2018/10/12 14:00:18 Anyone is allowed
2018/10/12 14:00:18 Render layout frontend
2018/10/12 14:00:18 Layout prepend running
2018/10/12 14:00:18 REGEXP FOUND: "^/operators$" in path "/operators"

2018/10/12 14:00:18 Anyone is allowed
2018/10/12 14:00:18 Layout prepend running
2018/10/12 14:00:18 REGEXP FOUND: "^/owners$" in path "/owners"

2018/10/12 14:00:18 Anyone is allowed
2018/10/12 14:00:18 Layout prepend running
2018/10/12 14:00:18 REGEXP FOUND: "^/interests$" in path "/interests"

2018/10/12 14:00:18 Anyone is allowed
2018/10/12 14:00:18 Layout prepend running
2018/10/12 14:00:19 REGEXP FOUND: "^/connections$" in path "/connections"

2018/10/12 14:00:19 Anyone is allowed
2018/10/12 14:00:19 Render layout frontend
2018/10/12 14:00:19 Render layout frontend
2018/10/12 14:00:20 Render layout frontend
2018/10/12 14:01:07 Layout prepend running
2018/10/12 14:01:07 template scope is admin
2018/10/12 14:01:07 Adding css /vendor/bootstrap/css/bootstrap.min.css
2018/10/12 14:01:07 Adding css /vendor/metisMenu/metisMenu.min.css
2018/10/12 14:01:07 Adding css /assets/dist/css/sb-admin-2.css
2018/10/12 14:01:07 Adding css /vendor/morrisjs/morris.css
2018/10/12 14:01:07 Adding css /vendor/font-awesome/css/font-awesome.min.css
2018/10/12 14:01:07 Adding css /assets/summernote/summernote.css
2018/10/12 14:01:07 Adding css /assets/css/admin.css
2018/10/12 14:01:07 Logged out user allowed
2018/10/12 14:01:07 Anyone is allowed
2018/10/12 14:01:07 Required role: block/new, rolegroup: block, user role: block/*
2018/10/12 14:01:07 Required role: block/list, rolegroup: block, user role: block/*
2018/10/12 14:01:07 Loggedin user is allowed (admin users)
2018/10/12 14:01:07 Required role: config/index, rolegroup: config, user role: config/*
2018/10/12 14:01:07 Required role: config/index, rolegroup: config, user role: config/*
2018/10/12 14:01:07 Required role: media/list, rolegroup: media, user role: media/*
2018/10/12 14:01:07 Required role: media/new, rolegroup: media, user role: media/*
2018/10/12 14:01:07 Required role: media/list, rolegroup: media, user role: media/*
2018/10/12 14:01:07 Required role: mediatype/new, rolegroup: mediatype, user role: mediatype/*
2018/10/12 14:01:07 Required role: mediatype/list, rolegroup: mediatype, user role: mediatype/*
2018/10/12 14:01:07 Required role: mediatype/list, rolegroup: mediatype, user role: mediatype/*
2018/10/12 14:01:07 Required role: media/list, rolegroup: media, user role: media/*
2018/10/12 14:01:07 Required role: media/new, rolegroup: media, user role: media/*
2018/10/12 14:01:07 Required role: media/list, rolegroup: media, user role: media/*
2018/10/12 14:01:07 Required role: media/list, rolegroup: media, user role: media/*
2018/10/12 14:01:07 Required role: media/new, rolegroup: media, user role: media/*
2018/10/12 14:01:07 Required role: media/list, rolegroup: media, user role: media/*
2018/10/12 14:01:07 Required role: owner/list, rolegroup: owner, user role: owner/*
2018/10/12 14:01:07 Required role: owner/list, rolegroup: owner, user role: owner/*
2018/10/12 14:01:07 Required role: operator/list, rolegroup: operator, user role: operator/*
2018/10/12 14:01:07 Required role: operator/list, rolegroup: operator, user role: operator/*
2018/10/12 14:01:07 Required role: interest/list, rolegroup: interest, user role: interest/*
2018/10/12 14:01:07 Required role: interest/list, rolegroup: interest, user role: interest/*
2018/10/12 14:01:07 Required role: operator/list, rolegroup: operator, user role: operator/*
2018/10/12 14:01:07 Required role: operator/new, rolegroup: operator, user role: operator/*
2018/10/12 14:01:07 Required role: operator/list, rolegroup: operator, user role: operator/*
2018/10/12 14:01:07 Required role: interest/new, rolegroup: interest, user role: interest/*
2018/10/12 14:01:07 Required role: interest/list, rolegroup: interest, user role: interest/*
2018/10/12 14:01:07 Required role: interest/list, rolegroup: interest, user role: interest/*
2018/10/12 14:01:07 REGEXP FOUND: "^/admin/block/?(index)?$" in path "/admin/block/index"

2018/10/12 14:01:07 Required role: block/list, rolegroup: block, user role: block/*
2018/10/12 14:01:07 SELECT * FROM block WHERE `lc` = "hu" ORDER BY id DESC LIMIT 0,20
2018/10/12 14:01:07 block as m
2018/10/12 14:01:07 SELECT COUNT(m.`id`) FROM block as m WHERE `lc` = "hu"
2018/10/12 14:01:07 Rendering form
2018/10/12 14:01:07 Rendering fieldset
2018/10/12 14:01:07 Rendering text
2018/10/12 14:01:07 Rendering input group
2018/10/12 14:01:07 Rendering text
2018/10/12 14:01:07 Rendering input group
2018/10/12 14:01:07 Rendering text
2018/10/12 14:01:07 Rendering input group
2018/10/12 14:01:07 Rendering fieldset
2018/10/12 14:01:07 Rendering button
2018/10/12 14:01:07 Rendering input group
2018/10/12 14:01:07 Render layout admin
2018/10/12 14:01:13 Layout prepend running
2018/10/12 14:01:13 template scope is admin
2018/10/12 14:01:13 Adding css /vendor/bootstrap/css/bootstrap.min.css
2018/10/12 14:01:13 Adding css /vendor/metisMenu/metisMenu.min.css
2018/10/12 14:01:13 Adding css /assets/dist/css/sb-admin-2.css
2018/10/12 14:01:13 Adding css /vendor/morrisjs/morris.css
2018/10/12 14:01:13 Adding css /vendor/font-awesome/css/font-awesome.min.css
2018/10/12 14:01:13 Adding css /assets/summernote/summernote.css
2018/10/12 14:01:13 Adding css /assets/css/admin.css
2018/10/12 14:01:13 Logged out user allowed
2018/10/12 14:01:13 Anyone is allowed
2018/10/12 14:01:13 Required role: block/new, rolegroup: block, user role: block/*
2018/10/12 14:01:13 Required role: block/list, rolegroup: block, user role: block/*
2018/10/12 14:01:13 Loggedin user is allowed (admin users)
2018/10/12 14:01:13 Required role: config/index, rolegroup: config, user role: config/*
2018/10/12 14:01:13 Required role: config/index, rolegroup: config, user role: config/*
2018/10/12 14:01:13 Required role: media/list, rolegroup: media, user role: media/*
2018/10/12 14:01:13 Required role: media/new, rolegroup: media, user role: media/*
2018/10/12 14:01:13 Required role: media/list, rolegroup: media, user role: media/*
2018/10/12 14:01:13 Required role: mediatype/list, rolegroup: mediatype, user role: mediatype/*
2018/10/12 14:01:13 Required role: mediatype/new, rolegroup: mediatype, user role: mediatype/*
2018/10/12 14:01:13 Required role: mediatype/list, rolegroup: mediatype, user role: mediatype/*
2018/10/12 14:01:13 Required role: media/list, rolegroup: media, user role: media/*
2018/10/12 14:01:13 Required role: media/new, rolegroup: media, user role: media/*
2018/10/12 14:01:13 Required role: media/list, rolegroup: media, user role: media/*
2018/10/12 14:01:13 Required role: media/list, rolegroup: media, user role: media/*
2018/10/12 14:01:13 Required role: media/new, rolegroup: media, user role: media/*
2018/10/12 14:01:13 Required role: media/list, rolegroup: media, user role: media/*
2018/10/12 14:01:13 Required role: owner/list, rolegroup: owner, user role: owner/*
2018/10/12 14:01:13 Required role: owner/list, rolegroup: owner, user role: owner/*
2018/10/12 14:01:13 Required role: operator/list, rolegroup: operator, user role: operator/*
2018/10/12 14:01:13 Required role: operator/list, rolegroup: operator, user role: operator/*
2018/10/12 14:01:13 Required role: interest/list, rolegroup: interest, user role: interest/*
2018/10/12 14:01:13 Required role: interest/list, rolegroup: interest, user role: interest/*
2018/10/12 14:01:13 Required role: operator/new, rolegroup: operator, user role: operator/*
2018/10/12 14:01:13 Required role: operator/list, rolegroup: operator, user role: operator/*
2018/10/12 14:01:13 Required role: operator/list, rolegroup: operator, user role: operator/*
2018/10/12 14:01:13 Required role: interest/list, rolegroup: interest, user role: interest/*
2018/10/12 14:01:13 Required role: interest/new, rolegroup: interest, user role: interest/*
2018/10/12 14:01:13 Required role: interest/list, rolegroup: interest, user role: interest/*
2018/10/12 14:01:13 REGEXP FOUND: "^/admin/mediatype/?(index)?$" in path "/admin/mediatype/index"

2018/10/12 14:01:13 Required role: mediatype/list, rolegroup: mediatype, user role: mediatype/*
2018/10/12 14:01:13 SELECT * FROM media_type ORDER BY id DESC LIMIT 0,20
2018/10/12 14:01:13 media_type as m
2018/10/12 14:01:13 SELECT COUNT(m.`id`) FROM media_type as m
2018/10/12 14:01:13 Rendering form
2018/10/12 14:01:13 Rendering fieldset
2018/10/12 14:01:13 Rendering text
2018/10/12 14:01:13 Rendering input group
2018/10/12 14:01:13 Rendering text
2018/10/12 14:01:13 Rendering input group
2018/10/12 14:01:13 Rendering fieldset
2018/10/12 14:01:13 Rendering button
2018/10/12 14:01:13 Rendering input group
2018/10/12 14:01:13 Render layout admin
2018/10/12 14:01:27 Layout prepend running
2018/10/12 14:01:27 template scope is admin
2018/10/12 14:01:27 Adding css /vendor/bootstrap/css/bootstrap.min.css
2018/10/12 14:01:27 Adding css /vendor/metisMenu/metisMenu.min.css
2018/10/12 14:01:27 Adding css /assets/dist/css/sb-admin-2.css
2018/10/12 14:01:27 Adding css /vendor/morrisjs/morris.css
2018/10/12 14:01:27 Adding css /vendor/font-awesome/css/font-awesome.min.css
2018/10/12 14:01:27 Adding css /assets/summernote/summernote.css
2018/10/12 14:01:27 Adding css /assets/css/admin.css
2018/10/12 14:01:27 Logged out user allowed
2018/10/12 14:01:27 Anyone is allowed
2018/10/12 14:01:27 Required role: block/list, rolegroup: block, user role: block/*
2018/10/12 14:01:27 Required role: block/new, rolegroup: block, user role: block/*
2018/10/12 14:01:27 Loggedin user is allowed (admin users)
2018/10/12 14:01:27 Required role: config/index, rolegroup: config, user role: config/*
2018/10/12 14:01:27 Required role: config/index, rolegroup: config, user role: config/*
2018/10/12 14:01:27 Required role: media/list, rolegroup: media, user role: media/*
2018/10/12 14:01:27 Required role: media/new, rolegroup: media, user role: media/*
2018/10/12 14:01:27 Required role: media/list, rolegroup: media, user role: media/*
2018/10/12 14:01:27 Required role: mediatype/list, rolegroup: mediatype, user role: mediatype/*
2018/10/12 14:01:27 Required role: mediatype/new, rolegroup: mediatype, user role: mediatype/*
2018/10/12 14:01:27 Required role: mediatype/list, rolegroup: mediatype, user role: mediatype/*
2018/10/12 14:01:27 Required role: media/list, rolegroup: media, user role: media/*
2018/10/12 14:01:27 Required role: media/new, rolegroup: media, user role: media/*
2018/10/12 14:01:27 Required role: media/list, rolegroup: media, user role: media/*
2018/10/12 14:01:27 Required role: media/list, rolegroup: media, user role: media/*
2018/10/12 14:01:27 Required role: media/new, rolegroup: media, user role: media/*
2018/10/12 14:01:27 Required role: media/list, rolegroup: media, user role: media/*
2018/10/12 14:01:27 Required role: owner/list, rolegroup: owner, user role: owner/*
2018/10/12 14:01:27 Required role: owner/list, rolegroup: owner, user role: owner/*
2018/10/12 14:01:27 Required role: operator/list, rolegroup: operator, user role: operator/*
2018/10/12 14:01:27 Required role: operator/list, rolegroup: operator, user role: operator/*
2018/10/12 14:01:27 Required role: interest/list, rolegroup: interest, user role: interest/*
2018/10/12 14:01:27 Required role: interest/list, rolegroup: interest, user role: interest/*
2018/10/12 14:01:27 Required role: operator/list, rolegroup: operator, user role: operator/*
2018/10/12 14:01:27 Required role: operator/new, rolegroup: operator, user role: operator/*
2018/10/12 14:01:27 Required role: operator/list, rolegroup: operator, user role: operator/*
2018/10/12 14:01:27 Required role: interest/list, rolegroup: interest, user role: interest/*
2018/10/12 14:01:27 Required role: interest/new, rolegroup: interest, user role: interest/*
2018/10/12 14:01:27 Required role: interest/list, rolegroup: interest, user role: interest/*
2018/10/12 14:01:27 REGEXP FOUND: "^/admin/mediatype/edit/(\d)+$" in path "/admin/mediatype/edit/5"

2018/10/12 14:01:27 Required role: mediatype/edit, rolegroup: mediatype, user role: mediatype/*
2018/10/12 14:01:27 Rendering form
2018/10/12 14:01:27 Rendering fieldset
2018/10/12 14:01:27 Rendering hidden
2018/10/12 14:01:27 Rendering text
2018/10/12 14:01:27 Rendering input group
2018/10/12 14:01:27 Rendering fieldset
2018/10/12 14:01:27 Rendering button
2018/10/12 14:01:27 Rendering input group
2018/10/12 14:01:27 Render layout admin
2018/10/12 14:01:33 Layout prepend running
2018/10/12 14:01:33 template scope is admin
2018/10/12 14:01:33 Adding css /vendor/bootstrap/css/bootstrap.min.css
2018/10/12 14:01:33 Adding css /vendor/metisMenu/metisMenu.min.css
2018/10/12 14:01:33 Adding css /assets/dist/css/sb-admin-2.css
2018/10/12 14:01:33 Adding css /vendor/morrisjs/morris.css
2018/10/12 14:01:33 Adding css /vendor/font-awesome/css/font-awesome.min.css
2018/10/12 14:01:33 Adding css /assets/summernote/summernote.css
2018/10/12 14:01:33 Adding css /assets/css/admin.css
2018/10/12 14:01:33 Logged out user allowed
2018/10/12 14:01:33 Anyone is allowed
2018/10/12 14:01:33 Required role: block/list, rolegroup: block, user role: block/*
2018/10/12 14:01:33 Required role: block/new, rolegroup: block, user role: block/*
2018/10/12 14:01:33 Loggedin user is allowed (admin users)
2018/10/12 14:01:33 Required role: config/index, rolegroup: config, user role: config/*
2018/10/12 14:01:33 Required role: config/index, rolegroup: config, user role: config/*
2018/10/12 14:01:33 Required role: media/list, rolegroup: media, user role: media/*
2018/10/12 14:01:33 Required role: media/new, rolegroup: media, user role: media/*
2018/10/12 14:01:33 Required role: media/list, rolegroup: media, user role: media/*
2018/10/12 14:01:33 Required role: mediatype/list, rolegroup: mediatype, user role: mediatype/*
2018/10/12 14:01:33 Required role: mediatype/new, rolegroup: mediatype, user role: mediatype/*
2018/10/12 14:01:33 Required role: mediatype/list, rolegroup: mediatype, user role: mediatype/*
2018/10/12 14:01:33 Required role: media/list, rolegroup: media, user role: media/*
2018/10/12 14:01:33 Required role: media/new, rolegroup: media, user role: media/*
2018/10/12 14:01:33 Required role: media/list, rolegroup: media, user role: media/*
2018/10/12 14:01:33 Required role: media/list, rolegroup: media, user role: media/*
2018/10/12 14:01:33 Required role: media/new, rolegroup: media, user role: media/*
2018/10/12 14:01:33 Required role: media/list, rolegroup: media, user role: media/*
2018/10/12 14:01:33 Required role: owner/list, rolegroup: owner, user role: owner/*
2018/10/12 14:01:33 Required role: owner/list, rolegroup: owner, user role: owner/*
2018/10/12 14:01:33 Required role: operator/list, rolegroup: operator, user role: operator/*
2018/10/12 14:01:33 Required role: operator/list, rolegroup: operator, user role: operator/*
2018/10/12 14:01:33 Required role: interest/list, rolegroup: interest, user role: interest/*
2018/10/12 14:01:33 Required role: interest/list, rolegroup: interest, user role: interest/*
2018/10/12 14:01:33 Required role: operator/list, rolegroup: operator, user role: operator/*
2018/10/12 14:01:33 Required role: operator/new, rolegroup: operator, user role: operator/*
2018/10/12 14:01:33 Required role: operator/list, rolegroup: operator, user role: operator/*
2018/10/12 14:01:33 Required role: interest/list, rolegroup: interest, user role: interest/*
2018/10/12 14:01:33 Required role: interest/new, rolegroup: interest, user role: interest/*
2018/10/12 14:01:33 Required role: interest/list, rolegroup: interest, user role: interest/*
2018/10/12 14:01:33 REGEXP FOUND: "^/admin/mediatype/edit/(\d)+$" in path "/admin/mediatype/edit/5"

2018/10/12 14:01:33 Required role: mediatype/edit, rolegroup: mediatype, user role: mediatype/*
2018/10/12 14:01:33 Required role: mediatype/edit, rolegroup: mediatype, user role: mediatype/*
2018/10/12 14:01:33 Validation start
2018/10/12 14:01:33 Validating field id
2018/10/12 14:01:33 Validating required
2018/10/12 14:01:33 Valid
2018/10/12 14:01:33 Validating field name
2018/10/12 14:01:33 Validating required
2018/10/12 14:01:33 value of name has not set yet, getting from request
2018/10/12 14:01:33 Empty check -> Value of name is plakátcég
2018/10/12 14:01:33 Valid
2018/10/12 14:01:33 Redirecting to /admin/mediatype/edit/5
2018/10/12 14:01:33 No render /admin/mediatype/edit/5 -> redirect
2018/10/12 14:01:33 Layout prepend running
2018/10/12 14:01:33 template scope is admin
2018/10/12 14:01:33 Adding css /vendor/bootstrap/css/bootstrap.min.css
2018/10/12 14:01:33 Adding css /vendor/metisMenu/metisMenu.min.css
2018/10/12 14:01:33 Adding css /assets/dist/css/sb-admin-2.css
2018/10/12 14:01:33 Adding css /vendor/morrisjs/morris.css
2018/10/12 14:01:33 Adding css /vendor/font-awesome/css/font-awesome.min.css
2018/10/12 14:01:33 Adding css /assets/summernote/summernote.css
2018/10/12 14:01:33 Adding css /assets/css/admin.css
2018/10/12 14:01:33 Logged out user allowed
2018/10/12 14:01:33 Anyone is allowed
2018/10/12 14:01:33 Required role: block/list, rolegroup: block, user role: block/*
2018/10/12 14:01:33 Required role: block/new, rolegroup: block, user role: block/*
2018/10/12 14:01:33 Loggedin user is allowed (admin users)
2018/10/12 14:01:33 Required role: config/index, rolegroup: config, user role: config/*
2018/10/12 14:01:33 Required role: config/index, rolegroup: config, user role: config/*
2018/10/12 14:01:33 Required role: media/list, rolegroup: media, user role: media/*
2018/10/12 14:01:33 Required role: media/new, rolegroup: media, user role: media/*
2018/10/12 14:01:33 Required role: media/list, rolegroup: media, user role: media/*
2018/10/12 14:01:33 Required role: mediatype/list, rolegroup: mediatype, user role: mediatype/*
2018/10/12 14:01:33 Required role: mediatype/new, rolegroup: mediatype, user role: mediatype/*
2018/10/12 14:01:33 Required role: mediatype/list, rolegroup: mediatype, user role: mediatype/*
2018/10/12 14:01:33 Required role: media/list, rolegroup: media, user role: media/*
2018/10/12 14:01:33 Required role: media/new, rolegroup: media, user role: media/*
2018/10/12 14:01:33 Required role: media/list, rolegroup: media, user role: media/*
2018/10/12 14:01:33 Required role: media/list, rolegroup: media, user role: media/*
2018/10/12 14:01:33 Required role: media/new, rolegroup: media, user role: media/*
2018/10/12 14:01:33 Required role: media/list, rolegroup: media, user role: media/*
2018/10/12 14:01:33 Required role: owner/list, rolegroup: owner, user role: owner/*
2018/10/12 14:01:33 Required role: owner/list, rolegroup: owner, user role: owner/*
2018/10/12 14:01:33 Required role: operator/list, rolegroup: operator, user role: operator/*
2018/10/12 14:01:33 Required role: operator/list, rolegroup: operator, user role: operator/*
2018/10/12 14:01:33 Required role: interest/list, rolegroup: interest, user role: interest/*
2018/10/12 14:01:33 Required role: interest/list, rolegroup: interest, user role: interest/*
2018/10/12 14:01:33 Required role: operator/list, rolegroup: operator, user role: operator/*
2018/10/12 14:01:33 Required role: operator/new, rolegroup: operator, user role: operator/*
2018/10/12 14:01:33 Required role: operator/list, rolegroup: operator, user role: operator/*
2018/10/12 14:01:33 Required role: interest/new, rolegroup: interest, user role: interest/*
2018/10/12 14:01:33 Required role: interest/list, rolegroup: interest, user role: interest/*
2018/10/12 14:01:33 Required role: interest/list, rolegroup: interest, user role: interest/*
2018/10/12 14:01:33 REGEXP FOUND: "^/admin/mediatype/edit/(\d)+$" in path "/admin/mediatype/edit/5"

2018/10/12 14:01:33 Required role: mediatype/edit, rolegroup: mediatype, user role: mediatype/*
2018/10/12 14:01:33 Rendering form
2018/10/12 14:01:33 Rendering fieldset
2018/10/12 14:01:33 Rendering hidden
2018/10/12 14:01:33 Rendering text
2018/10/12 14:01:33 Rendering input group
2018/10/12 14:01:33 Rendering fieldset
2018/10/12 14:01:33 Rendering button
2018/10/12 14:01:33 Rendering input group
2018/10/12 14:01:33 Render layout admin
2018/10/12 14:01:38 Layout prepend running
2018/10/12 14:01:38 template scope is admin
2018/10/12 14:01:38 Adding css /vendor/bootstrap/css/bootstrap.min.css
2018/10/12 14:01:38 Adding css /vendor/metisMenu/metisMenu.min.css
2018/10/12 14:01:38 Adding css /assets/dist/css/sb-admin-2.css
2018/10/12 14:01:38 Adding css /vendor/morrisjs/morris.css
2018/10/12 14:01:38 Adding css /vendor/font-awesome/css/font-awesome.min.css
2018/10/12 14:01:38 Adding css /assets/summernote/summernote.css
2018/10/12 14:01:38 Adding css /assets/css/admin.css
2018/10/12 14:01:38 Logged out user allowed
2018/10/12 14:01:38 Anyone is allowed
2018/10/12 14:01:38 Required role: block/new, rolegroup: block, user role: block/*
2018/10/12 14:01:38 Required role: block/list, rolegroup: block, user role: block/*
2018/10/12 14:01:38 Loggedin user is allowed (admin users)
2018/10/12 14:01:38 Required role: config/index, rolegroup: config, user role: config/*
2018/10/12 14:01:38 Required role: config/index, rolegroup: config, user role: config/*
2018/10/12 14:01:38 Required role: media/new, rolegroup: media, user role: media/*
2018/10/12 14:01:38 Required role: media/list, rolegroup: media, user role: media/*
2018/10/12 14:01:38 Required role: media/list, rolegroup: media, user role: media/*
2018/10/12 14:01:38 Required role: mediatype/list, rolegroup: mediatype, user role: mediatype/*
2018/10/12 14:01:38 Required role: mediatype/new, rolegroup: mediatype, user role: mediatype/*
2018/10/12 14:01:38 Required role: mediatype/list, rolegroup: mediatype, user role: mediatype/*
2018/10/12 14:01:38 Required role: media/list, rolegroup: media, user role: media/*
2018/10/12 14:01:38 Required role: media/new, rolegroup: media, user role: media/*
2018/10/12 14:01:38 Required role: media/list, rolegroup: media, user role: media/*
2018/10/12 14:01:38 Required role: media/list, rolegroup: media, user role: media/*
2018/10/12 14:01:38 Required role: media/new, rolegroup: media, user role: media/*
2018/10/12 14:01:38 Required role: media/list, rolegroup: media, user role: media/*
2018/10/12 14:01:38 Required role: owner/list, rolegroup: owner, user role: owner/*
2018/10/12 14:01:38 Required role: owner/list, rolegroup: owner, user role: owner/*
2018/10/12 14:01:38 Required role: operator/list, rolegroup: operator, user role: operator/*
2018/10/12 14:01:38 Required role: operator/list, rolegroup: operator, user role: operator/*
2018/10/12 14:01:38 Required role: interest/list, rolegroup: interest, user role: interest/*
2018/10/12 14:01:38 Required role: interest/list, rolegroup: interest, user role: interest/*
2018/10/12 14:01:38 Required role: operator/list, rolegroup: operator, user role: operator/*
2018/10/12 14:01:38 Required role: operator/new, rolegroup: operator, user role: operator/*
2018/10/12 14:01:38 Required role: operator/list, rolegroup: operator, user role: operator/*
2018/10/12 14:01:38 Required role: interest/list, rolegroup: interest, user role: interest/*
2018/10/12 14:01:38 Required role: interest/new, rolegroup: interest, user role: interest/*
2018/10/12 14:01:38 Required role: interest/list, rolegroup: interest, user role: interest/*
2018/10/12 14:01:38 REGEXP FOUND: "^/admin/mediatype/?(index)?$" in path "/admin/mediatype/index"

2018/10/12 14:01:38 Required role: mediatype/list, rolegroup: mediatype, user role: mediatype/*
2018/10/12 14:01:38 SELECT * FROM media_type ORDER BY id DESC LIMIT 0,20
2018/10/12 14:01:38 media_type as m
2018/10/12 14:01:38 SELECT COUNT(m.`id`) FROM media_type as m
2018/10/12 14:01:38 Rendering form
2018/10/12 14:01:38 Rendering fieldset
2018/10/12 14:01:38 Rendering text
2018/10/12 14:01:38 Rendering input group
2018/10/12 14:01:38 Rendering text
2018/10/12 14:01:38 Rendering input group
2018/10/12 14:01:38 Rendering fieldset
2018/10/12 14:01:38 Rendering button
2018/10/12 14:01:38 Rendering input group
2018/10/12 14:01:38 Render layout admin
2018/10/12 14:01:42 Layout prepend running
2018/10/12 14:01:42 Adding css /assets/css/main.css
2018/10/12 14:01:42 SELECT * FROM media_type ORDER BY id
2018/10/12 14:01:42 REGEXP FOUND: "^/?" in path "/"

2018/10/12 14:01:42 Anyone is allowed
2018/10/12 14:01:42 Render layout frontend
2018/10/12 14:01:44 Layout prepend running
2018/10/12 14:01:44 REGEXP FOUND: "^/media$" in path "/media"

2018/10/12 14:01:44 Anyone is allowed
2018/10/12 14:01:44 Render layout frontend
2018/10/12 14:01:44 Layout prepend running
2018/10/12 14:01:44 REGEXP FOUND: "^/operators$" in path "/operators"

2018/10/12 14:01:44 Anyone is allowed
2018/10/12 14:01:44 Layout prepend running
2018/10/12 14:01:44 REGEXP FOUND: "^/owners$" in path "/owners"

2018/10/12 14:01:44 Anyone is allowed
2018/10/12 14:01:44 Layout prepend running
2018/10/12 14:01:44 REGEXP FOUND: "^/interests$" in path "/interests"

2018/10/12 14:01:44 Anyone is allowed
2018/10/12 14:01:44 Layout prepend running
2018/10/12 14:01:44 REGEXP FOUND: "^/connections$" in path "/connections"

2018/10/12 14:01:44 Anyone is allowed
2018/10/12 14:01:44 Render layout frontend
2018/10/12 14:01:44 Render layout frontend
2018/10/12 14:01:45 Render layout frontend
2018/10/12 14:01:55 Layout prepend running
2018/10/12 14:01:55 template scope is admin
2018/10/12 14:01:55 Adding css /vendor/bootstrap/css/bootstrap.min.css
2018/10/12 14:01:55 Adding css /vendor/metisMenu/metisMenu.min.css
2018/10/12 14:01:55 Adding css /assets/dist/css/sb-admin-2.css
2018/10/12 14:01:55 Adding css /vendor/morrisjs/morris.css
2018/10/12 14:01:55 Adding css /vendor/font-awesome/css/font-awesome.min.css
2018/10/12 14:01:55 Adding css /assets/summernote/summernote.css
2018/10/12 14:01:55 Adding css /assets/css/admin.css
2018/10/12 14:01:55 Logged out user allowed
2018/10/12 14:01:55 Anyone is allowed
2018/10/12 14:01:55 Required role: block/list, rolegroup: block, user role: block/*
2018/10/12 14:01:55 Required role: block/new, rolegroup: block, user role: block/*
2018/10/12 14:01:55 Loggedin user is allowed (admin users)
2018/10/12 14:01:55 Required role: config/index, rolegroup: config, user role: config/*
2018/10/12 14:01:55 Required role: config/index, rolegroup: config, user role: config/*
2018/10/12 14:01:55 Required role: media/list, rolegroup: media, user role: media/*
2018/10/12 14:01:55 Required role: media/new, rolegroup: media, user role: media/*
2018/10/12 14:01:55 Required role: media/list, rolegroup: media, user role: media/*
2018/10/12 14:01:55 Required role: mediatype/list, rolegroup: mediatype, user role: mediatype/*
2018/10/12 14:01:55 Required role: mediatype/new, rolegroup: mediatype, user role: mediatype/*
2018/10/12 14:01:55 Required role: mediatype/list, rolegroup: mediatype, user role: mediatype/*
2018/10/12 14:01:55 Required role: media/new, rolegroup: media, user role: media/*
2018/10/12 14:01:55 Required role: media/list, rolegroup: media, user role: media/*
2018/10/12 14:01:55 Required role: media/list, rolegroup: media, user role: media/*
2018/10/12 14:01:55 Required role: media/new, rolegroup: media, user role: media/*
2018/10/12 14:01:55 Required role: media/list, rolegroup: media, user role: media/*
2018/10/12 14:01:55 Required role: media/list, rolegroup: media, user role: media/*
2018/10/12 14:01:55 Required role: owner/list, rolegroup: owner, user role: owner/*
2018/10/12 14:01:55 Required role: owner/list, rolegroup: owner, user role: owner/*
2018/10/12 14:01:55 Required role: operator/list, rolegroup: operator, user role: operator/*
2018/10/12 14:01:55 Required role: operator/list, rolegroup: operator, user role: operator/*
2018/10/12 14:01:55 Required role: interest/list, rolegroup: interest, user role: interest/*
2018/10/12 14:01:55 Required role: interest/list, rolegroup: interest, user role: interest/*
2018/10/12 14:01:55 Required role: operator/list, rolegroup: operator, user role: operator/*
2018/10/12 14:01:55 Required role: operator/new, rolegroup: operator, user role: operator/*
2018/10/12 14:01:55 Required role: operator/list, rolegroup: operator, user role: operator/*
2018/10/12 14:01:55 Required role: interest/list, rolegroup: interest, user role: interest/*
2018/10/12 14:01:55 Required role: interest/new, rolegroup: interest, user role: interest/*
2018/10/12 14:01:55 Required role: interest/list, rolegroup: interest, user role: interest/*
2018/10/12 14:01:55 REGEXP FOUND: "^/admin/mediaowner/?(index)?$" in path "/admin/mediaowner/index"

2018/10/12 14:01:55 Required role: media/list, rolegroup: media, user role: media/*
2018/10/12 14:01:55 SELECT * FROM media_owner ORDER BY id DESC LIMIT 0,20
2018/10/12 14:01:55 media_owner as m
2018/10/12 14:01:55 SELECT COUNT(m.`id`) FROM media_owner as m
2018/10/12 14:01:55 Rendering form
2018/10/12 14:01:55 Rendering fieldset
2018/10/12 14:01:55 Rendering text
2018/10/12 14:01:55 Rendering input group
2018/10/12 14:01:55 Rendering text
2018/10/12 14:01:55 Rendering input group
2018/10/12 14:01:55 Rendering text
2018/10/12 14:01:55 Rendering input group
2018/10/12 14:01:55 Rendering fieldset
2018/10/12 14:01:55 Rendering button
2018/10/12 14:01:55 Rendering input group
2018/10/12 14:01:55 Render layout admin
2018/10/12 14:02:04 Layout prepend running
2018/10/12 14:02:04 template scope is admin
2018/10/12 14:02:04 Adding css /vendor/bootstrap/css/bootstrap.min.css
2018/10/12 14:02:04 Adding css /vendor/metisMenu/metisMenu.min.css
2018/10/12 14:02:04 Adding css /assets/dist/css/sb-admin-2.css
2018/10/12 14:02:04 Adding css /vendor/morrisjs/morris.css
2018/10/12 14:02:04 Adding css /vendor/font-awesome/css/font-awesome.min.css
2018/10/12 14:02:04 Adding css /assets/summernote/summernote.css
2018/10/12 14:02:04 Adding css /assets/css/admin.css
2018/10/12 14:02:04 Logged out user allowed
2018/10/12 14:02:04 Anyone is allowed
2018/10/12 14:02:04 Required role: block/new, rolegroup: block, user role: block/*
2018/10/12 14:02:04 Required role: block/list, rolegroup: block, user role: block/*
2018/10/12 14:02:04 Loggedin user is allowed (admin users)
2018/10/12 14:02:04 Required role: config/index, rolegroup: config, user role: config/*
2018/10/12 14:02:04 Required role: config/index, rolegroup: config, user role: config/*
2018/10/12 14:02:04 Required role: media/list, rolegroup: media, user role: media/*
2018/10/12 14:02:04 Required role: media/new, rolegroup: media, user role: media/*
2018/10/12 14:02:04 Required role: media/list, rolegroup: media, user role: media/*
2018/10/12 14:02:04 Required role: mediatype/list, rolegroup: mediatype, user role: mediatype/*
2018/10/12 14:02:04 Required role: mediatype/new, rolegroup: mediatype, user role: mediatype/*
2018/10/12 14:02:04 Required role: mediatype/list, rolegroup: mediatype, user role: mediatype/*
2018/10/12 14:02:04 Required role: media/list, rolegroup: media, user role: media/*
2018/10/12 14:02:04 Required role: media/new, rolegroup: media, user role: media/*
2018/10/12 14:02:04 Required role: media/list, rolegroup: media, user role: media/*
2018/10/12 14:02:04 Required role: media/list, rolegroup: media, user role: media/*
2018/10/12 14:02:04 Required role: media/new, rolegroup: media, user role: media/*
2018/10/12 14:02:04 Required role: media/list, rolegroup: media, user role: media/*
2018/10/12 14:02:04 Required role: owner/list, rolegroup: owner, user role: owner/*
2018/10/12 14:02:04 Required role: owner/list, rolegroup: owner, user role: owner/*
2018/10/12 14:02:04 Required role: operator/list, rolegroup: operator, user role: operator/*
2018/10/12 14:02:04 Required role: operator/list, rolegroup: operator, user role: operator/*
2018/10/12 14:02:04 Required role: interest/list, rolegroup: interest, user role: interest/*
2018/10/12 14:02:04 Required role: interest/list, rolegroup: interest, user role: interest/*
2018/10/12 14:02:04 Required role: operator/new, rolegroup: operator, user role: operator/*
2018/10/12 14:02:04 Required role: operator/list, rolegroup: operator, user role: operator/*
2018/10/12 14:02:04 Required role: operator/list, rolegroup: operator, user role: operator/*
2018/10/12 14:02:04 Required role: interest/list, rolegroup: interest, user role: interest/*
2018/10/12 14:02:04 Required role: interest/new, rolegroup: interest, user role: interest/*
2018/10/12 14:02:04 Required role: interest/list, rolegroup: interest, user role: interest/*
2018/10/12 14:02:04 REGEXP FOUND: "^/admin/operator/?(index)?$" in path "/admin/operator/index"

2018/10/12 14:02:04 Required role: operator/list, rolegroup: operator, user role: operator/*
2018/10/12 14:02:04 SELECT * FROM operator ORDER BY id DESC LIMIT 0,20
2018/10/12 14:02:04 operator as m
2018/10/12 14:02:04 SELECT COUNT(m.`id`) FROM operator as m
2018/10/12 14:02:04 Rendering form
2018/10/12 14:02:04 Rendering fieldset
2018/10/12 14:02:04 Rendering text
2018/10/12 14:02:04 Rendering input group
2018/10/12 14:02:04 Rendering text
2018/10/12 14:02:04 Rendering input group
2018/10/12 14:02:04 Rendering fieldset
2018/10/12 14:02:04 Rendering button
2018/10/12 14:02:04 Rendering input group
2018/10/12 14:02:04 Render layout admin
2018/10/12 14:02:17 Layout prepend running
2018/10/12 14:02:17 template scope is admin
2018/10/12 14:02:17 Adding css /vendor/bootstrap/css/bootstrap.min.css
2018/10/12 14:02:17 Adding css /vendor/metisMenu/metisMenu.min.css
2018/10/12 14:02:17 Adding css /assets/dist/css/sb-admin-2.css
2018/10/12 14:02:17 Adding css /vendor/morrisjs/morris.css
2018/10/12 14:02:17 Adding css /vendor/font-awesome/css/font-awesome.min.css
2018/10/12 14:02:17 Adding css /assets/summernote/summernote.css
2018/10/12 14:02:17 Adding css /assets/css/admin.css
2018/10/12 14:02:17 Logged out user allowed
2018/10/12 14:02:17 Anyone is allowed
2018/10/12 14:02:17 Required role: block/list, rolegroup: block, user role: block/*
2018/10/12 14:02:17 Required role: block/new, rolegroup: block, user role: block/*
2018/10/12 14:02:17 Loggedin user is allowed (admin users)
2018/10/12 14:02:17 Required role: config/index, rolegroup: config, user role: config/*
2018/10/12 14:02:17 Required role: config/index, rolegroup: config, user role: config/*
2018/10/12 14:02:17 Required role: media/list, rolegroup: media, user role: media/*
2018/10/12 14:02:17 Required role: media/new, rolegroup: media, user role: media/*
2018/10/12 14:02:17 Required role: media/list, rolegroup: media, user role: media/*
2018/10/12 14:02:17 Required role: mediatype/list, rolegroup: mediatype, user role: mediatype/*
2018/10/12 14:02:17 Required role: mediatype/new, rolegroup: mediatype, user role: mediatype/*
2018/10/12 14:02:17 Required role: mediatype/list, rolegroup: mediatype, user role: mediatype/*
2018/10/12 14:02:17 Required role: media/list, rolegroup: media, user role: media/*
2018/10/12 14:02:17 Required role: media/new, rolegroup: media, user role: media/*
2018/10/12 14:02:17 Required role: media/list, rolegroup: media, user role: media/*
2018/10/12 14:02:17 Required role: media/new, rolegroup: media, user role: media/*
2018/10/12 14:02:17 Required role: media/list, rolegroup: media, user role: media/*
2018/10/12 14:02:17 Required role: media/list, rolegroup: media, user role: media/*
2018/10/12 14:02:17 Required role: owner/list, rolegroup: owner, user role: owner/*
2018/10/12 14:02:17 Required role: owner/list, rolegroup: owner, user role: owner/*
2018/10/12 14:02:17 Required role: operator/list, rolegroup: operator, user role: operator/*
2018/10/12 14:02:17 Required role: operator/list, rolegroup: operator, user role: operator/*
2018/10/12 14:02:17 Required role: interest/list, rolegroup: interest, user role: interest/*
2018/10/12 14:02:17 Required role: interest/list, rolegroup: interest, user role: interest/*
2018/10/12 14:02:17 Required role: operator/new, rolegroup: operator, user role: operator/*
2018/10/12 14:02:17 Required role: operator/list, rolegroup: operator, user role: operator/*
2018/10/12 14:02:17 Required role: operator/list, rolegroup: operator, user role: operator/*
2018/10/12 14:02:17 Required role: interest/list, rolegroup: interest, user role: interest/*
2018/10/12 14:02:17 Required role: interest/new, rolegroup: interest, user role: interest/*
2018/10/12 14:02:17 Required role: interest/list, rolegroup: interest, user role: interest/*
2018/10/12 14:02:17 REGEXP FOUND: "^/admin/block/?(index)?$" in path "/admin/block/index"

2018/10/12 14:02:17 Required role: block/list, rolegroup: block, user role: block/*
2018/10/12 14:02:17 SELECT * FROM block WHERE `lc` = "hu" ORDER BY id DESC LIMIT 0,20
2018/10/12 14:02:17 block as m
2018/10/12 14:02:17 SELECT COUNT(m.`id`) FROM block as m WHERE `lc` = "hu"
2018/10/12 14:02:17 Rendering form
2018/10/12 14:02:17 Rendering fieldset
2018/10/12 14:02:17 Rendering text
2018/10/12 14:02:17 Rendering input group
2018/10/12 14:02:17 Rendering text
2018/10/12 14:02:17 Rendering input group
2018/10/12 14:02:17 Rendering text
2018/10/12 14:02:17 Rendering input group
2018/10/12 14:02:17 Rendering fieldset
2018/10/12 14:02:17 Rendering button
2018/10/12 14:02:17 Rendering input group
2018/10/12 14:02:17 Render layout admin
2018/10/12 14:02:30 Layout prepend running
2018/10/12 14:02:30 template scope is admin
2018/10/12 14:02:30 Adding css /vendor/bootstrap/css/bootstrap.min.css
2018/10/12 14:02:30 Adding css /vendor/metisMenu/metisMenu.min.css
2018/10/12 14:02:30 Adding css /assets/dist/css/sb-admin-2.css
2018/10/12 14:02:30 Adding css /vendor/morrisjs/morris.css
2018/10/12 14:02:30 Adding css /vendor/font-awesome/css/font-awesome.min.css
2018/10/12 14:02:30 Adding css /assets/summernote/summernote.css
2018/10/12 14:02:30 Adding css /assets/css/admin.css
2018/10/12 14:02:30 Logged out user allowed
2018/10/12 14:02:30 Anyone is allowed
2018/10/12 14:02:30 Required role: block/list, rolegroup: block, user role: block/*
2018/10/12 14:02:30 Required role: block/new, rolegroup: block, user role: block/*
2018/10/12 14:02:30 Loggedin user is allowed (admin users)
2018/10/12 14:02:30 Required role: config/index, rolegroup: config, user role: config/*
2018/10/12 14:02:30 Required role: config/index, rolegroup: config, user role: config/*
2018/10/12 14:02:30 Required role: media/new, rolegroup: media, user role: media/*
2018/10/12 14:02:30 Required role: media/list, rolegroup: media, user role: media/*
2018/10/12 14:02:30 Required role: media/list, rolegroup: media, user role: media/*
2018/10/12 14:02:30 Required role: mediatype/list, rolegroup: mediatype, user role: mediatype/*
2018/10/12 14:02:30 Required role: mediatype/new, rolegroup: mediatype, user role: mediatype/*
2018/10/12 14:02:30 Required role: mediatype/list, rolegroup: mediatype, user role: mediatype/*
2018/10/12 14:02:30 Required role: media/list, rolegroup: media, user role: media/*
2018/10/12 14:02:30 Required role: media/new, rolegroup: media, user role: media/*
2018/10/12 14:02:30 Required role: media/list, rolegroup: media, user role: media/*
2018/10/12 14:02:30 Required role: media/list, rolegroup: media, user role: media/*
2018/10/12 14:02:30 Required role: media/new, rolegroup: media, user role: media/*
2018/10/12 14:02:30 Required role: media/list, rolegroup: media, user role: media/*
2018/10/12 14:02:30 Required role: owner/list, rolegroup: owner, user role: owner/*
2018/10/12 14:02:30 Required role: owner/list, rolegroup: owner, user role: owner/*
2018/10/12 14:02:30 Required role: operator/list, rolegroup: operator, user role: operator/*
2018/10/12 14:02:30 Required role: operator/list, rolegroup: operator, user role: operator/*
2018/10/12 14:02:30 Required role: interest/list, rolegroup: interest, user role: interest/*
2018/10/12 14:02:30 Required role: interest/list, rolegroup: interest, user role: interest/*
2018/10/12 14:02:30 Required role: operator/list, rolegroup: operator, user role: operator/*
2018/10/12 14:02:30 Required role: operator/new, rolegroup: operator, user role: operator/*
2018/10/12 14:02:30 Required role: operator/list, rolegroup: operator, user role: operator/*
2018/10/12 14:02:30 Required role: interest/list, rolegroup: interest, user role: interest/*
2018/10/12 14:02:30 Required role: interest/new, rolegroup: interest, user role: interest/*
2018/10/12 14:02:30 Required role: interest/list, rolegroup: interest, user role: interest/*
2018/10/12 14:02:30 REGEXP FOUND: "^/admin/mediatype/?(index)?$" in path "/admin/mediatype/index"

2018/10/12 14:02:30 Required role: mediatype/list, rolegroup: mediatype, user role: mediatype/*
2018/10/12 14:02:30 SELECT * FROM media_type ORDER BY id DESC LIMIT 0,20
2018/10/12 14:02:30 media_type as m
2018/10/12 14:02:30 SELECT COUNT(m.`id`) FROM media_type as m
2018/10/12 14:02:30 Rendering form
2018/10/12 14:02:30 Rendering fieldset
2018/10/12 14:02:30 Rendering text
2018/10/12 14:02:30 Rendering input group
2018/10/12 14:02:30 Rendering text
2018/10/12 14:02:30 Rendering input group
2018/10/12 14:02:30 Rendering fieldset
2018/10/12 14:02:30 Rendering button
2018/10/12 14:02:30 Rendering input group
2018/10/12 14:02:30 Render layout admin
2018/10/12 14:02:35 Layout prepend running
2018/10/12 14:02:35 template scope is admin
2018/10/12 14:02:35 Adding css /vendor/bootstrap/css/bootstrap.min.css
2018/10/12 14:02:35 Adding css /vendor/metisMenu/metisMenu.min.css
2018/10/12 14:02:35 Adding css /assets/dist/css/sb-admin-2.css
2018/10/12 14:02:35 Adding css /vendor/morrisjs/morris.css
2018/10/12 14:02:35 Adding css /vendor/font-awesome/css/font-awesome.min.css
2018/10/12 14:02:35 Adding css /assets/summernote/summernote.css
2018/10/12 14:02:35 Adding css /assets/css/admin.css
2018/10/12 14:02:35 Logged out user allowed
2018/10/12 14:02:35 Anyone is allowed
2018/10/12 14:02:35 Required role: block/list, rolegroup: block, user role: block/*
2018/10/12 14:02:35 Required role: block/new, rolegroup: block, user role: block/*
2018/10/12 14:02:35 Loggedin user is allowed (admin users)
2018/10/12 14:02:35 Required role: config/index, rolegroup: config, user role: config/*
2018/10/12 14:02:35 Required role: config/index, rolegroup: config, user role: config/*
2018/10/12 14:02:35 Required role: media/list, rolegroup: media, user role: media/*
2018/10/12 14:02:35 Required role: media/new, rolegroup: media, user role: media/*
2018/10/12 14:02:35 Required role: media/list, rolegroup: media, user role: media/*
2018/10/12 14:02:35 Required role: mediatype/list, rolegroup: mediatype, user role: mediatype/*
2018/10/12 14:02:35 Required role: mediatype/new, rolegroup: mediatype, user role: mediatype/*
2018/10/12 14:02:35 Required role: mediatype/list, rolegroup: mediatype, user role: mediatype/*
2018/10/12 14:02:35 Required role: media/list, rolegroup: media, user role: media/*
2018/10/12 14:02:35 Required role: media/new, rolegroup: media, user role: media/*
2018/10/12 14:02:35 Required role: media/list, rolegroup: media, user role: media/*
2018/10/12 14:02:35 Required role: media/list, rolegroup: media, user role: media/*
2018/10/12 14:02:35 Required role: media/new, rolegroup: media, user role: media/*
2018/10/12 14:02:35 Required role: media/list, rolegroup: media, user role: media/*
2018/10/12 14:02:35 Required role: owner/list, rolegroup: owner, user role: owner/*
2018/10/12 14:02:35 Required role: owner/list, rolegroup: owner, user role: owner/*
2018/10/12 14:02:35 Required role: operator/list, rolegroup: operator, user role: operator/*
2018/10/12 14:02:35 Required role: operator/list, rolegroup: operator, user role: operator/*
2018/10/12 14:02:35 Required role: interest/list, rolegroup: interest, user role: interest/*
2018/10/12 14:02:35 Required role: interest/list, rolegroup: interest, user role: interest/*
2018/10/12 14:02:35 Required role: operator/list, rolegroup: operator, user role: operator/*
2018/10/12 14:02:35 Required role: operator/new, rolegroup: operator, user role: operator/*
2018/10/12 14:02:35 Required role: operator/list, rolegroup: operator, user role: operator/*
2018/10/12 14:02:35 Required role: interest/new, rolegroup: interest, user role: interest/*
2018/10/12 14:02:35 Required role: interest/list, rolegroup: interest, user role: interest/*
2018/10/12 14:02:35 Required role: interest/list, rolegroup: interest, user role: interest/*
2018/10/12 14:02:35 REGEXP FOUND: "^/admin/user/switchlanguage/([a-z])+$" in path "/admin/user/switchlanguage/en"

2018/10/12 14:02:35 Loggedin user is allowed (admin users)
2018/10/12 14:02:35 Redirecting to http://mos.48p.in/admin/mediatype/index
2018/10/12 14:02:35 No render /admin/user/switchlanguage/en -> redirect
2018/10/12 14:02:35 Layout prepend running
2018/10/12 14:02:35 template scope is admin
2018/10/12 14:02:35 Adding css /vendor/bootstrap/css/bootstrap.min.css
2018/10/12 14:02:35 Adding css /vendor/metisMenu/metisMenu.min.css
2018/10/12 14:02:35 Adding css /assets/dist/css/sb-admin-2.css
2018/10/12 14:02:35 Adding css /vendor/morrisjs/morris.css
2018/10/12 14:02:35 Adding css /vendor/font-awesome/css/font-awesome.min.css
2018/10/12 14:02:35 Adding css /assets/summernote/summernote.css
2018/10/12 14:02:35 Adding css /assets/css/admin.css
2018/10/12 14:02:35 Logged out user allowed
2018/10/12 14:02:35 Anyone is allowed
2018/10/12 14:02:35 Required role: block/new, rolegroup: block, user role: block/*
2018/10/12 14:02:35 Required role: block/list, rolegroup: block, user role: block/*
2018/10/12 14:02:35 Loggedin user is allowed (admin users)
2018/10/12 14:02:35 Required role: config/index, rolegroup: config, user role: config/*
2018/10/12 14:02:35 Required role: config/index, rolegroup: config, user role: config/*
2018/10/12 14:02:35 Required role: media/list, rolegroup: media, user role: media/*
2018/10/12 14:02:35 Required role: media/new, rolegroup: media, user role: media/*
2018/10/12 14:02:35 Required role: media/list, rolegroup: media, user role: media/*
2018/10/12 14:02:35 Required role: mediatype/list, rolegroup: mediatype, user role: mediatype/*
2018/10/12 14:02:35 Required role: mediatype/new, rolegroup: mediatype, user role: mediatype/*
2018/10/12 14:02:35 Required role: mediatype/list, rolegroup: mediatype, user role: mediatype/*
2018/10/12 14:02:35 Required role: media/list, rolegroup: media, user role: media/*
2018/10/12 14:02:35 Required role: media/new, rolegroup: media, user role: media/*
2018/10/12 14:02:35 Required role: media/list, rolegroup: media, user role: media/*
2018/10/12 14:02:35 Required role: media/list, rolegroup: media, user role: media/*
2018/10/12 14:02:35 Required role: media/new, rolegroup: media, user role: media/*
2018/10/12 14:02:35 Required role: media/list, rolegroup: media, user role: media/*
2018/10/12 14:02:35 Required role: owner/list, rolegroup: owner, user role: owner/*
2018/10/12 14:02:35 Required role: owner/list, rolegroup: owner, user role: owner/*
2018/10/12 14:02:35 Required role: operator/list, rolegroup: operator, user role: operator/*
2018/10/12 14:02:35 Required role: operator/list, rolegroup: operator, user role: operator/*
2018/10/12 14:02:35 Required role: interest/list, rolegroup: interest, user role: interest/*
2018/10/12 14:02:35 Required role: interest/list, rolegroup: interest, user role: interest/*
2018/10/12 14:02:35 Required role: operator/list, rolegroup: operator, user role: operator/*
2018/10/12 14:02:35 Required role: operator/new, rolegroup: operator, user role: operator/*
2018/10/12 14:02:35 Required role: operator/list, rolegroup: operator, user role: operator/*
2018/10/12 14:02:35 Required role: interest/new, rolegroup: interest, user role: interest/*
2018/10/12 14:02:35 Required role: interest/list, rolegroup: interest, user role: interest/*
2018/10/12 14:02:35 Required role: interest/list, rolegroup: interest, user role: interest/*
2018/10/12 14:02:35 REGEXP FOUND: "^/admin/mediatype/?(index)?$" in path "/admin/mediatype/index"

2018/10/12 14:02:35 Required role: mediatype/list, rolegroup: mediatype, user role: mediatype/*
2018/10/12 14:02:35 SELECT * FROM media_type ORDER BY id DESC LIMIT 0,20
2018/10/12 14:02:35 media_type as m
2018/10/12 14:02:35 SELECT COUNT(m.`id`) FROM media_type as m
2018/10/12 14:02:35 Rendering form
2018/10/12 14:02:35 Rendering fieldset
2018/10/12 14:02:35 Rendering text
2018/10/12 14:02:35 Rendering input group
2018/10/12 14:02:35 Rendering text
2018/10/12 14:02:35 Rendering input group
2018/10/12 14:02:35 Rendering fieldset
2018/10/12 14:02:35 Rendering button
2018/10/12 14:02:35 Rendering input group
2018/10/12 14:02:35 Render layout admin
2018/10/12 14:02:41 Layout prepend running
2018/10/12 14:02:41 template scope is admin
2018/10/12 14:02:41 Adding css /vendor/bootstrap/css/bootstrap.min.css
2018/10/12 14:02:41 Adding css /vendor/metisMenu/metisMenu.min.css
2018/10/12 14:02:41 Adding css /assets/dist/css/sb-admin-2.css
2018/10/12 14:02:41 Adding css /vendor/morrisjs/morris.css
2018/10/12 14:02:41 Adding css /vendor/font-awesome/css/font-awesome.min.css
2018/10/12 14:02:41 Adding css /assets/summernote/summernote.css
2018/10/12 14:02:41 Adding css /assets/css/admin.css
2018/10/12 14:02:41 Logged out user allowed
2018/10/12 14:02:41 Anyone is allowed
2018/10/12 14:02:41 Required role: block/list, rolegroup: block, user role: block/*
2018/10/12 14:02:41 Required role: block/new, rolegroup: block, user role: block/*
2018/10/12 14:02:41 Loggedin user is allowed (admin users)
2018/10/12 14:02:41 Required role: config/index, rolegroup: config, user role: config/*
2018/10/12 14:02:41 Required role: config/index, rolegroup: config, user role: config/*
2018/10/12 14:02:41 Required role: media/list, rolegroup: media, user role: media/*
2018/10/12 14:02:41 Required role: media/new, rolegroup: media, user role: media/*
2018/10/12 14:02:41 Required role: media/list, rolegroup: media, user role: media/*
2018/10/12 14:02:41 Required role: mediatype/new, rolegroup: mediatype, user role: mediatype/*
2018/10/12 14:02:41 Required role: mediatype/list, rolegroup: mediatype, user role: mediatype/*
2018/10/12 14:02:41 Required role: mediatype/list, rolegroup: mediatype, user role: mediatype/*
2018/10/12 14:02:41 Required role: media/list, rolegroup: media, user role: media/*
2018/10/12 14:02:41 Required role: media/new, rolegroup: media, user role: media/*
2018/10/12 14:02:41 Required role: media/list, rolegroup: media, user role: media/*
2018/10/12 14:02:41 Required role: media/list, rolegroup: media, user role: media/*
2018/10/12 14:02:41 Required role: media/new, rolegroup: media, user role: media/*
2018/10/12 14:02:41 Required role: media/list, rolegroup: media, user role: media/*
2018/10/12 14:02:41 Required role: owner/list, rolegroup: owner, user role: owner/*
2018/10/12 14:02:41 Required role: owner/list, rolegroup: owner, user role: owner/*
2018/10/12 14:02:41 Required role: operator/list, rolegroup: operator, user role: operator/*
2018/10/12 14:02:41 Required role: operator/list, rolegroup: operator, user role: operator/*
2018/10/12 14:02:41 Required role: interest/list, rolegroup: interest, user role: interest/*
2018/10/12 14:02:41 Required role: interest/list, rolegroup: interest, user role: interest/*
2018/10/12 14:02:41 Required role: operator/list, rolegroup: operator, user role: operator/*
2018/10/12 14:02:41 Required role: operator/new, rolegroup: operator, user role: operator/*
2018/10/12 14:02:41 Required role: operator/list, rolegroup: operator, user role: operator/*
2018/10/12 14:02:41 Required role: interest/list, rolegroup: interest, user role: interest/*
2018/10/12 14:02:41 Required role: interest/new, rolegroup: interest, user role: interest/*
2018/10/12 14:02:41 Required role: interest/list, rolegroup: interest, user role: interest/*
2018/10/12 14:02:41 REGEXP FOUND: "^/admin/mediatype/edit/(\d)+$" in path "/admin/mediatype/edit/6"

2018/10/12 14:02:41 Required role: mediatype/edit, rolegroup: mediatype, user role: mediatype/*
2018/10/12 14:02:41 Rendering form
2018/10/12 14:02:41 Rendering fieldset
2018/10/12 14:02:41 Rendering hidden
2018/10/12 14:02:41 Rendering text
2018/10/12 14:02:41 Rendering input group
2018/10/12 14:02:41 Rendering fieldset
2018/10/12 14:02:41 Rendering button
2018/10/12 14:02:41 Rendering input group
2018/10/12 14:02:41 Render layout admin
2018/10/12 14:02:46 Layout prepend running
2018/10/12 14:02:46 template scope is admin
2018/10/12 14:02:46 Adding css /vendor/bootstrap/css/bootstrap.min.css
2018/10/12 14:02:46 Adding css /vendor/metisMenu/metisMenu.min.css
2018/10/12 14:02:46 Adding css /assets/dist/css/sb-admin-2.css
2018/10/12 14:02:46 Adding css /vendor/morrisjs/morris.css
2018/10/12 14:02:46 Adding css /vendor/font-awesome/css/font-awesome.min.css
2018/10/12 14:02:46 Adding css /assets/summernote/summernote.css
2018/10/12 14:02:46 Adding css /assets/css/admin.css
2018/10/12 14:02:46 Logged out user allowed
2018/10/12 14:02:46 Anyone is allowed
2018/10/12 14:02:46 Required role: block/list, rolegroup: block, user role: block/*
2018/10/12 14:02:46 Required role: block/new, rolegroup: block, user role: block/*
2018/10/12 14:02:46 Loggedin user is allowed (admin users)
2018/10/12 14:02:46 Required role: config/index, rolegroup: config, user role: config/*
2018/10/12 14:02:46 Required role: config/index, rolegroup: config, user role: config/*
2018/10/12 14:02:46 Required role: media/list, rolegroup: media, user role: media/*
2018/10/12 14:02:46 Required role: media/new, rolegroup: media, user role: media/*
2018/10/12 14:02:46 Required role: media/list, rolegroup: media, user role: media/*
2018/10/12 14:02:46 Required role: mediatype/list, rolegroup: mediatype, user role: mediatype/*
2018/10/12 14:02:46 Required role: mediatype/new, rolegroup: mediatype, user role: mediatype/*
2018/10/12 14:02:46 Required role: mediatype/list, rolegroup: mediatype, user role: mediatype/*
2018/10/12 14:02:46 Required role: media/list, rolegroup: media, user role: media/*
2018/10/12 14:02:46 Required role: media/new, rolegroup: media, user role: media/*
2018/10/12 14:02:46 Required role: media/list, rolegroup: media, user role: media/*
2018/10/12 14:02:46 Required role: media/list, rolegroup: media, user role: media/*
2018/10/12 14:02:46 Required role: media/new, rolegroup: media, user role: media/*
2018/10/12 14:02:46 Required role: media/list, rolegroup: media, user role: media/*
2018/10/12 14:02:46 Required role: owner/list, rolegroup: owner, user role: owner/*
2018/10/12 14:02:46 Required role: owner/list, rolegroup: owner, user role: owner/*
2018/10/12 14:02:46 Required role: operator/list, rolegroup: operator, user role: operator/*
2018/10/12 14:02:46 Required role: operator/list, rolegroup: operator, user role: operator/*
2018/10/12 14:02:46 Required role: interest/list, rolegroup: interest, user role: interest/*
2018/10/12 14:02:46 Required role: interest/list, rolegroup: interest, user role: interest/*
2018/10/12 14:02:46 Required role: operator/list, rolegroup: operator, user role: operator/*
2018/10/12 14:02:46 Required role: operator/new, rolegroup: operator, user role: operator/*
2018/10/12 14:02:46 Required role: operator/list, rolegroup: operator, user role: operator/*
2018/10/12 14:02:46 Required role: interest/new, rolegroup: interest, user role: interest/*
2018/10/12 14:02:46 Required role: interest/list, rolegroup: interest, user role: interest/*
2018/10/12 14:02:46 Required role: interest/list, rolegroup: interest, user role: interest/*
2018/10/12 14:02:46 REGEXP FOUND: "^/admin/user/switchlanguage/([a-z])+$" in path "/admin/user/switchlanguage/en"

2018/10/12 14:02:46 Loggedin user is allowed (admin users)
2018/10/12 14:02:46 Redirecting to http://mos.48p.in/admin/mediatype/edit/6
2018/10/12 14:02:46 No render /admin/user/switchlanguage/en -> redirect
2018/10/12 14:02:46 Layout prepend running
2018/10/12 14:02:46 template scope is admin
2018/10/12 14:02:46 Adding css /vendor/bootstrap/css/bootstrap.min.css
2018/10/12 14:02:46 Adding css /vendor/metisMenu/metisMenu.min.css
2018/10/12 14:02:46 Adding css /assets/dist/css/sb-admin-2.css
2018/10/12 14:02:46 Adding css /vendor/morrisjs/morris.css
2018/10/12 14:02:46 Adding css /vendor/font-awesome/css/font-awesome.min.css
2018/10/12 14:02:46 Adding css /assets/summernote/summernote.css
2018/10/12 14:02:46 Adding css /assets/css/admin.css
2018/10/12 14:02:46 Logged out user allowed
2018/10/12 14:02:46 Anyone is allowed
2018/10/12 14:02:46 Required role: block/list, rolegroup: block, user role: block/*
2018/10/12 14:02:46 Required role: block/new, rolegroup: block, user role: block/*
2018/10/12 14:02:46 Loggedin user is allowed (admin users)
2018/10/12 14:02:46 Required role: config/index, rolegroup: config, user role: config/*
2018/10/12 14:02:46 Required role: config/index, rolegroup: config, user role: config/*
2018/10/12 14:02:46 Required role: media/list, rolegroup: media, user role: media/*
2018/10/12 14:02:46 Required role: media/new, rolegroup: media, user role: media/*
2018/10/12 14:02:46 Required role: media/list, rolegroup: media, user role: media/*
2018/10/12 14:02:46 Required role: mediatype/list, rolegroup: mediatype, user role: mediatype/*
2018/10/12 14:02:46 Required role: mediatype/new, rolegroup: mediatype, user role: mediatype/*
2018/10/12 14:02:46 Required role: mediatype/list, rolegroup: mediatype, user role: mediatype/*
2018/10/12 14:02:46 Required role: media/list, rolegroup: media, user role: media/*
2018/10/12 14:02:46 Required role: media/new, rolegroup: media, user role: media/*
2018/10/12 14:02:46 Required role: media/list, rolegroup: media, user role: media/*
2018/10/12 14:02:46 Required role: media/list, rolegroup: media, user role: media/*
2018/10/12 14:02:46 Required role: media/new, rolegroup: media, user role: media/*
2018/10/12 14:02:46 Required role: media/list, rolegroup: media, user role: media/*
2018/10/12 14:02:46 Required role: owner/list, rolegroup: owner, user role: owner/*
2018/10/12 14:02:46 Required role: owner/list, rolegroup: owner, user role: owner/*
2018/10/12 14:02:46 Required role: operator/list, rolegroup: operator, user role: operator/*
2018/10/12 14:02:46 Required role: operator/list, rolegroup: operator, user role: operator/*
2018/10/12 14:02:46 Required role: interest/list, rolegroup: interest, user role: interest/*
2018/10/12 14:02:46 Required role: interest/list, rolegroup: interest, user role: interest/*
2018/10/12 14:02:46 Required role: operator/list, rolegroup: operator, user role: operator/*
2018/10/12 14:02:46 Required role: operator/new, rolegroup: operator, user role: operator/*
2018/10/12 14:02:46 Required role: operator/list, rolegroup: operator, user role: operator/*
2018/10/12 14:02:46 Required role: interest/new, rolegroup: interest, user role: interest/*
2018/10/12 14:02:46 Required role: interest/list, rolegroup: interest, user role: interest/*
2018/10/12 14:02:46 Required role: interest/list, rolegroup: interest, user role: interest/*
2018/10/12 14:02:46 REGEXP FOUND: "^/admin/mediatype/edit/(\d)+$" in path "/admin/mediatype/edit/6"

2018/10/12 14:02:46 Required role: mediatype/edit, rolegroup: mediatype, user role: mediatype/*
2018/10/12 14:02:46 Rendering form
2018/10/12 14:02:46 Rendering fieldset
2018/10/12 14:02:46 Rendering hidden
2018/10/12 14:02:46 Rendering text
2018/10/12 14:02:46 Rendering input group
2018/10/12 14:02:46 Rendering fieldset
2018/10/12 14:02:46 Rendering button
2018/10/12 14:02:46 Rendering input group
2018/10/12 14:02:46 Render layout admin
2018/10/12 14:02:53 Changing language to en
2018/10/12 14:02:53 Layout prepend running
2018/10/12 14:02:53 Adding css /assets/css/main.css
2018/10/12 14:02:53 SELECT * FROM media_type ORDER BY id
2018/10/12 14:02:53 REGEXP FOUND: "^/?" in path "/"

2018/10/12 14:02:53 Anyone is allowed
2018/10/12 14:02:53 Render layout frontend
2018/10/12 14:02:55 Layout prepend running
2018/10/12 14:02:55 REGEXP FOUND: "^/media$" in path "/media"

2018/10/12 14:02:55 Anyone is allowed
2018/10/12 14:02:55 Render layout frontend
2018/10/12 14:02:55 Layout prepend running
2018/10/12 14:02:55 REGEXP FOUND: "^/connections$" in path "/connections"

2018/10/12 14:02:55 Anyone is allowed
2018/10/12 14:02:55 Layout prepend running
2018/10/12 14:02:55 REGEXP FOUND: "^/operators$" in path "/operators"

2018/10/12 14:02:55 Anyone is allowed
2018/10/12 14:02:55 Layout prepend running
2018/10/12 14:02:55 REGEXP FOUND: "^/owners$" in path "/owners"

2018/10/12 14:02:55 Anyone is allowed
2018/10/12 14:02:55 Layout prepend running
2018/10/12 14:02:55 REGEXP FOUND: "^/interests$" in path "/interests"

2018/10/12 14:02:55 Anyone is allowed
2018/10/12 14:02:55 Render layout frontend
2018/10/12 14:02:55 Render layout frontend
2018/10/12 14:03:15 Layout prepend running
2018/10/12 14:03:15 template scope is admin
2018/10/12 14:03:15 Adding css /vendor/bootstrap/css/bootstrap.min.css
2018/10/12 14:03:15 Adding css /vendor/metisMenu/metisMenu.min.css
2018/10/12 14:03:15 Adding css /assets/dist/css/sb-admin-2.css
2018/10/12 14:03:15 Adding css /vendor/morrisjs/morris.css
2018/10/12 14:03:15 Adding css /vendor/font-awesome/css/font-awesome.min.css
2018/10/12 14:03:15 Adding css /assets/summernote/summernote.css
2018/10/12 14:03:15 Adding css /assets/css/admin.css
2018/10/12 14:03:15 Logged out user allowed
2018/10/12 14:03:15 Anyone is allowed
2018/10/12 14:03:15 Required role: block/list, rolegroup: block, user role: block/*
2018/10/12 14:03:15 Required role: block/new, rolegroup: block, user role: block/*
2018/10/12 14:03:15 Loggedin user is allowed (admin users)
2018/10/12 14:03:15 Required role: config/index, rolegroup: config, user role: config/*
2018/10/12 14:03:15 Required role: config/index, rolegroup: config, user role: config/*
2018/10/12 14:03:15 Required role: media/list, rolegroup: media, user role: media/*
2018/10/12 14:03:15 Required role: media/new, rolegroup: media, user role: media/*
2018/10/12 14:03:15 Required role: media/list, rolegroup: media, user role: media/*
2018/10/12 14:03:15 Required role: mediatype/new, rolegroup: mediatype, user role: mediatype/*
2018/10/12 14:03:15 Required role: mediatype/list, rolegroup: mediatype, user role: mediatype/*
2018/10/12 14:03:15 Required role: mediatype/list, rolegroup: mediatype, user role: mediatype/*
2018/10/12 14:03:15 Required role: media/list, rolegroup: media, user role: media/*
2018/10/12 14:03:15 Required role: media/new, rolegroup: media, user role: media/*
2018/10/12 14:03:15 Required role: media/list, rolegroup: media, user role: media/*
2018/10/12 14:03:15 Required role: media/new, rolegroup: media, user role: media/*
2018/10/12 14:03:15 Required role: media/list, rolegroup: media, user role: media/*
2018/10/12 14:03:15 Required role: media/list, rolegroup: media, user role: media/*
2018/10/12 14:03:15 Required role: owner/list, rolegroup: owner, user role: owner/*
2018/10/12 14:03:15 Required role: owner/list, rolegroup: owner, user role: owner/*
2018/10/12 14:03:15 Required role: operator/list, rolegroup: operator, user role: operator/*
2018/10/12 14:03:15 Required role: operator/list, rolegroup: operator, user role: operator/*
2018/10/12 14:03:15 Required role: interest/list, rolegroup: interest, user role: interest/*
2018/10/12 14:03:15 Required role: interest/list, rolegroup: interest, user role: interest/*
2018/10/12 14:03:15 Required role: operator/list, rolegroup: operator, user role: operator/*
2018/10/12 14:03:15 Required role: operator/new, rolegroup: operator, user role: operator/*
2018/10/12 14:03:15 Required role: operator/list, rolegroup: operator, user role: operator/*
2018/10/12 14:03:15 Required role: interest/list, rolegroup: interest, user role: interest/*
2018/10/12 14:03:15 Required role: interest/new, rolegroup: interest, user role: interest/*
2018/10/12 14:03:15 Required role: interest/list, rolegroup: interest, user role: interest/*
2018/10/12 14:03:15 REGEXP FOUND: "^/admin/mediatype/?(index)?$" in path "/admin/mediatype/index"

2018/10/12 14:03:15 Required role: mediatype/list, rolegroup: mediatype, user role: mediatype/*
2018/10/12 14:03:15 SELECT * FROM media_type ORDER BY id DESC LIMIT 0,20
2018/10/12 14:03:15 media_type as m
2018/10/12 14:03:15 SELECT COUNT(m.`id`) FROM media_type as m
2018/10/12 14:03:15 Rendering form
2018/10/12 14:03:15 Rendering fieldset
2018/10/12 14:03:15 Rendering text
2018/10/12 14:03:15 Rendering input group
2018/10/12 14:03:15 Rendering text
2018/10/12 14:03:15 Rendering input group
2018/10/12 14:03:15 Rendering fieldset
2018/10/12 14:03:15 Rendering button
2018/10/12 14:03:15 Rendering input group
2018/10/12 14:03:15 Render layout admin
