2018/11/15 12:02:21 Setting default language to user
2018/11/15 12:07:21 Setting default language to user
2018/11/15 12:12:21 Setting default language to user
2018/11/15 12:17:21 Setting default language to user
2018/11/15 12:22:21 Setting default language to user
2018/11/15 12:27:21 Setting default language to user
2018/11/15 12:32:21 Setting default language to user
2018/11/15 12:37:21 Setting default language to user
2018/11/15 12:42:21 Setting default language to user
2018/11/15 12:47:21 Setting default language to user
2018/11/15 12:52:21 Setting default language to user
2018/11/15 12:54:54 Setting default language to user
2018/11/15 12:54:54 Layout prepend running
2018/11/15 12:54:54 Adding css /assets/css/main.css
2018/11/15 12:54:54 SELECT * FROM media_type ORDER BY id
2018/11/15 12:54:54 REGEXP FOUND: "^/?" in path "/"

2018/11/15 12:54:54 Anyone is allowed
2018/11/15 12:54:54 Render layout frontend
2018/11/15 12:54:54 Layout prepend running
2018/11/15 12:54:54 REGEXP FOUND: "^/media$" in path "/media"

2018/11/15 12:54:54 Anyone is allowed
2018/11/15 12:54:54 Render layout frontend
2018/11/15 12:54:54 Layout prepend running
2018/11/15 12:54:54 REGEXP FOUND: "^/connections$" in path "/connections"

2018/11/15 12:54:54 Anyone is allowed
2018/11/15 12:54:54 Render layout frontend
2018/11/15 12:54:54 Layout prepend running
2018/11/15 12:54:54 REGEXP FOUND: "^/interests$" in path "/interests"

2018/11/15 12:54:54 Anyone is allowed
2018/11/15 12:54:54 Render layout frontend
2018/11/15 12:54:54 Layout prepend running
2018/11/15 12:54:54 REGEXP FOUND: "^/operators$" in path "/operators"

2018/11/15 12:54:54 Anyone is allowed
2018/11/15 12:54:54 Render layout frontend
2018/11/15 12:54:55 Layout prepend running
2018/11/15 12:54:55 REGEXP FOUND: "^/owners$" in path "/owners"

2018/11/15 12:54:55 Anyone is allowed
2018/11/15 12:54:55 Render layout frontend
2018/11/15 12:57:21 Setting default language to user
