2018/10/12 08:27:42 Setting default language to user
2018/10/12 08:27:42 Layout prepend running
2018/10/12 08:27:42 Adding css /assets/css/main.css
2018/10/12 08:27:42 SELECT * FROM media_type ORDER BY id
2018/10/12 08:27:42 REGEXP FOUND: "^/?" in path "/"

2018/10/12 08:27:42 Anyone is allowed
2018/10/12 08:27:42 Render layout frontend
2018/10/12 08:27:44 Layout prepend running
2018/10/12 08:27:44 REGEXP FOUND: "^/connections$" in path "/connections"

2018/10/12 08:27:44 Anyone is allowed
2018/10/12 08:27:44 Layout prepend running
2018/10/12 08:27:44 REGEXP FOUND: "^/media$" in path "/media"

2018/10/12 08:27:44 Anyone is allowed
2018/10/12 08:27:44 Layout prepend running
2018/10/12 08:27:44 REGEXP FOUND: "^/owners$" in path "/owners"

2018/10/12 08:27:44 Anyone is allowed
2018/10/12 08:27:44 Layout prepend running
2018/10/12 08:27:44 REGEXP FOUND: "^/operators$" in path "/operators"

2018/10/12 08:27:44 Anyone is allowed
2018/10/12 08:27:44 Render layout frontend
2018/10/12 08:27:44 Layout prepend running
2018/10/12 08:27:44 REGEXP FOUND: "^/interests$" in path "/interests"

2018/10/12 08:27:44 Anyone is allowed
2018/10/12 08:27:44 Render layout frontend
2018/10/12 08:27:45 Layout prepend running
2018/10/12 08:27:45 template scope is admin
2018/10/12 08:27:45 Adding css /vendor/bootstrap/css/bootstrap.min.css
2018/10/12 08:27:45 Adding css /vendor/metisMenu/metisMenu.min.css
2018/10/12 08:27:45 Adding css /assets/dist/css/sb-admin-2.css
2018/10/12 08:27:45 Adding css /vendor/morrisjs/morris.css
2018/10/12 08:27:45 Adding css /vendor/font-awesome/css/font-awesome.min.css
2018/10/12 08:27:45 Adding css /assets/summernote/summernote.css
2018/10/12 08:27:45 Adding css /assets/css/admin.css
2018/10/12 08:27:45 Logged out user allowed
2018/10/12 08:27:45 Anyone is allowed
2018/10/12 08:27:45 Loggedin user is allowed (admin users)
2018/10/12 08:27:45 REGEXP FOUND: "/admin/?$" in path "/admin"

2018/10/12 08:27:45 Logged out user allowed
2018/10/12 08:27:45 Render layout admin
2018/10/12 08:27:47 Layout prepend running
2018/10/12 08:27:47 template scope is admin
2018/10/12 08:27:47 Adding css /vendor/bootstrap/css/bootstrap.min.css
2018/10/12 08:27:47 Adding css /vendor/metisMenu/metisMenu.min.css
2018/10/12 08:27:47 Adding css /assets/dist/css/sb-admin-2.css
2018/10/12 08:27:47 Adding css /vendor/morrisjs/morris.css
2018/10/12 08:27:47 Adding css /vendor/font-awesome/css/font-awesome.min.css
2018/10/12 08:27:47 Adding css /assets/summernote/summernote.css
2018/10/12 08:27:47 Adding css /assets/css/admin.css
2018/10/12 08:27:47 Logged out user allowed
2018/10/12 08:27:47 Anyone is allowed
2018/10/12 08:27:47 Loggedin user is allowed (admin users)
2018/10/12 08:27:47 REGEXP FOUND: "^/admin/user/loginpost$" in path "/admin/user/loginpost"

2018/10/12 08:27:47 Logged out user allowed
2018/10/12 08:27:47 SELECT * FROM user where email = ?
2018/10/12 08:27:47 Logging in
2018/10/12 08:27:47 Redirecting to /admin/user/welcome
2018/10/12 08:27:47 No render /admin/user/loginpost -> redirect
2018/10/12 08:27:47 Layout prepend running
2018/10/12 08:27:47 template scope is admin
2018/10/12 08:27:47 Adding css /vendor/bootstrap/css/bootstrap.min.css
2018/10/12 08:27:47 Adding css /vendor/metisMenu/metisMenu.min.css
2018/10/12 08:27:47 Adding css /assets/dist/css/sb-admin-2.css
2018/10/12 08:27:47 Adding css /vendor/morrisjs/morris.css
2018/10/12 08:27:47 Adding css /vendor/font-awesome/css/font-awesome.min.css
2018/10/12 08:27:47 Adding css /assets/summernote/summernote.css
2018/10/12 08:27:47 Adding css /assets/css/admin.css
2018/10/12 08:27:47 Logged out user allowed
2018/10/12 08:27:47 Required role: user/list, rolegroup: user, user role: user/*
2018/10/12 08:27:47 Required role: user/new, rolegroup: user, user role: user/*
2018/10/12 08:27:47 Anyone is allowed
2018/10/12 08:27:47 Required role: block/list, rolegroup: block, user role: block/*
2018/10/12 08:27:47 Required role: block/new, rolegroup: block, user role: block/*
2018/10/12 08:27:47 Loggedin user is allowed (admin users)
2018/10/12 08:27:47 Required role: config/index, rolegroup: config, user role: config/*
2018/10/12 08:27:47 Required role: config/index, rolegroup: config, user role: config/*
2018/10/12 08:27:47 Required role: media/list, rolegroup: media, user role: media/*
2018/10/12 08:27:47 Required role: media/new, rolegroup: media, user role: media/*
2018/10/12 08:27:47 Required role: media/list, rolegroup: media, user role: media/*
2018/10/12 08:27:47 Required role: mediatype/list, rolegroup: mediatype, user role: mediatype/*
2018/10/12 08:27:47 Required role: mediatype/new, rolegroup: mediatype, user role: mediatype/*
2018/10/12 08:27:47 Required role: mediatype/list, rolegroup: mediatype, user role: mediatype/*
2018/10/12 08:27:47 Required role: media/list, rolegroup: media, user role: media/*
2018/10/12 08:27:47 Required role: media/new, rolegroup: media, user role: media/*
2018/10/12 08:27:47 Required role: media/list, rolegroup: media, user role: media/*
2018/10/12 08:27:47 Required role: media/new, rolegroup: media, user role: media/*
2018/10/12 08:27:47 Required role: media/list, rolegroup: media, user role: media/*
2018/10/12 08:27:47 Required role: media/list, rolegroup: media, user role: media/*
2018/10/12 08:27:47 Required role: owner/list, rolegroup: owner, user role: owner/*
2018/10/12 08:27:47 Required role: owner/list, rolegroup: owner, user role: owner/*
2018/10/12 08:27:47 Required role: operator/list, rolegroup: operator, user role: operator/*
2018/10/12 08:27:47 Required role: operator/list, rolegroup: operator, user role: operator/*
2018/10/12 08:27:47 Required role: interest/list, rolegroup: interest, user role: interest/*
2018/10/12 08:27:47 Required role: interest/list, rolegroup: interest, user role: interest/*
2018/10/12 08:27:47 Required role: operator/list, rolegroup: operator, user role: operator/*
2018/10/12 08:27:47 Required role: operator/new, rolegroup: operator, user role: operator/*
2018/10/12 08:27:47 Required role: operator/list, rolegroup: operator, user role: operator/*
2018/10/12 08:27:47 Required role: interest/list, rolegroup: interest, user role: interest/*
2018/10/12 08:27:47 Required role: interest/new, rolegroup: interest, user role: interest/*
2018/10/12 08:27:47 Required role: interest/list, rolegroup: interest, user role: interest/*
2018/10/12 08:27:47 REGEXP FOUND: "^/admin/user/welcome$" in path "/admin/user/welcome"

2018/10/12 08:27:47 Loggedin user is allowed (admin users)
2018/10/12 08:27:47 Render layout admin
2018/10/12 08:27:52 Layout prepend running
2018/10/12 08:27:52 template scope is admin
2018/10/12 08:27:52 Adding css /vendor/bootstrap/css/bootstrap.min.css
2018/10/12 08:27:52 Adding css /vendor/metisMenu/metisMenu.min.css
2018/10/12 08:27:52 Adding css /assets/dist/css/sb-admin-2.css
2018/10/12 08:27:52 Adding css /vendor/morrisjs/morris.css
2018/10/12 08:27:52 Adding css /vendor/font-awesome/css/font-awesome.min.css
2018/10/12 08:27:52 Adding css /assets/summernote/summernote.css
2018/10/12 08:27:52 Adding css /assets/css/admin.css
2018/10/12 08:27:52 Logged out user allowed
2018/10/12 08:27:52 Required role: user/list, rolegroup: user, user role: user/*
2018/10/12 08:27:52 Required role: user/new, rolegroup: user, user role: user/*
2018/10/12 08:27:52 Anyone is allowed
2018/10/12 08:27:52 Required role: block/list, rolegroup: block, user role: block/*
2018/10/12 08:27:52 Required role: block/new, rolegroup: block, user role: block/*
2018/10/12 08:27:52 Loggedin user is allowed (admin users)
2018/10/12 08:27:52 Required role: config/index, rolegroup: config, user role: config/*
2018/10/12 08:27:52 Required role: config/index, rolegroup: config, user role: config/*
2018/10/12 08:27:52 Required role: media/list, rolegroup: media, user role: media/*
2018/10/12 08:27:52 Required role: media/new, rolegroup: media, user role: media/*
2018/10/12 08:27:52 Required role: media/list, rolegroup: media, user role: media/*
2018/10/12 08:27:52 Required role: mediatype/list, rolegroup: mediatype, user role: mediatype/*
2018/10/12 08:27:52 Required role: mediatype/new, rolegroup: mediatype, user role: mediatype/*
2018/10/12 08:27:52 Required role: mediatype/list, rolegroup: mediatype, user role: mediatype/*
2018/10/12 08:27:52 Required role: media/list, rolegroup: media, user role: media/*
2018/10/12 08:27:52 Required role: media/new, rolegroup: media, user role: media/*
2018/10/12 08:27:52 Required role: media/list, rolegroup: media, user role: media/*
2018/10/12 08:27:52 Required role: media/list, rolegroup: media, user role: media/*
2018/10/12 08:27:52 Required role: media/new, rolegroup: media, user role: media/*
2018/10/12 08:27:52 Required role: media/list, rolegroup: media, user role: media/*
2018/10/12 08:27:52 Required role: owner/list, rolegroup: owner, user role: owner/*
2018/10/12 08:27:52 Required role: owner/list, rolegroup: owner, user role: owner/*
2018/10/12 08:27:52 Required role: operator/list, rolegroup: operator, user role: operator/*
2018/10/12 08:27:52 Required role: operator/list, rolegroup: operator, user role: operator/*
2018/10/12 08:27:52 Required role: interest/list, rolegroup: interest, user role: interest/*
2018/10/12 08:27:52 Required role: interest/list, rolegroup: interest, user role: interest/*
2018/10/12 08:27:52 Required role: operator/list, rolegroup: operator, user role: operator/*
2018/10/12 08:27:52 Required role: operator/new, rolegroup: operator, user role: operator/*
2018/10/12 08:27:52 Required role: operator/list, rolegroup: operator, user role: operator/*
2018/10/12 08:27:52 Required role: interest/list, rolegroup: interest, user role: interest/*
2018/10/12 08:27:52 Required role: interest/new, rolegroup: interest, user role: interest/*
2018/10/12 08:27:52 Required role: interest/list, rolegroup: interest, user role: interest/*
2018/10/12 08:27:52 REGEXP FOUND: "^/admin/block/?(index)?$" in path "/admin/block/index"

2018/10/12 08:27:52 Required role: block/list, rolegroup: block, user role: block/*
2018/10/12 08:27:52 SELECT * FROM block WHERE `lc` = "hu" ORDER BY id DESC LIMIT 0,20
2018/10/12 08:27:52 block as m
2018/10/12 08:27:52 SELECT COUNT(m.`id`) FROM block as m WHERE `lc` = "hu"
2018/10/12 08:27:52 Rendering form
2018/10/12 08:27:52 Rendering fieldset
2018/10/12 08:27:52 Rendering text
2018/10/12 08:27:52 Rendering input group
2018/10/12 08:27:52 Rendering text
2018/10/12 08:27:52 Rendering input group
2018/10/12 08:27:52 Rendering text
2018/10/12 08:27:52 Rendering input group
2018/10/12 08:27:52 Rendering fieldset
2018/10/12 08:27:52 Rendering button
2018/10/12 08:27:52 Rendering input group
2018/10/12 08:27:52 Render layout admin
2018/10/12 08:28:05 Layout prepend running
2018/10/12 08:28:05 template scope is admin
2018/10/12 08:28:05 Adding css /vendor/bootstrap/css/bootstrap.min.css
2018/10/12 08:28:05 Adding css /vendor/metisMenu/metisMenu.min.css
2018/10/12 08:28:05 Adding css /assets/dist/css/sb-admin-2.css
2018/10/12 08:28:05 Adding css /vendor/morrisjs/morris.css
2018/10/12 08:28:05 Adding css /vendor/font-awesome/css/font-awesome.min.css
2018/10/12 08:28:05 Adding css /assets/summernote/summernote.css
2018/10/12 08:28:05 Adding css /assets/css/admin.css
2018/10/12 08:28:05 Logged out user allowed
2018/10/12 08:28:05 Required role: user/list, rolegroup: user, user role: user/*
2018/10/12 08:28:05 Required role: user/new, rolegroup: user, user role: user/*
2018/10/12 08:28:05 Anyone is allowed
2018/10/12 08:28:05 Required role: block/list, rolegroup: block, user role: block/*
2018/10/12 08:28:05 Required role: block/new, rolegroup: block, user role: block/*
2018/10/12 08:28:05 Loggedin user is allowed (admin users)
2018/10/12 08:28:05 Required role: config/index, rolegroup: config, user role: config/*
2018/10/12 08:28:05 Required role: config/index, rolegroup: config, user role: config/*
2018/10/12 08:28:05 Required role: media/list, rolegroup: media, user role: media/*
2018/10/12 08:28:05 Required role: media/new, rolegroup: media, user role: media/*
2018/10/12 08:28:05 Required role: media/list, rolegroup: media, user role: media/*
2018/10/12 08:28:05 Required role: mediatype/list, rolegroup: mediatype, user role: mediatype/*
2018/10/12 08:28:05 Required role: mediatype/new, rolegroup: mediatype, user role: mediatype/*
2018/10/12 08:28:05 Required role: mediatype/list, rolegroup: mediatype, user role: mediatype/*
2018/10/12 08:28:05 Required role: media/list, rolegroup: media, user role: media/*
2018/10/12 08:28:05 Required role: media/new, rolegroup: media, user role: media/*
2018/10/12 08:28:05 Required role: media/list, rolegroup: media, user role: media/*
2018/10/12 08:28:05 Required role: media/list, rolegroup: media, user role: media/*
2018/10/12 08:28:05 Required role: media/new, rolegroup: media, user role: media/*
2018/10/12 08:28:05 Required role: media/list, rolegroup: media, user role: media/*
2018/10/12 08:28:05 Required role: owner/list, rolegroup: owner, user role: owner/*
2018/10/12 08:28:05 Required role: owner/list, rolegroup: owner, user role: owner/*
2018/10/12 08:28:05 Required role: operator/list, rolegroup: operator, user role: operator/*
2018/10/12 08:28:05 Required role: operator/list, rolegroup: operator, user role: operator/*
2018/10/12 08:28:05 Required role: interest/list, rolegroup: interest, user role: interest/*
2018/10/12 08:28:05 Required role: interest/list, rolegroup: interest, user role: interest/*
2018/10/12 08:28:05 Required role: operator/list, rolegroup: operator, user role: operator/*
2018/10/12 08:28:05 Required role: operator/new, rolegroup: operator, user role: operator/*
2018/10/12 08:28:05 Required role: operator/list, rolegroup: operator, user role: operator/*
2018/10/12 08:28:05 Required role: interest/list, rolegroup: interest, user role: interest/*
2018/10/12 08:28:05 Required role: interest/new, rolegroup: interest, user role: interest/*
2018/10/12 08:28:05 Required role: interest/list, rolegroup: interest, user role: interest/*
2018/10/12 08:28:05 REGEXP FOUND: "^/admin/user/switchlanguage/([a-z])+$" in path "/admin/user/switchlanguage/en"

2018/10/12 08:28:05 Loggedin user is allowed (admin users)
2018/10/12 08:28:05 Redirecting to http://mos.48p.in/admin/block/index
2018/10/12 08:28:05 No render /admin/user/switchlanguage/en -> redirect
2018/10/12 08:28:05 Layout prepend running
2018/10/12 08:28:05 template scope is admin
2018/10/12 08:28:05 Adding css /vendor/bootstrap/css/bootstrap.min.css
2018/10/12 08:28:05 Adding css /vendor/metisMenu/metisMenu.min.css
2018/10/12 08:28:05 Adding css /assets/dist/css/sb-admin-2.css
2018/10/12 08:28:05 Adding css /vendor/morrisjs/morris.css
2018/10/12 08:28:05 Adding css /vendor/font-awesome/css/font-awesome.min.css
2018/10/12 08:28:05 Adding css /assets/summernote/summernote.css
2018/10/12 08:28:05 Adding css /assets/css/admin.css
2018/10/12 08:28:05 Logged out user allowed
2018/10/12 08:28:05 Required role: user/list, rolegroup: user, user role: user/*
2018/10/12 08:28:05 Required role: user/new, rolegroup: user, user role: user/*
2018/10/12 08:28:05 Anyone is allowed
2018/10/12 08:28:05 Required role: block/list, rolegroup: block, user role: block/*
2018/10/12 08:28:05 Required role: block/new, rolegroup: block, user role: block/*
2018/10/12 08:28:05 Loggedin user is allowed (admin users)
2018/10/12 08:28:05 Required role: config/index, rolegroup: config, user role: config/*
2018/10/12 08:28:05 Required role: config/index, rolegroup: config, user role: config/*
2018/10/12 08:28:05 Required role: media/new, rolegroup: media, user role: media/*
2018/10/12 08:28:05 Required role: media/list, rolegroup: media, user role: media/*
2018/10/12 08:28:05 Required role: media/list, rolegroup: media, user role: media/*
2018/10/12 08:28:05 Required role: mediatype/list, rolegroup: mediatype, user role: mediatype/*
2018/10/12 08:28:05 Required role: mediatype/new, rolegroup: mediatype, user role: mediatype/*
2018/10/12 08:28:05 Required role: mediatype/list, rolegroup: mediatype, user role: mediatype/*
2018/10/12 08:28:05 Required role: media/list, rolegroup: media, user role: media/*
2018/10/12 08:28:05 Required role: media/new, rolegroup: media, user role: media/*
2018/10/12 08:28:05 Required role: media/list, rolegroup: media, user role: media/*
2018/10/12 08:28:05 Required role: media/list, rolegroup: media, user role: media/*
2018/10/12 08:28:05 Required role: media/new, rolegroup: media, user role: media/*
2018/10/12 08:28:05 Required role: media/list, rolegroup: media, user role: media/*
2018/10/12 08:28:05 Required role: owner/list, rolegroup: owner, user role: owner/*
2018/10/12 08:28:05 Required role: owner/list, rolegroup: owner, user role: owner/*
2018/10/12 08:28:05 Required role: operator/list, rolegroup: operator, user role: operator/*
2018/10/12 08:28:05 Required role: operator/list, rolegroup: operator, user role: operator/*
2018/10/12 08:28:05 Required role: interest/list, rolegroup: interest, user role: interest/*
2018/10/12 08:28:05 Required role: interest/list, rolegroup: interest, user role: interest/*
2018/10/12 08:28:05 Required role: operator/list, rolegroup: operator, user role: operator/*
2018/10/12 08:28:05 Required role: operator/new, rolegroup: operator, user role: operator/*
2018/10/12 08:28:05 Required role: operator/list, rolegroup: operator, user role: operator/*
2018/10/12 08:28:05 Required role: interest/list, rolegroup: interest, user role: interest/*
2018/10/12 08:28:05 Required role: interest/new, rolegroup: interest, user role: interest/*
2018/10/12 08:28:05 Required role: interest/list, rolegroup: interest, user role: interest/*
2018/10/12 08:28:05 REGEXP FOUND: "^/admin/block/?(index)?$" in path "/admin/block/index"

2018/10/12 08:28:05 Required role: block/list, rolegroup: block, user role: block/*
2018/10/12 08:28:05 SELECT * FROM block WHERE `lc` = "en" ORDER BY id DESC LIMIT 0,20
2018/10/12 08:28:05 block as m
2018/10/12 08:28:05 SELECT COUNT(m.`id`) FROM block as m WHERE `lc` = "en"
2018/10/12 08:28:05 Rendering form
2018/10/12 08:28:05 Rendering fieldset
2018/10/12 08:28:05 Rendering text
2018/10/12 08:28:05 Rendering input group
2018/10/12 08:28:05 Rendering text
2018/10/12 08:28:05 Rendering input group
2018/10/12 08:28:05 Rendering text
2018/10/12 08:28:05 Rendering input group
2018/10/12 08:28:05 Rendering fieldset
2018/10/12 08:28:05 Rendering button
2018/10/12 08:28:05 Rendering input group
2018/10/12 08:28:05 Render layout admin
2018/10/12 08:28:16 Layout prepend running
2018/10/12 08:28:16 template scope is admin
2018/10/12 08:28:16 Adding css /vendor/bootstrap/css/bootstrap.min.css
2018/10/12 08:28:16 Adding css /vendor/metisMenu/metisMenu.min.css
2018/10/12 08:28:16 Adding css /assets/dist/css/sb-admin-2.css
2018/10/12 08:28:16 Adding css /vendor/morrisjs/morris.css
2018/10/12 08:28:16 Adding css /vendor/font-awesome/css/font-awesome.min.css
2018/10/12 08:28:16 Adding css /assets/summernote/summernote.css
2018/10/12 08:28:16 Adding css /assets/css/admin.css
2018/10/12 08:28:16 Logged out user allowed
2018/10/12 08:28:16 Required role: user/list, rolegroup: user, user role: user/*
2018/10/12 08:28:16 Required role: user/new, rolegroup: user, user role: user/*
2018/10/12 08:28:16 Anyone is allowed
2018/10/12 08:28:16 Required role: block/new, rolegroup: block, user role: block/*
2018/10/12 08:28:16 Required role: block/list, rolegroup: block, user role: block/*
2018/10/12 08:28:16 Loggedin user is allowed (admin users)
2018/10/12 08:28:16 Required role: config/index, rolegroup: config, user role: config/*
2018/10/12 08:28:16 Required role: config/index, rolegroup: config, user role: config/*
2018/10/12 08:28:16 Required role: media/list, rolegroup: media, user role: media/*
2018/10/12 08:28:16 Required role: media/new, rolegroup: media, user role: media/*
2018/10/12 08:28:16 Required role: media/list, rolegroup: media, user role: media/*
2018/10/12 08:28:16 Required role: mediatype/list, rolegroup: mediatype, user role: mediatype/*
2018/10/12 08:28:16 Required role: mediatype/new, rolegroup: mediatype, user role: mediatype/*
2018/10/12 08:28:16 Required role: mediatype/list, rolegroup: mediatype, user role: mediatype/*
2018/10/12 08:28:16 Required role: media/list, rolegroup: media, user role: media/*
2018/10/12 08:28:16 Required role: media/new, rolegroup: media, user role: media/*
2018/10/12 08:28:16 Required role: media/list, rolegroup: media, user role: media/*
2018/10/12 08:28:16 Required role: media/list, rolegroup: media, user role: media/*
2018/10/12 08:28:16 Required role: media/new, rolegroup: media, user role: media/*
2018/10/12 08:28:16 Required role: media/list, rolegroup: media, user role: media/*
2018/10/12 08:28:16 Required role: owner/list, rolegroup: owner, user role: owner/*
2018/10/12 08:28:16 Required role: owner/list, rolegroup: owner, user role: owner/*
2018/10/12 08:28:16 Required role: operator/list, rolegroup: operator, user role: operator/*
2018/10/12 08:28:16 Required role: operator/list, rolegroup: operator, user role: operator/*
2018/10/12 08:28:16 Required role: interest/list, rolegroup: interest, user role: interest/*
2018/10/12 08:28:16 Required role: interest/list, rolegroup: interest, user role: interest/*
2018/10/12 08:28:16 Required role: operator/list, rolegroup: operator, user role: operator/*
2018/10/12 08:28:16 Required role: operator/new, rolegroup: operator, user role: operator/*
2018/10/12 08:28:16 Required role: operator/list, rolegroup: operator, user role: operator/*
2018/10/12 08:28:16 Required role: interest/list, rolegroup: interest, user role: interest/*
2018/10/12 08:28:16 Required role: interest/new, rolegroup: interest, user role: interest/*
2018/10/12 08:28:16 Required role: interest/list, rolegroup: interest, user role: interest/*
2018/10/12 08:28:16 REGEXP FOUND: "^/admin/user/switchlanguage/([a-z])+$" in path "/admin/user/switchlanguage/hu"

2018/10/12 08:28:16 Loggedin user is allowed (admin users)
2018/10/12 08:28:16 Redirecting to http://mos.48p.in/admin/block/index
2018/10/12 08:28:16 No render /admin/user/switchlanguage/hu -> redirect
2018/10/12 08:28:16 Layout prepend running
2018/10/12 08:28:16 template scope is admin
2018/10/12 08:28:16 Adding css /vendor/bootstrap/css/bootstrap.min.css
2018/10/12 08:28:16 Adding css /vendor/metisMenu/metisMenu.min.css
2018/10/12 08:28:16 Adding css /assets/dist/css/sb-admin-2.css
2018/10/12 08:28:16 Adding css /vendor/morrisjs/morris.css
2018/10/12 08:28:16 Adding css /vendor/font-awesome/css/font-awesome.min.css
2018/10/12 08:28:16 Adding css /assets/summernote/summernote.css
2018/10/12 08:28:16 Adding css /assets/css/admin.css
2018/10/12 08:28:16 Required role: user/new, rolegroup: user, user role: user/*
2018/10/12 08:28:16 Logged out user allowed
2018/10/12 08:28:16 Required role: user/list, rolegroup: user, user role: user/*
2018/10/12 08:28:16 Anyone is allowed
2018/10/12 08:28:16 Required role: block/new, rolegroup: block, user role: block/*
2018/10/12 08:28:16 Required role: block/list, rolegroup: block, user role: block/*
2018/10/12 08:28:16 Loggedin user is allowed (admin users)
2018/10/12 08:28:16 Required role: config/index, rolegroup: config, user role: config/*
2018/10/12 08:28:16 Required role: config/index, rolegroup: config, user role: config/*
2018/10/12 08:28:16 Required role: media/new, rolegroup: media, user role: media/*
2018/10/12 08:28:16 Required role: media/list, rolegroup: media, user role: media/*
2018/10/12 08:28:16 Required role: media/list, rolegroup: media, user role: media/*
2018/10/12 08:28:16 Required role: mediatype/list, rolegroup: mediatype, user role: mediatype/*
2018/10/12 08:28:16 Required role: mediatype/new, rolegroup: mediatype, user role: mediatype/*
2018/10/12 08:28:16 Required role: mediatype/list, rolegroup: mediatype, user role: mediatype/*
2018/10/12 08:28:16 Required role: media/list, rolegroup: media, user role: media/*
2018/10/12 08:28:16 Required role: media/new, rolegroup: media, user role: media/*
2018/10/12 08:28:16 Required role: media/list, rolegroup: media, user role: media/*
2018/10/12 08:28:16 Required role: media/list, rolegroup: media, user role: media/*
2018/10/12 08:28:16 Required role: media/new, rolegroup: media, user role: media/*
2018/10/12 08:28:16 Required role: media/list, rolegroup: media, user role: media/*
2018/10/12 08:28:16 Required role: owner/list, rolegroup: owner, user role: owner/*
2018/10/12 08:28:16 Required role: owner/list, rolegroup: owner, user role: owner/*
2018/10/12 08:28:16 Required role: operator/list, rolegroup: operator, user role: operator/*
2018/10/12 08:28:16 Required role: operator/list, rolegroup: operator, user role: operator/*
2018/10/12 08:28:16 Required role: interest/list, rolegroup: interest, user role: interest/*
2018/10/12 08:28:16 Required role: interest/list, rolegroup: interest, user role: interest/*
2018/10/12 08:28:16 Required role: operator/list, rolegroup: operator, user role: operator/*
2018/10/12 08:28:16 Required role: operator/new, rolegroup: operator, user role: operator/*
2018/10/12 08:28:16 Required role: operator/list, rolegroup: operator, user role: operator/*
2018/10/12 08:28:16 Required role: interest/list, rolegroup: interest, user role: interest/*
2018/10/12 08:28:16 Required role: interest/new, rolegroup: interest, user role: interest/*
2018/10/12 08:28:16 Required role: interest/list, rolegroup: interest, user role: interest/*
2018/10/12 08:28:16 REGEXP FOUND: "^/admin/block/?(index)?$" in path "/admin/block/index"

2018/10/12 08:28:16 Required role: block/list, rolegroup: block, user role: block/*
2018/10/12 08:28:16 SELECT * FROM block WHERE `lc` = "hu" ORDER BY id DESC LIMIT 0,20
2018/10/12 08:28:16 block as m
2018/10/12 08:28:16 SELECT COUNT(m.`id`) FROM block as m WHERE `lc` = "hu"
2018/10/12 08:28:16 Rendering form
2018/10/12 08:28:16 Rendering fieldset
2018/10/12 08:28:16 Rendering text
2018/10/12 08:28:16 Rendering input group
2018/10/12 08:28:16 Rendering text
2018/10/12 08:28:16 Rendering input group
2018/10/12 08:28:16 Rendering text
2018/10/12 08:28:16 Rendering input group
2018/10/12 08:28:16 Rendering fieldset
2018/10/12 08:28:16 Rendering button
2018/10/12 08:28:16 Rendering input group
2018/10/12 08:28:16 Render layout admin
2018/10/12 08:28:19 Layout prepend running
2018/10/12 08:28:19 template scope is admin
2018/10/12 08:28:19 Adding css /vendor/bootstrap/css/bootstrap.min.css
2018/10/12 08:28:19 Adding css /vendor/metisMenu/metisMenu.min.css
2018/10/12 08:28:19 Adding css /assets/dist/css/sb-admin-2.css
2018/10/12 08:28:19 Adding css /vendor/morrisjs/morris.css
2018/10/12 08:28:19 Adding css /vendor/font-awesome/css/font-awesome.min.css
2018/10/12 08:28:19 Adding css /assets/summernote/summernote.css
2018/10/12 08:28:19 Adding css /assets/css/admin.css
2018/10/12 08:28:19 Logged out user allowed
2018/10/12 08:28:19 Required role: user/list, rolegroup: user, user role: user/*
2018/10/12 08:28:19 Required role: user/new, rolegroup: user, user role: user/*
2018/10/12 08:28:19 Anyone is allowed
2018/10/12 08:28:19 Required role: block/list, rolegroup: block, user role: block/*
2018/10/12 08:28:19 Required role: block/new, rolegroup: block, user role: block/*
2018/10/12 08:28:19 Loggedin user is allowed (admin users)
2018/10/12 08:28:19 Required role: config/index, rolegroup: config, user role: config/*
2018/10/12 08:28:19 Required role: config/index, rolegroup: config, user role: config/*
2018/10/12 08:28:19 Required role: media/list, rolegroup: media, user role: media/*
2018/10/12 08:28:19 Required role: media/new, rolegroup: media, user role: media/*
2018/10/12 08:28:19 Required role: media/list, rolegroup: media, user role: media/*
2018/10/12 08:28:19 Required role: mediatype/list, rolegroup: mediatype, user role: mediatype/*
2018/10/12 08:28:19 Required role: mediatype/new, rolegroup: mediatype, user role: mediatype/*
2018/10/12 08:28:19 Required role: mediatype/list, rolegroup: mediatype, user role: mediatype/*
2018/10/12 08:28:19 Required role: media/list, rolegroup: media, user role: media/*
2018/10/12 08:28:19 Required role: media/new, rolegroup: media, user role: media/*
2018/10/12 08:28:19 Required role: media/list, rolegroup: media, user role: media/*
2018/10/12 08:28:19 Required role: media/new, rolegroup: media, user role: media/*
2018/10/12 08:28:19 Required role: media/list, rolegroup: media, user role: media/*
2018/10/12 08:28:19 Required role: media/list, rolegroup: media, user role: media/*
2018/10/12 08:28:19 Required role: owner/list, rolegroup: owner, user role: owner/*
2018/10/12 08:28:19 Required role: owner/list, rolegroup: owner, user role: owner/*
2018/10/12 08:28:19 Required role: operator/list, rolegroup: operator, user role: operator/*
2018/10/12 08:28:19 Required role: operator/list, rolegroup: operator, user role: operator/*
2018/10/12 08:28:19 Required role: interest/list, rolegroup: interest, user role: interest/*
2018/10/12 08:28:19 Required role: interest/list, rolegroup: interest, user role: interest/*
2018/10/12 08:28:19 Required role: operator/list, rolegroup: operator, user role: operator/*
2018/10/12 08:28:19 Required role: operator/new, rolegroup: operator, user role: operator/*
2018/10/12 08:28:19 Required role: operator/list, rolegroup: operator, user role: operator/*
2018/10/12 08:28:19 Required role: interest/list, rolegroup: interest, user role: interest/*
2018/10/12 08:28:19 Required role: interest/new, rolegroup: interest, user role: interest/*
2018/10/12 08:28:19 Required role: interest/list, rolegroup: interest, user role: interest/*
2018/10/12 08:28:19 REGEXP FOUND: "^/admin/user/switchlanguage/([a-z])+$" in path "/admin/user/switchlanguage/en"

2018/10/12 08:28:19 Loggedin user is allowed (admin users)
2018/10/12 08:28:19 Redirecting to http://mos.48p.in/admin/block/index
2018/10/12 08:28:19 No render /admin/user/switchlanguage/en -> redirect
2018/10/12 08:28:19 Layout prepend running
2018/10/12 08:28:19 template scope is admin
2018/10/12 08:28:19 Adding css /vendor/bootstrap/css/bootstrap.min.css
2018/10/12 08:28:19 Adding css /vendor/metisMenu/metisMenu.min.css
2018/10/12 08:28:19 Adding css /assets/dist/css/sb-admin-2.css
2018/10/12 08:28:19 Adding css /vendor/morrisjs/morris.css
2018/10/12 08:28:19 Adding css /vendor/font-awesome/css/font-awesome.min.css
2018/10/12 08:28:19 Adding css /assets/summernote/summernote.css
2018/10/12 08:28:19 Adding css /assets/css/admin.css
2018/10/12 08:28:20 Logged out user allowed
2018/10/12 08:28:20 Required role: user/list, rolegroup: user, user role: user/*
2018/10/12 08:28:20 Required role: user/new, rolegroup: user, user role: user/*
2018/10/12 08:28:20 Anyone is allowed
2018/10/12 08:28:20 Required role: block/new, rolegroup: block, user role: block/*
2018/10/12 08:28:20 Required role: block/list, rolegroup: block, user role: block/*
2018/10/12 08:28:20 Loggedin user is allowed (admin users)
2018/10/12 08:28:20 Required role: config/index, rolegroup: config, user role: config/*
2018/10/12 08:28:20 Required role: config/index, rolegroup: config, user role: config/*
2018/10/12 08:28:20 Required role: media/new, rolegroup: media, user role: media/*
2018/10/12 08:28:20 Required role: media/list, rolegroup: media, user role: media/*
2018/10/12 08:28:20 Required role: media/list, rolegroup: media, user role: media/*
2018/10/12 08:28:20 Required role: mediatype/list, rolegroup: mediatype, user role: mediatype/*
2018/10/12 08:28:20 Required role: mediatype/new, rolegroup: mediatype, user role: mediatype/*
2018/10/12 08:28:20 Required role: mediatype/list, rolegroup: mediatype, user role: mediatype/*
2018/10/12 08:28:20 Required role: media/list, rolegroup: media, user role: media/*
2018/10/12 08:28:20 Required role: media/new, rolegroup: media, user role: media/*
2018/10/12 08:28:20 Required role: media/list, rolegroup: media, user role: media/*
2018/10/12 08:28:20 Required role: media/list, rolegroup: media, user role: media/*
2018/10/12 08:28:20 Required role: media/new, rolegroup: media, user role: media/*
2018/10/12 08:28:20 Required role: media/list, rolegroup: media, user role: media/*
2018/10/12 08:28:20 Required role: owner/list, rolegroup: owner, user role: owner/*
2018/10/12 08:28:20 Required role: owner/list, rolegroup: owner, user role: owner/*
2018/10/12 08:28:20 Required role: operator/list, rolegroup: operator, user role: operator/*
2018/10/12 08:28:20 Required role: operator/list, rolegroup: operator, user role: operator/*
2018/10/12 08:28:20 Required role: interest/list, rolegroup: interest, user role: interest/*
2018/10/12 08:28:20 Required role: interest/list, rolegroup: interest, user role: interest/*
2018/10/12 08:28:20 Required role: operator/new, rolegroup: operator, user role: operator/*
2018/10/12 08:28:20 Required role: operator/list, rolegroup: operator, user role: operator/*
2018/10/12 08:28:20 Required role: operator/list, rolegroup: operator, user role: operator/*
2018/10/12 08:28:20 Required role: interest/list, rolegroup: interest, user role: interest/*
2018/10/12 08:28:20 Required role: interest/new, rolegroup: interest, user role: interest/*
2018/10/12 08:28:20 Required role: interest/list, rolegroup: interest, user role: interest/*
2018/10/12 08:28:20 REGEXP FOUND: "^/admin/block/?(index)?$" in path "/admin/block/index"

2018/10/12 08:28:20 Required role: block/list, rolegroup: block, user role: block/*
2018/10/12 08:28:20 SELECT * FROM block WHERE `lc` = "en" ORDER BY id DESC LIMIT 0,20
2018/10/12 08:28:20 block as m
2018/10/12 08:28:20 SELECT COUNT(m.`id`) FROM block as m WHERE `lc` = "en"
2018/10/12 08:28:20 Rendering form
2018/10/12 08:28:20 Rendering fieldset
2018/10/12 08:28:20 Rendering text
2018/10/12 08:28:20 Rendering input group
2018/10/12 08:28:20 Rendering text
2018/10/12 08:28:20 Rendering input group
2018/10/12 08:28:20 Rendering text
2018/10/12 08:28:20 Rendering input group
2018/10/12 08:28:20 Rendering fieldset
2018/10/12 08:28:20 Rendering button
2018/10/12 08:28:20 Rendering input group
2018/10/12 08:28:20 Render layout admin
2018/10/12 08:34:44 Layout prepend running
2018/10/12 08:34:44 Adding css /assets/css/main.css
2018/10/12 08:34:44 SELECT * FROM media_type ORDER BY id
2018/10/12 08:34:44 REGEXP FOUND: "^/?" in path "/"

2018/10/12 08:34:44 Anyone is allowed
2018/10/12 08:34:44 Render layout frontend
2018/10/12 08:34:45 Layout prepend running
2018/10/12 08:34:46 REGEXP FOUND: "^/operators$" in path "/operators"

2018/10/12 08:34:46 Anyone is allowed
2018/10/12 08:34:46 Layout prepend running
2018/10/12 08:34:46 REGEXP FOUND: "^/media$" in path "/media"

2018/10/12 08:34:46 Anyone is allowed
2018/10/12 08:34:46 Render layout frontend
2018/10/12 08:34:46 Layout prepend running
2018/10/12 08:34:46 REGEXP FOUND: "^/connections$" in path "/connections"

2018/10/12 08:34:46 Anyone is allowed
2018/10/12 08:34:46 Layout prepend running
2018/10/12 08:34:46 REGEXP FOUND: "^/interests$" in path "/interests"

2018/10/12 08:34:46 Anyone is allowed
2018/10/12 08:34:46 Layout prepend running
2018/10/12 08:34:46 REGEXP FOUND: "^/owners$" in path "/owners"

2018/10/12 08:34:46 Anyone is allowed
2018/10/12 08:34:46 Render layout frontend
2018/10/12 08:55:50 Setting default language to user
2018/10/12 08:55:50 Layout prepend running
2018/10/12 08:55:50 Adding css /assets/css/main.css
2018/10/12 08:55:50 SELECT * FROM media_type ORDER BY id
2018/10/12 08:55:50 REGEXP FOUND: "^/?" in path "/"

2018/10/12 08:55:50 Anyone is allowed
2018/10/12 08:55:50 Render layout frontend
2018/10/12 08:55:53 Layout prepend running
2018/10/12 08:55:53 REGEXP FOUND: "^/media$" in path "/media"

2018/10/12 08:55:53 Anyone is allowed
2018/10/12 08:55:53 Layout prepend running
2018/10/12 08:55:53 REGEXP FOUND: "^/connections$" in path "/connections"

2018/10/12 08:55:53 Anyone is allowed
2018/10/12 08:55:53 Layout prepend running
2018/10/12 08:55:53 REGEXP FOUND: "^/owners$" in path "/owners"

2018/10/12 08:55:53 Anyone is allowed
2018/10/12 08:55:53 Layout prepend running
2018/10/12 08:55:53 REGEXP FOUND: "^/operators$" in path "/operators"

2018/10/12 08:55:53 Anyone is allowed
2018/10/12 08:55:53 Render layout frontend
2018/10/12 08:55:53 Render layout frontend
2018/10/12 08:55:53 Layout prepend running
2018/10/12 08:55:53 REGEXP FOUND: "^/interests$" in path "/interests"

2018/10/12 08:55:53 Anyone is allowed
2018/10/12 08:55:53 Render layout frontend
