2018/12/13 10:00:09 Setting default language to user
2018/12/13 10:05:09 Setting default language to user
2018/12/13 10:10:09 Setting default language to user
2018/12/13 10:15:09 Setting default language to user
2018/12/13 10:20:09 Setting default language to user
2018/12/13 10:24:21 Setting default language to user
2018/12/13 10:24:21 Layout prepend running
2018/12/13 10:24:21 Adding css /assets/css/main.css
2018/12/13 10:24:21 SELECT * FROM media_type ORDER BY id
2018/12/13 10:24:21 REGEXP FOUND: "^/?" in path "/"

2018/12/13 10:24:21 Anyone is allowed
2018/12/13 10:24:21 Render layout frontend
2018/12/13 10:24:21 Layout prepend running
2018/12/13 10:24:21 REGEXP FOUND: "^/media$" in path "/media"

2018/12/13 10:24:21 Anyone is allowed
2018/12/13 10:24:21 Render layout frontend
2018/12/13 10:24:21 Layout prepend running
2018/12/13 10:24:21 REGEXP FOUND: "^/interests$" in path "/interests"

2018/12/13 10:24:21 Anyone is allowed
2018/12/13 10:24:21 Render layout frontend
2018/12/13 10:24:21 Layout prepend running
2018/12/13 10:24:21 REGEXP FOUND: "^/owners$" in path "/owners"

2018/12/13 10:24:21 Anyone is allowed
2018/12/13 10:24:21 Render layout frontend
2018/12/13 10:24:21 Layout prepend running
2018/12/13 10:24:21 REGEXP FOUND: "^/operators$" in path "/operators"

2018/12/13 10:24:21 Anyone is allowed
2018/12/13 10:24:21 Render layout frontend
2018/12/13 10:24:22 Layout prepend running
2018/12/13 10:24:22 REGEXP FOUND: "^/connections$" in path "/connections"

2018/12/13 10:24:22 Anyone is allowed
2018/12/13 10:24:22 Render layout frontend
2018/12/13 10:25:09 Setting default language to user
2018/12/13 10:30:09 Setting default language to user
2018/12/13 10:35:09 Setting default language to user
2018/12/13 10:40:09 Setting default language to user
2018/12/13 10:45:09 Setting default language to user
2018/12/13 10:50:09 Setting default language to user
2018/12/13 10:55:09 Setting default language to user
