2018/11/07 12:01:21 Config values are the following: {ViewDir:view ListenPort:9004 BrandUrl: ChiefAdmin:map[1:{Email:lo@branditorial.hu Password:mos180628 SuperAdmin:false} 2:{Email:atom@agl.group Password:mos180628 SuperAdmin:false} 0:{Email:istvan.dombi@agl.group Password:mos180628 SuperAdmin:false}] Og:{Url:http://mediaownershiptool.ceu.edu/ Type:website Title:Media Ownership Tool Description:Media Ownership Image:/assets/images/MOS_og.jpg} Environment:local Db:{Environment:map[local:{Host:localhost Username:mos Password:golangforever Name:mos}] MaxIdleCons:0 MaxOpenCons:0 MaxConnLifetimeMinutes:3} Server:{ReadTimeoutSeconds:20 WriteTimeoutSeconds:20 SessionKey:mediaownership MaxRPS:5 BanMinutes:10 BanActive:false} Mode:{Debug:true Rebuild_structure:false Rebuild_data:false} Cache:{Enabled:true Dir:view/cache} AdminRouter:admin ConfigValues:map[linkedin: youtube: spotify: facebook: instagram:] Language:{Allowed:[hu en]}}
2018/11/07 12:01:21 Initializing translator
2018/11/07 12:01:21 Translator initialization done
2018/11/07 12:01:21 Ininialize connection
2018/11/07 12:01:45 Config values are the following: {ViewDir:view ListenPort:9004 BrandUrl: ChiefAdmin:map[0:{Email:istvan.dombi@agl.group Password:mos180628 SuperAdmin:false} 1:{Email:lo@branditorial.hu Password:mos180628 SuperAdmin:false} 2:{Email:atom@agl.group Password:mos180628 SuperAdmin:false}] Og:{Url:http://mediaownershiptool.ceu.edu/ Type:website Title:Media Ownership Tool Description:Media Ownership Image:/assets/images/MOS_og.jpg} Environment:local Db:{Environment:map[local:{Host:localhost Username:mos Password:golangforever Name:mos}] MaxIdleCons:0 MaxOpenCons:0 MaxConnLifetimeMinutes:3} Server:{ReadTimeoutSeconds:20 WriteTimeoutSeconds:20 SessionKey:mediaownership MaxRPS:5 BanMinutes:10 BanActive:false} Mode:{Debug:true Rebuild_structure:false Rebuild_data:false} Cache:{Enabled:true Dir:view/cache} AdminRouter:admin ConfigValues:map[facebook: instagram: linkedin: youtube: spotify:] Language:{Allowed:[hu en]}}
2018/11/07 12:01:45 Initializing translator
2018/11/07 12:01:45 Translator initialization done
2018/11/07 12:01:45 Ininialize connection
2018/11/07 12:02:07 Layout prepend running
2018/11/07 12:02:07 Adding css /assets/css/main.css
2018/11/07 12:02:07 SELECT * FROM media_type ORDER BY id
2018/11/07 12:02:07 REGEXP FOUND: "^/?" in path "/"

2018/11/07 12:02:07 Anyone is allowed
2018/11/07 12:02:07 Render layout frontend
2018/11/07 12:02:09 Layout prepend running
2018/11/07 12:02:09 REGEXP FOUND: "^/media$" in path "/media"

2018/11/07 12:02:09 Anyone is allowed
2018/11/07 12:02:09 Render layout frontend
2018/11/07 12:02:09 Layout prepend running
2018/11/07 12:02:09 REGEXP FOUND: "^/operators$" in path "/operators"

2018/11/07 12:02:09 Anyone is allowed
2018/11/07 12:02:09 Layout prepend running
2018/11/07 12:02:09 REGEXP FOUND: "^/connections$" in path "/connections"

2018/11/07 12:02:09 Anyone is allowed
2018/11/07 12:02:09 Layout prepend running
2018/11/07 12:02:09 Layout prepend running
2018/11/07 12:02:09 REGEXP FOUND: "^/owners$" in path "/owners"

2018/11/07 12:02:09 Anyone is allowed
2018/11/07 12:02:09 Render layout frontend
2018/11/07 12:02:09 REGEXP FOUND: "^/interests$" in path "/interests"

2018/11/07 12:02:09 Anyone is allowed
2018/11/07 12:02:09 Render layout frontend
2018/11/07 12:03:15 Config values are the following: {ViewDir:view ListenPort:9004 BrandUrl: ChiefAdmin:map[1:{Email:lo@branditorial.hu Password:mos180628 SuperAdmin:false} 2:{Email:atom@agl.group Password:mos180628 SuperAdmin:false} 0:{Email:istvan.dombi@agl.group Password:mos180628 SuperAdmin:false}] Og:{Url:http://mediaownershiptool.ceu.edu/ Type:website Title:Media Ownership Tool Description:Media Ownership Image:/assets/images/MOS_og.jpg} Environment:local Db:{Environment:map[local:{Host:localhost Username:mos Password:golangforever Name:mos}] MaxIdleCons:0 MaxOpenCons:0 MaxConnLifetimeMinutes:3} Server:{ReadTimeoutSeconds:20 WriteTimeoutSeconds:20 SessionKey:mediaownership MaxRPS:5 BanMinutes:10 BanActive:false} Mode:{Debug:true Rebuild_structure:false Rebuild_data:false} Cache:{Enabled:true Dir:view/cache} AdminRouter:admin ConfigValues:map[facebook: instagram: linkedin: youtube: spotify:] Language:{Allowed:[hu en]}}
2018/11/07 12:03:15 Initializing translator
2018/11/07 12:03:15 Translator initialization done
2018/11/07 12:03:15 Ininialize connection
2018/11/07 12:03:17 Layout prepend running
2018/11/07 12:03:17 Adding css /assets/css/main.css
2018/11/07 12:03:17 SELECT * FROM media_type ORDER BY id
2018/11/07 12:03:17 REGEXP FOUND: "^/?" in path "/"

2018/11/07 12:03:17 Anyone is allowed
2018/11/07 12:03:17 Render layout frontend
2018/11/07 12:03:18 Layout prepend running
2018/11/07 12:03:18 REGEXP FOUND: "^/media$" in path "/media"

2018/11/07 12:03:18 Anyone is allowed
2018/11/07 12:03:18 Render layout frontend
2018/11/07 12:03:18 Layout prepend running
2018/11/07 12:03:18 REGEXP FOUND: "^/connections$" in path "/connections"

2018/11/07 12:03:18 Anyone is allowed
2018/11/07 12:03:18 Layout prepend running
2018/11/07 12:03:18 Layout prepend running
2018/11/07 12:03:18 Layout prepend running
2018/11/07 12:03:18 REGEXP FOUND: "^/interests$" in path "/interests"

2018/11/07 12:03:18 Anyone is allowed
2018/11/07 12:03:18 Render layout frontend
2018/11/07 12:03:34 Setting default language to user
2018/11/07 12:05:34 Config values are the following: {ViewDir:view ListenPort:9004 BrandUrl: ChiefAdmin:map[1:{Email:lo@branditorial.hu Password:mos180628 SuperAdmin:false} 2:{Email:atom@agl.group Password:mos180628 SuperAdmin:false} 0:{Email:istvan.dombi@agl.group Password:mos180628 SuperAdmin:false}] Og:{Url:http://mediaownershiptool.ceu.edu/ Type:website Title:Media Ownership Tool Description:Media Ownership Image:/assets/images/MOS_og.jpg} Environment:local Db:{Environment:map[local:{Host:localhost Username:mos Password:golangforever Name:mos}] MaxIdleCons:0 MaxOpenCons:0 MaxConnLifetimeMinutes:3} Server:{ReadTimeoutSeconds:20 WriteTimeoutSeconds:20 SessionKey:mediaownership MaxRPS:5 BanMinutes:10 BanActive:false} Mode:{Debug:true Rebuild_structure:false Rebuild_data:false} Cache:{Enabled:true Dir:view/cache} AdminRouter:admin ConfigValues:map[spotify: facebook: instagram: linkedin: youtube:] Language:{Allowed:[hu en]}}
2018/11/07 12:05:34 Initializing translator
2018/11/07 12:05:34 Translator initialization done
2018/11/07 12:05:34 Ininialize connection
2018/11/07 12:05:38 Layout prepend running
2018/11/07 12:05:38 Adding css /assets/css/main.css
2018/11/07 12:05:38 SELECT * FROM media_type ORDER BY id
2018/11/07 12:05:38 REGEXP FOUND: "^/?" in path "/"

2018/11/07 12:05:38 Anyone is allowed
2018/11/07 12:05:38 Render layout frontend
2018/11/07 12:05:39 Layout prepend running
2018/11/07 12:05:39 REGEXP FOUND: "^/connections$" in path "/connections"

2018/11/07 12:05:39 Anyone is allowed
2018/11/07 12:05:39 Layout prepend running
2018/11/07 12:05:39 Layout prepend running
2018/11/07 12:05:39 Layout prepend running
2018/11/07 12:05:39 REGEXP FOUND: "^/operators$" in path "/operators"

2018/11/07 12:05:39 Anyone is allowed
2018/11/07 12:05:40 REGEXP FOUND: "^/owners$" in path "/owners"

2018/11/07 12:05:40 Anyone is allowed
2018/11/07 12:05:40 Render layout frontend
2018/11/07 12:05:40 REGEXP FOUND: "^/media$" in path "/media"

2018/11/07 12:05:40 Anyone is allowed
2018/11/07 12:05:40 Render layout frontend
2018/11/07 12:05:40 Layout prepend running
2018/11/07 12:05:40 REGEXP FOUND: "^/interests$" in path "/interests"

2018/11/07 12:05:40 Anyone is allowed
2018/11/07 12:05:40 Render layout frontend
2018/11/07 12:07:51 Layout prepend running
2018/11/07 12:07:51 Adding css /assets/css/main.css
2018/11/07 12:07:51 SELECT * FROM media_type ORDER BY id
2018/11/07 12:07:51 REGEXP FOUND: "^/?" in path "/"

2018/11/07 12:07:51 Anyone is allowed
2018/11/07 12:07:51 Render layout frontend
2018/11/07 12:07:53 Layout prepend running
2018/11/07 12:07:53 REGEXP FOUND: "^/connections$" in path "/connections"

2018/11/07 12:07:53 Anyone is allowed
2018/11/07 12:07:53 Render layout frontend
2018/11/07 12:07:53 Layout prepend running
2018/11/07 12:07:53 REGEXP FOUND: "^/media$" in path "/media"

2018/11/07 12:07:53 Anyone is allowed
2018/11/07 12:07:53 Render layout frontend
2018/11/07 12:07:53 Layout prepend running
2018/11/07 12:07:53 REGEXP FOUND: "^/operators$" in path "/operators"

2018/11/07 12:07:53 Anyone is allowed
2018/11/07 12:07:53 Render layout frontend
2018/11/07 12:07:53 Layout prepend running
2018/11/07 12:07:53 REGEXP FOUND: "^/interests$" in path "/interests"

2018/11/07 12:07:53 Anyone is allowed
2018/11/07 12:07:53 Render layout frontend
2018/11/07 12:07:53 Layout prepend running
2018/11/07 12:07:53 REGEXP FOUND: "^/owners$" in path "/owners"

2018/11/07 12:07:53 Anyone is allowed
2018/11/07 12:07:53 Render layout frontend
2018/11/07 12:08:34 Setting default language to user
2018/11/07 12:09:50 Setting default language to user
2018/11/07 12:09:50 Layout prepend running
2018/11/07 12:09:50 Adding css /assets/css/main.css
2018/11/07 12:09:50 SELECT * FROM media_type ORDER BY id
2018/11/07 12:09:50 REGEXP FOUND: "^/?" in path "/"

2018/11/07 12:09:50 Anyone is allowed
2018/11/07 12:09:50 Render layout frontend
2018/11/07 12:09:51 Layout prepend running
2018/11/07 12:09:51 REGEXP FOUND: "^/media$" in path "/media"

2018/11/07 12:09:51 Anyone is allowed
2018/11/07 12:09:51 Render layout frontend
2018/11/07 12:09:51 Layout prepend running
2018/11/07 12:09:51 REGEXP FOUND: "^/owners$" in path "/owners"

2018/11/07 12:09:51 Anyone is allowed
2018/11/07 12:09:51 Render layout frontend
2018/11/07 12:09:51 Layout prepend running
2018/11/07 12:09:51 REGEXP FOUND: "^/operators$" in path "/operators"

2018/11/07 12:09:51 Anyone is allowed
2018/11/07 12:09:51 Render layout frontend
2018/11/07 12:09:51 Layout prepend running
2018/11/07 12:09:51 REGEXP FOUND: "^/connections$" in path "/connections"

2018/11/07 12:09:51 Anyone is allowed
2018/11/07 12:09:51 Render layout frontend
2018/11/07 12:09:51 Layout prepend running
2018/11/07 12:09:51 REGEXP FOUND: "^/interests$" in path "/interests"

2018/11/07 12:09:51 Anyone is allowed
2018/11/07 12:09:51 Render layout frontend
2018/11/07 12:10:05 Setting default language to user
2018/11/07 12:10:05 Layout prepend running
2018/11/07 12:10:05 Adding css /assets/css/main.css
2018/11/07 12:10:05 SELECT * FROM media_type ORDER BY id
2018/11/07 12:10:05 REGEXP FOUND: "^/?" in path "/"

2018/11/07 12:10:05 Anyone is allowed
2018/11/07 12:10:05 Render layout frontend
2018/11/07 12:10:06 Layout prepend running
2018/11/07 12:10:06 REGEXP FOUND: "^/operators$" in path "/operators"

2018/11/07 12:10:06 Anyone is allowed
2018/11/07 12:10:06 Render layout frontend
2018/11/07 12:10:06 Layout prepend running
2018/11/07 12:10:06 Layout prepend running
2018/11/07 12:10:06 REGEXP FOUND: "^/owners$" in path "/owners"

2018/11/07 12:10:06 Anyone is allowed
2018/11/07 12:10:06 Render layout frontend
2018/11/07 12:10:06 Layout prepend running
2018/11/07 12:10:06 REGEXP FOUND: "^/media$" in path "/media"

2018/11/07 12:10:06 Anyone is allowed
2018/11/07 12:10:06 Render layout frontend
2018/11/07 12:10:06 Layout prepend running
2018/11/07 12:10:06 REGEXP FOUND: "^/connections$" in path "/connections"

2018/11/07 12:10:06 Anyone is allowed
2018/11/07 12:10:06 Render layout frontend
2018/11/07 12:13:34 Setting default language to user
2018/11/07 12:18:30 Changing language to en
2018/11/07 12:18:30 Layout prepend running
2018/11/07 12:18:30 Adding css /assets/css/main.css
2018/11/07 12:18:30 SELECT * FROM media_type ORDER BY id
2018/11/07 12:18:30 REGEXP FOUND: "^/?" in path "/"

2018/11/07 12:18:30 Anyone is allowed
2018/11/07 12:18:30 Render layout frontend
2018/11/07 12:18:32 Layout prepend running
2018/11/07 12:18:32 REGEXP FOUND: "^/media$" in path "/media"

2018/11/07 12:18:32 Anyone is allowed
2018/11/07 12:18:32 Render layout frontend
2018/11/07 12:18:32 Layout prepend running
2018/11/07 12:18:32 REGEXP FOUND: "^/connections$" in path "/connections"

2018/11/07 12:18:32 Anyone is allowed
2018/11/07 12:18:32 Layout prepend running
2018/11/07 12:18:32 Layout prepend running
2018/11/07 12:18:32 Layout prepend running
2018/11/07 12:18:32 REGEXP FOUND: "^/interests$" in path "/interests"

2018/11/07 12:18:32 Anyone is allowed
2018/11/07 12:18:32 Render layout frontend
2018/11/07 12:18:34 Setting default language to user
2018/11/07 12:19:57 Changing language to en
2018/11/07 12:19:57 Layout prepend running
2018/11/07 12:19:57 Adding css /assets/css/main.css
2018/11/07 12:19:57 SELECT * FROM media_type ORDER BY id
2018/11/07 12:19:57 REGEXP FOUND: "^/?" in path "/"

2018/11/07 12:19:57 Anyone is allowed
2018/11/07 12:19:57 Render layout frontend
2018/11/07 12:19:58 Layout prepend running
2018/11/07 12:19:58 REGEXP FOUND: "^/connections$" in path "/connections"

2018/11/07 12:19:58 Anyone is allowed
2018/11/07 12:19:58 Render layout frontend
2018/11/07 12:19:58 Layout prepend running
2018/11/07 12:19:58 REGEXP FOUND: "^/media$" in path "/media"

2018/11/07 12:19:58 Anyone is allowed
2018/11/07 12:19:58 Render layout frontend
2018/11/07 12:19:58 Layout prepend running
2018/11/07 12:19:58 REGEXP FOUND: "^/operators$" in path "/operators"

2018/11/07 12:19:58 Anyone is allowed
2018/11/07 12:19:58 Render layout frontend
2018/11/07 12:19:58 Layout prepend running
2018/11/07 12:19:58 REGEXP FOUND: "^/owners$" in path "/owners"

2018/11/07 12:19:58 Anyone is allowed
2018/11/07 12:19:58 Render layout frontend
2018/11/07 12:19:58 Layout prepend running
2018/11/07 12:19:58 REGEXP FOUND: "^/interests$" in path "/interests"

2018/11/07 12:19:58 Anyone is allowed
2018/11/07 12:19:58 Render layout frontend
2018/11/07 12:23:33 Setting default language to user
2018/11/07 12:28:33 Setting default language to user
2018/11/07 12:33:33 Setting default language to user
2018/11/07 12:38:33 Setting default language to user
2018/11/07 12:43:33 Setting default language to user
2018/11/07 12:48:33 Setting default language to user
2018/11/07 12:53:33 Setting default language to user
2018/11/07 12:58:33 Setting default language to user
