2018/12/08 10:03:52 Setting default language to user
2018/12/08 10:08:52 Setting default language to user
2018/12/08 10:13:52 Setting default language to user
2018/12/08 10:18:52 Setting default language to user
2018/12/08 10:23:52 Setting default language to user
2018/12/08 10:28:52 Setting default language to user
2018/12/08 10:33:52 Setting default language to user
2018/12/08 10:38:51 Setting default language to user
2018/12/08 10:43:50 Setting default language to user
2018/12/08 10:46:59 Setting default language to user
2018/12/08 10:46:59 Layout prepend running
2018/12/08 10:46:59 Adding css /assets/css/main.css
2018/12/08 10:46:59 SELECT * FROM media_type ORDER BY id
2018/12/08 10:46:59 REGEXP FOUND: "^/?" in path "/"

2018/12/08 10:46:59 Anyone is allowed
2018/12/08 10:46:59 Render layout frontend
2018/12/08 10:47:00 Layout prepend running
2018/12/08 10:47:00 REGEXP FOUND: "^/media$" in path "/media"

2018/12/08 10:47:00 Anyone is allowed
2018/12/08 10:47:00 Render layout frontend
2018/12/08 10:47:00 Layout prepend running
2018/12/08 10:47:00 REGEXP FOUND: "^/connections$" in path "/connections"

2018/12/08 10:47:00 Anyone is allowed
2018/12/08 10:47:00 Render layout frontend
2018/12/08 10:47:00 Layout prepend running
2018/12/08 10:47:00 REGEXP FOUND: "^/operators$" in path "/operators"

2018/12/08 10:47:00 Anyone is allowed
2018/12/08 10:47:00 Render layout frontend
2018/12/08 10:47:00 Layout prepend running
2018/12/08 10:47:00 REGEXP FOUND: "^/owners$" in path "/owners"

2018/12/08 10:47:00 Anyone is allowed
2018/12/08 10:47:00 Render layout frontend
2018/12/08 10:47:00 Layout prepend running
2018/12/08 10:47:00 REGEXP FOUND: "^/interests$" in path "/interests"

2018/12/08 10:47:00 Anyone is allowed
2018/12/08 10:47:00 Render layout frontend
2018/12/08 10:48:51 Setting default language to user
2018/12/08 10:49:14 Setting default language to user
2018/12/08 10:49:14 Layout prepend running
2018/12/08 10:49:14 Adding css /assets/css/main.css
2018/12/08 10:49:14 SELECT * FROM media_type ORDER BY id
2018/12/08 10:49:14 REGEXP FOUND: "^/?" in path "/"

2018/12/08 10:49:14 Anyone is allowed
2018/12/08 10:49:14 Render layout frontend
2018/12/08 10:49:14 Layout prepend running
2018/12/08 10:49:14 REGEXP FOUND: "^/media$" in path "/media"

2018/12/08 10:49:14 Anyone is allowed
2018/12/08 10:49:14 Render layout frontend
2018/12/08 10:49:14 Layout prepend running
2018/12/08 10:49:14 REGEXP FOUND: "^/operators$" in path "/operators"

2018/12/08 10:49:14 Anyone is allowed
2018/12/08 10:49:14 Render layout frontend
2018/12/08 10:49:14 Layout prepend running
2018/12/08 10:49:14 REGEXP FOUND: "^/connections$" in path "/connections"

2018/12/08 10:49:14 Anyone is allowed
2018/12/08 10:49:14 Render layout frontend
2018/12/08 10:49:14 Layout prepend running
2018/12/08 10:49:14 REGEXP FOUND: "^/interests$" in path "/interests"

2018/12/08 10:49:14 Anyone is allowed
2018/12/08 10:49:14 Render layout frontend
2018/12/08 10:49:14 Layout prepend running
2018/12/08 10:49:14 REGEXP FOUND: "^/owners$" in path "/owners"

2018/12/08 10:49:14 Anyone is allowed
2018/12/08 10:49:14 Render layout frontend
2018/12/08 10:52:30 Setting default language to user
2018/12/08 10:52:31 Setting default language to user
2018/12/08 10:52:31 Layout prepend running
2018/12/08 10:52:31 Adding css /assets/css/main.css
2018/12/08 10:52:31 SELECT * FROM media_type ORDER BY id
2018/12/08 10:52:31 REGEXP FOUND: "^/?" in path "/favicon.ico"

2018/12/08 10:52:31 Anyone is allowed
2018/12/08 10:52:31 Render layout frontend
2018/12/08 10:52:38 Setting default language to user
2018/12/08 10:52:38 Layout prepend running
2018/12/08 10:52:38 Adding css /assets/css/main.css
2018/12/08 10:52:38 SELECT * FROM media_type ORDER BY id
2018/12/08 10:52:38 REGEXP FOUND: "^/?" in path "/"

2018/12/08 10:52:38 Anyone is allowed
2018/12/08 10:52:38 Render layout frontend
2018/12/08 10:52:38 Setting default language to user
2018/12/08 10:52:38 Setting default language to user
2018/12/08 10:52:38 Setting default language to user
2018/12/08 10:52:38 Setting default language to user
2018/12/08 10:52:38 Setting default language to user
2018/12/08 10:52:38 Setting default language to user
2018/12/08 10:52:38 Layout prepend running
2018/12/08 10:52:38 REGEXP FOUND: "^/media$" in path "/media"

2018/12/08 10:52:38 Anyone is allowed
2018/12/08 10:52:38 Render layout frontend
2018/12/08 10:52:38 Setting default language to user
2018/12/08 10:52:38 Layout prepend running
2018/12/08 10:52:38 REGEXP FOUND: "^/connections$" in path "/connections"

2018/12/08 10:52:38 Anyone is allowed
2018/12/08 10:52:38 Render layout frontend
2018/12/08 10:52:38 Setting default language to user
2018/12/08 10:52:38 Layout prepend running
2018/12/08 10:52:38 REGEXP FOUND: "^/operators$" in path "/operators"

2018/12/08 10:52:38 Anyone is allowed
2018/12/08 10:52:38 Render layout frontend
2018/12/08 10:52:38 Setting default language to user
2018/12/08 10:52:38 Layout prepend running
2018/12/08 10:52:38 REGEXP FOUND: "^/owners$" in path "/owners"

2018/12/08 10:52:38 Anyone is allowed
2018/12/08 10:52:38 Render layout frontend
2018/12/08 10:52:38 Setting default language to user
2018/12/08 10:52:38 Layout prepend running
2018/12/08 10:52:38 REGEXP FOUND: "^/interests$" in path "/interests"

2018/12/08 10:52:38 Anyone is allowed
2018/12/08 10:52:38 Render layout frontend
2018/12/08 10:52:39 Setting default language to user
2018/12/08 10:53:50 Setting default language to user
2018/12/08 10:56:55 Setting default language to user
2018/12/08 10:56:55 Layout prepend running
2018/12/08 10:56:55 Adding css /assets/css/main.css
2018/12/08 10:56:55 SELECT * FROM media_type ORDER BY id
2018/12/08 10:56:55 REGEXP FOUND: "^/?" in path "/"

2018/12/08 10:56:55 Anyone is allowed
2018/12/08 10:56:55 Render layout frontend
2018/12/08 10:58:51 Setting default language to user
