2018/10/17 16:40:33 Config values are the following: {ViewDir:view ListenPort:9004 BrandUrl: ChiefAdmin:map[2:{Email:atom@agl.group Password:mos180628 SuperAdmin:false} 0:{Email:istvan.dombi@agl.group Password:mos180628 SuperAdmin:false} 1:{Email:lo@branditorial.hu Password:mos180628 SuperAdmin:false}] Og:{Url:http://mediaownershiptool.ceu.edu/ Type:website Title:Media Ownership Tool Description:Media Ownership Image:/assets/images/MOS_og.jpg} Environment:local Db:{Environment:map[local:{Host:localhost Username:mos Password:golangforever Name:mos}] MaxIdleCons:0 MaxOpenCons:0 MaxConnLifetimeMinutes:3} Server:{ReadTimeoutSeconds:20 WriteTimeoutSeconds:20 SessionKey:mediaownership MaxRPS:5 BanMinutes:10 BanActive:false} Mode:{Live:false Debug:true Rebuild_structure:false Rebuild_data:false} Cache:{Enabled:true Dir:view/cache} AdminRouter:admin ConfigValues:map[facebook: instagram: linkedin: youtube: spotify:] Language:{Allowed:[hu en]}}
2018/10/17 16:40:33 Initializing translator
2018/10/17 16:40:33 Translator initialization done
2018/10/17 16:40:33 Ininialize connection
2018/10/17 16:40:36 Layout prepend running
2018/10/17 16:40:36 Adding css /assets/css/main.css
2018/10/17 16:40:36 SELECT * FROM media_type ORDER BY id
2018/10/17 16:40:36 REGEXP FOUND: "^/?" in path "/"

2018/10/17 16:40:36 Anyone is allowed
2018/10/17 16:40:36 Render layout frontend
2018/10/17 16:40:37 Layout prepend running
2018/10/17 16:40:37 REGEXP FOUND: "^/connections$" in path "/connections"

2018/10/17 16:40:37 Anyone is allowed
2018/10/17 16:40:37 Layout prepend running
2018/10/17 16:40:37 REGEXP FOUND: "^/media$" in path "/media"

2018/10/17 16:40:37 Anyone is allowed
2018/10/17 16:40:37 Render layout frontend
2018/10/17 16:40:37 Layout prepend running
2018/10/17 16:40:37 REGEXP FOUND: "^/operators$" in path "/operators"

2018/10/17 16:40:37 Anyone is allowed
2018/10/17 16:40:37 Layout prepend running
2018/10/17 16:40:37 Layout prepend running
2018/10/17 16:40:37 REGEXP FOUND: "^/owners$" in path "/owners"

2018/10/17 16:40:37 Anyone is allowed
2018/10/17 16:40:37 Render layout frontend
2018/10/17 16:40:37 REGEXP FOUND: "^/interests$" in path "/interests"

2018/10/17 16:40:37 Anyone is allowed
2018/10/17 16:40:37 Render layout frontend
2018/10/17 16:41:38 Config values are the following: {ViewDir:view ListenPort:9004 BrandUrl: ChiefAdmin:map[0:{Email:istvan.dombi@agl.group Password:mos180628 SuperAdmin:false} 1:{Email:lo@branditorial.hu Password:mos180628 SuperAdmin:false} 2:{Email:atom@agl.group Password:mos180628 SuperAdmin:false}] Og:{Url:http://mediaownershiptool.ceu.edu/ Type:website Title:Media Ownership Tool Description:Media Ownership Image:/assets/images/MOS_og.jpg} Environment:local Db:{Environment:map[local:{Host:localhost Username:mos Password:golangforever Name:mos}] MaxIdleCons:0 MaxOpenCons:0 MaxConnLifetimeMinutes:3} Server:{ReadTimeoutSeconds:20 WriteTimeoutSeconds:20 SessionKey:mediaownership MaxRPS:5 BanMinutes:10 BanActive:false} Mode:{Live:false Debug:true Rebuild_structure:false Rebuild_data:false} Cache:{Enabled:true Dir:view/cache} AdminRouter:admin ConfigValues:map[youtube: spotify: facebook: instagram: linkedin:] Language:{Allowed:[hu en]}}
2018/10/17 16:41:38 Initializing translator
2018/10/17 16:41:38 Translator initialization done
2018/10/17 16:41:38 Ininialize connection
2018/10/17 16:41:42 Layout prepend running
2018/10/17 16:41:42 Adding css /assets/css/main.css
2018/10/17 16:41:42 SELECT * FROM media_type ORDER BY id
2018/10/17 16:41:42 REGEXP FOUND: "^/?" in path "/"

2018/10/17 16:41:42 Anyone is allowed
2018/10/17 16:41:42 Render layout frontend
2018/10/17 16:41:42 Layout prepend running
2018/10/17 16:41:42 REGEXP FOUND: "^/connections$" in path "/connections"

2018/10/17 16:41:42 Anyone is allowed
2018/10/17 16:41:42 Layout prepend running
2018/10/17 16:41:42 REGEXP FOUND: "^/media$" in path "/media"

2018/10/17 16:41:42 Anyone is allowed
2018/10/17 16:41:42 Render layout frontend
2018/10/17 16:41:42 Layout prepend running
2018/10/17 16:41:42 Layout prepend running
2018/10/17 16:41:42 Layout prepend running
2018/10/17 16:41:42 REGEXP FOUND: "^/owners$" in path "/owners"

2018/10/17 16:41:42 Anyone is allowed
2018/10/17 16:41:42 Render layout frontend
2018/10/17 16:41:42 REGEXP FOUND: "^/operators$" in path "/operators"

2018/10/17 16:41:42 Anyone is allowed
2018/10/17 16:41:42 REGEXP FOUND: "^/interests$" in path "/interests"

2018/10/17 16:41:42 Anyone is allowed
2018/10/17 16:41:42 Render layout frontend
2018/10/17 16:42:16 Setting default language to user
2018/10/17 16:42:16 Layout prepend running
2018/10/17 16:42:16 Adding css /assets/css/main.css
2018/10/17 16:42:16 SELECT * FROM media_type ORDER BY id
2018/10/17 16:42:16 REGEXP FOUND: "^/?" in path "/"

2018/10/17 16:42:16 Anyone is allowed
2018/10/17 16:42:16 Render layout frontend
