2018/12/13 13:03:53 Setting default language to user
2018/12/13 13:07:53 Setting default language to user
2018/12/13 13:07:53 Layout prepend running
2018/12/13 13:07:53 Adding css /assets/css/main.css
2018/12/13 13:07:53 SELECT * FROM media_type ORDER BY id
2018/12/13 13:07:53 REGEXP FOUND: "^/?" in path "/"

2018/12/13 13:07:53 Anyone is allowed
2018/12/13 13:07:53 Render layout frontend
2018/12/13 13:07:54 Layout prepend running
2018/12/13 13:07:54 REGEXP FOUND: "^/media$" in path "/media"

2018/12/13 13:07:54 Anyone is allowed
2018/12/13 13:07:54 Render layout frontend
2018/12/13 13:07:54 Layout prepend running
2018/12/13 13:07:54 REGEXP FOUND: "^/connections$" in path "/connections"

2018/12/13 13:07:54 Anyone is allowed
2018/12/13 13:07:54 Render layout frontend
2018/12/13 13:07:54 Layout prepend running
2018/12/13 13:07:54 REGEXP FOUND: "^/operators$" in path "/operators"

2018/12/13 13:07:54 Anyone is allowed
2018/12/13 13:07:54 Render layout frontend
2018/12/13 13:07:54 Layout prepend running
2018/12/13 13:07:54 REGEXP FOUND: "^/owners$" in path "/owners"

2018/12/13 13:07:54 Anyone is allowed
2018/12/13 13:07:54 Render layout frontend
2018/12/13 13:07:54 Layout prepend running
2018/12/13 13:07:54 REGEXP FOUND: "^/interests$" in path "/interests"

2018/12/13 13:07:54 Anyone is allowed
2018/12/13 13:07:54 Render layout frontend
2018/12/13 13:08:53 Setting default language to user
2018/12/13 13:13:54 Setting default language to user
2018/12/13 13:18:54 Setting default language to user
2018/12/13 13:23:54 Setting default language to user
2018/12/13 13:28:53 Setting default language to user
2018/12/13 13:33:53 Setting default language to user
2018/12/13 13:38:53 Setting default language to user
2018/12/13 13:38:56 Setting default language to user
2018/12/13 13:38:56 Layout prepend running
2018/12/13 13:38:56 Adding css /assets/css/main.css
2018/12/13 13:38:56 SELECT * FROM media_type ORDER BY id
2018/12/13 13:38:56 REGEXP FOUND: "^/?" in path "/"

2018/12/13 13:38:56 Anyone is allowed
2018/12/13 13:38:56 Render layout frontend
2018/12/13 13:38:57 Layout prepend running
2018/12/13 13:38:57 REGEXP FOUND: "^/media$" in path "/media"

2018/12/13 13:38:57 Anyone is allowed
2018/12/13 13:38:57 Render layout frontend
2018/12/13 13:38:57 Layout prepend running
2018/12/13 13:38:57 REGEXP FOUND: "^/owners$" in path "/owners"

2018/12/13 13:38:57 Anyone is allowed
2018/12/13 13:38:57 Render layout frontend
2018/12/13 13:38:57 Layout prepend running
2018/12/13 13:38:57 REGEXP FOUND: "^/connections$" in path "/connections"

2018/12/13 13:38:57 Anyone is allowed
2018/12/13 13:38:57 Render layout frontend
2018/12/13 13:38:57 Layout prepend running
2018/12/13 13:38:57 REGEXP FOUND: "^/operators$" in path "/operators"

2018/12/13 13:38:57 Anyone is allowed
2018/12/13 13:38:57 Render layout frontend
2018/12/13 13:38:57 Layout prepend running
2018/12/13 13:38:57 REGEXP FOUND: "^/interests$" in path "/interests"

2018/12/13 13:38:57 Anyone is allowed
2018/12/13 13:38:57 Render layout frontend
2018/12/13 13:42:56 Setting default language to user
2018/12/13 13:42:56 Layout prepend running
2018/12/13 13:42:56 Adding css /assets/css/main.css
2018/12/13 13:42:56 SELECT * FROM media_type ORDER BY id
2018/12/13 13:42:56 REGEXP FOUND: "^/?" in path "/"

2018/12/13 13:42:56 Anyone is allowed
2018/12/13 13:42:56 Render layout frontend
2018/12/13 13:42:57 Layout prepend running
2018/12/13 13:42:57 REGEXP FOUND: "^/media$" in path "/media"

2018/12/13 13:42:57 Anyone is allowed
2018/12/13 13:42:57 Render layout frontend
2018/12/13 13:42:57 Layout prepend running
2018/12/13 13:42:57 REGEXP FOUND: "^/interests$" in path "/interests"

2018/12/13 13:42:57 Anyone is allowed
2018/12/13 13:42:57 Render layout frontend
2018/12/13 13:42:57 Layout prepend running
2018/12/13 13:42:57 REGEXP FOUND: "^/operators$" in path "/operators"

2018/12/13 13:42:57 Anyone is allowed
2018/12/13 13:42:57 Render layout frontend
2018/12/13 13:42:57 Layout prepend running
2018/12/13 13:42:57 REGEXP FOUND: "^/owners$" in path "/owners"

2018/12/13 13:42:57 Anyone is allowed
2018/12/13 13:42:57 Render layout frontend
2018/12/13 13:42:57 Layout prepend running
2018/12/13 13:42:57 REGEXP FOUND: "^/connections$" in path "/connections"

2018/12/13 13:42:57 Anyone is allowed
2018/12/13 13:42:57 Render layout frontend
2018/12/13 13:43:53 Setting default language to user
2018/12/13 13:48:53 Setting default language to user
2018/12/13 13:53:53 Setting default language to user
2018/12/13 13:58:53 Setting default language to user
