2018/12/05 21:01:37 Setting default language to user
2018/12/05 21:06:37 Setting default language to user
2018/12/05 21:11:37 Setting default language to user
2018/12/05 21:16:37 Setting default language to user
2018/12/05 21:21:37 Setting default language to user
2018/12/05 21:26:36 Setting default language to user
2018/12/05 21:31:36 Setting default language to user
2018/12/05 21:36:36 Setting default language to user
2018/12/05 21:41:36 Setting default language to user
2018/12/05 21:46:36 Setting default language to user
2018/12/05 21:48:05 Setting default language to user
2018/12/05 21:48:05 Layout prepend running
2018/12/05 21:48:05 Adding css /assets/css/main.css
2018/12/05 21:48:05 SELECT * FROM media_type ORDER BY id
2018/12/05 21:48:05 REGEXP FOUND: "^/?" in path "/"

2018/12/05 21:48:05 Anyone is allowed
2018/12/05 21:48:05 Render layout frontend
2018/12/05 21:48:06 Layout prepend running
2018/12/05 21:48:06 REGEXP FOUND: "^/media$" in path "/media"

2018/12/05 21:48:06 Anyone is allowed
2018/12/05 21:48:06 Render layout frontend
2018/12/05 21:48:06 Layout prepend running
2018/12/05 21:48:06 Layout prepend running
2018/12/05 21:48:06 REGEXP FOUND: "^/connections$" in path "/connections"

2018/12/05 21:48:06 Anyone is allowed
2018/12/05 21:48:06 Render layout frontend
2018/12/05 21:48:06 REGEXP FOUND: "^/owners$" in path "/owners"

2018/12/05 21:48:06 Anyone is allowed
2018/12/05 21:48:06 Render layout frontend
2018/12/05 21:48:06 Layout prepend running
2018/12/05 21:48:06 REGEXP FOUND: "^/operators$" in path "/operators"

2018/12/05 21:48:06 Anyone is allowed
2018/12/05 21:48:06 Render layout frontend
2018/12/05 21:48:06 Layout prepend running
2018/12/05 21:48:06 REGEXP FOUND: "^/interests$" in path "/interests"

2018/12/05 21:48:06 Anyone is allowed
2018/12/05 21:48:06 Render layout frontend
2018/12/05 21:51:36 Setting default language to user
2018/12/05 21:56:36 Setting default language to user
