2018/10/02 16:21:01 Setting default language to user
2018/10/02 16:21:01 Layout prepend running
2018/10/02 16:21:01 Adding css /assets/css/main.css
2018/10/02 16:21:01 SELECT * FROM media_type ORDER BY id
2018/10/02 16:21:01 REGEXP FOUND: "^/?" in path "/"

2018/10/02 16:21:01 Anyone is allowed
2018/10/02 16:21:01 Render layout frontend
2018/10/02 16:21:03 Layout prepend running
2018/10/02 16:21:03 REGEXP FOUND: "^/media$" in path "/media"

2018/10/02 16:21:03 Anyone is allowed
2018/10/02 16:21:03 Render layout frontend
2018/10/02 16:21:03 Layout prepend running
2018/10/02 16:21:03 REGEXP FOUND: "^/connections$" in path "/connections"

2018/10/02 16:21:03 Anyone is allowed
2018/10/02 16:21:03 Layout prepend running
2018/10/02 16:21:03 REGEXP FOUND: "^/operators$" in path "/operators"

2018/10/02 16:21:03 Anyone is allowed
2018/10/02 16:21:03 Layout prepend running
2018/10/02 16:21:03 REGEXP FOUND: "^/owners$" in path "/owners"

2018/10/02 16:21:03 Anyone is allowed
2018/10/02 16:21:03 Render layout frontend
2018/10/02 16:22:16 Setting default language to user
2018/10/02 16:22:16 Layout prepend running
2018/10/02 16:22:16 Adding css /assets/css/main.css
2018/10/02 16:22:16 SELECT * FROM media_type ORDER BY id
2018/10/02 16:22:16 REGEXP FOUND: "^/?" in path "/"

2018/10/02 16:22:16 Anyone is allowed
2018/10/02 16:22:16 Render layout frontend
2018/10/02 16:22:16 Layout prepend running
2018/10/02 16:22:16 REGEXP FOUND: "^/connections$" in path "/connections"

2018/10/02 16:22:16 Anyone is allowed
2018/10/02 16:22:16 Layout prepend running
2018/10/02 16:22:16 REGEXP FOUND: "^/media$" in path "/media"

2018/10/02 16:22:16 Anyone is allowed
2018/10/02 16:22:16 Render layout frontend
2018/10/02 16:22:16 Layout prepend running
2018/10/02 16:22:16 REGEXP FOUND: "^/operators$" in path "/operators"

2018/10/02 16:22:16 Anyone is allowed
2018/10/02 16:22:16 Layout prepend running
2018/10/02 16:22:16 REGEXP FOUND: "^/owners$" in path "/owners"

2018/10/02 16:22:16 Anyone is allowed
2018/10/02 16:22:16 Render layout frontend
2018/10/02 16:24:11 Setting default language to user
2018/10/02 16:24:11 Layout prepend running
2018/10/02 16:24:11 Adding css /assets/css/main.css
2018/10/02 16:24:11 SELECT * FROM media_type ORDER BY id
2018/10/02 16:24:11 REGEXP FOUND: "^/?" in path "/"

2018/10/02 16:24:11 Anyone is allowed
2018/10/02 16:24:11 Render layout frontend
2018/10/02 16:24:12 Setting default language to user
2018/10/02 16:29:50 Layout prepend running
2018/10/02 16:29:50 Adding css /assets/css/main.css
2018/10/02 16:29:50 SELECT * FROM media_type ORDER BY id
2018/10/02 16:29:50 REGEXP FOUND: "^/?" in path "/"

2018/10/02 16:29:50 Anyone is allowed
2018/10/02 16:29:50 Render layout frontend
2018/10/02 16:29:50 Layout prepend running
2018/10/02 16:29:50 REGEXP FOUND: "^/media$" in path "/media"

2018/10/02 16:29:50 Anyone is allowed
2018/10/02 16:29:50 Render layout frontend
2018/10/02 16:29:50 Layout prepend running
2018/10/02 16:29:50 REGEXP FOUND: "^/connections$" in path "/connections"

2018/10/02 16:29:50 Anyone is allowed
2018/10/02 16:29:50 Layout prepend running
2018/10/02 16:29:50 REGEXP FOUND: "^/operators$" in path "/operators"

2018/10/02 16:29:50 Anyone is allowed
2018/10/02 16:29:50 Layout prepend running
2018/10/02 16:29:50 REGEXP FOUND: "^/owners$" in path "/owners"

2018/10/02 16:29:50 Anyone is allowed
2018/10/02 16:29:50 Render layout frontend
