2018/11/08 14:00:49 Layout prepend running
2018/11/08 14:00:49 Adding css /assets/css/main.css
2018/11/08 14:00:49 SELECT * FROM media_type ORDER BY id
2018/11/08 14:00:49 REGEXP FOUND: "^/?" in path "/"

2018/11/08 14:00:49 Anyone is allowed
2018/11/08 14:00:49 Render layout frontend
2018/11/08 14:00:54 Layout prepend running
2018/11/08 14:00:54 REGEXP FOUND: "^/media$" in path "/media"

2018/11/08 14:00:54 Anyone is allowed
2018/11/08 14:00:54 Render layout frontend
2018/11/08 14:00:54 Layout prepend running
2018/11/08 14:00:54 REGEXP FOUND: "^/owners$" in path "/owners"

2018/11/08 14:00:54 Anyone is allowed
2018/11/08 14:00:54 Render layout frontend
2018/11/08 14:00:54 Layout prepend running
2018/11/08 14:00:54 REGEXP FOUND: "^/interests$" in path "/interests"

2018/11/08 14:00:54 Anyone is allowed
2018/11/08 14:00:54 Render layout frontend
2018/11/08 14:00:54 Layout prepend running
2018/11/08 14:00:54 REGEXP FOUND: "^/connections$" in path "/connections"

2018/11/08 14:00:54 Anyone is allowed
2018/11/08 14:00:54 Render layout frontend
2018/11/08 14:00:54 Layout prepend running
2018/11/08 14:00:54 REGEXP FOUND: "^/operators$" in path "/operators"

2018/11/08 14:00:54 Anyone is allowed
2018/11/08 14:00:54 Render layout frontend
2018/11/08 14:01:43 Setting default language to user
2018/11/08 14:01:43 Layout prepend running
2018/11/08 14:01:43 Adding css /assets/css/main.css
2018/11/08 14:01:43 SELECT * FROM media_type ORDER BY id
2018/11/08 14:01:43 REGEXP FOUND: "^/?" in path "/"

2018/11/08 14:01:43 Anyone is allowed
2018/11/08 14:01:43 Render layout frontend
2018/11/08 14:01:43 Setting default language to user
2018/11/08 14:01:43 Layout prepend running
2018/11/08 14:01:43 REGEXP FOUND: "^/media$" in path "/media"

2018/11/08 14:01:43 Anyone is allowed
2018/11/08 14:01:43 Render layout frontend
2018/11/08 14:01:43 Setting default language to user
2018/11/08 14:01:43 Layout prepend running
2018/11/08 14:01:43 REGEXP FOUND: "^/connections$" in path "/connections"

2018/11/08 14:01:43 Anyone is allowed
2018/11/08 14:01:43 Render layout frontend
2018/11/08 14:01:43 Setting default language to user
2018/11/08 14:01:43 Layout prepend running
2018/11/08 14:01:43 REGEXP FOUND: "^/operators$" in path "/operators"

2018/11/08 14:01:43 Anyone is allowed
2018/11/08 14:01:43 Render layout frontend
2018/11/08 14:01:43 Setting default language to user
2018/11/08 14:01:43 Layout prepend running
2018/11/08 14:01:43 REGEXP FOUND: "^/owners$" in path "/owners"

2018/11/08 14:01:43 Anyone is allowed
2018/11/08 14:01:43 Render layout frontend
2018/11/08 14:01:43 Setting default language to user
2018/11/08 14:01:43 Layout prepend running
2018/11/08 14:01:43 REGEXP FOUND: "^/interests$" in path "/interests"

2018/11/08 14:01:43 Anyone is allowed
2018/11/08 14:01:43 Render layout frontend
2018/11/08 14:01:55 Setting default language to user
2018/11/08 14:01:55 Layout prepend running
2018/11/08 14:01:55 Adding css /assets/css/main.css
2018/11/08 14:01:55 SELECT * FROM media_type ORDER BY id
2018/11/08 14:01:55 REGEXP FOUND: "^/?" in path "/"

2018/11/08 14:01:55 Anyone is allowed
2018/11/08 14:01:55 Render layout frontend
2018/11/08 14:01:56 Layout prepend running
2018/11/08 14:01:56 REGEXP FOUND: "^/connections$" in path "/connections"

2018/11/08 14:01:56 Anyone is allowed
2018/11/08 14:01:56 Render layout frontend
2018/11/08 14:01:56 Layout prepend running
2018/11/08 14:01:56 REGEXP FOUND: "^/media$" in path "/media"

2018/11/08 14:01:56 Anyone is allowed
2018/11/08 14:01:56 Render layout frontend
2018/11/08 14:01:56 Layout prepend running
2018/11/08 14:01:56 REGEXP FOUND: "^/operators$" in path "/operators"

2018/11/08 14:01:56 Anyone is allowed
2018/11/08 14:01:56 Render layout frontend
2018/11/08 14:01:56 Layout prepend running
2018/11/08 14:01:56 REGEXP FOUND: "^/owners$" in path "/owners"

2018/11/08 14:01:56 Anyone is allowed
2018/11/08 14:01:56 Render layout frontend
2018/11/08 14:01:56 Layout prepend running
2018/11/08 14:01:56 REGEXP FOUND: "^/interests$" in path "/interests"

2018/11/08 14:01:56 Anyone is allowed
2018/11/08 14:01:56 Render layout frontend
2018/11/08 14:02:14 Layout prepend running
2018/11/08 14:02:14 Adding css /assets/css/main.css
2018/11/08 14:02:14 SELECT * FROM media_type ORDER BY id
2018/11/08 14:02:14 REGEXP FOUND: "^/?" in path "/"

2018/11/08 14:02:14 Anyone is allowed
2018/11/08 14:02:14 Render layout frontend
2018/11/08 14:02:14 Layout prepend running
2018/11/08 14:02:14 REGEXP FOUND: "^/connections$" in path "/connections"

2018/11/08 14:02:14 Anyone is allowed
2018/11/08 14:02:14 Render layout frontend
2018/11/08 14:02:14 Layout prepend running
2018/11/08 14:02:14 REGEXP FOUND: "^/media$" in path "/media"

2018/11/08 14:02:14 Anyone is allowed
2018/11/08 14:02:14 Render layout frontend
2018/11/08 14:02:14 Layout prepend running
2018/11/08 14:02:14 REGEXP FOUND: "^/interests$" in path "/interests"

2018/11/08 14:02:14 Anyone is allowed
2018/11/08 14:02:14 Render layout frontend
2018/11/08 14:02:14 Layout prepend running
2018/11/08 14:02:14 REGEXP FOUND: "^/owners$" in path "/owners"

2018/11/08 14:02:14 Anyone is allowed
2018/11/08 14:02:14 Render layout frontend
2018/11/08 14:02:14 Layout prepend running
2018/11/08 14:02:14 REGEXP FOUND: "^/operators$" in path "/operators"

2018/11/08 14:02:14 Anyone is allowed
2018/11/08 14:02:14 Render layout frontend
2018/11/08 14:02:58 Setting default language to user
2018/11/08 14:07:58 Setting default language to user
2018/11/08 14:10:06 Setting default language to user
2018/11/08 14:10:06 Layout prepend running
2018/11/08 14:10:06 Adding css /assets/css/main.css
2018/11/08 14:10:06 SELECT * FROM media_type ORDER BY id
2018/11/08 14:10:06 REGEXP FOUND: "^/?" in path "/"

2018/11/08 14:10:06 Anyone is allowed
2018/11/08 14:10:06 Render layout frontend
2018/11/08 14:10:07 Setting default language to user
2018/11/08 14:10:07 Layout prepend running
2018/11/08 14:10:07 REGEXP FOUND: "^/media$" in path "/media"

2018/11/08 14:10:07 Anyone is allowed
2018/11/08 14:10:07 Render layout frontend
2018/11/08 14:10:07 Setting default language to user
2018/11/08 14:10:07 Layout prepend running
2018/11/08 14:10:07 REGEXP FOUND: "^/operators$" in path "/operators"

2018/11/08 14:10:07 Anyone is allowed
2018/11/08 14:10:07 Render layout frontend
2018/11/08 14:10:07 Setting default language to user
2018/11/08 14:10:07 Layout prepend running
2018/11/08 14:10:07 REGEXP FOUND: "^/connections$" in path "/connections"

2018/11/08 14:10:07 Anyone is allowed
2018/11/08 14:10:07 Render layout frontend
2018/11/08 14:10:07 Setting default language to user
2018/11/08 14:10:07 Layout prepend running
2018/11/08 14:10:07 REGEXP FOUND: "^/owners$" in path "/owners"

2018/11/08 14:10:07 Anyone is allowed
2018/11/08 14:10:07 Render layout frontend
2018/11/08 14:10:07 Setting default language to user
2018/11/08 14:10:07 Layout prepend running
2018/11/08 14:10:07 REGEXP FOUND: "^/interests$" in path "/interests"

2018/11/08 14:10:07 Anyone is allowed
2018/11/08 14:10:07 Render layout frontend
2018/11/08 14:12:58 Setting default language to user
2018/11/08 14:17:58 Setting default language to user
2018/11/08 14:22:58 Setting default language to user
2018/11/08 14:27:58 Setting default language to user
2018/11/08 14:32:58 Setting default language to user
2018/11/08 14:37:58 Setting default language to user
2018/11/08 14:42:58 Setting default language to user
2018/11/08 14:47:58 Setting default language to user
2018/11/08 14:52:58 Setting default language to user
2018/11/08 14:57:58 Setting default language to user
