2018/11/05 09:06:41 Config values are the following: {ViewDir:view ListenPort:9004 BrandUrl: ChiefAdmin:map[0:{Email:istvan.dombi@agl.group Password:mos180628 SuperAdmin:false} 1:{Email:lo@branditorial.hu Password:mos180628 SuperAdmin:false} 2:{Email:atom@agl.group Password:mos180628 SuperAdmin:false}] Og:{Url:http://mediaownershiptool.ceu.edu/ Type:website Title:Media Ownership Tool Description:Media Ownership Image:/assets/images/MOS_og.jpg} Environment:local Db:{Environment:map[local:{Host:localhost Username:mos Password:golangforever Name:mos}] MaxIdleCons:0 MaxOpenCons:0 MaxConnLifetimeMinutes:3} Server:{ReadTimeoutSeconds:20 WriteTimeoutSeconds:20 SessionKey:mediaownership MaxRPS:5 BanMinutes:10 BanActive:false} Mode:{Debug:true Rebuild_structure:false Rebuild_data:false} Cache:{Enabled:true Dir:view/cache} AdminRouter:admin ConfigValues:map[spotify: facebook: instagram: linkedin: youtube:] Language:{Allowed:[hu en]}}
2018/11/05 09:06:41 Initializing translator
2018/11/05 09:06:41 Translator initialization done
2018/11/05 09:06:41 Ininialize connection
2018/11/05 09:07:31 Config values are the following: {ViewDir:view ListenPort:9004 BrandUrl: ChiefAdmin:map[1:{Email:lo@branditorial.hu Password:mos180628 SuperAdmin:false} 2:{Email:atom@agl.group Password:mos180628 SuperAdmin:false} 0:{Email:istvan.dombi@agl.group Password:mos180628 SuperAdmin:false}] Og:{Url:http://mediaownershiptool.ceu.edu/ Type:website Title:Media Ownership Tool Description:Media Ownership Image:/assets/images/MOS_og.jpg} Environment:local Db:{Environment:map[local:{Host:localhost Username:mos Password:golangforever Name:mos}] MaxIdleCons:0 MaxOpenCons:0 MaxConnLifetimeMinutes:3} Server:{ReadTimeoutSeconds:20 WriteTimeoutSeconds:20 SessionKey:mediaownership MaxRPS:5 BanMinutes:10 BanActive:false} Mode:{Debug:true Rebuild_structure:false Rebuild_data:false} Cache:{Enabled:true Dir:view/cache} AdminRouter:admin ConfigValues:map[spotify: facebook: instagram: linkedin: youtube:] Language:{Allowed:[hu en]}}
2018/11/05 09:07:31 Initializing translator
2018/11/05 09:07:31 Translator initialization done
2018/11/05 09:07:31 Ininialize connection
2018/11/05 09:07:38 Setting default language to user
2018/11/05 09:07:38 Layout prepend running
2018/11/05 09:07:38 Adding css /assets/css/main.css
2018/11/05 09:07:38 SELECT * FROM media_type ORDER BY id
2018/11/05 09:07:38 REGEXP FOUND: "^/?" in path "/"

2018/11/05 09:07:38 Anyone is allowed
2018/11/05 09:07:38 Render layout frontend
2018/11/05 09:08:15 Setting default language to user
2018/11/05 09:08:15 Layout prepend running
2018/11/05 09:08:15 Adding css /assets/css/main.css
2018/11/05 09:08:15 SELECT * FROM media_type ORDER BY id
2018/11/05 09:08:15 REGEXP FOUND: "^/?" in path "/"

2018/11/05 09:08:15 Anyone is allowed
2018/11/05 09:08:15 Render layout frontend
2018/11/05 09:08:16 Layout prepend running
2018/11/05 09:08:16 REGEXP FOUND: "^/media$" in path "/media"

2018/11/05 09:08:16 Anyone is allowed
2018/11/05 09:08:16 Render layout frontend
2018/11/05 09:08:16 Layout prepend running
2018/11/05 09:08:16 REGEXP FOUND: "^/owners$" in path "/owners"

2018/11/05 09:08:16 Anyone is allowed
2018/11/05 09:08:16 Render layout frontend
2018/11/05 09:08:16 Layout prepend running
2018/11/05 09:08:16 REGEXP FOUND: "^/operators$" in path "/operators"

2018/11/05 09:08:16 Anyone is allowed
2018/11/05 09:08:16 Layout prepend running
2018/11/05 09:08:16 Layout prepend running
2018/11/05 09:08:16 REGEXP FOUND: "^/connections$" in path "/connections"

2018/11/05 09:08:16 Anyone is allowed
2018/11/05 09:08:16 REGEXP FOUND: "^/interests$" in path "/interests"

2018/11/05 09:08:16 Anyone is allowed
2018/11/05 09:08:16 Render layout frontend
2018/11/05 09:10:11 Layout prepend running
2018/11/05 09:10:11 Adding css /assets/css/main.css
2018/11/05 09:10:11 SELECT * FROM media_type ORDER BY id
2018/11/05 09:10:11 REGEXP FOUND: "^/?" in path "/"

2018/11/05 09:10:11 Anyone is allowed
2018/11/05 09:10:11 Render layout frontend
2018/11/05 09:10:11 Layout prepend running
2018/11/05 09:10:11 REGEXP FOUND: "^/media$" in path "/media"

2018/11/05 09:10:11 Anyone is allowed
2018/11/05 09:10:11 Render layout frontend
2018/11/05 09:10:11 Layout prepend running
2018/11/05 09:10:11 REGEXP FOUND: "^/connections$" in path "/connections"

2018/11/05 09:10:11 Anyone is allowed
2018/11/05 09:10:11 Render layout frontend
2018/11/05 09:10:11 Layout prepend running
2018/11/05 09:10:11 REGEXP FOUND: "^/operators$" in path "/operators"

2018/11/05 09:10:11 Anyone is allowed
2018/11/05 09:10:11 Render layout frontend
2018/11/05 09:10:11 Layout prepend running
2018/11/05 09:10:11 REGEXP FOUND: "^/owners$" in path "/owners"

2018/11/05 09:10:11 Anyone is allowed
2018/11/05 09:10:11 Render layout frontend
2018/11/05 09:10:11 Layout prepend running
2018/11/05 09:10:11 REGEXP FOUND: "^/interests$" in path "/interests"

2018/11/05 09:10:11 Anyone is allowed
2018/11/05 09:10:11 Render layout frontend
2018/11/05 09:13:51 Setting default language to user
2018/11/05 09:18:41 Setting default language to user
2018/11/05 09:23:41 Setting default language to user
2018/11/05 09:28:41 Setting default language to user
2018/11/05 09:33:41 Setting default language to user
2018/11/05 09:38:41 Setting default language to user
2018/11/05 09:43:42 Setting default language to user
2018/11/05 09:48:41 Setting default language to user
2018/11/05 09:53:41 Setting default language to user
2018/11/05 09:58:41 Setting default language to user
