2018/10/18 12:16:40 Setting default language to user
2018/10/18 12:16:40 Layout prepend running
2018/10/18 12:16:40 Adding css /assets/css/main.css
2018/10/18 12:16:40 SELECT * FROM media_type ORDER BY id
2018/10/18 12:16:40 REGEXP FOUND: "^/?" in path "/"

2018/10/18 12:16:40 Anyone is allowed
2018/10/18 12:16:40 Render layout frontend
2018/10/18 12:16:41 Layout prepend running
2018/10/18 12:16:41 REGEXP FOUND: "^/media$" in path "/media"

2018/10/18 12:16:41 Anyone is allowed
2018/10/18 12:16:41 Layout prepend running
2018/10/18 12:16:41 REGEXP FOUND: "^/owners$" in path "/owners"

2018/10/18 12:16:41 Anyone is allowed
2018/10/18 12:16:41 Render layout frontend
2018/10/18 12:16:41 Layout prepend running
2018/10/18 12:16:41 REGEXP FOUND: "^/operators$" in path "/operators"

2018/10/18 12:16:41 Anyone is allowed
2018/10/18 12:16:41 Layout prepend running
2018/10/18 12:16:41 Render layout frontend
2018/10/18 12:16:41 Layout prepend running
2018/10/18 12:16:41 REGEXP FOUND: "^/interests$" in path "/interests"

2018/10/18 12:16:41 Anyone is allowed
2018/10/18 12:16:41 Render layout frontend
2018/10/18 12:17:41 Setting default language to user
2018/10/18 12:17:41 Layout prepend running
2018/10/18 12:17:41 Adding css /assets/css/main.css
2018/10/18 12:17:41 SELECT * FROM media_type ORDER BY id
2018/10/18 12:17:41 REGEXP FOUND: "^/?" in path "/"

2018/10/18 12:17:41 Anyone is allowed
2018/10/18 12:17:41 Render layout frontend
2018/10/18 12:17:43 Layout prepend running
2018/10/18 12:17:43 REGEXP FOUND: "^/connections$" in path "/connections"

2018/10/18 12:17:43 Anyone is allowed
2018/10/18 12:17:43 Layout prepend running
2018/10/18 12:17:43 Layout prepend running
2018/10/18 12:17:43 Layout prepend running
2018/10/18 12:17:43 Layout prepend running
2018/10/18 12:17:43 REGEXP FOUND: "^/operators$" in path "/operators"

2018/10/18 12:17:43 Anyone is allowed
2018/10/18 12:17:43 REGEXP FOUND: "^/owners$" in path "/owners"

2018/10/18 12:17:43 Anyone is allowed
2018/10/18 12:17:43 Render layout frontend
2018/10/18 12:17:43 REGEXP FOUND: "^/media$" in path "/media"

2018/10/18 12:17:43 Anyone is allowed
2018/10/18 12:17:43 Render layout frontend
2018/10/18 12:17:43 REGEXP FOUND: "^/interests$" in path "/interests"

2018/10/18 12:17:43 Anyone is allowed
2018/10/18 12:17:43 Render layout frontend
2018/10/18 12:28:04 Layout prepend running
2018/10/18 12:28:04 Adding css /assets/css/main.css
2018/10/18 12:28:04 SELECT * FROM media_type ORDER BY id
2018/10/18 12:28:04 REGEXP FOUND: "^/?" in path "/"

2018/10/18 12:28:04 Anyone is allowed
2018/10/18 12:28:04 Render layout frontend
2018/10/18 12:28:05 Layout prepend running
2018/10/18 12:28:05 REGEXP FOUND: "^/media$" in path "/media"

2018/10/18 12:28:05 Anyone is allowed
2018/10/18 12:28:05 Render layout frontend
2018/10/18 12:28:05 Layout prepend running
2018/10/18 12:28:05 REGEXP FOUND: "^/connections$" in path "/connections"

2018/10/18 12:28:05 Anyone is allowed
2018/10/18 12:28:05 Layout prepend running
2018/10/18 12:28:05 REGEXP FOUND: "^/operators$" in path "/operators"

2018/10/18 12:28:05 Anyone is allowed
2018/10/18 12:28:05 Layout prepend running
2018/10/18 12:28:05 Layout prepend running
2018/10/18 12:28:05 REGEXP FOUND: "^/owners$" in path "/owners"

2018/10/18 12:28:05 Anyone is allowed
2018/10/18 12:28:05 Render layout frontend
2018/10/18 12:28:05 REGEXP FOUND: "^/interests$" in path "/interests"

2018/10/18 12:28:05 Anyone is allowed
2018/10/18 12:28:05 Render layout frontend
