2018/10/31 13:04:25 Setting default language to user
2018/10/31 13:09:25 Setting default language to user
2018/10/31 13:14:25 Setting default language to user
2018/10/31 13:24:31 Setting default language to user
2018/10/31 13:28:40 Changing language to en
2018/10/31 13:28:40 Layout prepend running
2018/10/31 13:28:40 Adding css /assets/css/main.css
2018/10/31 13:28:40 SELECT * FROM media_type ORDER BY id
2018/10/31 13:28:40 REGEXP FOUND: "^/?" in path "/"

2018/10/31 13:28:40 Anyone is allowed
2018/10/31 13:28:40 Render layout frontend
2018/10/31 13:28:42 Layout prepend running
2018/10/31 13:28:42 REGEXP FOUND: "^/operators$" in path "/operators"

2018/10/31 13:28:42 Anyone is allowed
2018/10/31 13:28:42 Layout prepend running
2018/10/31 13:28:42 Layout prepend running
2018/10/31 13:28:42 REGEXP FOUND: "^/connections$" in path "/connections"

2018/10/31 13:28:42 Anyone is allowed
2018/10/31 13:28:42 Layout prepend running
2018/10/31 13:28:42 Layout prepend running
2018/10/31 13:28:42 REGEXP FOUND: "^/media$" in path "/media"

2018/10/31 13:28:42 Anyone is allowed
2018/10/31 13:28:42 Render layout frontend
2018/10/31 13:28:42 REGEXP FOUND: "^/owners$" in path "/owners"

2018/10/31 13:28:42 Anyone is allowed
2018/10/31 13:28:42 Render layout frontend
2018/10/31 13:28:42 REGEXP FOUND: "^/interests$" in path "/interests"

2018/10/31 13:28:42 Anyone is allowed
2018/10/31 13:28:42 Render layout frontend
2018/10/31 13:29:31 Setting default language to user
2018/10/31 13:34:31 Setting default language to user
2018/10/31 13:39:31 Setting default language to user
2018/10/31 13:44:31 Setting default language to user
2018/10/31 13:49:31 Setting default language to user
2018/10/31 13:54:31 Setting default language to user
2018/10/31 13:59:31 Setting default language to user
