2018/11/13 19:03:12 Setting default language to user
2018/11/13 19:08:12 Setting default language to user
2018/11/13 19:13:12 Setting default language to user
2018/11/13 19:18:12 Setting default language to user
2018/11/13 19:23:12 Setting default language to user
2018/11/13 19:33:23 Setting default language to user
2018/11/13 19:38:23 Setting default language to user
2018/11/13 19:43:23 Setting default language to user
2018/11/13 19:48:10 Setting default language to user
2018/11/13 19:48:10 Layout prepend running
2018/11/13 19:48:10 Adding css /assets/css/main.css
2018/11/13 19:48:10 SELECT * FROM media_type ORDER BY id
2018/11/13 19:48:10 REGEXP FOUND: "^/?" in path "/"

2018/11/13 19:48:10 Anyone is allowed
2018/11/13 19:48:10 Render layout frontend
2018/11/13 19:48:12 Setting default language to user
2018/11/13 19:48:12 Setting default language to user
2018/11/13 19:48:14 Setting default language to user
2018/11/13 19:48:22 Setting default language to user
2018/11/13 19:53:22 Setting default language to user
2018/11/13 19:58:22 Setting default language to user
2018/11/13 19:59:23 Setting default language to user
2018/11/13 19:59:26 Setting default language to user
2018/11/13 19:59:26 Layout prepend running
2018/11/13 19:59:26 Adding css /assets/css/main.css
2018/11/13 19:59:26 SELECT * FROM media_type ORDER BY id
2018/11/13 19:59:26 REGEXP FOUND: "^/?" in path "/"

2018/11/13 19:59:26 Anyone is allowed
2018/11/13 19:59:26 Render layout frontend
2018/11/13 19:59:27 Setting default language to user
2018/11/13 19:59:27 Layout prepend running
2018/11/13 19:59:27 REGEXP FOUND: "^/media$" in path "/media"

2018/11/13 19:59:27 Anyone is allowed
2018/11/13 19:59:27 Render layout frontend
2018/11/13 19:59:27 Setting default language to user
2018/11/13 19:59:27 Layout prepend running
2018/11/13 19:59:27 REGEXP FOUND: "^/interests$" in path "/interests"

2018/11/13 19:59:27 Anyone is allowed
2018/11/13 19:59:27 Render layout frontend
2018/11/13 19:59:27 Setting default language to user
2018/11/13 19:59:27 Layout prepend running
2018/11/13 19:59:27 REGEXP FOUND: "^/owners$" in path "/owners"

2018/11/13 19:59:27 Anyone is allowed
2018/11/13 19:59:27 Render layout frontend
2018/11/13 19:59:27 Setting default language to user
2018/11/13 19:59:27 Layout prepend running
2018/11/13 19:59:27 REGEXP FOUND: "^/operators$" in path "/operators"

2018/11/13 19:59:27 Anyone is allowed
2018/11/13 19:59:27 Render layout frontend
2018/11/13 19:59:27 Setting default language to user
2018/11/13 19:59:27 Layout prepend running
2018/11/13 19:59:27 REGEXP FOUND: "^/connections$" in path "/connections"

2018/11/13 19:59:27 Anyone is allowed
2018/11/13 19:59:27 Render layout frontend
2018/11/13 19:59:27 Layout prepend running
2018/11/13 19:59:27 Adding css /assets/css/main.css
2018/11/13 19:59:27 SELECT * FROM media_type ORDER BY id
2018/11/13 19:59:27 REGEXP FOUND: "^/?" in path "/favicon.ico"

2018/11/13 19:59:27 Anyone is allowed
2018/11/13 19:59:27 Render layout frontend
