2018/11/06 13:04:57 Setting default language to user
2018/11/06 13:04:58 Setting default language to user
2018/11/06 13:04:58 Layout prepend running
2018/11/06 13:04:58 Adding css /assets/css/main.css
2018/11/06 13:04:58 SELECT * FROM media_type ORDER BY id
2018/11/06 13:04:58 REGEXP FOUND: "^/?" in path "/"

2018/11/06 13:04:58 Anyone is allowed
2018/11/06 13:04:58 Render layout frontend
2018/11/06 13:09:57 Setting default language to user
2018/11/06 13:14:57 Setting default language to user
2018/11/06 13:16:42 Setting default language to user
2018/11/06 13:16:42 Layout prepend running
2018/11/06 13:16:42 Adding css /assets/css/main.css
2018/11/06 13:16:42 SELECT * FROM media_type ORDER BY id
2018/11/06 13:16:42 REGEXP FOUND: "^/?" in path "/"

2018/11/06 13:16:42 Anyone is allowed
2018/11/06 13:16:42 Render layout frontend
2018/11/06 13:16:44 Layout prepend running
2018/11/06 13:16:44 REGEXP FOUND: "^/connections$" in path "/connections"

2018/11/06 13:16:44 Anyone is allowed
2018/11/06 13:16:44 Render layout frontend
2018/11/06 13:16:44 Layout prepend running
2018/11/06 13:16:44 REGEXP FOUND: "^/media$" in path "/media"

2018/11/06 13:16:44 Anyone is allowed
2018/11/06 13:16:44 Render layout frontend
2018/11/06 13:16:44 Layout prepend running
2018/11/06 13:16:44 REGEXP FOUND: "^/operators$" in path "/operators"

2018/11/06 13:16:44 Anyone is allowed
2018/11/06 13:16:44 Render layout frontend
2018/11/06 13:16:44 Layout prepend running
2018/11/06 13:16:44 REGEXP FOUND: "^/owners$" in path "/owners"

2018/11/06 13:16:44 Anyone is allowed
2018/11/06 13:16:44 Render layout frontend
2018/11/06 13:16:44 Layout prepend running
2018/11/06 13:16:44 REGEXP FOUND: "^/interests$" in path "/interests"

2018/11/06 13:16:44 Anyone is allowed
2018/11/06 13:16:44 Render layout frontend
2018/11/06 13:18:10 Layout prepend running
2018/11/06 13:18:10 Adding css /assets/css/main.css
2018/11/06 13:18:10 SELECT * FROM media_type ORDER BY id
2018/11/06 13:18:10 REGEXP FOUND: "^/?" in path "/"

2018/11/06 13:18:10 Anyone is allowed
2018/11/06 13:18:10 Render layout frontend
2018/11/06 13:18:14 Layout prepend running
2018/11/06 13:18:14 REGEXP FOUND: "^/media$" in path "/media"

2018/11/06 13:18:14 Anyone is allowed
2018/11/06 13:18:14 Render layout frontend
2018/11/06 13:18:14 Layout prepend running
2018/11/06 13:18:14 REGEXP FOUND: "^/connections$" in path "/connections"

2018/11/06 13:18:14 Anyone is allowed
2018/11/06 13:18:14 Render layout frontend
2018/11/06 13:18:14 Layout prepend running
2018/11/06 13:18:14 REGEXP FOUND: "^/operators$" in path "/operators"

2018/11/06 13:18:14 Anyone is allowed
2018/11/06 13:18:14 Render layout frontend
2018/11/06 13:18:14 Layout prepend running
2018/11/06 13:18:14 REGEXP FOUND: "^/owners$" in path "/owners"

2018/11/06 13:18:14 Anyone is allowed
2018/11/06 13:18:14 Render layout frontend
2018/11/06 13:18:14 Layout prepend running
2018/11/06 13:18:14 REGEXP FOUND: "^/interests$" in path "/interests"

2018/11/06 13:18:14 Anyone is allowed
2018/11/06 13:18:14 Render layout frontend
2018/11/06 13:18:18 Layout prepend running
2018/11/06 13:18:18 template scope is admin
2018/11/06 13:18:18 Adding css /vendor/bootstrap/css/bootstrap.min.css
2018/11/06 13:18:18 Adding css /vendor/metisMenu/metisMenu.min.css
2018/11/06 13:18:18 Adding css /assets/dist/css/sb-admin-2.css
2018/11/06 13:18:18 Adding css /vendor/morrisjs/morris.css
2018/11/06 13:18:18 Adding css /vendor/font-awesome/css/font-awesome.min.css
2018/11/06 13:18:18 Adding css /assets/summernote/summernote.css
2018/11/06 13:18:18 Adding css /assets/css/admin.css
2018/11/06 13:18:18 Logged out user allowed
2018/11/06 13:18:18 Anyone is allowed
2018/11/06 13:18:18 Loggedin user is allowed (admin users)
2018/11/06 13:18:18 REGEXP FOUND: "/admin/?$" in path "/admin"

2018/11/06 13:18:18 Logged out user allowed
2018/11/06 13:18:18 Render layout admin
2018/11/06 13:18:21 Layout prepend running
2018/11/06 13:18:21 template scope is admin
2018/11/06 13:18:21 Adding css /vendor/bootstrap/css/bootstrap.min.css
2018/11/06 13:18:21 Adding css /vendor/metisMenu/metisMenu.min.css
2018/11/06 13:18:21 Adding css /assets/dist/css/sb-admin-2.css
2018/11/06 13:18:21 Adding css /vendor/morrisjs/morris.css
2018/11/06 13:18:21 Adding css /vendor/font-awesome/css/font-awesome.min.css
2018/11/06 13:18:21 Adding css /assets/summernote/summernote.css
2018/11/06 13:18:21 Adding css /assets/css/admin.css
2018/11/06 13:18:21 Logged out user allowed
2018/11/06 13:18:21 Anyone is allowed
2018/11/06 13:18:21 Loggedin user is allowed (admin users)
2018/11/06 13:18:21 REGEXP FOUND: "^/admin/user/loginpost$" in path "/admin/user/loginpost"

2018/11/06 13:18:21 Logged out user allowed
2018/11/06 13:18:21 SELECT * FROM user where email = ?
2018/11/06 13:18:21 Logging in
2018/11/06 13:18:21 Redirecting to /admin/user/welcome
2018/11/06 13:18:21 No render /admin/user/loginpost -> redirect
2018/11/06 13:18:21 Layout prepend running
2018/11/06 13:18:21 template scope is admin
2018/11/06 13:18:21 Adding css /vendor/bootstrap/css/bootstrap.min.css
2018/11/06 13:18:21 Adding css /vendor/metisMenu/metisMenu.min.css
2018/11/06 13:18:21 Adding css /assets/dist/css/sb-admin-2.css
2018/11/06 13:18:21 Adding css /vendor/morrisjs/morris.css
2018/11/06 13:18:21 Adding css /vendor/font-awesome/css/font-awesome.min.css
2018/11/06 13:18:21 Adding css /assets/summernote/summernote.css
2018/11/06 13:18:21 Adding css /assets/css/admin.css
2018/11/06 13:18:21 Logged out user allowed
2018/11/06 13:18:21 Required role: user/list, rolegroup: user, user role: user/*
2018/11/06 13:18:21 Required role: user/new, rolegroup: user, user role: user/*
2018/11/06 13:18:21 Anyone is allowed
2018/11/06 13:18:21 Required role: block/list, rolegroup: block, user role: block/*
2018/11/06 13:18:21 Required role: block/new, rolegroup: block, user role: block/*
2018/11/06 13:18:21 Loggedin user is allowed (admin users)
2018/11/06 13:18:21 Required role: config/index, rolegroup: config, user role: config/*
2018/11/06 13:18:21 Required role: config/index, rolegroup: config, user role: config/*
2018/11/06 13:18:21 Required role: media/list, rolegroup: media, user role: media/*
2018/11/06 13:18:21 Required role: media/new, rolegroup: media, user role: media/*
2018/11/06 13:18:21 Required role: media/list, rolegroup: media, user role: media/*
2018/11/06 13:18:21 Required role: mediatype/list, rolegroup: mediatype, user role: mediatype/*
2018/11/06 13:18:21 Required role: mediatype/new, rolegroup: mediatype, user role: mediatype/*
2018/11/06 13:18:21 Required role: mediatype/list, rolegroup: mediatype, user role: mediatype/*
2018/11/06 13:18:21 Required role: media/list, rolegroup: media, user role: media/*
2018/11/06 13:18:21 Required role: media/new, rolegroup: media, user role: media/*
2018/11/06 13:18:21 Required role: media/list, rolegroup: media, user role: media/*
2018/11/06 13:18:21 Required role: media/list, rolegroup: media, user role: media/*
2018/11/06 13:18:21 Required role: media/new, rolegroup: media, user role: media/*
2018/11/06 13:18:21 Required role: media/list, rolegroup: media, user role: media/*
2018/11/06 13:18:21 Required role: owner/list, rolegroup: owner, user role: owner/*
2018/11/06 13:18:21 Required role: owner/list, rolegroup: owner, user role: owner/*
2018/11/06 13:18:21 Required role: operator/list, rolegroup: operator, user role: operator/*
2018/11/06 13:18:21 Required role: operator/list, rolegroup: operator, user role: operator/*
2018/11/06 13:18:21 Required role: interest/list, rolegroup: interest, user role: interest/*
2018/11/06 13:18:21 Required role: interest/list, rolegroup: interest, user role: interest/*
2018/11/06 13:18:21 Required role: operator/new, rolegroup: operator, user role: operator/*
2018/11/06 13:18:21 Required role: operator/list, rolegroup: operator, user role: operator/*
2018/11/06 13:18:21 Required role: operator/list, rolegroup: operator, user role: operator/*
2018/11/06 13:18:21 Required role: interest/list, rolegroup: interest, user role: interest/*
2018/11/06 13:18:21 Required role: interest/new, rolegroup: interest, user role: interest/*
2018/11/06 13:18:21 Required role: interest/list, rolegroup: interest, user role: interest/*
2018/11/06 13:18:21 REGEXP FOUND: "^/admin/user/welcome$" in path "/admin/user/welcome"

2018/11/06 13:18:21 Loggedin user is allowed (admin users)
2018/11/06 13:18:21 Render layout admin
2018/11/06 13:18:26 Layout prepend running
2018/11/06 13:18:26 template scope is admin
2018/11/06 13:18:26 Adding css /vendor/bootstrap/css/bootstrap.min.css
2018/11/06 13:18:26 Adding css /vendor/metisMenu/metisMenu.min.css
2018/11/06 13:18:26 Adding css /assets/dist/css/sb-admin-2.css
2018/11/06 13:18:26 Adding css /vendor/morrisjs/morris.css
2018/11/06 13:18:26 Adding css /vendor/font-awesome/css/font-awesome.min.css
2018/11/06 13:18:26 Adding css /assets/summernote/summernote.css
2018/11/06 13:18:26 Adding css /assets/css/admin.css
2018/11/06 13:18:26 Logged out user allowed
2018/11/06 13:18:26 Required role: user/list, rolegroup: user, user role: user/*
2018/11/06 13:18:26 Required role: user/new, rolegroup: user, user role: user/*
2018/11/06 13:18:26 Anyone is allowed
2018/11/06 13:18:26 Required role: block/list, rolegroup: block, user role: block/*
2018/11/06 13:18:26 Required role: block/new, rolegroup: block, user role: block/*
2018/11/06 13:18:26 Loggedin user is allowed (admin users)
2018/11/06 13:18:26 Required role: config/index, rolegroup: config, user role: config/*
2018/11/06 13:18:26 Required role: config/index, rolegroup: config, user role: config/*
2018/11/06 13:18:26 Required role: media/list, rolegroup: media, user role: media/*
2018/11/06 13:18:26 Required role: media/new, rolegroup: media, user role: media/*
2018/11/06 13:18:26 Required role: media/list, rolegroup: media, user role: media/*
2018/11/06 13:18:26 Required role: mediatype/list, rolegroup: mediatype, user role: mediatype/*
2018/11/06 13:18:26 Required role: mediatype/new, rolegroup: mediatype, user role: mediatype/*
2018/11/06 13:18:26 Required role: mediatype/list, rolegroup: mediatype, user role: mediatype/*
2018/11/06 13:18:26 Required role: media/list, rolegroup: media, user role: media/*
2018/11/06 13:18:26 Required role: media/new, rolegroup: media, user role: media/*
2018/11/06 13:18:26 Required role: media/list, rolegroup: media, user role: media/*
2018/11/06 13:18:26 Required role: media/list, rolegroup: media, user role: media/*
2018/11/06 13:18:26 Required role: media/new, rolegroup: media, user role: media/*
2018/11/06 13:18:26 Required role: media/list, rolegroup: media, user role: media/*
2018/11/06 13:18:26 Required role: owner/list, rolegroup: owner, user role: owner/*
2018/11/06 13:18:26 Required role: owner/list, rolegroup: owner, user role: owner/*
2018/11/06 13:18:26 Required role: operator/list, rolegroup: operator, user role: operator/*
2018/11/06 13:18:26 Required role: operator/list, rolegroup: operator, user role: operator/*
2018/11/06 13:18:26 Required role: interest/list, rolegroup: interest, user role: interest/*
2018/11/06 13:18:26 Required role: interest/list, rolegroup: interest, user role: interest/*
2018/11/06 13:18:26 Required role: operator/list, rolegroup: operator, user role: operator/*
2018/11/06 13:18:26 Required role: operator/new, rolegroup: operator, user role: operator/*
2018/11/06 13:18:26 Required role: operator/list, rolegroup: operator, user role: operator/*
2018/11/06 13:18:26 Required role: interest/list, rolegroup: interest, user role: interest/*
2018/11/06 13:18:26 Required role: interest/new, rolegroup: interest, user role: interest/*
2018/11/06 13:18:26 Required role: interest/list, rolegroup: interest, user role: interest/*
2018/11/06 13:18:26 REGEXP FOUND: "^/admin/block/?(index)?$" in path "/admin/block/index"

2018/11/06 13:18:26 Required role: block/list, rolegroup: block, user role: block/*
2018/11/06 13:18:26 SELECT * FROM block WHERE `lc` = "hu" ORDER BY id DESC LIMIT 0,20
2018/11/06 13:18:26 block as m
2018/11/06 13:18:26 SELECT COUNT(m.`id`) FROM block as m WHERE `lc` = "hu"
2018/11/06 13:18:26 Rendering form
2018/11/06 13:18:26 Rendering fieldset
2018/11/06 13:18:26 Rendering text
2018/11/06 13:18:26 Rendering input group
2018/11/06 13:18:26 Rendering text
2018/11/06 13:18:26 Rendering input group
2018/11/06 13:18:26 Rendering text
2018/11/06 13:18:26 Rendering input group
2018/11/06 13:18:26 Rendering fieldset
2018/11/06 13:18:26 Rendering button
2018/11/06 13:18:26 Rendering input group
2018/11/06 13:18:26 Render layout admin
2018/11/06 13:18:35 Layout prepend running
2018/11/06 13:18:35 template scope is admin
2018/11/06 13:18:35 Adding css /vendor/bootstrap/css/bootstrap.min.css
2018/11/06 13:18:35 Adding css /vendor/metisMenu/metisMenu.min.css
2018/11/06 13:18:35 Adding css /assets/dist/css/sb-admin-2.css
2018/11/06 13:18:35 Adding css /vendor/morrisjs/morris.css
2018/11/06 13:18:35 Adding css /vendor/font-awesome/css/font-awesome.min.css
2018/11/06 13:18:35 Adding css /assets/summernote/summernote.css
2018/11/06 13:18:35 Adding css /assets/css/admin.css
2018/11/06 13:18:35 Required role: user/new, rolegroup: user, user role: user/*
2018/11/06 13:18:35 Logged out user allowed
2018/11/06 13:18:35 Required role: user/list, rolegroup: user, user role: user/*
2018/11/06 13:18:35 Anyone is allowed
2018/11/06 13:18:35 Required role: block/list, rolegroup: block, user role: block/*
2018/11/06 13:18:35 Required role: block/new, rolegroup: block, user role: block/*
2018/11/06 13:18:35 Loggedin user is allowed (admin users)
2018/11/06 13:18:35 Required role: config/index, rolegroup: config, user role: config/*
2018/11/06 13:18:35 Required role: config/index, rolegroup: config, user role: config/*
2018/11/06 13:18:35 Required role: media/list, rolegroup: media, user role: media/*
2018/11/06 13:18:35 Required role: media/new, rolegroup: media, user role: media/*
2018/11/06 13:18:35 Required role: media/list, rolegroup: media, user role: media/*
2018/11/06 13:18:35 Required role: mediatype/list, rolegroup: mediatype, user role: mediatype/*
2018/11/06 13:18:35 Required role: mediatype/new, rolegroup: mediatype, user role: mediatype/*
2018/11/06 13:18:35 Required role: mediatype/list, rolegroup: mediatype, user role: mediatype/*
2018/11/06 13:18:35 Required role: media/list, rolegroup: media, user role: media/*
2018/11/06 13:18:35 Required role: media/new, rolegroup: media, user role: media/*
2018/11/06 13:18:35 Required role: media/list, rolegroup: media, user role: media/*
2018/11/06 13:18:35 Required role: media/list, rolegroup: media, user role: media/*
2018/11/06 13:18:35 Required role: media/new, rolegroup: media, user role: media/*
2018/11/06 13:18:35 Required role: media/list, rolegroup: media, user role: media/*
2018/11/06 13:18:35 Required role: owner/list, rolegroup: owner, user role: owner/*
2018/11/06 13:18:35 Required role: owner/list, rolegroup: owner, user role: owner/*
2018/11/06 13:18:35 Required role: operator/list, rolegroup: operator, user role: operator/*
2018/11/06 13:18:35 Required role: operator/list, rolegroup: operator, user role: operator/*
2018/11/06 13:18:35 Required role: interest/list, rolegroup: interest, user role: interest/*
2018/11/06 13:18:35 Required role: interest/list, rolegroup: interest, user role: interest/*
2018/11/06 13:18:35 Required role: operator/list, rolegroup: operator, user role: operator/*
2018/11/06 13:18:35 Required role: operator/new, rolegroup: operator, user role: operator/*
2018/11/06 13:18:35 Required role: operator/list, rolegroup: operator, user role: operator/*
2018/11/06 13:18:35 Required role: interest/list, rolegroup: interest, user role: interest/*
2018/11/06 13:18:35 Required role: interest/new, rolegroup: interest, user role: interest/*
2018/11/06 13:18:35 Required role: interest/list, rolegroup: interest, user role: interest/*
2018/11/06 13:18:35 REGEXP FOUND: "^/admin/block/edit/(\d)+$" in path "/admin/block/edit/10"

2018/11/06 13:18:35 Required role: block/edit, rolegroup: block, user role: block/*
2018/11/06 13:18:35 Rendering form
2018/11/06 13:18:35 Rendering fieldset
2018/11/06 13:18:35 Rendering hidden
2018/11/06 13:18:35 Rendering hidden
2018/11/06 13:18:35 Rendering text
2018/11/06 13:18:35 Rendering input group
2018/11/06 13:18:35 Rendering text
2018/11/06 13:18:35 Rendering input group
2018/11/06 13:18:35 Rendering textarea
2018/11/06 13:18:35 Rendering input group
2018/11/06 13:18:35 Rendering fieldset
2018/11/06 13:18:35 Rendering button
2018/11/06 13:18:35 Rendering input group
2018/11/06 13:18:35 Render layout admin
2018/11/06 13:19:12 Layout prepend running
2018/11/06 13:19:12 template scope is admin
2018/11/06 13:19:12 Adding css /vendor/bootstrap/css/bootstrap.min.css
2018/11/06 13:19:12 Adding css /vendor/metisMenu/metisMenu.min.css
2018/11/06 13:19:12 Adding css /assets/dist/css/sb-admin-2.css
2018/11/06 13:19:12 Adding css /vendor/morrisjs/morris.css
2018/11/06 13:19:12 Adding css /vendor/font-awesome/css/font-awesome.min.css
2018/11/06 13:19:12 Adding css /assets/summernote/summernote.css
2018/11/06 13:19:12 Adding css /assets/css/admin.css
2018/11/06 13:19:12 Required role: user/new, rolegroup: user, user role: user/*
2018/11/06 13:19:12 Logged out user allowed
2018/11/06 13:19:12 Required role: user/list, rolegroup: user, user role: user/*
2018/11/06 13:19:12 Anyone is allowed
2018/11/06 13:19:12 Required role: block/list, rolegroup: block, user role: block/*
2018/11/06 13:19:12 Required role: block/new, rolegroup: block, user role: block/*
2018/11/06 13:19:12 Loggedin user is allowed (admin users)
2018/11/06 13:19:12 Required role: config/index, rolegroup: config, user role: config/*
2018/11/06 13:19:12 Required role: config/index, rolegroup: config, user role: config/*
2018/11/06 13:19:12 Required role: media/new, rolegroup: media, user role: media/*
2018/11/06 13:19:12 Required role: media/list, rolegroup: media, user role: media/*
2018/11/06 13:19:12 Required role: media/list, rolegroup: media, user role: media/*
2018/11/06 13:19:12 Required role: mediatype/list, rolegroup: mediatype, user role: mediatype/*
2018/11/06 13:19:12 Required role: mediatype/new, rolegroup: mediatype, user role: mediatype/*
2018/11/06 13:19:12 Required role: mediatype/list, rolegroup: mediatype, user role: mediatype/*
2018/11/06 13:19:12 Required role: media/list, rolegroup: media, user role: media/*
2018/11/06 13:19:12 Required role: media/new, rolegroup: media, user role: media/*
2018/11/06 13:19:12 Required role: media/list, rolegroup: media, user role: media/*
2018/11/06 13:19:12 Required role: media/list, rolegroup: media, user role: media/*
2018/11/06 13:19:12 Required role: media/new, rolegroup: media, user role: media/*
2018/11/06 13:19:12 Required role: media/list, rolegroup: media, user role: media/*
2018/11/06 13:19:12 Required role: owner/list, rolegroup: owner, user role: owner/*
2018/11/06 13:19:12 Required role: owner/list, rolegroup: owner, user role: owner/*
2018/11/06 13:19:12 Required role: operator/list, rolegroup: operator, user role: operator/*
2018/11/06 13:19:12 Required role: operator/list, rolegroup: operator, user role: operator/*
2018/11/06 13:19:12 Required role: interest/list, rolegroup: interest, user role: interest/*
2018/11/06 13:19:12 Required role: interest/list, rolegroup: interest, user role: interest/*
2018/11/06 13:19:12 Required role: operator/list, rolegroup: operator, user role: operator/*
2018/11/06 13:19:12 Required role: operator/new, rolegroup: operator, user role: operator/*
2018/11/06 13:19:12 Required role: operator/list, rolegroup: operator, user role: operator/*
2018/11/06 13:19:12 Required role: interest/list, rolegroup: interest, user role: interest/*
2018/11/06 13:19:12 Required role: interest/new, rolegroup: interest, user role: interest/*
2018/11/06 13:19:12 Required role: interest/list, rolegroup: interest, user role: interest/*
2018/11/06 13:19:12 REGEXP FOUND: "^/admin/block/edit/(\d)+$" in path "/admin/block/edit/10"

2018/11/06 13:19:12 Required role: block/edit, rolegroup: block, user role: block/*
2018/11/06 13:19:12 Required role: block/edit, rolegroup: block, user role: block/*
2018/11/06 13:19:12 Validation start
2018/11/06 13:19:12 Validating field id
2018/11/06 13:19:12 Validating required
2018/11/06 13:19:12 Valid
2018/11/06 13:19:12 Validating field title
2018/11/06 13:19:12 Validating required
2018/11/06 13:19:12 value of title has not set yet, getting from request
2018/11/06 13:19:12 Empty check -> Value of title is impresszum
2018/11/06 13:19:12 Valid
2018/11/06 13:19:12 Validating field identifier
2018/11/06 13:19:12 Validating required
2018/11/06 13:19:12 value of identifier has not set yet, getting from request
2018/11/06 13:19:12 Empty check -> Value of identifier is impressum
2018/11/06 13:19:12 Valid
2018/11/06 13:19:12 Empty check -> Value of identifier is impressum
2018/11/06 13:19:12 Validating regexp ^([a-zA-Z0-9\-\_]*)+$ in impressum
2018/11/06 13:19:12 Valid
2018/11/06 13:19:12 Validating field content
2018/11/06 13:19:12 Validating required
2018/11/06 13:19:12 value of content has not set yet, getting from request
2018/11/06 13:19:12 Empty check -> Value of content is <div><b>Kiadó</b></div><div>Central European University – Center for Media, Data and Society<br>Budapest 1051 Nádor utca 9.</div><div><br></div><div><b>Projektfelelős</b></div><div>Bognár Éva, Bátorfy Attila</div><div><br></div><div><b>Fejlesztés, adatvizualizáció</b></div><div><a href="http://branditorial.hu" target="_blank">Branditorial</a></div><div><br></div><div><b>Adatok</b></div><div>Whitereport</div><div><br></div><div><b>Kapcsolat</b><br>cmds@ceu.edu</div><div><b><br></b></div><div><div><b>Finanszírozás</b></div><div>A projekt finanszírozására a CEU CMDS a&nbsp;<a href="https://newsinitiative.withgoogle.com/dnifund/" target="_blank">Google Digital News Innovation Fund</a>&nbsp;programján nyert 50.000 Euró pályázati összeget.<br></div></div>
2018/11/06 13:19:12 Valid
2018/11/06 13:19:12 Redirecting to /admin/block/edit/10
2018/11/06 13:19:12 No render /admin/block/edit/10 -> redirect
2018/11/06 13:19:12 Layout prepend running
2018/11/06 13:19:12 template scope is admin
2018/11/06 13:19:12 Adding css /vendor/bootstrap/css/bootstrap.min.css
2018/11/06 13:19:12 Adding css /vendor/metisMenu/metisMenu.min.css
2018/11/06 13:19:12 Adding css /assets/dist/css/sb-admin-2.css
2018/11/06 13:19:12 Adding css /vendor/morrisjs/morris.css
2018/11/06 13:19:12 Adding css /vendor/font-awesome/css/font-awesome.min.css
2018/11/06 13:19:12 Adding css /assets/summernote/summernote.css
2018/11/06 13:19:12 Adding css /assets/css/admin.css
2018/11/06 13:19:12 Logged out user allowed
2018/11/06 13:19:12 Required role: user/list, rolegroup: user, user role: user/*
2018/11/06 13:19:12 Required role: user/new, rolegroup: user, user role: user/*
2018/11/06 13:19:12 Anyone is allowed
2018/11/06 13:19:12 Required role: block/list, rolegroup: block, user role: block/*
2018/11/06 13:19:12 Required role: block/new, rolegroup: block, user role: block/*
2018/11/06 13:19:12 Loggedin user is allowed (admin users)
2018/11/06 13:19:12 Required role: config/index, rolegroup: config, user role: config/*
2018/11/06 13:19:12 Required role: config/index, rolegroup: config, user role: config/*
2018/11/06 13:19:12 Required role: media/list, rolegroup: media, user role: media/*
2018/11/06 13:19:12 Required role: media/new, rolegroup: media, user role: media/*
2018/11/06 13:19:12 Required role: media/list, rolegroup: media, user role: media/*
2018/11/06 13:19:12 Required role: mediatype/new, rolegroup: mediatype, user role: mediatype/*
2018/11/06 13:19:12 Required role: mediatype/list, rolegroup: mediatype, user role: mediatype/*
2018/11/06 13:19:12 Required role: mediatype/list, rolegroup: mediatype, user role: mediatype/*
2018/11/06 13:19:12 Required role: media/list, rolegroup: media, user role: media/*
2018/11/06 13:19:12 Required role: media/new, rolegroup: media, user role: media/*
2018/11/06 13:19:12 Required role: media/list, rolegroup: media, user role: media/*
2018/11/06 13:19:12 Required role: media/list, rolegroup: media, user role: media/*
2018/11/06 13:19:12 Required role: media/new, rolegroup: media, user role: media/*
2018/11/06 13:19:12 Required role: media/list, rolegroup: media, user role: media/*
2018/11/06 13:19:12 Required role: owner/list, rolegroup: owner, user role: owner/*
2018/11/06 13:19:12 Required role: owner/list, rolegroup: owner, user role: owner/*
2018/11/06 13:19:12 Required role: operator/list, rolegroup: operator, user role: operator/*
2018/11/06 13:19:12 Required role: operator/list, rolegroup: operator, user role: operator/*
2018/11/06 13:19:12 Required role: interest/list, rolegroup: interest, user role: interest/*
2018/11/06 13:19:12 Required role: interest/list, rolegroup: interest, user role: interest/*
2018/11/06 13:19:12 Required role: operator/list, rolegroup: operator, user role: operator/*
2018/11/06 13:19:12 Required role: operator/new, rolegroup: operator, user role: operator/*
2018/11/06 13:19:12 Required role: operator/list, rolegroup: operator, user role: operator/*
2018/11/06 13:19:12 Required role: interest/list, rolegroup: interest, user role: interest/*
2018/11/06 13:19:12 Required role: interest/new, rolegroup: interest, user role: interest/*
2018/11/06 13:19:12 Required role: interest/list, rolegroup: interest, user role: interest/*
2018/11/06 13:19:12 REGEXP FOUND: "^/admin/block/edit/(\d)+$" in path "/admin/block/edit/10"

2018/11/06 13:19:12 Required role: block/edit, rolegroup: block, user role: block/*
2018/11/06 13:19:12 Rendering form
2018/11/06 13:19:12 Rendering fieldset
2018/11/06 13:19:12 Rendering hidden
2018/11/06 13:19:12 Rendering hidden
2018/11/06 13:19:12 Rendering text
2018/11/06 13:19:12 Rendering input group
2018/11/06 13:19:12 Rendering text
2018/11/06 13:19:12 Rendering input group
2018/11/06 13:19:12 Rendering textarea
2018/11/06 13:19:12 Rendering input group
2018/11/06 13:19:12 Rendering fieldset
2018/11/06 13:19:12 Rendering button
2018/11/06 13:19:12 Rendering input group
2018/11/06 13:19:12 Render layout admin
2018/11/06 13:19:49 Layout prepend running
2018/11/06 13:19:49 Adding css /assets/css/main.css
2018/11/06 13:19:49 SELECT * FROM media_type ORDER BY id
2018/11/06 13:19:49 REGEXP FOUND: "^/?" in path "/"

2018/11/06 13:19:49 Anyone is allowed
2018/11/06 13:19:49 Render layout frontend
2018/11/06 13:19:50 Layout prepend running
2018/11/06 13:19:50 REGEXP FOUND: "^/media$" in path "/media"

2018/11/06 13:19:50 Anyone is allowed
2018/11/06 13:19:50 Render layout frontend
2018/11/06 13:19:50 Layout prepend running
2018/11/06 13:19:50 REGEXP FOUND: "^/connections$" in path "/connections"

2018/11/06 13:19:50 Anyone is allowed
2018/11/06 13:19:50 Render layout frontend
2018/11/06 13:19:50 Layout prepend running
2018/11/06 13:19:50 REGEXP FOUND: "^/operators$" in path "/operators"

2018/11/06 13:19:50 Anyone is allowed
2018/11/06 13:19:50 Render layout frontend
2018/11/06 13:19:50 Layout prepend running
2018/11/06 13:19:50 Layout prepend running
2018/11/06 13:19:50 REGEXP FOUND: "^/owners$" in path "/owners"

2018/11/06 13:19:50 Anyone is allowed
2018/11/06 13:19:50 Render layout frontend
2018/11/06 13:19:50 REGEXP FOUND: "^/interests$" in path "/interests"

2018/11/06 13:19:50 Anyone is allowed
2018/11/06 13:19:50 Render layout frontend
2018/11/06 13:19:57 Setting default language to user
2018/11/06 13:24:57 Setting default language to user
2018/11/06 13:29:37 Setting default language to user
2018/11/06 13:29:37 Layout prepend running
2018/11/06 13:29:37 Adding css /assets/css/main.css
2018/11/06 13:29:37 SELECT * FROM media_type ORDER BY id
2018/11/06 13:29:37 REGEXP FOUND: "^/?" in path "/"

2018/11/06 13:29:37 Anyone is allowed
2018/11/06 13:29:37 Render layout frontend
2018/11/06 13:29:37 Layout prepend running
2018/11/06 13:29:37 REGEXP FOUND: "^/media$" in path "/media"

2018/11/06 13:29:37 Anyone is allowed
2018/11/06 13:29:37 Render layout frontend
2018/11/06 13:29:37 Layout prepend running
2018/11/06 13:29:37 REGEXP FOUND: "^/owners$" in path "/owners"

2018/11/06 13:29:37 Anyone is allowed
2018/11/06 13:29:38 Render layout frontend
2018/11/06 13:29:38 Layout prepend running
2018/11/06 13:29:38 REGEXP FOUND: "^/operators$" in path "/operators"

2018/11/06 13:29:38 Anyone is allowed
2018/11/06 13:29:38 Render layout frontend
2018/11/06 13:29:38 Layout prepend running
2018/11/06 13:29:38 REGEXP FOUND: "^/connections$" in path "/connections"

2018/11/06 13:29:38 Anyone is allowed
2018/11/06 13:29:38 Render layout frontend
2018/11/06 13:29:38 Layout prepend running
2018/11/06 13:29:38 REGEXP FOUND: "^/interests$" in path "/interests"

2018/11/06 13:29:38 Anyone is allowed
2018/11/06 13:29:38 Render layout frontend
2018/11/06 13:29:47 Setting default language to user
2018/11/06 13:29:48 Setting default language to user
2018/11/06 13:29:48 Layout prepend running
2018/11/06 13:29:48 Adding css /assets/css/main.css
2018/11/06 13:29:48 SELECT * FROM media_type ORDER BY id
2018/11/06 13:29:48 REGEXP FOUND: "^/?" in path "/favicon.ico"

2018/11/06 13:29:48 Anyone is allowed
2018/11/06 13:29:48 Render layout frontend
2018/11/06 13:29:57 Setting default language to user
2018/11/06 13:34:58 Setting default language to user
2018/11/06 13:39:57 Setting default language to user
2018/11/06 13:44:57 Setting default language to user
2018/11/06 13:48:20 Setting default language to user
2018/11/06 13:48:20 Layout prepend running
2018/11/06 13:48:20 Adding css /assets/css/main.css
2018/11/06 13:48:20 SELECT * FROM media_type ORDER BY id
2018/11/06 13:48:20 REGEXP FOUND: "^/?" in path "/"

2018/11/06 13:48:20 Anyone is allowed
2018/11/06 13:48:20 Render layout frontend
2018/11/06 13:48:21 Setting default language to user
2018/11/06 13:48:21 Layout prepend running
2018/11/06 13:48:21 REGEXP FOUND: "^/media$" in path "/media"

2018/11/06 13:48:21 Anyone is allowed
2018/11/06 13:48:21 Render layout frontend
2018/11/06 13:48:21 Setting default language to user
2018/11/06 13:48:21 Layout prepend running
2018/11/06 13:48:21 REGEXP FOUND: "^/connections$" in path "/connections"

2018/11/06 13:48:21 Anyone is allowed
2018/11/06 13:48:21 Render layout frontend
2018/11/06 13:48:21 Setting default language to user
2018/11/06 13:48:21 Layout prepend running
2018/11/06 13:48:21 REGEXP FOUND: "^/operators$" in path "/operators"

2018/11/06 13:48:21 Anyone is allowed
2018/11/06 13:48:21 Render layout frontend
2018/11/06 13:48:21 Setting default language to user
2018/11/06 13:48:21 Layout prepend running
2018/11/06 13:48:21 REGEXP FOUND: "^/interests$" in path "/interests"

2018/11/06 13:48:21 Anyone is allowed
2018/11/06 13:48:21 Render layout frontend
2018/11/06 13:48:21 Setting default language to user
2018/11/06 13:48:21 Layout prepend running
2018/11/06 13:48:21 REGEXP FOUND: "^/owners$" in path "/owners"

2018/11/06 13:48:21 Anyone is allowed
2018/11/06 13:48:21 Render layout frontend
2018/11/06 13:48:21 Layout prepend running
2018/11/06 13:48:21 Adding css /assets/css/main.css
2018/11/06 13:48:21 SELECT * FROM media_type ORDER BY id
2018/11/06 13:48:21 REGEXP FOUND: "^/?" in path "/favicon.ico"

2018/11/06 13:48:21 Anyone is allowed
2018/11/06 13:48:21 Render layout frontend
2018/11/06 13:49:57 Setting default language to user
2018/11/06 13:50:22 Setting default language to user
2018/11/06 13:50:22 Layout prepend running
2018/11/06 13:50:22 Adding css /assets/css/main.css
2018/11/06 13:50:22 SELECT * FROM media_type ORDER BY id
2018/11/06 13:50:22 REGEXP FOUND: "^/?" in path "/"

2018/11/06 13:50:22 Anyone is allowed
2018/11/06 13:50:22 Render layout frontend
2018/11/06 13:50:23 Setting default language to user
2018/11/06 13:50:23 Layout prepend running
2018/11/06 13:50:23 REGEXP FOUND: "^/interests$" in path "/interests"

2018/11/06 13:50:23 Anyone is allowed
2018/11/06 13:50:23 Render layout frontend
2018/11/06 13:50:23 Setting default language to user
2018/11/06 13:50:23 Layout prepend running
2018/11/06 13:50:23 REGEXP FOUND: "^/connections$" in path "/connections"

2018/11/06 13:50:23 Anyone is allowed
2018/11/06 13:50:23 Render layout frontend
2018/11/06 13:50:23 Setting default language to user
2018/11/06 13:50:23 Layout prepend running
2018/11/06 13:50:23 REGEXP FOUND: "^/owners$" in path "/owners"

2018/11/06 13:50:23 Anyone is allowed
2018/11/06 13:50:23 Render layout frontend
2018/11/06 13:50:23 Setting default language to user
2018/11/06 13:50:23 Layout prepend running
2018/11/06 13:50:23 REGEXP FOUND: "^/operators$" in path "/operators"

2018/11/06 13:50:23 Anyone is allowed
2018/11/06 13:50:23 Render layout frontend
2018/11/06 13:50:23 Layout prepend running
2018/11/06 13:50:23 Adding css /assets/css/main.css
2018/11/06 13:50:23 SELECT * FROM media_type ORDER BY id
2018/11/06 13:50:23 REGEXP FOUND: "^/?" in path "/favicon.ico"

2018/11/06 13:50:23 Anyone is allowed
2018/11/06 13:50:23 Render layout frontend
2018/11/06 13:50:23 Setting default language to user
2018/11/06 13:50:23 Layout prepend running
2018/11/06 13:50:23 REGEXP FOUND: "^/media$" in path "/media"

2018/11/06 13:50:23 Anyone is allowed
2018/11/06 13:50:23 Render layout frontend
2018/11/06 13:54:57 Setting default language to user
2018/11/06 13:59:57 Setting default language to user
