2018/11/20 12:03:06 Setting default language to user
2018/11/20 12:04:41 Setting default language to user
2018/11/20 12:08:06 Setting default language to user
2018/11/20 12:13:06 Setting default language to user
2018/11/20 12:18:06 Setting default language to user
2018/11/20 12:23:06 Setting default language to user
2018/11/20 12:27:06 Setting default language to user
2018/11/20 12:27:06 Layout prepend running
2018/11/20 12:27:06 Adding css /assets/css/main.css
2018/11/20 12:27:06 SELECT * FROM media_type ORDER BY id
2018/11/20 12:27:06 REGEXP FOUND: "^/?" in path "/"

2018/11/20 12:27:06 Anyone is allowed
2018/11/20 12:27:06 Render layout frontend
2018/11/20 12:28:06 Setting default language to user
2018/11/20 12:33:06 Setting default language to user
2018/11/20 12:38:06 Setting default language to user
2018/11/20 12:43:06 Setting default language to user
2018/11/20 12:48:06 Setting default language to user
2018/11/20 12:53:06 Setting default language to user
2018/11/20 12:58:06 Setting default language to user
