2018/10/03 09:14:57 Config values are the following: {ViewDir:view ListenPort:9004 BrandUrl: ChiefAdmin:map[2:{Email:atom@agl.group Password:mos180628 SuperAdmin:false} 0:{Email:istvan.dombi@agl.group Password:mos180628 SuperAdmin:false} 1:{Email:lo@branditorial.hu Password:mos180628 SuperAdmin:false}] Og:{Url:mos.48p.in Type:website Title:Media Ownership Description:Media Ownership Image:/assets/images/mediaos.png} Environment:local Db:{Environment:map[local:{Host:localhost Username:mos Password:golangforever Name:mos}] MaxIdleCons:0 MaxOpenCons:0 MaxConnLifetimeMinutes:3} Server:{ReadTimeoutSeconds:20 WriteTimeoutSeconds:20 SessionKey:mediaownership MaxRPS:5 BanMinutes:10 BanActive:false} Mode:{Live:false Debug:true Rebuild_structure:false} Cache:{Enabled:true Dir:view/cache} AdminRouter:admin ConfigValues:map[instagram: linkedin: youtube: spotify: facebook:] Language:{Allowed:[hu en]}}
2018/10/03 09:14:57 Initializing translator
2018/10/03 09:14:57 Translator initialization done
2018/10/03 09:14:57 Ininialize connection
2018/10/03 09:15:05 Setting default language to user
2018/10/03 09:15:05 Layout prepend running
2018/10/03 09:15:05 Adding css /assets/css/main.css
2018/10/03 09:15:05 SELECT * FROM media_type ORDER BY id
2018/10/03 09:15:05 REGEXP FOUND: "^/?" in path "/"

2018/10/03 09:15:05 Anyone is allowed
2018/10/03 09:15:05 Render layout frontend
2018/10/03 09:15:05 Layout prepend running
2018/10/03 09:15:05 REGEXP FOUND: "^/connections$" in path "/connections"

2018/10/03 09:15:05 Anyone is allowed
2018/10/03 09:15:05 Layout prepend running
2018/10/03 09:15:05 REGEXP FOUND: "^/media$" in path "/media"

2018/10/03 09:15:05 Anyone is allowed
2018/10/03 09:15:05 Layout prepend running
2018/10/03 09:15:05 REGEXP FOUND: "^/operators$" in path "/operators"

2018/10/03 09:15:05 Anyone is allowed
2018/10/03 09:15:05 Render layout frontend
2018/10/03 09:15:05 Layout prepend running
2018/10/03 09:15:05 REGEXP FOUND: "^/owners$" in path "/owners"

2018/10/03 09:15:05 Anyone is allowed
2018/10/03 09:15:05 Render layout frontend
2018/10/03 09:17:24 Setting default language to user
2018/10/03 09:17:24 Layout prepend running
2018/10/03 09:17:24 Adding css /assets/css/main.css
2018/10/03 09:17:24 SELECT * FROM media_type ORDER BY id
2018/10/03 09:17:24 REGEXP FOUND: "^/?" in path "/"

2018/10/03 09:17:24 Anyone is allowed
2018/10/03 09:17:24 Render layout frontend
2018/10/03 09:17:24 Setting default language to user
2018/10/03 09:17:24 Layout prepend running
2018/10/03 09:17:24 Adding css /assets/css/main.css
2018/10/03 09:17:24 SELECT * FROM media_type ORDER BY id
2018/10/03 09:17:24 REGEXP FOUND: "^/?" in path "/"

2018/10/03 09:17:24 Anyone is allowed
2018/10/03 09:17:24 Render layout frontend
2018/10/03 09:17:29 Setting default language to user
2018/10/03 09:17:29 Layout prepend running
2018/10/03 09:17:29 Adding css /assets/css/main.css
2018/10/03 09:17:29 SELECT * FROM media_type ORDER BY id
2018/10/03 09:17:29 REGEXP FOUND: "^/?" in path "/mos.48p.in/assets/images/mediaos.png"

2018/10/03 09:17:29 Anyone is allowed
2018/10/03 09:17:29 Render layout frontend
2018/10/03 09:18:32 Layout prepend running
2018/10/03 09:18:32 Adding css /assets/css/main.css
2018/10/03 09:18:32 SELECT * FROM media_type ORDER BY id
2018/10/03 09:18:32 REGEXP FOUND: "^/?" in path "/"

2018/10/03 09:18:32 Anyone is allowed
2018/10/03 09:18:32 Render layout frontend
2018/10/03 09:18:33 Layout prepend running
2018/10/03 09:18:33 REGEXP FOUND: "^/media$" in path "/media"

2018/10/03 09:18:33 Anyone is allowed
2018/10/03 09:18:33 Render layout frontend
2018/10/03 09:18:33 Layout prepend running
2018/10/03 09:18:33 REGEXP FOUND: "^/connections$" in path "/connections"

2018/10/03 09:18:33 Anyone is allowed
2018/10/03 09:18:33 Layout prepend running
2018/10/03 09:18:33 REGEXP FOUND: "^/operators$" in path "/operators"

2018/10/03 09:18:33 Anyone is allowed
2018/10/03 09:18:33 Layout prepend running
2018/10/03 09:18:33 REGEXP FOUND: "^/owners$" in path "/owners"

2018/10/03 09:18:33 Anyone is allowed
2018/10/03 09:18:33 Render layout frontend
2018/10/03 09:20:31 Layout prepend running
2018/10/03 09:20:31 Adding css /assets/css/main.css
2018/10/03 09:20:31 SELECT * FROM media_type ORDER BY id
2018/10/03 09:20:31 REGEXP FOUND: "^/?" in path "/"

2018/10/03 09:20:31 Anyone is allowed
2018/10/03 09:20:31 Render layout frontend
2018/10/03 09:20:31 Layout prepend running
2018/10/03 09:20:31 REGEXP FOUND: "^/operators$" in path "/operators"

2018/10/03 09:20:31 Anyone is allowed
2018/10/03 09:20:31 Layout prepend running
2018/10/03 09:20:31 REGEXP FOUND: "^/owners$" in path "/owners"

2018/10/03 09:20:31 Anyone is allowed
2018/10/03 09:20:31 Render layout frontend
2018/10/03 09:20:32 Layout prepend running
2018/10/03 09:20:32 REGEXP FOUND: "^/media$" in path "/media"

2018/10/03 09:20:32 Anyone is allowed
2018/10/03 09:20:32 Render layout frontend
2018/10/03 09:20:32 Layout prepend running
2018/10/03 09:20:32 REGEXP FOUND: "^/connections$" in path "/connections"

2018/10/03 09:20:32 Anyone is allowed
2018/10/03 09:20:33 Render layout frontend
2018/10/03 09:48:25 Setting default language to user
2018/10/03 09:48:25 Layout prepend running
2018/10/03 09:48:25 Adding css /assets/css/main.css
2018/10/03 09:48:25 SELECT * FROM media_type ORDER BY id
2018/10/03 09:48:25 REGEXP FOUND: "^/?" in path "/"

2018/10/03 09:48:25 Anyone is allowed
2018/10/03 09:48:25 Render layout frontend
2018/10/03 09:48:27 Layout prepend running
2018/10/03 09:48:27 REGEXP FOUND: "^/media$" in path "/media"

2018/10/03 09:48:27 Anyone is allowed
2018/10/03 09:48:27 Layout prepend running
2018/10/03 09:48:27 REGEXP FOUND: "^/connections$" in path "/connections"

2018/10/03 09:48:27 Anyone is allowed
2018/10/03 09:48:27 Render layout frontend
2018/10/03 09:48:27 Layout prepend running
2018/10/03 09:48:27 REGEXP FOUND: "^/operators$" in path "/operators"

2018/10/03 09:48:27 Anyone is allowed
2018/10/03 09:48:27 Layout prepend running
2018/10/03 09:48:27 REGEXP FOUND: "^/owners$" in path "/owners"

2018/10/03 09:48:27 Anyone is allowed
2018/10/03 09:48:27 Render layout frontend
2018/10/03 09:49:50 Layout prepend running
2018/10/03 09:49:50 template scope is admin
2018/10/03 09:49:50 Adding css /vendor/bootstrap/css/bootstrap.min.css
2018/10/03 09:49:50 Adding css /vendor/metisMenu/metisMenu.min.css
2018/10/03 09:49:50 Adding css /assets/dist/css/sb-admin-2.css
2018/10/03 09:49:50 Adding css /vendor/morrisjs/morris.css
2018/10/03 09:49:50 Adding css /vendor/font-awesome/css/font-awesome.min.css
2018/10/03 09:49:50 Adding css /assets/summernote/summernote.css
2018/10/03 09:49:50 Adding css /assets/css/admin.css
2018/10/03 09:49:50 Logged out user allowed
2018/10/03 09:49:50 Anyone is allowed
2018/10/03 09:49:50 Loggedin user is allowed (admin users)
2018/10/03 09:49:50 REGEXP FOUND: "/admin/?$" in path "/admin"

2018/10/03 09:49:50 Logged out user allowed
2018/10/03 09:49:50 Render layout admin
2018/10/03 09:50:30 Layout prepend running
2018/10/03 09:50:30 template scope is admin
2018/10/03 09:50:30 Adding css /vendor/bootstrap/css/bootstrap.min.css
2018/10/03 09:50:30 Adding css /vendor/metisMenu/metisMenu.min.css
2018/10/03 09:50:30 Adding css /assets/dist/css/sb-admin-2.css
2018/10/03 09:50:30 Adding css /vendor/morrisjs/morris.css
2018/10/03 09:50:30 Adding css /vendor/font-awesome/css/font-awesome.min.css
2018/10/03 09:50:30 Adding css /assets/summernote/summernote.css
2018/10/03 09:50:30 Adding css /assets/css/admin.css
2018/10/03 09:50:30 Logged out user allowed
2018/10/03 09:50:30 Anyone is allowed
2018/10/03 09:50:30 Loggedin user is allowed (admin users)
2018/10/03 09:50:30 REGEXP FOUND: "^/admin/user/loginpost$" in path "/admin/user/loginpost"

2018/10/03 09:50:30 Logged out user allowed
2018/10/03 09:50:30 SELECT * FROM user where email = ?
2018/10/03 09:50:30 Logging in
2018/10/03 09:50:30 Redirecting to /admin/user/welcome
2018/10/03 09:50:30 No render /admin/user/loginpost -> redirect
2018/10/03 09:50:30 Layout prepend running
2018/10/03 09:50:30 template scope is admin
2018/10/03 09:50:30 Adding css /vendor/bootstrap/css/bootstrap.min.css
2018/10/03 09:50:30 Adding css /vendor/metisMenu/metisMenu.min.css
2018/10/03 09:50:30 Adding css /assets/dist/css/sb-admin-2.css
2018/10/03 09:50:30 Adding css /vendor/morrisjs/morris.css
2018/10/03 09:50:30 Adding css /vendor/font-awesome/css/font-awesome.min.css
2018/10/03 09:50:30 Adding css /assets/summernote/summernote.css
2018/10/03 09:50:30 Adding css /assets/css/admin.css
2018/10/03 09:50:30 Required role: user/list, rolegroup: user, user role: user/*
2018/10/03 09:50:30 Required role: user/new, rolegroup: user, user role: user/*
2018/10/03 09:50:30 Logged out user allowed
2018/10/03 09:50:30 Anyone is allowed
2018/10/03 09:50:30 Required role: block/list, rolegroup: block, user role: block/*
2018/10/03 09:50:30 Required role: block/new, rolegroup: block, user role: block/*
2018/10/03 09:50:30 Loggedin user is allowed (admin users)
2018/10/03 09:50:30 Required role: config/index, rolegroup: config, user role: config/*
2018/10/03 09:50:30 Required role: config/index, rolegroup: config, user role: config/*
2018/10/03 09:50:30 Required role: media/list, rolegroup: media, user role: media/*
2018/10/03 09:50:30 Required role: media/new, rolegroup: media, user role: media/*
2018/10/03 09:50:30 Required role: media/list, rolegroup: media, user role: media/*
2018/10/03 09:50:30 Required role: mediatype/new, rolegroup: mediatype, user role: mediatype/*
2018/10/03 09:50:30 Required role: mediatype/list, rolegroup: mediatype, user role: mediatype/*
2018/10/03 09:50:30 Required role: mediatype/list, rolegroup: mediatype, user role: mediatype/*
2018/10/03 09:50:30 Required role: media/list, rolegroup: media, user role: media/*
2018/10/03 09:50:30 Required role: media/new, rolegroup: media, user role: media/*
2018/10/03 09:50:30 Required role: media/list, rolegroup: media, user role: media/*
2018/10/03 09:50:30 Required role: media/list, rolegroup: media, user role: media/*
2018/10/03 09:50:30 Required role: media/new, rolegroup: media, user role: media/*
2018/10/03 09:50:30 Required role: media/list, rolegroup: media, user role: media/*
2018/10/03 09:50:30 Required role: owner/list, rolegroup: owner, user role: owner/*
2018/10/03 09:50:30 Required role: owner/list, rolegroup: owner, user role: owner/*
2018/10/03 09:50:30 Required role: operator/list, rolegroup: operator, user role: operator/*
2018/10/03 09:50:30 Required role: operator/list, rolegroup: operator, user role: operator/*
2018/10/03 09:50:30 Required role: interest/list, rolegroup: interest, user role: interest/*
2018/10/03 09:50:30 Required role: interest/list, rolegroup: interest, user role: interest/*
2018/10/03 09:50:30 Required role: operator/new, rolegroup: operator, user role: operator/*
2018/10/03 09:50:30 Required role: operator/list, rolegroup: operator, user role: operator/*
2018/10/03 09:50:30 Required role: operator/list, rolegroup: operator, user role: operator/*
2018/10/03 09:50:30 Required role: interest/list, rolegroup: interest, user role: interest/*
2018/10/03 09:50:30 Required role: interest/new, rolegroup: interest, user role: interest/*
2018/10/03 09:50:30 Required role: interest/list, rolegroup: interest, user role: interest/*
2018/10/03 09:50:30 REGEXP FOUND: "^/admin/user/welcome$" in path "/admin/user/welcome"

2018/10/03 09:50:30 Loggedin user is allowed (admin users)
2018/10/03 09:50:30 Render layout admin
2018/10/03 09:51:04 Layout prepend running
2018/10/03 09:51:04 template scope is admin
2018/10/03 09:51:04 Adding css /vendor/bootstrap/css/bootstrap.min.css
2018/10/03 09:51:04 Adding css /vendor/metisMenu/metisMenu.min.css
2018/10/03 09:51:04 Adding css /assets/dist/css/sb-admin-2.css
2018/10/03 09:51:04 Adding css /vendor/morrisjs/morris.css
2018/10/03 09:51:04 Adding css /vendor/font-awesome/css/font-awesome.min.css
2018/10/03 09:51:04 Adding css /assets/summernote/summernote.css
2018/10/03 09:51:04 Adding css /assets/css/admin.css
2018/10/03 09:51:04 Logged out user allowed
2018/10/03 09:51:04 Required role: user/list, rolegroup: user, user role: user/*
2018/10/03 09:51:04 Required role: user/new, rolegroup: user, user role: user/*
2018/10/03 09:51:04 Anyone is allowed
2018/10/03 09:51:04 Required role: block/list, rolegroup: block, user role: block/*
2018/10/03 09:51:04 Required role: block/new, rolegroup: block, user role: block/*
2018/10/03 09:51:04 Loggedin user is allowed (admin users)
2018/10/03 09:51:04 Required role: config/index, rolegroup: config, user role: config/*
2018/10/03 09:51:04 Required role: config/index, rolegroup: config, user role: config/*
2018/10/03 09:51:04 Required role: media/list, rolegroup: media, user role: media/*
2018/10/03 09:51:04 Required role: media/new, rolegroup: media, user role: media/*
2018/10/03 09:51:04 Required role: media/list, rolegroup: media, user role: media/*
2018/10/03 09:51:04 Required role: mediatype/list, rolegroup: mediatype, user role: mediatype/*
2018/10/03 09:51:04 Required role: mediatype/new, rolegroup: mediatype, user role: mediatype/*
2018/10/03 09:51:04 Required role: mediatype/list, rolegroup: mediatype, user role: mediatype/*
2018/10/03 09:51:04 Required role: media/list, rolegroup: media, user role: media/*
2018/10/03 09:51:04 Required role: media/new, rolegroup: media, user role: media/*
2018/10/03 09:51:04 Required role: media/list, rolegroup: media, user role: media/*
2018/10/03 09:51:04 Required role: media/list, rolegroup: media, user role: media/*
2018/10/03 09:51:04 Required role: media/new, rolegroup: media, user role: media/*
2018/10/03 09:51:04 Required role: media/list, rolegroup: media, user role: media/*
2018/10/03 09:51:04 Required role: owner/list, rolegroup: owner, user role: owner/*
2018/10/03 09:51:04 Required role: owner/list, rolegroup: owner, user role: owner/*
2018/10/03 09:51:04 Required role: operator/list, rolegroup: operator, user role: operator/*
2018/10/03 09:51:04 Required role: operator/list, rolegroup: operator, user role: operator/*
2018/10/03 09:51:04 Required role: interest/list, rolegroup: interest, user role: interest/*
2018/10/03 09:51:04 Required role: interest/list, rolegroup: interest, user role: interest/*
2018/10/03 09:51:04 Required role: operator/list, rolegroup: operator, user role: operator/*
2018/10/03 09:51:04 Required role: operator/new, rolegroup: operator, user role: operator/*
2018/10/03 09:51:04 Required role: operator/list, rolegroup: operator, user role: operator/*
2018/10/03 09:51:04 Required role: interest/list, rolegroup: interest, user role: interest/*
2018/10/03 09:51:04 Required role: interest/new, rolegroup: interest, user role: interest/*
2018/10/03 09:51:04 Required role: interest/list, rolegroup: interest, user role: interest/*
2018/10/03 09:51:04 REGEXP FOUND: "^/admin/user/welcome$" in path "/admin/user/welcome"

2018/10/03 09:51:04 Loggedin user is allowed (admin users)
2018/10/03 09:51:04 Render layout admin
2018/10/03 09:51:42 Layout prepend running
2018/10/03 09:51:42 template scope is admin
2018/10/03 09:51:42 Adding css /vendor/bootstrap/css/bootstrap.min.css
2018/10/03 09:51:42 Adding css /vendor/metisMenu/metisMenu.min.css
2018/10/03 09:51:42 Adding css /assets/dist/css/sb-admin-2.css
2018/10/03 09:51:42 Adding css /vendor/morrisjs/morris.css
2018/10/03 09:51:42 Adding css /vendor/font-awesome/css/font-awesome.min.css
2018/10/03 09:51:42 Adding css /assets/summernote/summernote.css
2018/10/03 09:51:42 Adding css /assets/css/admin.css
2018/10/03 09:51:42 Required role: user/list, rolegroup: user, user role: user/*
2018/10/03 09:51:42 Required role: user/new, rolegroup: user, user role: user/*
2018/10/03 09:51:42 Logged out user allowed
2018/10/03 09:51:42 Anyone is allowed
2018/10/03 09:51:42 Required role: block/list, rolegroup: block, user role: block/*
2018/10/03 09:51:42 Required role: block/new, rolegroup: block, user role: block/*
2018/10/03 09:51:42 Loggedin user is allowed (admin users)
2018/10/03 09:51:42 Required role: config/index, rolegroup: config, user role: config/*
2018/10/03 09:51:42 Required role: config/index, rolegroup: config, user role: config/*
2018/10/03 09:51:42 Required role: media/list, rolegroup: media, user role: media/*
2018/10/03 09:51:42 Required role: media/new, rolegroup: media, user role: media/*
2018/10/03 09:51:42 Required role: media/list, rolegroup: media, user role: media/*
2018/10/03 09:51:42 Required role: mediatype/list, rolegroup: mediatype, user role: mediatype/*
2018/10/03 09:51:42 Required role: mediatype/new, rolegroup: mediatype, user role: mediatype/*
2018/10/03 09:51:42 Required role: mediatype/list, rolegroup: mediatype, user role: mediatype/*
2018/10/03 09:51:42 Required role: media/list, rolegroup: media, user role: media/*
2018/10/03 09:51:42 Required role: media/new, rolegroup: media, user role: media/*
2018/10/03 09:51:42 Required role: media/list, rolegroup: media, user role: media/*
2018/10/03 09:51:42 Required role: media/list, rolegroup: media, user role: media/*
2018/10/03 09:51:42 Required role: media/new, rolegroup: media, user role: media/*
2018/10/03 09:51:42 Required role: media/list, rolegroup: media, user role: media/*
2018/10/03 09:51:42 Required role: owner/list, rolegroup: owner, user role: owner/*
2018/10/03 09:51:42 Required role: owner/list, rolegroup: owner, user role: owner/*
2018/10/03 09:51:42 Required role: operator/list, rolegroup: operator, user role: operator/*
2018/10/03 09:51:42 Required role: operator/list, rolegroup: operator, user role: operator/*
2018/10/03 09:51:42 Required role: interest/list, rolegroup: interest, user role: interest/*
2018/10/03 09:51:42 Required role: interest/list, rolegroup: interest, user role: interest/*
2018/10/03 09:51:42 Required role: operator/list, rolegroup: operator, user role: operator/*
2018/10/03 09:51:42 Required role: operator/new, rolegroup: operator, user role: operator/*
2018/10/03 09:51:42 Required role: operator/list, rolegroup: operator, user role: operator/*
2018/10/03 09:51:42 Required role: interest/new, rolegroup: interest, user role: interest/*
2018/10/03 09:51:42 Required role: interest/list, rolegroup: interest, user role: interest/*
2018/10/03 09:51:42 Required role: interest/list, rolegroup: interest, user role: interest/*
2018/10/03 09:51:42 REGEXP FOUND: "^/admin/block/?(index)?$" in path "/admin/block/index"

2018/10/03 09:51:42 Required role: block/list, rolegroup: block, user role: block/*
2018/10/03 09:51:42 SELECT * FROM block WHERE `lc` = "hu" ORDER BY id DESC LIMIT 0,20
2018/10/03 09:51:42 block as m
2018/10/03 09:51:42 SELECT COUNT(m.`id`) FROM block as m WHERE `lc` = "hu"
2018/10/03 09:51:42 Rendering form
2018/10/03 09:51:42 Rendering fieldset
2018/10/03 09:51:42 Rendering text
2018/10/03 09:51:42 Rendering input group
2018/10/03 09:51:42 Rendering text
2018/10/03 09:51:42 Rendering input group
2018/10/03 09:51:42 Rendering text
2018/10/03 09:51:42 Rendering input group
2018/10/03 09:51:42 Rendering fieldset
2018/10/03 09:51:42 Rendering button
2018/10/03 09:51:42 Rendering input group
2018/10/03 09:51:42 Render layout admin
2018/10/03 09:51:52 Layout prepend running
2018/10/03 09:51:52 template scope is admin
2018/10/03 09:51:52 Adding css /vendor/bootstrap/css/bootstrap.min.css
2018/10/03 09:51:52 Adding css /vendor/metisMenu/metisMenu.min.css
2018/10/03 09:51:52 Adding css /assets/dist/css/sb-admin-2.css
2018/10/03 09:51:52 Adding css /vendor/morrisjs/morris.css
2018/10/03 09:51:52 Adding css /vendor/font-awesome/css/font-awesome.min.css
2018/10/03 09:51:52 Adding css /assets/summernote/summernote.css
2018/10/03 09:51:52 Adding css /assets/css/admin.css
2018/10/03 09:51:52 Logged out user allowed
2018/10/03 09:51:52 Required role: user/list, rolegroup: user, user role: user/*
2018/10/03 09:51:52 Required role: user/new, rolegroup: user, user role: user/*
2018/10/03 09:51:52 Anyone is allowed
2018/10/03 09:51:52 Required role: block/list, rolegroup: block, user role: block/*
2018/10/03 09:51:52 Required role: block/new, rolegroup: block, user role: block/*
2018/10/03 09:51:52 Loggedin user is allowed (admin users)
2018/10/03 09:51:52 Required role: config/index, rolegroup: config, user role: config/*
2018/10/03 09:51:52 Required role: config/index, rolegroup: config, user role: config/*
2018/10/03 09:51:52 Required role: media/list, rolegroup: media, user role: media/*
2018/10/03 09:51:52 Required role: media/new, rolegroup: media, user role: media/*
2018/10/03 09:51:52 Required role: media/list, rolegroup: media, user role: media/*
2018/10/03 09:51:52 Required role: mediatype/list, rolegroup: mediatype, user role: mediatype/*
2018/10/03 09:51:52 Required role: mediatype/new, rolegroup: mediatype, user role: mediatype/*
2018/10/03 09:51:52 Required role: mediatype/list, rolegroup: mediatype, user role: mediatype/*
2018/10/03 09:51:52 Required role: media/list, rolegroup: media, user role: media/*
2018/10/03 09:51:52 Required role: media/new, rolegroup: media, user role: media/*
2018/10/03 09:51:52 Required role: media/list, rolegroup: media, user role: media/*
2018/10/03 09:51:52 Required role: media/list, rolegroup: media, user role: media/*
2018/10/03 09:51:52 Required role: media/new, rolegroup: media, user role: media/*
2018/10/03 09:51:52 Required role: media/list, rolegroup: media, user role: media/*
2018/10/03 09:51:52 Required role: owner/list, rolegroup: owner, user role: owner/*
2018/10/03 09:51:52 Required role: owner/list, rolegroup: owner, user role: owner/*
2018/10/03 09:51:52 Required role: operator/list, rolegroup: operator, user role: operator/*
2018/10/03 09:51:52 Required role: operator/list, rolegroup: operator, user role: operator/*
2018/10/03 09:51:52 Required role: interest/list, rolegroup: interest, user role: interest/*
2018/10/03 09:51:52 Required role: interest/list, rolegroup: interest, user role: interest/*
2018/10/03 09:51:52 Required role: operator/list, rolegroup: operator, user role: operator/*
2018/10/03 09:51:52 Required role: operator/new, rolegroup: operator, user role: operator/*
2018/10/03 09:51:52 Required role: operator/list, rolegroup: operator, user role: operator/*
2018/10/03 09:51:52 Required role: interest/list, rolegroup: interest, user role: interest/*
2018/10/03 09:51:52 Required role: interest/new, rolegroup: interest, user role: interest/*
2018/10/03 09:51:52 Required role: interest/list, rolegroup: interest, user role: interest/*
2018/10/03 09:51:52 REGEXP FOUND: "^/admin/mediaowner/?(index)?$" in path "/admin/mediaowner/index"

2018/10/03 09:51:52 Required role: media/list, rolegroup: media, user role: media/*
2018/10/03 09:51:52 SELECT * FROM media_owner ORDER BY id DESC LIMIT 0,20
2018/10/03 09:51:52 media_owner as m
2018/10/03 09:51:52 SELECT COUNT(m.`id`) FROM media_owner as m
2018/10/03 09:51:52 Rendering form
2018/10/03 09:51:52 Rendering fieldset
2018/10/03 09:51:52 Rendering text
2018/10/03 09:51:52 Rendering input group
2018/10/03 09:51:52 Rendering text
2018/10/03 09:51:52 Rendering input group
2018/10/03 09:51:52 Rendering text
2018/10/03 09:51:52 Rendering input group
2018/10/03 09:51:52 Rendering fieldset
2018/10/03 09:51:52 Rendering button
2018/10/03 09:51:52 Rendering input group
2018/10/03 09:51:52 Render layout admin
2018/10/03 09:52:25 Layout prepend running
2018/10/03 09:52:25 template scope is admin
2018/10/03 09:52:25 Adding css /vendor/bootstrap/css/bootstrap.min.css
2018/10/03 09:52:25 Adding css /vendor/metisMenu/metisMenu.min.css
2018/10/03 09:52:25 Adding css /assets/dist/css/sb-admin-2.css
2018/10/03 09:52:25 Adding css /vendor/morrisjs/morris.css
2018/10/03 09:52:25 Adding css /vendor/font-awesome/css/font-awesome.min.css
2018/10/03 09:52:25 Adding css /assets/summernote/summernote.css
2018/10/03 09:52:25 Adding css /assets/css/admin.css
2018/10/03 09:52:25 Required role: user/list, rolegroup: user, user role: user/*
2018/10/03 09:52:25 Required role: user/new, rolegroup: user, user role: user/*
2018/10/03 09:52:25 Logged out user allowed
2018/10/03 09:52:25 Anyone is allowed
2018/10/03 09:52:25 Required role: block/list, rolegroup: block, user role: block/*
2018/10/03 09:52:25 Required role: block/new, rolegroup: block, user role: block/*
2018/10/03 09:52:25 Loggedin user is allowed (admin users)
2018/10/03 09:52:25 Required role: config/index, rolegroup: config, user role: config/*
2018/10/03 09:52:25 Required role: config/index, rolegroup: config, user role: config/*
2018/10/03 09:52:25 Required role: media/list, rolegroup: media, user role: media/*
2018/10/03 09:52:25 Required role: media/new, rolegroup: media, user role: media/*
2018/10/03 09:52:25 Required role: media/list, rolegroup: media, user role: media/*
2018/10/03 09:52:25 Required role: mediatype/list, rolegroup: mediatype, user role: mediatype/*
2018/10/03 09:52:25 Required role: mediatype/new, rolegroup: mediatype, user role: mediatype/*
2018/10/03 09:52:25 Required role: mediatype/list, rolegroup: mediatype, user role: mediatype/*
2018/10/03 09:52:25 Required role: media/list, rolegroup: media, user role: media/*
2018/10/03 09:52:25 Required role: media/new, rolegroup: media, user role: media/*
2018/10/03 09:52:25 Required role: media/list, rolegroup: media, user role: media/*
2018/10/03 09:52:25 Required role: media/list, rolegroup: media, user role: media/*
2018/10/03 09:52:25 Required role: media/new, rolegroup: media, user role: media/*
2018/10/03 09:52:25 Required role: media/list, rolegroup: media, user role: media/*
2018/10/03 09:52:25 Required role: owner/list, rolegroup: owner, user role: owner/*
2018/10/03 09:52:25 Required role: owner/list, rolegroup: owner, user role: owner/*
2018/10/03 09:52:25 Required role: operator/list, rolegroup: operator, user role: operator/*
2018/10/03 09:52:25 Required role: operator/list, rolegroup: operator, user role: operator/*
2018/10/03 09:52:25 Required role: interest/list, rolegroup: interest, user role: interest/*
2018/10/03 09:52:25 Required role: interest/list, rolegroup: interest, user role: interest/*
2018/10/03 09:52:25 Required role: operator/list, rolegroup: operator, user role: operator/*
2018/10/03 09:52:25 Required role: operator/new, rolegroup: operator, user role: operator/*
2018/10/03 09:52:25 Required role: operator/list, rolegroup: operator, user role: operator/*
2018/10/03 09:52:25 Required role: interest/new, rolegroup: interest, user role: interest/*
2018/10/03 09:52:25 Required role: interest/list, rolegroup: interest, user role: interest/*
2018/10/03 09:52:25 Required role: interest/list, rolegroup: interest, user role: interest/*
2018/10/03 09:52:25 REGEXP FOUND: "^/admin/mediaoperator/?(index)?$" in path "/admin/mediaoperator/index"

2018/10/03 09:52:25 Required role: media/list, rolegroup: media, user role: media/*
2018/10/03 09:52:25 SELECT * FROM media_operator ORDER BY id DESC LIMIT 0,20
2018/10/03 09:52:25 media_operator as m
2018/10/03 09:52:25 SELECT COUNT(m.`id`) FROM media_operator as m
2018/10/03 09:52:25 Rendering form
2018/10/03 09:52:25 Rendering fieldset
2018/10/03 09:52:25 Rendering text
2018/10/03 09:52:25 Rendering input group
2018/10/03 09:52:25 Rendering text
2018/10/03 09:52:25 Rendering input group
2018/10/03 09:52:25 Rendering text
2018/10/03 09:52:25 Rendering input group
2018/10/03 09:52:25 Rendering fieldset
2018/10/03 09:52:25 Rendering button
2018/10/03 09:52:25 Rendering input group
2018/10/03 09:52:25 Render layout admin
2018/10/03 09:52:30 Layout prepend running
2018/10/03 09:52:30 template scope is admin
2018/10/03 09:52:30 Adding css /vendor/bootstrap/css/bootstrap.min.css
2018/10/03 09:52:30 Adding css /vendor/metisMenu/metisMenu.min.css
2018/10/03 09:52:30 Adding css /assets/dist/css/sb-admin-2.css
2018/10/03 09:52:30 Adding css /vendor/morrisjs/morris.css
2018/10/03 09:52:30 Adding css /vendor/font-awesome/css/font-awesome.min.css
2018/10/03 09:52:30 Adding css /assets/summernote/summernote.css
2018/10/03 09:52:30 Adding css /assets/css/admin.css
2018/10/03 09:52:30 Logged out user allowed
2018/10/03 09:52:30 Required role: user/list, rolegroup: user, user role: user/*
2018/10/03 09:52:30 Required role: user/new, rolegroup: user, user role: user/*
2018/10/03 09:52:30 Anyone is allowed
2018/10/03 09:52:30 Required role: block/list, rolegroup: block, user role: block/*
2018/10/03 09:52:30 Required role: block/new, rolegroup: block, user role: block/*
2018/10/03 09:52:30 Loggedin user is allowed (admin users)
2018/10/03 09:52:30 Required role: config/index, rolegroup: config, user role: config/*
2018/10/03 09:52:30 Required role: config/index, rolegroup: config, user role: config/*
2018/10/03 09:52:30 Required role: media/list, rolegroup: media, user role: media/*
2018/10/03 09:52:30 Required role: media/new, rolegroup: media, user role: media/*
2018/10/03 09:52:30 Required role: media/list, rolegroup: media, user role: media/*
2018/10/03 09:52:30 Required role: mediatype/list, rolegroup: mediatype, user role: mediatype/*
2018/10/03 09:52:30 Required role: mediatype/new, rolegroup: mediatype, user role: mediatype/*
2018/10/03 09:52:30 Required role: mediatype/list, rolegroup: mediatype, user role: mediatype/*
2018/10/03 09:52:30 Required role: media/list, rolegroup: media, user role: media/*
2018/10/03 09:52:30 Required role: media/new, rolegroup: media, user role: media/*
2018/10/03 09:52:30 Required role: media/list, rolegroup: media, user role: media/*
2018/10/03 09:52:30 Required role: media/list, rolegroup: media, user role: media/*
2018/10/03 09:52:30 Required role: media/new, rolegroup: media, user role: media/*
2018/10/03 09:52:30 Required role: media/list, rolegroup: media, user role: media/*
2018/10/03 09:52:30 Required role: owner/list, rolegroup: owner, user role: owner/*
2018/10/03 09:52:30 Required role: owner/list, rolegroup: owner, user role: owner/*
2018/10/03 09:52:30 Required role: operator/list, rolegroup: operator, user role: operator/*
2018/10/03 09:52:30 Required role: operator/list, rolegroup: operator, user role: operator/*
2018/10/03 09:52:30 Required role: interest/list, rolegroup: interest, user role: interest/*
2018/10/03 09:52:30 Required role: interest/list, rolegroup: interest, user role: interest/*
2018/10/03 09:52:30 Required role: operator/new, rolegroup: operator, user role: operator/*
2018/10/03 09:52:30 Required role: operator/list, rolegroup: operator, user role: operator/*
2018/10/03 09:52:30 Required role: operator/list, rolegroup: operator, user role: operator/*
2018/10/03 09:52:30 Required role: interest/list, rolegroup: interest, user role: interest/*
2018/10/03 09:52:30 Required role: interest/new, rolegroup: interest, user role: interest/*
2018/10/03 09:52:30 Required role: interest/list, rolegroup: interest, user role: interest/*
2018/10/03 09:52:30 REGEXP FOUND: "^/admin/media/?(index)?$" in path "/admin/media/index"

2018/10/03 09:52:30 Required role: media/list, rolegroup: media, user role: media/*
2018/10/03 09:52:30 SELECT * FROM media_type ORDER BY id
2018/10/03 09:52:30 SELECT * FROM media ORDER BY id DESC LIMIT 0,20
2018/10/03 09:52:30 media as m
2018/10/03 09:52:30 SELECT COUNT(m.`id`) FROM media as m
2018/10/03 09:52:30 Rendering form
2018/10/03 09:52:30 Rendering fieldset
2018/10/03 09:52:30 Rendering text
2018/10/03 09:52:30 Rendering input group
2018/10/03 09:52:30 Rendering text
2018/10/03 09:52:30 Rendering input group
2018/10/03 09:52:30 Rendering text
2018/10/03 09:52:31 Rendering input group
2018/10/03 09:52:31 Rendering fieldset
2018/10/03 09:52:31 Rendering button
2018/10/03 09:52:31 Rendering input group
2018/10/03 09:52:31 Render layout admin
2018/10/03 09:52:43 Layout prepend running
2018/10/03 09:52:43 template scope is admin
2018/10/03 09:52:43 Adding css /vendor/bootstrap/css/bootstrap.min.css
2018/10/03 09:52:43 Adding css /vendor/metisMenu/metisMenu.min.css
2018/10/03 09:52:43 Adding css /assets/dist/css/sb-admin-2.css
2018/10/03 09:52:43 Adding css /vendor/morrisjs/morris.css
2018/10/03 09:52:43 Adding css /vendor/font-awesome/css/font-awesome.min.css
2018/10/03 09:52:43 Adding css /assets/summernote/summernote.css
2018/10/03 09:52:43 Adding css /assets/css/admin.css
2018/10/03 09:52:43 Logged out user allowed
2018/10/03 09:52:43 Required role: user/list, rolegroup: user, user role: user/*
2018/10/03 09:52:43 Required role: user/new, rolegroup: user, user role: user/*
2018/10/03 09:52:43 Anyone is allowed
2018/10/03 09:52:43 Required role: block/list, rolegroup: block, user role: block/*
2018/10/03 09:52:43 Required role: block/new, rolegroup: block, user role: block/*
2018/10/03 09:52:43 Loggedin user is allowed (admin users)
2018/10/03 09:52:43 Required role: config/index, rolegroup: config, user role: config/*
2018/10/03 09:52:43 Required role: config/index, rolegroup: config, user role: config/*
2018/10/03 09:52:43 Required role: media/list, rolegroup: media, user role: media/*
2018/10/03 09:52:43 Required role: media/new, rolegroup: media, user role: media/*
2018/10/03 09:52:43 Required role: media/list, rolegroup: media, user role: media/*
2018/10/03 09:52:43 Required role: mediatype/list, rolegroup: mediatype, user role: mediatype/*
2018/10/03 09:52:43 Required role: mediatype/new, rolegroup: mediatype, user role: mediatype/*
2018/10/03 09:52:43 Required role: mediatype/list, rolegroup: mediatype, user role: mediatype/*
2018/10/03 09:52:43 Required role: media/list, rolegroup: media, user role: media/*
2018/10/03 09:52:43 Required role: media/new, rolegroup: media, user role: media/*
2018/10/03 09:52:43 Required role: media/list, rolegroup: media, user role: media/*
2018/10/03 09:52:43 Required role: media/list, rolegroup: media, user role: media/*
2018/10/03 09:52:43 Required role: media/new, rolegroup: media, user role: media/*
2018/10/03 09:52:43 Required role: media/list, rolegroup: media, user role: media/*
2018/10/03 09:52:43 Required role: owner/list, rolegroup: owner, user role: owner/*
2018/10/03 09:52:43 Required role: owner/list, rolegroup: owner, user role: owner/*
2018/10/03 09:52:43 Required role: operator/list, rolegroup: operator, user role: operator/*
2018/10/03 09:52:43 Required role: operator/list, rolegroup: operator, user role: operator/*
2018/10/03 09:52:43 Required role: interest/list, rolegroup: interest, user role: interest/*
2018/10/03 09:52:43 Required role: interest/list, rolegroup: interest, user role: interest/*
2018/10/03 09:52:43 Required role: operator/list, rolegroup: operator, user role: operator/*
2018/10/03 09:52:43 Required role: operator/new, rolegroup: operator, user role: operator/*
2018/10/03 09:52:43 Required role: operator/list, rolegroup: operator, user role: operator/*
2018/10/03 09:52:43 Required role: interest/list, rolegroup: interest, user role: interest/*
2018/10/03 09:52:43 Required role: interest/new, rolegroup: interest, user role: interest/*
2018/10/03 09:52:43 Required role: interest/list, rolegroup: interest, user role: interest/*
2018/10/03 09:52:43 REGEXP FOUND: "^/admin/media/edit/(\d)+$" in path "/admin/media/edit/55709"

2018/10/03 09:52:43 Required role: media/edit, rolegroup: media, user role: media/*
2018/10/03 09:52:43 SELECT * FROM media_type ORDER BY id
2018/10/03 09:52:43 Rendering form
2018/10/03 09:52:43 Rendering fieldset
2018/10/03 09:52:43 Rendering hidden
2018/10/03 09:52:43 Rendering text
2018/10/03 09:52:43 Rendering input group
2018/10/03 09:52:43 Rendering text
2018/10/03 09:52:43 Rendering input group
2018/10/03 09:52:43 Rendering checkboxgroup
2018/10/03 09:52:43 Rendering checkbox
2018/10/03 09:52:43 Rendering input group
2018/10/03 09:52:43 Rendering input
2018/10/03 09:52:43 Rendering input group
2018/10/03 09:52:43 Rendering input group
2018/10/03 09:52:43 Rendering input
2018/10/03 09:52:43 Rendering input group
2018/10/03 09:52:43 Rendering fieldset
2018/10/03 09:52:43 Rendering button
2018/10/03 09:52:43 Rendering input group
2018/10/03 09:52:43 Render layout admin
2018/10/03 09:53:11 Layout prepend running
2018/10/03 09:53:11 template scope is admin
2018/10/03 09:53:11 Adding css /vendor/bootstrap/css/bootstrap.min.css
2018/10/03 09:53:11 Adding css /vendor/metisMenu/metisMenu.min.css
2018/10/03 09:53:11 Adding css /assets/dist/css/sb-admin-2.css
2018/10/03 09:53:11 Adding css /vendor/morrisjs/morris.css
2018/10/03 09:53:11 Adding css /vendor/font-awesome/css/font-awesome.min.css
2018/10/03 09:53:11 Adding css /assets/summernote/summernote.css
2018/10/03 09:53:11 Adding css /assets/css/admin.css
2018/10/03 09:53:11 Logged out user allowed
2018/10/03 09:53:11 Required role: user/list, rolegroup: user, user role: user/*
2018/10/03 09:53:11 Required role: user/new, rolegroup: user, user role: user/*
2018/10/03 09:53:11 Anyone is allowed
2018/10/03 09:53:11 Required role: block/list, rolegroup: block, user role: block/*
2018/10/03 09:53:11 Required role: block/new, rolegroup: block, user role: block/*
2018/10/03 09:53:11 Loggedin user is allowed (admin users)
2018/10/03 09:53:11 Required role: config/index, rolegroup: config, user role: config/*
2018/10/03 09:53:11 Required role: config/index, rolegroup: config, user role: config/*
2018/10/03 09:53:11 Required role: media/list, rolegroup: media, user role: media/*
2018/10/03 09:53:11 Required role: media/new, rolegroup: media, user role: media/*
2018/10/03 09:53:11 Required role: media/list, rolegroup: media, user role: media/*
2018/10/03 09:53:11 Required role: mediatype/list, rolegroup: mediatype, user role: mediatype/*
2018/10/03 09:53:11 Required role: mediatype/new, rolegroup: mediatype, user role: mediatype/*
2018/10/03 09:53:11 Required role: mediatype/list, rolegroup: mediatype, user role: mediatype/*
2018/10/03 09:53:11 Required role: media/list, rolegroup: media, user role: media/*
2018/10/03 09:53:11 Required role: media/new, rolegroup: media, user role: media/*
2018/10/03 09:53:11 Required role: media/list, rolegroup: media, user role: media/*
2018/10/03 09:53:11 Required role: media/list, rolegroup: media, user role: media/*
2018/10/03 09:53:11 Required role: media/new, rolegroup: media, user role: media/*
2018/10/03 09:53:11 Required role: media/list, rolegroup: media, user role: media/*
2018/10/03 09:53:11 Required role: owner/list, rolegroup: owner, user role: owner/*
2018/10/03 09:53:11 Required role: owner/list, rolegroup: owner, user role: owner/*
2018/10/03 09:53:11 Required role: operator/list, rolegroup: operator, user role: operator/*
2018/10/03 09:53:11 Required role: operator/list, rolegroup: operator, user role: operator/*
2018/10/03 09:53:11 Required role: interest/list, rolegroup: interest, user role: interest/*
2018/10/03 09:53:11 Required role: interest/list, rolegroup: interest, user role: interest/*
2018/10/03 09:53:11 Required role: operator/list, rolegroup: operator, user role: operator/*
2018/10/03 09:53:11 Required role: operator/new, rolegroup: operator, user role: operator/*
2018/10/03 09:53:11 Required role: operator/list, rolegroup: operator, user role: operator/*
2018/10/03 09:53:11 Required role: interest/list, rolegroup: interest, user role: interest/*
2018/10/03 09:53:11 Required role: interest/new, rolegroup: interest, user role: interest/*
2018/10/03 09:53:11 Required role: interest/list, rolegroup: interest, user role: interest/*
2018/10/03 09:53:11 REGEXP FOUND: "^/admin/mediaowner/?(index)?$" in path "/admin/mediaowner/index"

2018/10/03 09:53:11 Required role: media/list, rolegroup: media, user role: media/*
2018/10/03 09:53:11 SELECT * FROM media_owner ORDER BY id DESC LIMIT 0,20
2018/10/03 09:53:11 media_owner as m
2018/10/03 09:53:11 SELECT COUNT(m.`id`) FROM media_owner as m
2018/10/03 09:53:11 Rendering form
2018/10/03 09:53:11 Rendering fieldset
2018/10/03 09:53:11 Rendering text
2018/10/03 09:53:11 Rendering input group
2018/10/03 09:53:11 Rendering text
2018/10/03 09:53:11 Rendering input group
2018/10/03 09:53:11 Rendering text
2018/10/03 09:53:11 Rendering input group
2018/10/03 09:53:11 Rendering fieldset
2018/10/03 09:53:11 Rendering button
2018/10/03 09:53:11 Rendering input group
2018/10/03 09:53:11 Render layout admin
2018/10/03 09:53:19 Layout prepend running
2018/10/03 09:53:19 template scope is admin
2018/10/03 09:53:19 Adding css /vendor/bootstrap/css/bootstrap.min.css
2018/10/03 09:53:19 Adding css /vendor/metisMenu/metisMenu.min.css
2018/10/03 09:53:19 Adding css /assets/dist/css/sb-admin-2.css
2018/10/03 09:53:19 Adding css /vendor/morrisjs/morris.css
2018/10/03 09:53:19 Adding css /vendor/font-awesome/css/font-awesome.min.css
2018/10/03 09:53:19 Adding css /assets/summernote/summernote.css
2018/10/03 09:53:19 Adding css /assets/css/admin.css
2018/10/03 09:53:19 Required role: user/list, rolegroup: user, user role: user/*
2018/10/03 09:53:19 Required role: user/new, rolegroup: user, user role: user/*
2018/10/03 09:53:19 Logged out user allowed
2018/10/03 09:53:19 Anyone is allowed
2018/10/03 09:53:19 Required role: block/list, rolegroup: block, user role: block/*
2018/10/03 09:53:19 Required role: block/new, rolegroup: block, user role: block/*
2018/10/03 09:53:19 Loggedin user is allowed (admin users)
2018/10/03 09:53:19 Required role: config/index, rolegroup: config, user role: config/*
2018/10/03 09:53:19 Required role: config/index, rolegroup: config, user role: config/*
2018/10/03 09:53:19 Required role: media/list, rolegroup: media, user role: media/*
2018/10/03 09:53:19 Required role: media/new, rolegroup: media, user role: media/*
2018/10/03 09:53:19 Required role: media/list, rolegroup: media, user role: media/*
2018/10/03 09:53:19 Required role: mediatype/list, rolegroup: mediatype, user role: mediatype/*
2018/10/03 09:53:19 Required role: mediatype/new, rolegroup: mediatype, user role: mediatype/*
2018/10/03 09:53:19 Required role: mediatype/list, rolegroup: mediatype, user role: mediatype/*
2018/10/03 09:53:19 Required role: media/list, rolegroup: media, user role: media/*
2018/10/03 09:53:19 Required role: media/new, rolegroup: media, user role: media/*
2018/10/03 09:53:19 Required role: media/list, rolegroup: media, user role: media/*
2018/10/03 09:53:19 Required role: media/list, rolegroup: media, user role: media/*
2018/10/03 09:53:19 Required role: media/new, rolegroup: media, user role: media/*
2018/10/03 09:53:19 Required role: media/list, rolegroup: media, user role: media/*
2018/10/03 09:53:19 Required role: owner/list, rolegroup: owner, user role: owner/*
2018/10/03 09:53:19 Required role: owner/list, rolegroup: owner, user role: owner/*
2018/10/03 09:53:19 Required role: operator/list, rolegroup: operator, user role: operator/*
2018/10/03 09:53:19 Required role: operator/list, rolegroup: operator, user role: operator/*
2018/10/03 09:53:19 Required role: interest/list, rolegroup: interest, user role: interest/*
2018/10/03 09:53:19 Required role: interest/list, rolegroup: interest, user role: interest/*
2018/10/03 09:53:19 Required role: operator/list, rolegroup: operator, user role: operator/*
2018/10/03 09:53:19 Required role: operator/new, rolegroup: operator, user role: operator/*
2018/10/03 09:53:19 Required role: operator/list, rolegroup: operator, user role: operator/*
2018/10/03 09:53:19 Required role: interest/list, rolegroup: interest, user role: interest/*
2018/10/03 09:53:19 Required role: interest/new, rolegroup: interest, user role: interest/*
2018/10/03 09:53:19 Required role: interest/list, rolegroup: interest, user role: interest/*
2018/10/03 09:53:19 REGEXP FOUND: "^/admin/mediaowner/?(index)?$" in path "/admin/mediaowner/index"

2018/10/03 09:53:19 Required role: media/list, rolegroup: media, user role: media/*
2018/10/03 09:53:19 SELECT * FROM media_owner WHERE media_id = "10003" ORDER BY id DESC LIMIT 0,20
2018/10/03 09:53:19 media_owner as m
2018/10/03 09:53:19 SELECT COUNT(m.`id`) FROM media_owner as m WHERE media_id = "10003"
2018/10/03 09:53:19 Rendering form
2018/10/03 09:53:19 Rendering fieldset
2018/10/03 09:53:19 Rendering text
2018/10/03 09:53:19 Rendering input group
2018/10/03 09:53:19 Rendering text
2018/10/03 09:53:19 Rendering input group
2018/10/03 09:53:19 Rendering text
2018/10/03 09:53:19 Rendering input group
2018/10/03 09:53:19 Rendering fieldset
2018/10/03 09:53:19 Rendering button
2018/10/03 09:53:19 Rendering input group
2018/10/03 09:53:19 Render layout admin
2018/10/03 09:53:33 Layout prepend running
2018/10/03 09:53:33 template scope is admin
2018/10/03 09:53:33 Adding css /vendor/bootstrap/css/bootstrap.min.css
2018/10/03 09:53:33 Adding css /vendor/metisMenu/metisMenu.min.css
2018/10/03 09:53:33 Adding css /assets/dist/css/sb-admin-2.css
2018/10/03 09:53:33 Adding css /vendor/morrisjs/morris.css
2018/10/03 09:53:33 Adding css /vendor/font-awesome/css/font-awesome.min.css
2018/10/03 09:53:33 Adding css /assets/summernote/summernote.css
2018/10/03 09:53:33 Adding css /assets/css/admin.css
2018/10/03 09:53:33 Logged out user allowed
2018/10/03 09:53:33 Required role: user/list, rolegroup: user, user role: user/*
2018/10/03 09:53:33 Required role: user/new, rolegroup: user, user role: user/*
2018/10/03 09:53:33 Anyone is allowed
2018/10/03 09:53:33 Required role: block/list, rolegroup: block, user role: block/*
2018/10/03 09:53:33 Required role: block/new, rolegroup: block, user role: block/*
2018/10/03 09:53:33 Loggedin user is allowed (admin users)
2018/10/03 09:53:33 Required role: config/index, rolegroup: config, user role: config/*
2018/10/03 09:53:33 Required role: config/index, rolegroup: config, user role: config/*
2018/10/03 09:53:33 Required role: media/list, rolegroup: media, user role: media/*
2018/10/03 09:53:33 Required role: media/new, rolegroup: media, user role: media/*
2018/10/03 09:53:33 Required role: media/list, rolegroup: media, user role: media/*
2018/10/03 09:53:33 Required role: mediatype/list, rolegroup: mediatype, user role: mediatype/*
2018/10/03 09:53:33 Required role: mediatype/new, rolegroup: mediatype, user role: mediatype/*
2018/10/03 09:53:33 Required role: mediatype/list, rolegroup: mediatype, user role: mediatype/*
2018/10/03 09:53:33 Required role: media/list, rolegroup: media, user role: media/*
2018/10/03 09:53:33 Required role: media/new, rolegroup: media, user role: media/*
2018/10/03 09:53:33 Required role: media/list, rolegroup: media, user role: media/*
2018/10/03 09:53:33 Required role: media/list, rolegroup: media, user role: media/*
2018/10/03 09:53:33 Required role: media/new, rolegroup: media, user role: media/*
2018/10/03 09:53:33 Required role: media/list, rolegroup: media, user role: media/*
2018/10/03 09:53:33 Required role: owner/list, rolegroup: owner, user role: owner/*
2018/10/03 09:53:33 Required role: owner/list, rolegroup: owner, user role: owner/*
2018/10/03 09:53:33 Required role: operator/list, rolegroup: operator, user role: operator/*
2018/10/03 09:53:33 Required role: operator/list, rolegroup: operator, user role: operator/*
2018/10/03 09:53:33 Required role: interest/list, rolegroup: interest, user role: interest/*
2018/10/03 09:53:33 Required role: interest/list, rolegroup: interest, user role: interest/*
2018/10/03 09:53:33 Required role: operator/list, rolegroup: operator, user role: operator/*
2018/10/03 09:53:33 Required role: operator/new, rolegroup: operator, user role: operator/*
2018/10/03 09:53:33 Required role: operator/list, rolegroup: operator, user role: operator/*
2018/10/03 09:53:33 Required role: interest/list, rolegroup: interest, user role: interest/*
2018/10/03 09:53:33 Required role: interest/new, rolegroup: interest, user role: interest/*
2018/10/03 09:53:33 Required role: interest/list, rolegroup: interest, user role: interest/*
2018/10/03 09:53:33 REGEXP FOUND: "^/admin/mediaowner/?(index)?$" in path "/admin/mediaowner/index"

2018/10/03 09:53:33 Required role: media/list, rolegroup: media, user role: media/*
2018/10/03 09:53:33 SELECT * FROM media_owner WHERE media_id = "10003" ORDER BY id DESC LIMIT 20,20
2018/10/03 09:53:33 media_owner as m
2018/10/03 09:53:33 SELECT COUNT(m.`id`) FROM media_owner as m WHERE media_id = "10003"
2018/10/03 09:53:33 Rendering form
2018/10/03 09:53:33 Rendering fieldset
2018/10/03 09:53:33 Rendering text
2018/10/03 09:53:33 Rendering input group
2018/10/03 09:53:33 Rendering text
2018/10/03 09:53:33 Rendering input group
2018/10/03 09:53:33 Rendering text
2018/10/03 09:53:33 Rendering input group
2018/10/03 09:53:33 Rendering fieldset
2018/10/03 09:53:33 Rendering button
2018/10/03 09:53:33 Rendering input group
2018/10/03 09:53:33 Render layout admin
2018/10/03 09:53:44 Layout prepend running
2018/10/03 09:53:44 template scope is admin
2018/10/03 09:53:44 Adding css /vendor/bootstrap/css/bootstrap.min.css
2018/10/03 09:53:44 Adding css /vendor/metisMenu/metisMenu.min.css
2018/10/03 09:53:44 Adding css /assets/dist/css/sb-admin-2.css
2018/10/03 09:53:44 Adding css /vendor/morrisjs/morris.css
2018/10/03 09:53:44 Adding css /vendor/font-awesome/css/font-awesome.min.css
2018/10/03 09:53:44 Adding css /assets/summernote/summernote.css
2018/10/03 09:53:44 Adding css /assets/css/admin.css
2018/10/03 09:53:44 Logged out user allowed
2018/10/03 09:53:44 Required role: user/list, rolegroup: user, user role: user/*
2018/10/03 09:53:44 Required role: user/new, rolegroup: user, user role: user/*
2018/10/03 09:53:44 Anyone is allowed
2018/10/03 09:53:44 Required role: block/list, rolegroup: block, user role: block/*
2018/10/03 09:53:44 Required role: block/new, rolegroup: block, user role: block/*
2018/10/03 09:53:44 Loggedin user is allowed (admin users)
2018/10/03 09:53:44 Required role: config/index, rolegroup: config, user role: config/*
2018/10/03 09:53:44 Required role: config/index, rolegroup: config, user role: config/*
2018/10/03 09:53:44 Required role: media/list, rolegroup: media, user role: media/*
2018/10/03 09:53:44 Required role: media/new, rolegroup: media, user role: media/*
2018/10/03 09:53:44 Required role: media/list, rolegroup: media, user role: media/*
2018/10/03 09:53:44 Required role: mediatype/list, rolegroup: mediatype, user role: mediatype/*
2018/10/03 09:53:44 Required role: mediatype/new, rolegroup: mediatype, user role: mediatype/*
2018/10/03 09:53:44 Required role: mediatype/list, rolegroup: mediatype, user role: mediatype/*
2018/10/03 09:53:44 Required role: media/list, rolegroup: media, user role: media/*
2018/10/03 09:53:44 Required role: media/new, rolegroup: media, user role: media/*
2018/10/03 09:53:44 Required role: media/list, rolegroup: media, user role: media/*
2018/10/03 09:53:44 Required role: media/list, rolegroup: media, user role: media/*
2018/10/03 09:53:44 Required role: media/new, rolegroup: media, user role: media/*
2018/10/03 09:53:44 Required role: media/list, rolegroup: media, user role: media/*
2018/10/03 09:53:44 Required role: owner/list, rolegroup: owner, user role: owner/*
2018/10/03 09:53:44 Required role: owner/list, rolegroup: owner, user role: owner/*
2018/10/03 09:53:44 Required role: operator/list, rolegroup: operator, user role: operator/*
2018/10/03 09:53:44 Required role: operator/list, rolegroup: operator, user role: operator/*
2018/10/03 09:53:44 Required role: interest/list, rolegroup: interest, user role: interest/*
2018/10/03 09:53:44 Required role: interest/list, rolegroup: interest, user role: interest/*
2018/10/03 09:53:44 Required role: operator/list, rolegroup: operator, user role: operator/*
2018/10/03 09:53:44 Required role: operator/new, rolegroup: operator, user role: operator/*
2018/10/03 09:53:44 Required role: operator/list, rolegroup: operator, user role: operator/*
2018/10/03 09:53:44 Required role: interest/list, rolegroup: interest, user role: interest/*
2018/10/03 09:53:44 Required role: interest/new, rolegroup: interest, user role: interest/*
2018/10/03 09:53:44 Required role: interest/list, rolegroup: interest, user role: interest/*
2018/10/03 09:53:44 REGEXP FOUND: "^/admin/mediaowner/?(index)?$" in path "/admin/mediaowner/index"

2018/10/03 09:53:44 Required role: media/list, rolegroup: media, user role: media/*
2018/10/03 09:53:44 SELECT * FROM media_owner WHERE media_id = "10003" ORDER BY id DESC LIMIT 0,20
2018/10/03 09:53:44 media_owner as m
2018/10/03 09:53:44 SELECT COUNT(m.`id`) FROM media_owner as m WHERE media_id = "10003"
2018/10/03 09:53:44 Rendering form
2018/10/03 09:53:44 Rendering fieldset
2018/10/03 09:53:44 Rendering text
2018/10/03 09:53:44 Rendering input group
2018/10/03 09:53:44 Rendering text
2018/10/03 09:53:45 Rendering input group
2018/10/03 09:53:45 Rendering text
2018/10/03 09:53:45 Rendering input group
2018/10/03 09:53:45 Rendering fieldset
2018/10/03 09:53:45 Rendering button
2018/10/03 09:53:45 Rendering input group
2018/10/03 09:53:45 Render layout admin
