2018/12/05 18:00:58 Setting default language to user
2018/12/05 18:05:58 Setting default language to user
2018/12/05 18:10:05 Setting default language to user
2018/12/05 18:10:05 Layout prepend running
2018/12/05 18:10:05 Adding css /assets/css/main.css
2018/12/05 18:10:05 SELECT * FROM media_type ORDER BY id
2018/12/05 18:10:05 REGEXP FOUND: "^/?" in path "/"

2018/12/05 18:10:05 Anyone is allowed
2018/12/05 18:10:05 Render layout frontend
2018/12/05 18:10:09 Layout prepend running
2018/12/05 18:10:09 REGEXP FOUND: "^/media$" in path "/media"

2018/12/05 18:10:09 Anyone is allowed
2018/12/05 18:10:09 Render layout frontend
2018/12/05 18:10:09 Layout prepend running
2018/12/05 18:10:09 REGEXP FOUND: "^/owners$" in path "/owners"

2018/12/05 18:10:09 Anyone is allowed
2018/12/05 18:10:09 Render layout frontend
2018/12/05 18:10:09 Layout prepend running
2018/12/05 18:10:09 REGEXP FOUND: "^/operators$" in path "/operators"

2018/12/05 18:10:09 Anyone is allowed
2018/12/05 18:10:09 Render layout frontend
2018/12/05 18:10:09 Layout prepend running
2018/12/05 18:10:09 REGEXP FOUND: "^/connections$" in path "/connections"

2018/12/05 18:10:09 Anyone is allowed
2018/12/05 18:10:09 Render layout frontend
2018/12/05 18:10:09 Layout prepend running
2018/12/05 18:10:09 REGEXP FOUND: "^/interests$" in path "/interests"

2018/12/05 18:10:09 Anyone is allowed
2018/12/05 18:10:09 Render layout frontend
2018/12/05 18:10:58 Setting default language to user
2018/12/05 18:15:58 Setting default language to user
2018/12/05 18:20:58 Setting default language to user
2018/12/05 18:25:58 Setting default language to user
2018/12/05 18:30:58 Setting default language to user
2018/12/05 18:35:58 Setting default language to user
2018/12/05 18:40:58 Setting default language to user
2018/12/05 18:45:58 Setting default language to user
2018/12/05 18:46:11 Setting default language to user
2018/12/05 18:46:11 Layout prepend running
2018/12/05 18:46:11 Adding css /assets/css/main.css
2018/12/05 18:46:11 SELECT * FROM media_type ORDER BY id
2018/12/05 18:46:11 REGEXP FOUND: "^/?" in path "/"

2018/12/05 18:46:11 Anyone is allowed
2018/12/05 18:46:11 Render layout frontend
2018/12/05 18:46:11 Layout prepend running
2018/12/05 18:46:11 REGEXP FOUND: "^/media$" in path "/media"

2018/12/05 18:46:11 Anyone is allowed
2018/12/05 18:46:11 Render layout frontend
2018/12/05 18:46:11 Layout prepend running
2018/12/05 18:46:11 REGEXP FOUND: "^/connections$" in path "/connections"

2018/12/05 18:46:11 Anyone is allowed
2018/12/05 18:46:11 Render layout frontend
2018/12/05 18:46:11 Layout prepend running
2018/12/05 18:46:11 REGEXP FOUND: "^/operators$" in path "/operators"

2018/12/05 18:46:11 Anyone is allowed
2018/12/05 18:46:11 Render layout frontend
2018/12/05 18:46:11 Layout prepend running
2018/12/05 18:46:11 REGEXP FOUND: "^/owners$" in path "/owners"

2018/12/05 18:46:11 Anyone is allowed
2018/12/05 18:46:11 Render layout frontend
2018/12/05 18:46:11 Layout prepend running
2018/12/05 18:46:11 REGEXP FOUND: "^/interests$" in path "/interests"

2018/12/05 18:46:11 Anyone is allowed
2018/12/05 18:46:11 Render layout frontend
2018/12/05 18:46:37 Layout prepend running
2018/12/05 18:46:37 Adding css /assets/css/main.css
2018/12/05 18:46:37 SELECT * FROM media_type ORDER BY id
2018/12/05 18:46:37 REGEXP FOUND: "^/?" in path "/"

2018/12/05 18:46:37 Anyone is allowed
2018/12/05 18:46:37 Render layout frontend
2018/12/05 18:46:38 Layout prepend running
2018/12/05 18:46:38 REGEXP FOUND: "^/media$" in path "/media"

2018/12/05 18:46:38 Anyone is allowed
2018/12/05 18:46:38 Render layout frontend
2018/12/05 18:46:38 Layout prepend running
2018/12/05 18:46:38 REGEXP FOUND: "^/connections$" in path "/connections"

2018/12/05 18:46:38 Anyone is allowed
2018/12/05 18:46:38 Render layout frontend
2018/12/05 18:46:38 Layout prepend running
2018/12/05 18:46:38 REGEXP FOUND: "^/operators$" in path "/operators"

2018/12/05 18:46:38 Anyone is allowed
2018/12/05 18:46:38 Render layout frontend
2018/12/05 18:46:38 Layout prepend running
2018/12/05 18:46:38 REGEXP FOUND: "^/owners$" in path "/owners"

2018/12/05 18:46:38 Anyone is allowed
2018/12/05 18:46:38 Render layout frontend
2018/12/05 18:46:38 Layout prepend running
2018/12/05 18:46:38 REGEXP FOUND: "^/interests$" in path "/interests"

2018/12/05 18:46:38 Anyone is allowed
2018/12/05 18:46:38 Render layout frontend
2018/12/05 18:50:58 Setting default language to user
2018/12/05 18:55:58 Setting default language to user
