2018/10/12 15:20:20 Setting default language to user
2018/10/12 15:20:20 Layout prepend running
2018/10/12 15:20:20 Adding css /assets/css/main.css
2018/10/12 15:20:20 SELECT * FROM media_type ORDER BY id
2018/10/12 15:20:20 REGEXP FOUND: "^/?" in path "/"

2018/10/12 15:20:20 Anyone is allowed
2018/10/12 15:20:20 Render layout frontend
2018/10/12 15:20:22 Layout prepend running
2018/10/12 15:20:22 REGEXP FOUND: "^/media$" in path "/media"

2018/10/12 15:20:22 Anyone is allowed
2018/10/12 15:20:22 Layout prepend running
2018/10/12 15:20:22 REGEXP FOUND: "^/connections$" in path "/connections"

2018/10/12 15:20:22 Anyone is allowed
2018/10/12 15:20:22 Render layout frontend
2018/10/12 15:20:22 Layout prepend running
2018/10/12 15:20:22 REGEXP FOUND: "^/owners$" in path "/owners"

2018/10/12 15:20:22 Anyone is allowed
2018/10/12 15:20:22 Layout prepend running
2018/10/12 15:20:22 REGEXP FOUND: "^/operators$" in path "/operators"

2018/10/12 15:20:22 Anyone is allowed
2018/10/12 15:20:22 Layout prepend running
2018/10/12 15:20:22 REGEXP FOUND: "^/interests$" in path "/interests"

2018/10/12 15:20:22 Anyone is allowed
2018/10/12 15:20:22 Render layout frontend
2018/10/12 15:20:22 Render layout frontend
