2018/12/17 13:01:12 Setting default language to user
2018/12/17 13:06:13 Setting default language to user
2018/12/17 13:11:12 Setting default language to user
2018/12/17 13:16:12 Setting default language to user
2018/12/17 13:21:12 Setting default language to user
2018/12/17 13:26:12 Setting default language to user
2018/12/17 13:31:12 Setting default language to user
2018/12/17 13:36:12 Setting default language to user
2018/12/17 13:38:54 Setting default language to user
2018/12/17 13:38:54 Layout prepend running
2018/12/17 13:38:54 Adding css /assets/css/main.css
2018/12/17 13:38:54 SELECT * FROM media_type ORDER BY id
2018/12/17 13:38:54 REGEXP FOUND: "^/?" in path "/"

2018/12/17 13:38:54 Anyone is allowed
2018/12/17 13:38:54 Render layout frontend
2018/12/17 13:38:54 Layout prepend running
2018/12/17 13:38:54 REGEXP FOUND: "^/media$" in path "/media"

2018/12/17 13:38:54 Anyone is allowed
2018/12/17 13:38:54 Render layout frontend
2018/12/17 13:38:54 Layout prepend running
2018/12/17 13:38:54 REGEXP FOUND: "^/operators$" in path "/operators"

2018/12/17 13:38:54 Anyone is allowed
2018/12/17 13:38:54 Render layout frontend
2018/12/17 13:38:54 Layout prepend running
2018/12/17 13:38:54 REGEXP FOUND: "^/owners$" in path "/owners"

2018/12/17 13:38:54 Anyone is allowed
2018/12/17 13:38:54 Render layout frontend
2018/12/17 13:38:54 Layout prepend running
2018/12/17 13:38:54 REGEXP FOUND: "^/connections$" in path "/connections"

2018/12/17 13:38:54 Anyone is allowed
2018/12/17 13:38:54 Render layout frontend
2018/12/17 13:38:54 Layout prepend running
2018/12/17 13:38:54 REGEXP FOUND: "^/interests$" in path "/interests"

2018/12/17 13:38:54 Anyone is allowed
2018/12/17 13:38:54 Render layout frontend
2018/12/17 13:41:12 Setting default language to user
2018/12/17 13:46:12 Setting default language to user
2018/12/17 13:51:12 Setting default language to user
2018/12/17 13:56:12 Setting default language to user
