2018/11/15 09:01:48 Setting default language to user
2018/11/15 09:06:48 Setting default language to user
2018/11/15 09:08:40 Setting default language to user
2018/11/15 09:08:40 Layout prepend running
2018/11/15 09:08:40 Adding css /assets/css/main.css
2018/11/15 09:08:40 SELECT * FROM media_type ORDER BY id
2018/11/15 09:08:40 REGEXP FOUND: "^/?" in path "/"

2018/11/15 09:08:40 Anyone is allowed
2018/11/15 09:08:40 Render layout frontend
2018/11/15 09:08:41 Layout prepend running
2018/11/15 09:08:41 REGEXP FOUND: "^/media$" in path "/media"

2018/11/15 09:08:41 Anyone is allowed
2018/11/15 09:08:41 Render layout frontend
2018/11/15 09:08:41 Layout prepend running
2018/11/15 09:08:41 REGEXP FOUND: "^/owners$" in path "/owners"

2018/11/15 09:08:41 Anyone is allowed
2018/11/15 09:08:41 Render layout frontend
2018/11/15 09:08:41 Layout prepend running
2018/11/15 09:08:41 REGEXP FOUND: "^/interests$" in path "/interests"

2018/11/15 09:08:41 Anyone is allowed
2018/11/15 09:08:41 Render layout frontend
2018/11/15 09:08:41 Layout prepend running
2018/11/15 09:08:41 REGEXP FOUND: "^/operators$" in path "/operators"

2018/11/15 09:08:41 Anyone is allowed
2018/11/15 09:08:41 Render layout frontend
2018/11/15 09:08:41 Layout prepend running
2018/11/15 09:08:41 REGEXP FOUND: "^/connections$" in path "/connections"

2018/11/15 09:08:41 Anyone is allowed
2018/11/15 09:08:41 Render layout frontend
2018/11/15 09:11:48 Setting default language to user
2018/11/15 09:16:48 Setting default language to user
2018/11/15 09:21:48 Setting default language to user
2018/11/15 09:26:48 Setting default language to user
2018/11/15 09:31:48 Setting default language to user
2018/11/15 09:36:48 Setting default language to user
2018/11/15 09:41:48 Setting default language to user
2018/11/15 09:46:48 Setting default language to user
2018/11/15 09:51:48 Setting default language to user
2018/11/15 09:56:48 Setting default language to user
