2018/10/11 20:32:19 Setting default language to user
2018/10/11 20:32:19 Layout prepend running
2018/10/11 20:32:19 Adding css /assets/css/main.css
2018/10/11 20:32:19 SELECT * FROM media_type ORDER BY id
2018/10/11 20:32:19 REGEXP FOUND: "^/?" in path "/"

2018/10/11 20:32:19 Anyone is allowed
2018/10/11 20:32:19 Render layout frontend
2018/10/11 20:32:23 Layout prepend running
2018/10/11 20:32:23 REGEXP FOUND: "^/connections$" in path "/connections"

2018/10/11 20:32:23 Anyone is allowed
2018/10/11 20:32:23 Layout prepend running
2018/10/11 20:32:23 REGEXP FOUND: "^/media$" in path "/media"

2018/10/11 20:32:23 Anyone is allowed
2018/10/11 20:32:23 Layout prepend running
2018/10/11 20:32:23 REGEXP FOUND: "^/operators$" in path "/operators"

2018/10/11 20:32:23 Anyone is allowed
2018/10/11 20:32:23 Render layout frontend
2018/10/11 20:32:23 Layout prepend running
2018/10/11 20:32:23 REGEXP FOUND: "^/owners$" in path "/owners"

2018/10/11 20:32:23 Anyone is allowed
2018/10/11 20:32:23 Layout prepend running
2018/10/11 20:32:23 REGEXP FOUND: "^/interests$" in path "/interests"

2018/10/11 20:32:23 Anyone is allowed
2018/10/11 20:32:23 Render layout frontend
2018/10/11 20:32:23 Render layout frontend
2018/10/11 20:34:41 Layout prepend running
2018/10/11 20:34:41 Adding css /assets/css/main.css
2018/10/11 20:34:41 SELECT * FROM media_type ORDER BY id
2018/10/11 20:34:41 REGEXP FOUND: "^/?" in path "/"

2018/10/11 20:34:41 Anyone is allowed
2018/10/11 20:34:41 Render layout frontend
2018/10/11 20:34:42 Layout prepend running
2018/10/11 20:34:42 REGEXP FOUND: "^/media$" in path "/media"

2018/10/11 20:34:42 Anyone is allowed
2018/10/11 20:34:42 Layout prepend running
2018/10/11 20:34:42 REGEXP FOUND: "^/connections$" in path "/connections"

2018/10/11 20:34:42 Anyone is allowed
2018/10/11 20:34:42 Render layout frontend
2018/10/11 20:34:42 Layout prepend running
2018/10/11 20:34:42 REGEXP FOUND: "^/operators$" in path "/operators"

2018/10/11 20:34:42 Anyone is allowed
2018/10/11 20:34:42 Layout prepend running
2018/10/11 20:34:42 REGEXP FOUND: "^/owners$" in path "/owners"

2018/10/11 20:34:42 Anyone is allowed
2018/10/11 20:34:42 Render layout frontend
2018/10/11 20:34:42 Layout prepend running
2018/10/11 20:34:42 REGEXP FOUND: "^/interests$" in path "/interests"

2018/10/11 20:34:42 Anyone is allowed
2018/10/11 20:34:42 Render layout frontend
2018/10/11 20:37:14 Changing language to en
2018/10/11 20:37:14 Layout prepend running
2018/10/11 20:37:14 Adding css /assets/css/main.css
2018/10/11 20:37:14 SELECT * FROM media_type ORDER BY id
2018/10/11 20:37:14 REGEXP FOUND: "^/?" in path "/"

2018/10/11 20:37:14 Anyone is allowed
2018/10/11 20:37:14 Render layout frontend
2018/10/11 20:37:16 Layout prepend running
2018/10/11 20:37:16 REGEXP FOUND: "^/connections$" in path "/connections"

2018/10/11 20:37:16 Anyone is allowed
2018/10/11 20:37:16 Layout prepend running
2018/10/11 20:37:16 REGEXP FOUND: "^/operators$" in path "/operators"

2018/10/11 20:37:16 Anyone is allowed
2018/10/11 20:37:16 Layout prepend running
2018/10/11 20:37:16 REGEXP FOUND: "^/owners$" in path "/owners"

2018/10/11 20:37:16 Anyone is allowed
2018/10/11 20:37:16 Layout prepend running
2018/10/11 20:37:16 REGEXP FOUND: "^/media$" in path "/media"

2018/10/11 20:37:16 Anyone is allowed
2018/10/11 20:37:16 Layout prepend running
2018/10/11 20:37:16 REGEXP FOUND: "^/interests$" in path "/interests"

2018/10/11 20:37:16 Anyone is allowed
2018/10/11 20:37:16 Render layout frontend
2018/10/11 20:37:30 Changing language to hu
2018/10/11 20:37:30 Layout prepend running
2018/10/11 20:37:30 Adding css /assets/css/main.css
2018/10/11 20:37:30 SELECT * FROM media_type ORDER BY id
2018/10/11 20:37:30 REGEXP FOUND: "^/?" in path "/"

2018/10/11 20:37:30 Anyone is allowed
2018/10/11 20:37:30 Render layout frontend
2018/10/11 20:37:31 Layout prepend running
2018/10/11 20:37:31 REGEXP FOUND: "^/media$" in path "/media"

2018/10/11 20:37:31 Anyone is allowed
2018/10/11 20:37:31 Render layout frontend
2018/10/11 20:37:31 Layout prepend running
2018/10/11 20:37:31 REGEXP FOUND: "^/operators$" in path "/operators"

2018/10/11 20:37:31 Anyone is allowed
2018/10/11 20:37:31 Layout prepend running
2018/10/11 20:37:31 REGEXP FOUND: "^/interests$" in path "/interests"

2018/10/11 20:37:31 Anyone is allowed
2018/10/11 20:37:31 Layout prepend running
2018/10/11 20:37:31 REGEXP FOUND: "^/owners$" in path "/owners"

2018/10/11 20:37:31 Anyone is allowed
2018/10/11 20:37:31 Layout prepend running
2018/10/11 20:37:31 REGEXP FOUND: "^/connections$" in path "/connections"

2018/10/11 20:37:31 Anyone is allowed
2018/10/11 20:37:31 Render layout frontend
2018/10/11 20:37:31 Render layout frontend
2018/10/11 20:37:32 Render layout frontend
2018/10/11 20:41:54 Changing language to hu
2018/10/11 20:41:54 Layout prepend running
2018/10/11 20:41:54 Adding css /assets/css/main.css
2018/10/11 20:41:54 SELECT * FROM media_type ORDER BY id
2018/10/11 20:41:54 REGEXP FOUND: "^/?" in path "/"

2018/10/11 20:41:54 Anyone is allowed
2018/10/11 20:41:54 Render layout frontend
2018/10/11 20:41:55 Layout prepend running
2018/10/11 20:41:55 REGEXP FOUND: "^/media$" in path "/media"

2018/10/11 20:41:55 Anyone is allowed
2018/10/11 20:41:55 Layout prepend running
2018/10/11 20:41:55 REGEXP FOUND: "^/connections$" in path "/connections"

2018/10/11 20:41:55 Anyone is allowed
2018/10/11 20:41:55 Render layout frontend
2018/10/11 20:41:55 Layout prepend running
2018/10/11 20:41:55 REGEXP FOUND: "^/operators$" in path "/operators"

2018/10/11 20:41:55 Anyone is allowed
2018/10/11 20:41:55 Layout prepend running
2018/10/11 20:41:55 REGEXP FOUND: "^/owners$" in path "/owners"

2018/10/11 20:41:55 Anyone is allowed
2018/10/11 20:41:55 Layout prepend running
2018/10/11 20:41:55 REGEXP FOUND: "^/interests$" in path "/interests"

2018/10/11 20:41:55 Anyone is allowed
2018/10/11 20:41:55 Render layout frontend
2018/10/11 20:41:55 Render layout frontend
2018/10/11 20:42:53 Changing language to en
2018/10/11 20:42:53 Layout prepend running
2018/10/11 20:42:53 Adding css /assets/css/main.css
2018/10/11 20:42:53 SELECT * FROM media_type ORDER BY id
2018/10/11 20:42:53 REGEXP FOUND: "^/?" in path "/"

2018/10/11 20:42:53 Anyone is allowed
2018/10/11 20:42:53 Render layout frontend
2018/10/11 20:42:54 Layout prepend running
2018/10/11 20:42:54 REGEXP FOUND: "^/connections$" in path "/connections"

2018/10/11 20:42:54 Anyone is allowed
2018/10/11 20:42:54 Layout prepend running
2018/10/11 20:42:54 REGEXP FOUND: "^/media$" in path "/media"

2018/10/11 20:42:54 Anyone is allowed
2018/10/11 20:42:54 Render layout frontend
2018/10/11 20:42:54 Layout prepend running
2018/10/11 20:42:54 REGEXP FOUND: "^/operators$" in path "/operators"

2018/10/11 20:42:54 Anyone is allowed
2018/10/11 20:42:54 Layout prepend running
2018/10/11 20:42:54 REGEXP FOUND: "^/owners$" in path "/owners"

2018/10/11 20:42:54 Anyone is allowed
2018/10/11 20:42:54 Layout prepend running
2018/10/11 20:42:54 REGEXP FOUND: "^/interests$" in path "/interests"

2018/10/11 20:42:54 Anyone is allowed
2018/10/11 20:42:55 Render layout frontend
2018/10/11 20:42:55 Render layout frontend
2018/10/11 20:45:03 Layout prepend running
2018/10/11 20:45:03 template scope is admin
2018/10/11 20:45:03 Adding css /vendor/bootstrap/css/bootstrap.min.css
2018/10/11 20:45:03 Adding css /vendor/metisMenu/metisMenu.min.css
2018/10/11 20:45:03 Adding css /assets/dist/css/sb-admin-2.css
2018/10/11 20:45:03 Adding css /vendor/morrisjs/morris.css
2018/10/11 20:45:03 Adding css /vendor/font-awesome/css/font-awesome.min.css
2018/10/11 20:45:03 Adding css /assets/summernote/summernote.css
2018/10/11 20:45:03 Adding css /assets/css/admin.css
2018/10/11 20:45:03 Logged out user allowed
2018/10/11 20:45:03 Anyone is allowed
2018/10/11 20:45:03 Loggedin user is allowed (admin users)
2018/10/11 20:45:03 REGEXP FOUND: "/admin/?$" in path "/admin"

2018/10/11 20:45:03 Logged out user allowed
2018/10/11 20:45:03 Render layout admin
2018/10/11 20:45:24 Layout prepend running
2018/10/11 20:45:24 template scope is admin
2018/10/11 20:45:24 Adding css /vendor/bootstrap/css/bootstrap.min.css
2018/10/11 20:45:24 Adding css /vendor/metisMenu/metisMenu.min.css
2018/10/11 20:45:24 Adding css /assets/dist/css/sb-admin-2.css
2018/10/11 20:45:24 Adding css /vendor/morrisjs/morris.css
2018/10/11 20:45:24 Adding css /vendor/font-awesome/css/font-awesome.min.css
2018/10/11 20:45:24 Adding css /assets/summernote/summernote.css
2018/10/11 20:45:24 Adding css /assets/css/admin.css
2018/10/11 20:45:24 Logged out user allowed
2018/10/11 20:45:24 Anyone is allowed
2018/10/11 20:45:24 Loggedin user is allowed (admin users)
2018/10/11 20:45:24 REGEXP FOUND: "^/admin/user/loginpost$" in path "/admin/user/loginpost"

2018/10/11 20:45:24 Logged out user allowed
2018/10/11 20:45:24 SELECT * FROM user where email = ?
2018/10/11 20:45:24 Redirecting to /admin/user/login
2018/10/11 20:45:24 No render /admin/user/loginpost -> redirect
2018/10/11 20:45:24 Layout prepend running
2018/10/11 20:45:24 template scope is admin
2018/10/11 20:45:24 Adding css /vendor/bootstrap/css/bootstrap.min.css
2018/10/11 20:45:24 Adding css /vendor/metisMenu/metisMenu.min.css
2018/10/11 20:45:24 Adding css /assets/dist/css/sb-admin-2.css
2018/10/11 20:45:24 Adding css /vendor/morrisjs/morris.css
2018/10/11 20:45:24 Adding css /vendor/font-awesome/css/font-awesome.min.css
2018/10/11 20:45:24 Adding css /assets/summernote/summernote.css
2018/10/11 20:45:24 Adding css /assets/css/admin.css
2018/10/11 20:45:24 Logged out user allowed
2018/10/11 20:45:24 Anyone is allowed
2018/10/11 20:45:24 Loggedin user is allowed (admin users)
2018/10/11 20:45:24 REGEXP FOUND: "^/admin/user/login$" in path "/admin/user/login"

2018/10/11 20:45:24 Logged out user allowed
2018/10/11 20:45:24 Render layout admin
2018/10/11 20:45:38 Layout prepend running
2018/10/11 20:45:38 template scope is admin
2018/10/11 20:45:38 Adding css /vendor/bootstrap/css/bootstrap.min.css
2018/10/11 20:45:38 Adding css /vendor/metisMenu/metisMenu.min.css
2018/10/11 20:45:38 Adding css /assets/dist/css/sb-admin-2.css
2018/10/11 20:45:38 Adding css /vendor/morrisjs/morris.css
2018/10/11 20:45:38 Adding css /vendor/font-awesome/css/font-awesome.min.css
2018/10/11 20:45:38 Adding css /assets/summernote/summernote.css
2018/10/11 20:45:38 Adding css /assets/css/admin.css
2018/10/11 20:45:38 Logged out user allowed
2018/10/11 20:45:38 Anyone is allowed
2018/10/11 20:45:38 Loggedin user is allowed (admin users)
2018/10/11 20:45:38 REGEXP FOUND: "^/admin/user/loginpost$" in path "/admin/user/loginpost"

2018/10/11 20:45:38 Logged out user allowed
2018/10/11 20:45:38 SELECT * FROM user where email = ?
2018/10/11 20:45:38 Redirecting to /admin/user/login
2018/10/11 20:45:38 No render /admin/user/loginpost -> redirect
2018/10/11 20:45:38 Layout prepend running
2018/10/11 20:45:38 template scope is admin
2018/10/11 20:45:38 Adding css /vendor/bootstrap/css/bootstrap.min.css
2018/10/11 20:45:38 Adding css /vendor/metisMenu/metisMenu.min.css
2018/10/11 20:45:38 Adding css /assets/dist/css/sb-admin-2.css
2018/10/11 20:45:38 Adding css /vendor/morrisjs/morris.css
2018/10/11 20:45:38 Adding css /vendor/font-awesome/css/font-awesome.min.css
2018/10/11 20:45:38 Adding css /assets/summernote/summernote.css
2018/10/11 20:45:38 Adding css /assets/css/admin.css
2018/10/11 20:45:38 Logged out user allowed
2018/10/11 20:45:38 Anyone is allowed
2018/10/11 20:45:38 Loggedin user is allowed (admin users)
2018/10/11 20:45:38 REGEXP FOUND: "^/admin/user/login$" in path "/admin/user/login"

2018/10/11 20:45:38 Logged out user allowed
2018/10/11 20:45:38 Render layout admin
2018/10/11 20:45:41 Layout prepend running
2018/10/11 20:45:41 template scope is admin
2018/10/11 20:45:41 Adding css /vendor/bootstrap/css/bootstrap.min.css
2018/10/11 20:45:41 Adding css /vendor/metisMenu/metisMenu.min.css
2018/10/11 20:45:41 Adding css /assets/dist/css/sb-admin-2.css
2018/10/11 20:45:41 Adding css /vendor/morrisjs/morris.css
2018/10/11 20:45:41 Adding css /vendor/font-awesome/css/font-awesome.min.css
2018/10/11 20:45:41 Adding css /assets/summernote/summernote.css
2018/10/11 20:45:41 Adding css /assets/css/admin.css
2018/10/11 20:45:41 Logged out user allowed
2018/10/11 20:45:41 Anyone is allowed
2018/10/11 20:45:41 Loggedin user is allowed (admin users)
2018/10/11 20:45:41 REGEXP FOUND: "^/admin/user/login$" in path "/admin/user/login"

2018/10/11 20:45:41 Logged out user allowed
2018/10/11 20:45:41 Render layout admin
2018/10/11 20:45:43 Layout prepend running
2018/10/11 20:45:43 template scope is admin
2018/10/11 20:45:43 Adding css /vendor/bootstrap/css/bootstrap.min.css
2018/10/11 20:45:43 Adding css /vendor/metisMenu/metisMenu.min.css
2018/10/11 20:45:43 Adding css /assets/dist/css/sb-admin-2.css
2018/10/11 20:45:43 Adding css /vendor/morrisjs/morris.css
2018/10/11 20:45:43 Adding css /vendor/font-awesome/css/font-awesome.min.css
2018/10/11 20:45:43 Adding css /assets/summernote/summernote.css
2018/10/11 20:45:43 Adding css /assets/css/admin.css
2018/10/11 20:45:43 Logged out user allowed
2018/10/11 20:45:43 Anyone is allowed
2018/10/11 20:45:43 Loggedin user is allowed (admin users)
2018/10/11 20:45:43 REGEXP FOUND: "^/admin/user/loginpost$" in path "/admin/user/loginpost"

2018/10/11 20:45:43 Logged out user allowed
2018/10/11 20:45:43 SELECT * FROM user where email = ?
2018/10/11 20:45:43 Redirecting to /admin/user/login
2018/10/11 20:45:43 No render /admin/user/loginpost -> redirect
2018/10/11 20:45:43 Layout prepend running
2018/10/11 20:45:43 template scope is admin
2018/10/11 20:45:43 Adding css /vendor/bootstrap/css/bootstrap.min.css
2018/10/11 20:45:43 Adding css /vendor/metisMenu/metisMenu.min.css
2018/10/11 20:45:43 Adding css /assets/dist/css/sb-admin-2.css
2018/10/11 20:45:43 Adding css /vendor/morrisjs/morris.css
2018/10/11 20:45:43 Adding css /vendor/font-awesome/css/font-awesome.min.css
2018/10/11 20:45:43 Adding css /assets/summernote/summernote.css
2018/10/11 20:45:43 Adding css /assets/css/admin.css
2018/10/11 20:45:43 Logged out user allowed
2018/10/11 20:45:43 Anyone is allowed
2018/10/11 20:45:43 Loggedin user is allowed (admin users)
2018/10/11 20:45:43 REGEXP FOUND: "^/admin/user/login$" in path "/admin/user/login"

2018/10/11 20:45:43 Logged out user allowed
2018/10/11 20:45:43 Render layout admin
2018/10/11 20:53:50 Layout prepend running
2018/10/11 20:53:50 template scope is admin
2018/10/11 20:53:50 Adding css /vendor/bootstrap/css/bootstrap.min.css
2018/10/11 20:53:50 Adding css /vendor/metisMenu/metisMenu.min.css
2018/10/11 20:53:50 Adding css /assets/dist/css/sb-admin-2.css
2018/10/11 20:53:50 Adding css /vendor/morrisjs/morris.css
2018/10/11 20:53:50 Adding css /vendor/font-awesome/css/font-awesome.min.css
2018/10/11 20:53:50 Adding css /assets/summernote/summernote.css
2018/10/11 20:53:50 Adding css /assets/css/admin.css
2018/10/11 20:53:50 Logged out user allowed
2018/10/11 20:53:50 Anyone is allowed
2018/10/11 20:53:50 Loggedin user is allowed (admin users)
2018/10/11 20:53:50 REGEXP FOUND: "^/admin/user/loginpost$" in path "/admin/user/loginpost"

2018/10/11 20:53:50 Logged out user allowed
2018/10/11 20:53:50 SELECT * FROM user where email = ?
2018/10/11 20:53:50 Redirecting to /admin/user/login
2018/10/11 20:53:50 No render /admin/user/loginpost -> redirect
2018/10/11 20:53:50 Layout prepend running
2018/10/11 20:53:50 template scope is admin
2018/10/11 20:53:50 Adding css /vendor/bootstrap/css/bootstrap.min.css
2018/10/11 20:53:50 Adding css /vendor/metisMenu/metisMenu.min.css
2018/10/11 20:53:50 Adding css /assets/dist/css/sb-admin-2.css
2018/10/11 20:53:50 Adding css /vendor/morrisjs/morris.css
2018/10/11 20:53:50 Adding css /vendor/font-awesome/css/font-awesome.min.css
2018/10/11 20:53:50 Adding css /assets/summernote/summernote.css
2018/10/11 20:53:50 Adding css /assets/css/admin.css
2018/10/11 20:53:50 Logged out user allowed
2018/10/11 20:53:50 Anyone is allowed
2018/10/11 20:53:50 Loggedin user is allowed (admin users)
2018/10/11 20:53:50 REGEXP FOUND: "^/admin/user/login$" in path "/admin/user/login"

2018/10/11 20:53:50 Logged out user allowed
2018/10/11 20:53:50 Render layout admin
2018/10/11 20:53:53 Layout prepend running
2018/10/11 20:53:53 template scope is admin
2018/10/11 20:53:53 Adding css /vendor/bootstrap/css/bootstrap.min.css
2018/10/11 20:53:53 Adding css /vendor/metisMenu/metisMenu.min.css
2018/10/11 20:53:53 Adding css /assets/dist/css/sb-admin-2.css
2018/10/11 20:53:53 Adding css /vendor/morrisjs/morris.css
2018/10/11 20:53:53 Adding css /vendor/font-awesome/css/font-awesome.min.css
2018/10/11 20:53:53 Adding css /assets/summernote/summernote.css
2018/10/11 20:53:53 Adding css /assets/css/admin.css
2018/10/11 20:53:53 Logged out user allowed
2018/10/11 20:53:53 Anyone is allowed
2018/10/11 20:53:53 Loggedin user is allowed (admin users)
2018/10/11 20:53:53 REGEXP FOUND: "^/admin/user/loginpost$" in path "/admin/user/loginpost"

2018/10/11 20:53:53 Logged out user allowed
2018/10/11 20:53:53 SELECT * FROM user where email = ?
2018/10/11 20:53:53 Redirecting to /admin/user/login
2018/10/11 20:53:53 No render /admin/user/loginpost -> redirect
2018/10/11 20:53:53 Layout prepend running
2018/10/11 20:53:53 template scope is admin
2018/10/11 20:53:53 Adding css /vendor/bootstrap/css/bootstrap.min.css
2018/10/11 20:53:53 Adding css /vendor/metisMenu/metisMenu.min.css
2018/10/11 20:53:53 Adding css /assets/dist/css/sb-admin-2.css
2018/10/11 20:53:53 Adding css /vendor/morrisjs/morris.css
2018/10/11 20:53:53 Adding css /vendor/font-awesome/css/font-awesome.min.css
2018/10/11 20:53:53 Adding css /assets/summernote/summernote.css
2018/10/11 20:53:53 Adding css /assets/css/admin.css
2018/10/11 20:53:53 Logged out user allowed
2018/10/11 20:53:53 Anyone is allowed
2018/10/11 20:53:53 Loggedin user is allowed (admin users)
2018/10/11 20:53:53 REGEXP FOUND: "^/admin/user/login$" in path "/admin/user/login"

2018/10/11 20:53:53 Logged out user allowed
2018/10/11 20:53:53 Render layout admin
2018/10/11 20:57:40 Changing language to hu
2018/10/11 20:57:40 Layout prepend running
2018/10/11 20:57:40 Adding css /assets/css/main.css
2018/10/11 20:57:40 SELECT * FROM media_type ORDER BY id
2018/10/11 20:57:40 REGEXP FOUND: "^/?" in path "/"

2018/10/11 20:57:40 Anyone is allowed
2018/10/11 20:57:40 Render layout frontend
2018/10/11 20:57:42 Layout prepend running
2018/10/11 20:57:42 REGEXP FOUND: "^/media$" in path "/media"

2018/10/11 20:57:42 Anyone is allowed
2018/10/11 20:57:42 Render layout frontend
2018/10/11 20:57:42 Layout prepend running
2018/10/11 20:57:42 REGEXP FOUND: "^/connections$" in path "/connections"

2018/10/11 20:57:42 Anyone is allowed
2018/10/11 20:57:42 Layout prepend running
2018/10/11 20:57:42 REGEXP FOUND: "^/operators$" in path "/operators"

2018/10/11 20:57:42 Anyone is allowed
2018/10/11 20:57:42 Layout prepend running
2018/10/11 20:57:42 REGEXP FOUND: "^/owners$" in path "/owners"

2018/10/11 20:57:42 Anyone is allowed
2018/10/11 20:57:42 Layout prepend running
2018/10/11 20:57:42 REGEXP FOUND: "^/interests$" in path "/interests"

2018/10/11 20:57:42 Anyone is allowed
2018/10/11 20:57:42 Render layout frontend
2018/10/11 20:57:42 Render layout frontend
