2018/10/08 14:39:04 Setting default language to user
2018/10/08 14:39:04 Layout prepend running
2018/10/08 14:39:04 Adding css /assets/css/main.css
2018/10/08 14:39:04 SELECT * FROM media_type ORDER BY id
2018/10/08 14:39:04 REGEXP FOUND: "^/?" in path "/"

2018/10/08 14:39:04 Anyone is allowed
2018/10/08 14:39:04 Render layout frontend
2018/10/08 14:39:06 Layout prepend running
2018/10/08 14:39:06 REGEXP FOUND: "^/media$" in path "/media"

2018/10/08 14:39:06 Anyone is allowed
2018/10/08 14:39:06 Render layout frontend
2018/10/08 14:39:06 Layout prepend running
2018/10/08 14:39:06 REGEXP FOUND: "^/connections$" in path "/connections"

2018/10/08 14:39:06 Anyone is allowed
2018/10/08 14:39:06 Layout prepend running
2018/10/08 14:39:06 REGEXP FOUND: "^/operators$" in path "/operators"

2018/10/08 14:39:06 Anyone is allowed
2018/10/08 14:39:06 Layout prepend running
2018/10/08 14:39:06 REGEXP FOUND: "^/owners$" in path "/owners"

2018/10/08 14:39:06 Anyone is allowed
2018/10/08 14:39:06 Layout prepend running
2018/10/08 14:39:06 REGEXP FOUND: "^/interests$" in path "/interests"

2018/10/08 14:39:06 Anyone is allowed
2018/10/08 14:39:06 Render layout frontend
2018/10/08 14:39:06 Render layout frontend
