2018/12/05 16:01:16 Setting default language to user
2018/12/05 16:06:16 Setting default language to user
2018/12/05 16:11:16 Setting default language to user
2018/12/05 16:14:06 Setting default language to user
2018/12/05 16:19:06 Setting default language to user
2018/12/05 16:23:47 Setting default language to user
2018/12/05 16:23:47 Layout prepend running
2018/12/05 16:23:47 REGEXP FOUND: "^/media$" in path "/media"

2018/12/05 16:23:47 Anyone is allowed
2018/12/05 16:23:47 Render layout frontend
2018/12/05 16:23:47 Setting default language to user
2018/12/05 16:23:47 Layout prepend running
2018/12/05 16:23:47 REGEXP FOUND: "^/connections$" in path "/connections"

2018/12/05 16:23:47 Anyone is allowed
2018/12/05 16:23:47 Render layout frontend
2018/12/05 16:23:47 Setting default language to user
2018/12/05 16:23:47 Layout prepend running
2018/12/05 16:23:47 REGEXP FOUND: "^/operators$" in path "/operators"

2018/12/05 16:23:47 Anyone is allowed
2018/12/05 16:23:47 Render layout frontend
2018/12/05 16:23:47 Setting default language to user
2018/12/05 16:23:47 Layout prepend running
2018/12/05 16:23:47 REGEXP FOUND: "^/owners$" in path "/owners"

2018/12/05 16:23:47 Anyone is allowed
2018/12/05 16:23:47 Render layout frontend
2018/12/05 16:23:47 Setting default language to user
2018/12/05 16:23:47 Layout prepend running
2018/12/05 16:23:47 REGEXP FOUND: "^/interests$" in path "/interests"

2018/12/05 16:23:47 Anyone is allowed
2018/12/05 16:23:47 Render layout frontend
2018/12/05 16:24:06 Setting default language to user
2018/12/05 16:29:06 Setting default language to user
2018/12/05 16:34:06 Setting default language to user
2018/12/05 16:39:06 Setting default language to user
2018/12/05 16:45:58 Setting default language to user
2018/12/05 16:50:59 Setting default language to user
2018/12/05 16:55:58 Setting default language to user
