2018/11/05 13:03:41 Setting default language to user
2018/11/05 13:08:42 Setting default language to user
2018/11/05 13:13:41 Setting default language to user
2018/11/05 13:18:41 Setting default language to user
2018/11/05 13:23:41 Setting default language to user
2018/11/05 13:28:41 Setting default language to user
2018/11/05 13:33:41 Setting default language to user
2018/11/05 13:38:40 Setting default language to user
2018/11/05 13:38:40 Layout prepend running
2018/11/05 13:38:40 Adding css /assets/css/main.css
2018/11/05 13:38:40 SELECT * FROM media_type ORDER BY id
2018/11/05 13:38:40 REGEXP FOUND: "^/?" in path "/"

2018/11/05 13:38:40 Anyone is allowed
2018/11/05 13:38:40 Render layout frontend
2018/11/05 13:38:41 Setting default language to user
2018/11/05 13:38:42 Layout prepend running
2018/11/05 13:38:42 REGEXP FOUND: "^/connections$" in path "/connections"

2018/11/05 13:38:42 Anyone is allowed
2018/11/05 13:38:42 Render layout frontend
2018/11/05 13:38:42 Layout prepend running
2018/11/05 13:38:42 REGEXP FOUND: "^/media$" in path "/media"

2018/11/05 13:38:42 Anyone is allowed
2018/11/05 13:38:42 Render layout frontend
2018/11/05 13:38:42 Layout prepend running
2018/11/05 13:38:42 REGEXP FOUND: "^/owners$" in path "/owners"

2018/11/05 13:38:42 Anyone is allowed
2018/11/05 13:38:42 Render layout frontend
2018/11/05 13:38:42 Layout prepend running
2018/11/05 13:38:42 REGEXP FOUND: "^/operators$" in path "/operators"

2018/11/05 13:38:42 Anyone is allowed
2018/11/05 13:38:42 Render layout frontend
2018/11/05 13:38:42 Layout prepend running
2018/11/05 13:38:42 REGEXP FOUND: "^/interests$" in path "/interests"

2018/11/05 13:38:42 Anyone is allowed
2018/11/05 13:38:42 Render layout frontend
2018/11/05 13:43:41 Setting default language to user
2018/11/05 13:48:41 Setting default language to user
2018/11/05 13:53:41 Setting default language to user
2018/11/05 13:58:41 Setting default language to user
