2018/10/16 14:19:37 Setting default language to user
2018/10/16 14:19:37 Layout prepend running
2018/10/16 14:19:37 Adding css /assets/css/main.css
2018/10/16 14:19:37 SELECT * FROM media_type ORDER BY id
2018/10/16 14:19:37 REGEXP FOUND: "^/?" in path "/"

2018/10/16 14:19:37 Anyone is allowed
2018/10/16 14:19:37 Render layout frontend
2018/10/16 14:19:38 Layout prepend running
2018/10/16 14:19:38 REGEXP FOUND: "^/media$" in path "/media"

2018/10/16 14:19:38 Anyone is allowed
2018/10/16 14:19:38 Layout prepend running
2018/10/16 14:19:38 REGEXP FOUND: "^/connections$" in path "/connections"

2018/10/16 14:19:38 Anyone is allowed
2018/10/16 14:19:38 Render layout frontend
2018/10/16 14:19:38 Layout prepend running
2018/10/16 14:19:38 Layout prepend running
2018/10/16 14:19:38 Layout prepend running
2018/10/16 14:19:38 REGEXP FOUND: "^/operators$" in path "/operators"

2018/10/16 14:19:38 Anyone is allowed
2018/10/16 14:19:38 REGEXP FOUND: "^/interests$" in path "/interests"

2018/10/16 14:19:38 Anyone is allowed
2018/10/16 14:19:38 Render layout frontend
2018/10/16 14:20:14 Layout prepend running
2018/10/16 14:20:14 Adding css /assets/css/main.css
2018/10/16 14:20:14 SELECT * FROM media_type ORDER BY id
2018/10/16 14:20:14 REGEXP FOUND: "^/?" in path "/"

2018/10/16 14:20:14 Anyone is allowed
2018/10/16 14:20:14 Render layout frontend
2018/10/16 14:20:14 Layout prepend running
2018/10/16 14:20:14 REGEXP FOUND: "^/media$" in path "/media"

2018/10/16 14:20:14 Anyone is allowed
2018/10/16 14:20:14 Render layout frontend
2018/10/16 14:20:14 Layout prepend running
2018/10/16 14:20:14 REGEXP FOUND: "^/connections$" in path "/connections"

2018/10/16 14:20:14 Anyone is allowed
2018/10/16 14:20:14 Layout prepend running
2018/10/16 14:20:14 Layout prepend running
2018/10/16 14:20:14 Layout prepend running
2018/10/16 14:20:14 REGEXP FOUND: "^/owners$" in path "/owners"

2018/10/16 14:20:14 Anyone is allowed
2018/10/16 14:20:14 Render layout frontend
2018/10/16 14:20:14 REGEXP FOUND: "^/operators$" in path "/operators"

2018/10/16 14:20:14 Anyone is allowed
2018/10/16 14:20:14 REGEXP FOUND: "^/interests$" in path "/interests"

2018/10/16 14:20:14 Anyone is allowed
2018/10/16 14:20:14 Render layout frontend
2018/10/16 14:46:03 Changing language to en
2018/10/16 14:46:03 Layout prepend running
2018/10/16 14:46:03 Adding css /assets/css/main.css
2018/10/16 14:46:03 SELECT * FROM media_type ORDER BY id
2018/10/16 14:46:03 REGEXP FOUND: "^/?" in path "/"

2018/10/16 14:46:03 Anyone is allowed
2018/10/16 14:46:03 Render layout frontend
2018/10/16 14:46:10 Layout prepend running
2018/10/16 14:46:10 REGEXP FOUND: "^/media$" in path "/media"

2018/10/16 14:46:10 Anyone is allowed
2018/10/16 14:46:10 Render layout frontend
2018/10/16 14:46:10 Layout prepend running
2018/10/16 14:46:10 REGEXP FOUND: "^/connections$" in path "/connections"

2018/10/16 14:46:10 Anyone is allowed
2018/10/16 14:46:10 Layout prepend running
2018/10/16 14:46:10 Layout prepend running
2018/10/16 14:46:10 Layout prepend running
2018/10/16 14:46:10 REGEXP FOUND: "^/owners$" in path "/owners"

2018/10/16 14:46:10 Anyone is allowed
2018/10/16 14:46:10 Render layout frontend
2018/10/16 14:46:10 REGEXP FOUND: "^/operators$" in path "/operators"

2018/10/16 14:46:10 Anyone is allowed
2018/10/16 14:46:10 REGEXP FOUND: "^/interests$" in path "/interests"

2018/10/16 14:46:10 Anyone is allowed
2018/10/16 14:46:10 Render layout frontend
