2018/11/05 15:03:41 Setting default language to user
2018/11/05 15:08:41 Setting default language to user
2018/11/05 15:13:41 Setting default language to user
2018/11/05 15:18:41 Setting default language to user
2018/11/05 15:23:41 Setting default language to user
2018/11/05 15:28:41 Setting default language to user
2018/11/05 15:33:41 Setting default language to user
2018/11/05 15:38:41 Setting default language to user
2018/11/05 15:43:41 Setting default language to user
2018/11/05 15:48:41 Setting default language to user
2018/11/05 15:53:41 Setting default language to user
2018/11/05 15:56:39 Setting default language to user
2018/11/05 15:56:39 Layout prepend running
2018/11/05 15:56:39 Adding css /assets/css/main.css
2018/11/05 15:56:39 SELECT * FROM media_type ORDER BY id
2018/11/05 15:56:39 REGEXP FOUND: "^/?" in path "/"

2018/11/05 15:56:39 Anyone is allowed
2018/11/05 15:56:39 Render layout frontend
2018/11/05 15:56:39 Layout prepend running
2018/11/05 15:56:39 REGEXP FOUND: "^/media$" in path "/media"

2018/11/05 15:56:39 Anyone is allowed
2018/11/05 15:56:39 Render layout frontend
2018/11/05 15:56:39 Layout prepend running
2018/11/05 15:56:39 REGEXP FOUND: "^/owners$" in path "/owners"

2018/11/05 15:56:39 Anyone is allowed
2018/11/05 15:56:39 Render layout frontend
2018/11/05 15:56:39 Layout prepend running
2018/11/05 15:56:39 REGEXP FOUND: "^/connections$" in path "/connections"

2018/11/05 15:56:39 Anyone is allowed
2018/11/05 15:56:39 Render layout frontend
2018/11/05 15:56:39 Layout prepend running
2018/11/05 15:56:39 REGEXP FOUND: "^/operators$" in path "/operators"

2018/11/05 15:56:39 Anyone is allowed
2018/11/05 15:56:39 Render layout frontend
2018/11/05 15:56:39 Layout prepend running
2018/11/05 15:56:39 REGEXP FOUND: "^/interests$" in path "/interests"

2018/11/05 15:56:39 Anyone is allowed
2018/11/05 15:56:39 Render layout frontend
2018/11/05 15:58:41 Setting default language to user
