2018/12/18 14:00:28 Setting default language to user
2018/12/18 14:05:28 Setting default language to user
2018/12/18 14:07:18 Layout prepend running
2018/12/18 14:07:18 Adding css /assets/css/main.css
2018/12/18 14:07:18 SELECT * FROM media_type ORDER BY id
2018/12/18 14:07:18 REGEXP FOUND: "^/?" in path "/"

2018/12/18 14:07:18 Anyone is allowed
2018/12/18 14:07:18 Render layout frontend
2018/12/18 14:07:20 Layout prepend running
2018/12/18 14:07:20 REGEXP FOUND: "^/media$" in path "/media"

2018/12/18 14:07:20 Anyone is allowed
2018/12/18 14:07:20 Render layout frontend
2018/12/18 14:07:20 Layout prepend running
2018/12/18 14:07:20 REGEXP FOUND: "^/owners$" in path "/owners"

2018/12/18 14:07:20 Anyone is allowed
2018/12/18 14:07:20 Render layout frontend
2018/12/18 14:07:20 Layout prepend running
2018/12/18 14:07:20 REGEXP FOUND: "^/operators$" in path "/operators"

2018/12/18 14:07:20 Anyone is allowed
2018/12/18 14:07:20 Render layout frontend
2018/12/18 14:07:20 Layout prepend running
2018/12/18 14:07:20 REGEXP FOUND: "^/connections$" in path "/connections"

2018/12/18 14:07:20 Anyone is allowed
2018/12/18 14:07:20 Render layout frontend
2018/12/18 14:07:20 Layout prepend running
2018/12/18 14:07:20 REGEXP FOUND: "^/interests$" in path "/interests"

2018/12/18 14:07:20 Anyone is allowed
2018/12/18 14:07:20 Render layout frontend
2018/12/18 14:10:27 Setting default language to user
2018/12/18 14:15:27 Setting default language to user
2018/12/18 14:20:26 Setting default language to user
2018/12/18 14:25:27 Setting default language to user
2018/12/18 14:30:27 Setting default language to user
2018/12/18 14:35:27 Setting default language to user
2018/12/18 14:40:27 Setting default language to user
2018/12/18 14:45:27 Setting default language to user
2018/12/18 14:50:27 Setting default language to user
2018/12/18 14:55:27 Setting default language to user
