2018/11/14 16:03:18 Setting default language to user
2018/11/14 16:08:18 Setting default language to user
2018/11/14 16:13:18 Setting default language to user
2018/11/14 16:18:18 Setting default language to user
2018/11/14 16:23:18 Setting default language to user
2018/11/14 16:26:28 Setting default language to user
2018/11/14 16:26:28 Layout prepend running
2018/11/14 16:26:28 Adding css /assets/css/main.css
2018/11/14 16:26:28 SELECT * FROM media_type ORDER BY id
2018/11/14 16:26:28 REGEXP FOUND: "^/?" in path "/"

2018/11/14 16:26:28 Anyone is allowed
2018/11/14 16:26:28 Render layout frontend
2018/11/14 16:26:31 Layout prepend running
2018/11/14 16:26:31 REGEXP FOUND: "^/media$" in path "/media"

2018/11/14 16:26:31 Anyone is allowed
2018/11/14 16:26:31 Render layout frontend
2018/11/14 16:26:31 Layout prepend running
2018/11/14 16:26:31 REGEXP FOUND: "^/connections$" in path "/connections"

2018/11/14 16:26:31 Anyone is allowed
2018/11/14 16:26:31 Render layout frontend
2018/11/14 16:26:31 Layout prepend running
2018/11/14 16:26:31 REGEXP FOUND: "^/owners$" in path "/owners"

2018/11/14 16:26:31 Anyone is allowed
2018/11/14 16:26:31 Render layout frontend
2018/11/14 16:26:31 Layout prepend running
2018/11/14 16:26:31 REGEXP FOUND: "^/operators$" in path "/operators"

2018/11/14 16:26:31 Anyone is allowed
2018/11/14 16:26:31 Render layout frontend
2018/11/14 16:26:31 Layout prepend running
2018/11/14 16:26:31 REGEXP FOUND: "^/interests$" in path "/interests"

2018/11/14 16:26:31 Anyone is allowed
2018/11/14 16:26:31 Render layout frontend
2018/11/14 16:28:18 Setting default language to user
2018/11/14 16:33:18 Setting default language to user
2018/11/14 16:38:18 Setting default language to user
2018/11/14 16:43:18 Setting default language to user
2018/11/14 16:48:18 Setting default language to user
2018/11/14 16:53:18 Setting default language to user
2018/11/14 16:58:18 Setting default language to user
