2018/12/07 13:04:05 Setting default language to user
2018/12/07 13:04:05 Layout prepend running
2018/12/07 13:04:05 Adding css /assets/css/main.css
2018/12/07 13:04:05 SELECT * FROM media_type ORDER BY id
2018/12/07 13:04:05 REGEXP FOUND: "^/?" in path "/"

2018/12/07 13:04:05 Anyone is allowed
2018/12/07 13:04:05 Render layout frontend
2018/12/07 13:04:09 Layout prepend running
2018/12/07 13:04:09 REGEXP FOUND: "^/media$" in path "/media"

2018/12/07 13:04:09 Anyone is allowed
2018/12/07 13:04:09 Render layout frontend
2018/12/07 13:04:09 Layout prepend running
2018/12/07 13:04:09 REGEXP FOUND: "^/connections$" in path "/connections"

2018/12/07 13:04:09 Anyone is allowed
2018/12/07 13:04:09 Render layout frontend
2018/12/07 13:04:09 Layout prepend running
2018/12/07 13:04:09 REGEXP FOUND: "^/owners$" in path "/owners"

2018/12/07 13:04:09 Anyone is allowed
2018/12/07 13:04:09 Render layout frontend
2018/12/07 13:04:09 Layout prepend running
2018/12/07 13:04:09 REGEXP FOUND: "^/operators$" in path "/operators"

2018/12/07 13:04:09 Anyone is allowed
2018/12/07 13:04:09 Render layout frontend
2018/12/07 13:04:09 Layout prepend running
2018/12/07 13:04:09 REGEXP FOUND: "^/interests$" in path "/interests"

2018/12/07 13:04:09 Anyone is allowed
2018/12/07 13:04:09 Render layout frontend
2018/12/07 13:04:28 Setting default language to user
2018/12/07 13:09:29 Setting default language to user
2018/12/07 13:14:29 Setting default language to user
2018/12/07 13:21:30 Setting default language to user
2018/12/07 13:26:30 Setting default language to user
2018/12/07 13:31:29 Setting default language to user
2018/12/07 13:36:30 Setting default language to user
2018/12/07 13:41:29 Setting default language to user
2018/12/07 13:46:29 Setting default language to user
2018/12/07 13:51:29 Setting default language to user
2018/12/07 13:56:29 Setting default language to user
