2018/12/04 15:01:18 Setting default language to user
2018/12/04 15:06:18 Setting default language to user
2018/12/04 15:09:16 Layout prepend running
2018/12/04 15:09:16 Adding css /assets/css/main.css
2018/12/04 15:09:16 SELECT * FROM media_type ORDER BY id
2018/12/04 15:09:16 REGEXP FOUND: "^/?" in path "/"

2018/12/04 15:09:16 Anyone is allowed
2018/12/04 15:09:16 Render layout frontend
2018/12/04 15:09:17 Layout prepend running
2018/12/04 15:09:17 REGEXP FOUND: "^/connections$" in path "/connections"

2018/12/04 15:09:17 Anyone is allowed
2018/12/04 15:09:17 Render layout frontend
2018/12/04 15:09:17 Layout prepend running
2018/12/04 15:09:17 REGEXP FOUND: "^/media$" in path "/media"

2018/12/04 15:09:17 Anyone is allowed
2018/12/04 15:09:17 Render layout frontend
2018/12/04 15:09:17 Layout prepend running
2018/12/04 15:09:17 REGEXP FOUND: "^/operators$" in path "/operators"

2018/12/04 15:09:17 Anyone is allowed
2018/12/04 15:09:17 Render layout frontend
2018/12/04 15:09:17 Layout prepend running
2018/12/04 15:09:17 REGEXP FOUND: "^/owners$" in path "/owners"

2018/12/04 15:09:17 Anyone is allowed
2018/12/04 15:09:17 Render layout frontend
2018/12/04 15:09:17 Layout prepend running
2018/12/04 15:09:17 REGEXP FOUND: "^/interests$" in path "/interests"

2018/12/04 15:09:17 Anyone is allowed
2018/12/04 15:09:17 Render layout frontend
2018/12/04 15:11:19 Setting default language to user
2018/12/04 15:16:19 Setting default language to user
2018/12/04 15:21:19 Setting default language to user
2018/12/04 15:26:19 Setting default language to user
2018/12/04 15:31:19 Setting default language to user
2018/12/04 15:36:19 Setting default language to user
2018/12/04 15:41:19 Setting default language to user
2018/12/04 15:46:19 Setting default language to user
2018/12/04 15:51:18 Setting default language to user
2018/12/04 15:56:19 Setting default language to user
