2018/12/03 14:04:38 Setting default language to user
2018/12/03 14:09:38 Setting default language to user
2018/12/03 14:14:38 Setting default language to user
2018/12/03 14:19:38 Setting default language to user
2018/12/03 14:24:38 Setting default language to user
2018/12/03 14:29:38 Setting default language to user
2018/12/03 14:34:38 Setting default language to user
2018/12/03 14:35:58 Layout prepend running
2018/12/03 14:35:58 REGEXP FOUND: "^/media$" in path "/media"

2018/12/03 14:35:58 Anyone is allowed
2018/12/03 14:35:58 Render layout frontend
2018/12/03 14:35:58 Layout prepend running
2018/12/03 14:35:58 REGEXP FOUND: "^/connections$" in path "/connections"

2018/12/03 14:35:58 Anyone is allowed
2018/12/03 14:35:58 Render layout frontend
2018/12/03 14:35:58 Layout prepend running
2018/12/03 14:35:58 REGEXP FOUND: "^/operators$" in path "/operators"

2018/12/03 14:35:58 Anyone is allowed
2018/12/03 14:35:58 Render layout frontend
2018/12/03 14:35:58 Layout prepend running
2018/12/03 14:35:58 REGEXP FOUND: "^/owners$" in path "/owners"

2018/12/03 14:35:58 Anyone is allowed
2018/12/03 14:35:58 Render layout frontend
2018/12/03 14:35:59 Layout prepend running
2018/12/03 14:35:59 REGEXP FOUND: "^/interests$" in path "/interests"

2018/12/03 14:35:59 Anyone is allowed
2018/12/03 14:35:59 Render layout frontend
2018/12/03 14:39:38 Setting default language to user
2018/12/03 14:44:38 Setting default language to user
2018/12/03 14:49:38 Setting default language to user
2018/12/03 14:54:38 Setting default language to user
2018/12/03 14:59:38 Setting default language to user
