2018/10/31 17:04:19 Setting default language to user
2018/10/31 17:04:19 Layout prepend running
2018/10/31 17:04:19 Adding css /assets/css/main.css
2018/10/31 17:04:19 SELECT * FROM media_type ORDER BY id
2018/10/31 17:04:19 REGEXP FOUND: "^/?" in path "/"

2018/10/31 17:04:19 Anyone is allowed
2018/10/31 17:04:19 Render layout frontend
2018/10/31 17:04:21 Layout prepend running
2018/10/31 17:04:21 REGEXP FOUND: "^/media$" in path "/media"

2018/10/31 17:04:21 Anyone is allowed
2018/10/31 17:04:21 Render layout frontend
2018/10/31 17:04:21 Layout prepend running
2018/10/31 17:04:21 REGEXP FOUND: "^/owners$" in path "/owners"

2018/10/31 17:04:21 Anyone is allowed
2018/10/31 17:04:21 Render layout frontend
2018/10/31 17:04:21 Layout prepend running
2018/10/31 17:04:21 REGEXP FOUND: "^/operators$" in path "/operators"

2018/10/31 17:04:21 Anyone is allowed
2018/10/31 17:04:21 Render layout frontend
2018/10/31 17:04:21 Layout prepend running
2018/10/31 17:04:21 REGEXP FOUND: "^/connections$" in path "/connections"

2018/10/31 17:04:21 Anyone is allowed
2018/10/31 17:04:21 Render layout frontend
2018/10/31 17:04:21 Layout prepend running
2018/10/31 17:04:21 REGEXP FOUND: "^/interests$" in path "/interests"

2018/10/31 17:04:21 Anyone is allowed
2018/10/31 17:04:21 Render layout frontend
2018/10/31 17:04:31 Setting default language to user
2018/10/31 17:09:31 Setting default language to user
2018/10/31 17:14:31 Setting default language to user
2018/10/31 17:19:31 Setting default language to user
2018/10/31 17:24:31 Setting default language to user
2018/10/31 17:29:31 Setting default language to user
2018/10/31 17:34:31 Setting default language to user
2018/10/31 17:37:54 Layout prepend running
2018/10/31 17:37:54 Adding css /assets/css/main.css
2018/10/31 17:37:54 SELECT * FROM media_type ORDER BY id
2018/10/31 17:37:54 REGEXP FOUND: "^/?" in path "/"

2018/10/31 17:37:54 Anyone is allowed
2018/10/31 17:37:54 Render layout frontend
2018/10/31 17:37:56 Layout prepend running
2018/10/31 17:37:56 REGEXP FOUND: "^/connections$" in path "/connections"

2018/10/31 17:37:56 Anyone is allowed
2018/10/31 17:37:56 Render layout frontend
2018/10/31 17:37:56 Layout prepend running
2018/10/31 17:37:56 REGEXP FOUND: "^/media$" in path "/media"

2018/10/31 17:37:56 Anyone is allowed
2018/10/31 17:37:56 Render layout frontend
2018/10/31 17:37:56 Layout prepend running
2018/10/31 17:37:56 REGEXP FOUND: "^/owners$" in path "/owners"

2018/10/31 17:37:56 Anyone is allowed
2018/10/31 17:37:56 Render layout frontend
2018/10/31 17:37:56 Layout prepend running
2018/10/31 17:37:56 REGEXP FOUND: "^/operators$" in path "/operators"

2018/10/31 17:37:56 Anyone is allowed
2018/10/31 17:37:56 Render layout frontend
2018/10/31 17:37:56 Layout prepend running
2018/10/31 17:37:56 REGEXP FOUND: "^/interests$" in path "/interests"

2018/10/31 17:37:56 Anyone is allowed
2018/10/31 17:37:56 Render layout frontend
2018/10/31 17:39:31 Setting default language to user
2018/10/31 17:44:31 Setting default language to user
2018/10/31 17:48:13 Layout prepend running
2018/10/31 17:48:13 Adding css /assets/css/main.css
2018/10/31 17:48:13 SELECT * FROM media_type ORDER BY id
2018/10/31 17:48:13 REGEXP FOUND: "^/?" in path "/"

2018/10/31 17:48:13 Anyone is allowed
2018/10/31 17:48:13 Render layout frontend
2018/10/31 17:48:14 Layout prepend running
2018/10/31 17:48:14 REGEXP FOUND: "^/media$" in path "/media"

2018/10/31 17:48:14 Anyone is allowed
2018/10/31 17:48:14 Render layout frontend
2018/10/31 17:48:14 Layout prepend running
2018/10/31 17:48:14 REGEXP FOUND: "^/connections$" in path "/connections"

2018/10/31 17:48:14 Anyone is allowed
2018/10/31 17:48:14 Render layout frontend
2018/10/31 17:48:14 Layout prepend running
2018/10/31 17:48:14 REGEXP FOUND: "^/operators$" in path "/operators"

2018/10/31 17:48:14 Anyone is allowed
2018/10/31 17:48:14 Render layout frontend
2018/10/31 17:48:14 Layout prepend running
2018/10/31 17:48:14 REGEXP FOUND: "^/owners$" in path "/owners"

2018/10/31 17:48:14 Anyone is allowed
2018/10/31 17:48:14 Render layout frontend
2018/10/31 17:48:14 Layout prepend running
2018/10/31 17:48:14 REGEXP FOUND: "^/interests$" in path "/interests"

2018/10/31 17:48:14 Anyone is allowed
2018/10/31 17:48:14 Render layout frontend
2018/10/31 17:49:31 Setting default language to user
2018/10/31 17:54:31 Setting default language to user
2018/10/31 17:59:31 Setting default language to user
