2018/10/13 12:50:03 Changing language to en
2018/10/13 12:50:03 Layout prepend running
2018/10/13 12:50:03 Adding css /assets/css/main.css
2018/10/13 12:50:03 SELECT * FROM media_type ORDER BY id
2018/10/13 12:50:03 REGEXP FOUND: "^/?" in path "/"

2018/10/13 12:50:03 Anyone is allowed
2018/10/13 12:50:03 Render layout frontend
2018/10/13 12:50:04 Layout prepend running
2018/10/13 12:50:04 REGEXP FOUND: "^/media$" in path "/media"

2018/10/13 12:50:04 Anyone is allowed
2018/10/13 12:50:04 Layout prepend running
2018/10/13 12:50:04 REGEXP FOUND: "^/interests$" in path "/interests"

2018/10/13 12:50:04 Anyone is allowed
2018/10/13 12:50:04 Render layout frontend
2018/10/13 12:50:04 Layout prepend running
2018/10/13 12:50:04 REGEXP FOUND: "^/operators$" in path "/operators"

2018/10/13 12:50:04 Anyone is allowed
2018/10/13 12:50:04 Layout prepend running
2018/10/13 12:50:04 REGEXP FOUND: "^/connections$" in path "/connections"

2018/10/13 12:50:04 Anyone is allowed
2018/10/13 12:50:04 Layout prepend running
2018/10/13 12:50:04 REGEXP FOUND: "^/owners$" in path "/owners"

2018/10/13 12:50:04 Anyone is allowed
2018/10/13 12:50:04 Render layout frontend
