2018/12/12 09:00:23 Setting default language to user
2018/12/12 09:05:23 Setting default language to user
2018/12/12 09:10:11 Setting default language to user
2018/12/12 09:15:11 Setting default language to user
2018/12/12 09:20:11 Setting default language to user
2018/12/12 09:25:11 Setting default language to user
2018/12/12 09:30:11 Setting default language to user
2018/12/12 09:35:11 Setting default language to user
2018/12/12 09:40:11 Setting default language to user
2018/12/12 09:45:11 Setting default language to user
2018/12/12 09:50:11 Setting default language to user
2018/12/12 09:52:03 Setting default language to user
2018/12/12 09:52:03 Layout prepend running
2018/12/12 09:52:03 Adding css /assets/css/main.css
2018/12/12 09:52:03 SELECT * FROM media_type ORDER BY id
2018/12/12 09:52:03 REGEXP FOUND: "^/?" in path "/"

2018/12/12 09:52:03 Anyone is allowed
2018/12/12 09:52:03 Render layout frontend
2018/12/12 09:52:04 Setting default language to user
2018/12/12 09:52:04 Layout prepend running
2018/12/12 09:52:04 REGEXP FOUND: "^/media$" in path "/media"

2018/12/12 09:52:04 Anyone is allowed
2018/12/12 09:52:04 Render layout frontend
2018/12/12 09:52:04 Setting default language to user
2018/12/12 09:52:04 Layout prepend running
2018/12/12 09:52:04 REGEXP FOUND: "^/owners$" in path "/owners"

2018/12/12 09:52:04 Anyone is allowed
2018/12/12 09:52:04 Render layout frontend
2018/12/12 09:52:04 Setting default language to user
2018/12/12 09:52:04 Layout prepend running
2018/12/12 09:52:04 REGEXP FOUND: "^/operators$" in path "/operators"

2018/12/12 09:52:04 Anyone is allowed
2018/12/12 09:52:04 Render layout frontend
2018/12/12 09:52:04 Setting default language to user
2018/12/12 09:52:04 Layout prepend running
2018/12/12 09:52:04 REGEXP FOUND: "^/connections$" in path "/connections"

2018/12/12 09:52:04 Anyone is allowed
2018/12/12 09:52:04 Render layout frontend
2018/12/12 09:52:04 Setting default language to user
2018/12/12 09:52:04 Layout prepend running
2018/12/12 09:52:04 REGEXP FOUND: "^/interests$" in path "/interests"

2018/12/12 09:52:04 Anyone is allowed
2018/12/12 09:52:04 Render layout frontend
2018/12/12 09:52:04 Layout prepend running
2018/12/12 09:52:04 Adding css /assets/css/main.css
2018/12/12 09:52:04 SELECT * FROM media_type ORDER BY id
2018/12/12 09:52:04 REGEXP FOUND: "^/?" in path "/favicon.ico"

2018/12/12 09:52:04 Anyone is allowed
2018/12/12 09:52:04 Render layout frontend
2018/12/12 09:54:54 Setting default language to user
2018/12/12 09:59:54 Setting default language to user
