2018/10/24 13:01:27 Setting default language to user
2018/10/24 13:06:27 Setting default language to user
2018/10/24 13:11:27 Setting default language to user
2018/10/24 13:16:27 Setting default language to user
2018/10/24 13:21:27 Setting default language to user
2018/10/24 13:26:27 Setting default language to user
2018/10/24 13:31:27 Setting default language to user
2018/10/24 13:36:27 Setting default language to user
2018/10/24 13:41:27 Setting default language to user
2018/10/24 13:46:27 Setting default language to user
2018/10/24 13:51:27 Setting default language to user
2018/10/24 13:56:27 Setting default language to user
2018/10/24 13:57:42 Setting default language to user
2018/10/24 13:57:42 Layout prepend running
2018/10/24 13:57:42 Adding css /assets/css/main.css
2018/10/24 13:57:42 SELECT * FROM media_type ORDER BY id
2018/10/24 13:57:42 REGEXP FOUND: "^/?" in path "/"

2018/10/24 13:57:42 Anyone is allowed
2018/10/24 13:57:42 Render layout frontend
2018/10/24 13:57:43 Layout prepend running
2018/10/24 13:57:43 REGEXP FOUND: "^/media$" in path "/media"

2018/10/24 13:57:43 Anyone is allowed
2018/10/24 13:57:43 Render layout frontend
2018/10/24 13:57:43 Layout prepend running
2018/10/24 13:57:43 REGEXP FOUND: "^/owners$" in path "/owners"

2018/10/24 13:57:43 Anyone is allowed
2018/10/24 13:57:43 Render layout frontend
2018/10/24 13:57:43 Layout prepend running
2018/10/24 13:57:43 REGEXP FOUND: "^/operators$" in path "/operators"

2018/10/24 13:57:43 Anyone is allowed
2018/10/24 13:57:43 Render layout frontend
2018/10/24 13:57:43 Layout prepend running
2018/10/24 13:57:43 REGEXP FOUND: "^/connections$" in path "/connections"

2018/10/24 13:57:43 Anyone is allowed
2018/10/24 13:57:43 Render layout frontend
2018/10/24 13:57:43 Layout prepend running
2018/10/24 13:57:43 REGEXP FOUND: "^/interests$" in path "/interests"

2018/10/24 13:57:43 Anyone is allowed
2018/10/24 13:57:43 Render layout frontend
