2018/12/13 08:35:52 Config values are the following: {ViewDir:view ListenPort:9004 BrandUrl: ChiefAdmin:map[2:{Email:atom@agl.group Password:mos180628 SuperAdmin:false} 0:{Email:istvan.dombi@agl.group Password:mos180628 SuperAdmin:false} 1:{Email:lo@branditorial.hu Password:mos180628 SuperAdmin:false}] Og:{Url:http://mediaownershiptool.ceu.edu/ Type:website Title:Media Ownership Tool Description:Media Ownership Image:/assets/images/MOS_og.jpg} Environment:local Db:{Environment:map[local:{Host:localhost Username:mos Password:golangforever Name:mos}] MaxIdleCons:0 MaxOpenCons:0 MaxConnLifetimeMinutes:3} Server:{ReadTimeoutSeconds:20 WriteTimeoutSeconds:20 SessionKey:mediaownership MaxRPS:5 BanMinutes:10 BanActive:false} Mode:{Debug:true Rebuild_structure:false Rebuild_data:false} Cache:{Enabled:true Dir:view/cache} AdminRouter:admin ConfigValues:map[facebook: instagram: linkedin: youtube: spotify:] Language:{Allowed:[hu en]}}
2018/12/13 08:35:52 Initializing translator
2018/12/13 08:35:52 Translator initialization done
2018/12/13 08:35:52 Ininialize connection
2018/12/13 08:36:02 Setting default language to user
2018/12/13 08:36:02 Layout prepend running
2018/12/13 08:36:02 Adding css /assets/css/main.css
2018/12/13 08:36:02 SELECT * FROM media_type ORDER BY id
2018/12/13 08:36:02 REGEXP FOUND: "^/?" in path "/"

2018/12/13 08:36:02 Anyone is allowed
2018/12/13 08:36:02 Render layout frontend
2018/12/13 08:36:52 Setting default language to user
2018/12/13 08:36:52 Layout prepend running
2018/12/13 08:36:52 Adding css /assets/css/main.css
2018/12/13 08:36:52 SELECT * FROM media_type ORDER BY id
2018/12/13 08:36:52 REGEXP FOUND: "^/?" in path "/"

2018/12/13 08:36:52 Anyone is allowed
2018/12/13 08:36:52 Render layout frontend
2018/12/13 08:36:52 Layout prepend running
2018/12/13 08:36:52 REGEXP FOUND: "^/media$" in path "/media"

2018/12/13 08:36:52 Anyone is allowed
2018/12/13 08:36:52 Render layout frontend
2018/12/13 08:36:52 Layout prepend running
2018/12/13 08:36:52 REGEXP FOUND: "^/interests$" in path "/interests"

2018/12/13 08:36:52 Anyone is allowed
2018/12/13 08:36:52 Render layout frontend
2018/12/13 08:36:52 Layout prepend running
2018/12/13 08:36:52 REGEXP FOUND: "^/owners$" in path "/owners"

2018/12/13 08:36:52 Anyone is allowed
2018/12/13 08:36:52 Render layout frontend
2018/12/13 08:36:52 Layout prepend running
2018/12/13 08:36:52 REGEXP FOUND: "^/operators$" in path "/operators"

2018/12/13 08:36:52 Anyone is allowed
2018/12/13 08:36:52 Layout prepend running
2018/12/13 08:36:53 REGEXP FOUND: "^/connections$" in path "/connections"

2018/12/13 08:36:53 Anyone is allowed
2018/12/13 08:36:54 Render layout frontend
2018/12/13 08:41:02 Setting default language to user
2018/12/13 08:46:02 Setting default language to user
2018/12/13 08:51:02 Setting default language to user
