2018/12/04 13:02:53 Setting default language to user
2018/12/04 13:07:53 Setting default language to user
2018/12/04 13:12:53 Setting default language to user
2018/12/04 13:17:53 Setting default language to user
2018/12/04 13:22:53 Setting default language to user
2018/12/04 13:27:53 Setting default language to user
2018/12/04 13:32:52 Setting default language to user
2018/12/04 13:33:23 Setting default language to user
2018/12/04 13:33:23 Layout prepend running
2018/12/04 13:33:23 Adding css /assets/css/main.css
2018/12/04 13:33:23 SELECT * FROM media_type ORDER BY id
2018/12/04 13:33:23 REGEXP FOUND: "^/?" in path "/"

2018/12/04 13:33:23 Anyone is allowed
2018/12/04 13:33:23 Render layout frontend
2018/12/04 13:33:25 Layout prepend running
2018/12/04 13:33:25 REGEXP FOUND: "^/media$" in path "/media"

2018/12/04 13:33:25 Anyone is allowed
2018/12/04 13:33:25 Render layout frontend
2018/12/04 13:33:25 Layout prepend running
2018/12/04 13:33:25 REGEXP FOUND: "^/owners$" in path "/owners"

2018/12/04 13:33:25 Anyone is allowed
2018/12/04 13:33:25 Render layout frontend
2018/12/04 13:33:25 Layout prepend running
2018/12/04 13:33:25 REGEXP FOUND: "^/operators$" in path "/operators"

2018/12/04 13:33:25 Anyone is allowed
2018/12/04 13:33:25 Render layout frontend
2018/12/04 13:33:25 Layout prepend running
2018/12/04 13:33:25 REGEXP FOUND: "^/connections$" in path "/connections"

2018/12/04 13:33:25 Anyone is allowed
2018/12/04 13:33:25 Render layout frontend
2018/12/04 13:33:25 Layout prepend running
2018/12/04 13:33:25 REGEXP FOUND: "^/interests$" in path "/interests"

2018/12/04 13:33:25 Anyone is allowed
2018/12/04 13:33:25 Render layout frontend
2018/12/04 13:37:52 Setting default language to user
2018/12/04 13:49:12 Setting default language to user
2018/12/04 13:54:12 Setting default language to user
2018/12/04 13:59:12 Setting default language to user
