2018/11/14 21:03:24 Setting default language to user
2018/11/14 21:08:24 Setting default language to user
2018/11/14 21:13:24 Setting default language to user
2018/11/14 21:18:24 Setting default language to user
2018/11/14 21:23:24 Setting default language to user
2018/11/14 21:28:24 Setting default language to user
2018/11/14 21:33:24 Setting default language to user
2018/11/14 21:35:36 Setting default language to user
2018/11/14 21:35:36 Layout prepend running
2018/11/14 21:35:36 Adding css /assets/css/main.css
2018/11/14 21:35:36 SELECT * FROM media_type ORDER BY id
2018/11/14 21:35:36 REGEXP FOUND: "^/?" in path "/"

2018/11/14 21:35:36 Anyone is allowed
2018/11/14 21:35:36 Render layout frontend
2018/11/14 21:35:39 Layout prepend running
2018/11/14 21:35:39 REGEXP FOUND: "^/media$" in path "/media"

2018/11/14 21:35:39 Anyone is allowed
2018/11/14 21:35:39 Render layout frontend
2018/11/14 21:35:39 Layout prepend running
2018/11/14 21:35:39 REGEXP FOUND: "^/connections$" in path "/connections"

2018/11/14 21:35:39 Anyone is allowed
2018/11/14 21:35:39 Render layout frontend
2018/11/14 21:35:39 Layout prepend running
2018/11/14 21:35:39 REGEXP FOUND: "^/owners$" in path "/owners"

2018/11/14 21:35:39 Anyone is allowed
2018/11/14 21:35:39 Render layout frontend
2018/11/14 21:35:39 Layout prepend running
2018/11/14 21:35:39 REGEXP FOUND: "^/operators$" in path "/operators"

2018/11/14 21:35:39 Anyone is allowed
2018/11/14 21:35:39 Render layout frontend
2018/11/14 21:35:39 Layout prepend running
2018/11/14 21:35:39 REGEXP FOUND: "^/interests$" in path "/interests"

2018/11/14 21:35:39 Anyone is allowed
2018/11/14 21:35:39 Render layout frontend
2018/11/14 21:38:24 Setting default language to user
2018/11/14 21:43:24 Setting default language to user
2018/11/14 21:48:24 Setting default language to user
2018/11/14 21:53:24 Setting default language to user
2018/11/14 21:58:24 Setting default language to user
