2018/11/12 11:02:00 Setting default language to user
2018/11/12 11:07:00 Setting default language to user
2018/11/12 11:12:00 Setting default language to user
2018/11/12 11:17:00 Setting default language to user
2018/11/12 11:22:00 Setting default language to user
2018/11/12 11:27:00 Setting default language to user
2018/11/12 11:32:00 Setting default language to user
2018/11/12 11:33:18 Setting default language to user
2018/11/12 11:33:18 Layout prepend running
2018/11/12 11:33:18 Adding css /assets/css/main.css
2018/11/12 11:33:18 SELECT * FROM media_type ORDER BY id
2018/11/12 11:33:18 REGEXP FOUND: "^/?" in path "/"

2018/11/12 11:33:18 Anyone is allowed
2018/11/12 11:33:18 Render layout frontend
2018/11/12 11:33:19 Layout prepend running
2018/11/12 11:33:19 REGEXP FOUND: "^/media$" in path "/media"

2018/11/12 11:33:19 Anyone is allowed
2018/11/12 11:33:19 Render layout frontend
2018/11/12 11:33:19 Layout prepend running
2018/11/12 11:33:19 REGEXP FOUND: "^/operators$" in path "/operators"

2018/11/12 11:33:19 Anyone is allowed
2018/11/12 11:33:19 Render layout frontend
2018/11/12 11:33:19 Layout prepend running
2018/11/12 11:33:19 REGEXP FOUND: "^/connections$" in path "/connections"

2018/11/12 11:33:19 Anyone is allowed
2018/11/12 11:33:19 Render layout frontend
2018/11/12 11:33:19 Layout prepend running
2018/11/12 11:33:19 REGEXP FOUND: "^/owners$" in path "/owners"

2018/11/12 11:33:19 Anyone is allowed
2018/11/12 11:33:19 Render layout frontend
2018/11/12 11:33:19 Layout prepend running
2018/11/12 11:33:19 REGEXP FOUND: "^/interests$" in path "/interests"

2018/11/12 11:33:19 Anyone is allowed
2018/11/12 11:33:19 Render layout frontend
2018/11/12 11:37:00 Setting default language to user
2018/11/12 11:42:00 Setting default language to user
2018/11/12 11:47:00 Setting default language to user
2018/11/12 11:52:00 Setting default language to user
2018/11/12 11:57:00 Setting default language to user
