2018/12/05 12:04:48 Setting default language to user
2018/12/05 12:06:45 Setting default language to user
2018/12/05 12:06:45 Layout prepend running
2018/12/05 12:06:45 Adding css /assets/css/main.css
2018/12/05 12:06:45 SELECT * FROM media_type ORDER BY id
2018/12/05 12:06:45 REGEXP FOUND: "^/?" in path "/"

2018/12/05 12:06:45 Anyone is allowed
2018/12/05 12:06:45 Render layout frontend
2018/12/05 12:06:48 Setting default language to user
2018/12/05 12:06:48 Layout prepend running
2018/12/05 12:06:48 Adding css /assets/css/main.css
2018/12/05 12:06:48 SELECT * FROM media_type ORDER BY id
2018/12/05 12:06:48 REGEXP FOUND: "^/?" in path "/"

2018/12/05 12:06:48 Anyone is allowed
2018/12/05 12:06:48 Render layout frontend
2018/12/05 12:06:48 Setting default language to user
2018/12/05 12:06:48 Layout prepend running
2018/12/05 12:06:48 Adding css /assets/css/main.css
2018/12/05 12:06:48 SELECT * FROM media_type ORDER BY id
2018/12/05 12:06:48 REGEXP FOUND: "^/?" in path "/"

2018/12/05 12:06:48 Anyone is allowed
2018/12/05 12:06:48 Render layout frontend
2018/12/05 12:06:48 Setting default language to user
2018/12/05 12:09:48 Setting default language to user
2018/12/05 12:11:03 Setting default language to user
2018/12/05 12:14:48 Setting default language to user
2018/12/05 12:19:47 Setting default language to user
2018/12/05 12:24:46 Setting default language to user
2018/12/05 12:29:46 Setting default language to user
2018/12/05 12:34:46 Setting default language to user
2018/12/05 12:39:46 Setting default language to user
2018/12/05 12:44:46 Setting default language to user
2018/12/05 12:49:46 Setting default language to user
2018/12/05 12:54:46 Setting default language to user
2018/12/05 12:59:46 Setting default language to user
