2018/11/08 11:01:03 Setting default language to user
2018/11/08 11:01:03 Layout prepend running
2018/11/08 11:01:03 Adding css /assets/css/main.css
2018/11/08 11:01:03 SELECT * FROM media_type ORDER BY id
2018/11/08 11:01:03 REGEXP FOUND: "^/?" in path "/"

2018/11/08 11:01:03 Anyone is allowed
2018/11/08 11:01:03 Render layout frontend
2018/11/08 11:01:05 Layout prepend running
2018/11/08 11:01:05 REGEXP FOUND: "^/media$" in path "/media"

2018/11/08 11:01:05 Anyone is allowed
2018/11/08 11:01:05 Render layout frontend
2018/11/08 11:01:05 Layout prepend running
2018/11/08 11:01:05 REGEXP FOUND: "^/owners$" in path "/owners"

2018/11/08 11:01:05 Anyone is allowed
2018/11/08 11:01:05 Render layout frontend
2018/11/08 11:01:05 Layout prepend running
2018/11/08 11:01:05 REGEXP FOUND: "^/operators$" in path "/operators"

2018/11/08 11:01:05 Anyone is allowed
2018/11/08 11:01:05 Render layout frontend
2018/11/08 11:01:05 Layout prepend running
2018/11/08 11:01:05 REGEXP FOUND: "^/connections$" in path "/connections"

2018/11/08 11:01:05 Anyone is allowed
2018/11/08 11:01:05 Render layout frontend
2018/11/08 11:01:05 Layout prepend running
2018/11/08 11:01:05 REGEXP FOUND: "^/interests$" in path "/interests"

2018/11/08 11:01:05 Anyone is allowed
2018/11/08 11:01:05 Render layout frontend
2018/11/08 11:02:58 Setting default language to user
2018/11/08 11:07:58 Setting default language to user
2018/11/08 11:12:58 Setting default language to user
2018/11/08 11:17:58 Setting default language to user
2018/11/08 11:22:58 Setting default language to user
2018/11/08 11:27:58 Setting default language to user
2018/11/08 11:32:58 Setting default language to user
2018/11/08 11:37:58 Setting default language to user
2018/11/08 11:42:58 Setting default language to user
2018/11/08 11:47:58 Setting default language to user
2018/11/08 11:52:58 Setting default language to user
2018/11/08 11:57:58 Setting default language to user
