2018/12/03 20:01:14 Setting default language to user
2018/12/03 20:06:14 Setting default language to user
2018/12/03 20:11:14 Setting default language to user
2018/12/03 20:16:14 Setting default language to user
2018/12/03 20:21:14 Setting default language to user
2018/12/03 20:26:14 Setting default language to user
2018/12/03 20:31:14 Setting default language to user
2018/12/03 20:34:51 Setting default language to user
2018/12/03 20:34:51 Layout prepend running
2018/12/03 20:34:51 Adding css /assets/css/main.css
2018/12/03 20:34:51 SELECT * FROM media_type ORDER BY id
2018/12/03 20:34:51 REGEXP FOUND: "^/?" in path "/"

2018/12/03 20:34:51 Anyone is allowed
2018/12/03 20:34:51 Render layout frontend
2018/12/03 20:34:51 Setting default language to user
2018/12/03 20:34:51 Layout prepend running
2018/12/03 20:34:51 Adding css /assets/css/main.css
2018/12/03 20:34:51 SELECT * FROM media_type ORDER BY id
2018/12/03 20:34:51 REGEXP FOUND: "^/?" in path "/"

2018/12/03 20:34:51 Anyone is allowed
2018/12/03 20:34:51 Render layout frontend
2018/12/03 20:35:11 Setting default language to user
2018/12/03 20:35:11 Layout prepend running
2018/12/03 20:35:11 Adding css /assets/css/main.css
2018/12/03 20:35:11 SELECT * FROM media_type ORDER BY id
2018/12/03 20:35:11 REGEXP FOUND: "^/?" in path "/"

2018/12/03 20:35:11 Anyone is allowed
2018/12/03 20:35:11 Render layout frontend
2018/12/03 20:35:12 Setting default language to user
2018/12/03 20:35:12 Layout prepend running
2018/12/03 20:35:12 REGEXP FOUND: "^/owners$" in path "/owners"

2018/12/03 20:35:12 Anyone is allowed
2018/12/03 20:35:12 Render layout frontend
2018/12/03 20:35:12 Setting default language to user
2018/12/03 20:35:12 Layout prepend running
2018/12/03 20:35:12 REGEXP FOUND: "^/connections$" in path "/connections"

2018/12/03 20:35:12 Anyone is allowed
2018/12/03 20:35:12 Render layout frontend
2018/12/03 20:35:12 Setting default language to user
2018/12/03 20:35:12 Layout prepend running
2018/12/03 20:35:12 REGEXP FOUND: "^/operators$" in path "/operators"

2018/12/03 20:35:12 Anyone is allowed
2018/12/03 20:35:12 Render layout frontend
2018/12/03 20:35:12 Setting default language to user
2018/12/03 20:35:12 Layout prepend running
2018/12/03 20:35:12 REGEXP FOUND: "^/media$" in path "/media"

2018/12/03 20:35:12 Anyone is allowed
2018/12/03 20:35:12 Render layout frontend
2018/12/03 20:35:13 Setting default language to user
2018/12/03 20:35:13 Layout prepend running
2018/12/03 20:35:13 REGEXP FOUND: "^/interests$" in path "/interests"

2018/12/03 20:35:13 Anyone is allowed
2018/12/03 20:35:13 Render layout frontend
2018/12/03 20:35:30 Setting default language to user
2018/12/03 20:35:30 Layout prepend running
2018/12/03 20:35:30 REGEXP FOUND: "^/connections$" in path "/connections"

2018/12/03 20:35:30 Anyone is allowed
2018/12/03 20:35:30 Render layout frontend
2018/12/03 20:35:30 Setting default language to user
2018/12/03 20:35:30 Setting default language to user
2018/12/03 20:35:30 Layout prepend running
2018/12/03 20:35:30 REGEXP FOUND: "^/interests$" in path "/interests"

2018/12/03 20:35:30 Anyone is allowed
2018/12/03 20:35:30 Render layout frontend
2018/12/03 20:35:30 Setting default language to user
2018/12/03 20:35:30 Layout prepend running
2018/12/03 20:35:30 REGEXP FOUND: "^/owners$" in path "/owners"

2018/12/03 20:35:30 Anyone is allowed
2018/12/03 20:35:30 Render layout frontend
2018/12/03 20:35:30 Setting default language to user
2018/12/03 20:35:30 Layout prepend running
2018/12/03 20:35:30 REGEXP FOUND: "^/operators$" in path "/operators"

2018/12/03 20:35:30 Anyone is allowed
2018/12/03 20:35:30 Render layout frontend
2018/12/03 20:36:14 Setting default language to user
2018/12/03 20:41:14 Setting default language to user
2018/12/03 20:46:14 Setting default language to user
2018/12/03 20:51:14 Setting default language to user
2018/12/03 20:56:14 Setting default language to user
