2018/10/15 15:00:47 Changing language to en
2018/10/15 15:00:47 Layout prepend running
2018/10/15 15:00:47 Adding css /assets/css/main.css
2018/10/15 15:00:47 SELECT * FROM media_type ORDER BY id
2018/10/15 15:00:47 REGEXP FOUND: "^/?" in path "/"

2018/10/15 15:00:47 Anyone is allowed
2018/10/15 15:00:47 Render layout frontend
2018/10/15 15:00:47 Layout prepend running
2018/10/15 15:00:47 REGEXP FOUND: "^/connections$" in path "/connections"

2018/10/15 15:00:47 Anyone is allowed
2018/10/15 15:00:47 Layout prepend running
2018/10/15 15:00:47 Layout prepend running
2018/10/15 15:00:47 Layout prepend running
2018/10/15 15:00:47 Layout prepend running
2018/10/15 15:00:47 REGEXP FOUND: "^/owners$" in path "/owners"

2018/10/15 15:00:47 Anyone is allowed
2018/10/15 15:00:47 Render layout frontend
2018/10/15 15:00:47 REGEXP FOUND: "^/operators$" in path "/operators"

2018/10/15 15:00:47 Anyone is allowed
2018/10/15 15:00:47 REGEXP FOUND: "^/media$" in path "/media"

2018/10/15 15:00:47 Anyone is allowed
2018/10/15 15:00:47 Render layout frontend
2018/10/15 15:00:47 REGEXP FOUND: "^/interests$" in path "/interests"

2018/10/15 15:00:47 Anyone is allowed
2018/10/15 15:00:47 Render layout frontend
2018/10/15 15:21:33 Layout prepend running
2018/10/15 15:21:33 Adding css /assets/css/main.css
2018/10/15 15:21:33 SELECT * FROM media_type ORDER BY id
2018/10/15 15:21:33 REGEXP FOUND: "^/?" in path "/"

2018/10/15 15:21:33 Anyone is allowed
2018/10/15 15:21:33 Render layout frontend
2018/10/15 15:21:34 Layout prepend running
2018/10/15 15:21:34 REGEXP FOUND: "^/connections$" in path "/connections"

2018/10/15 15:21:34 Anyone is allowed
2018/10/15 15:21:34 Layout prepend running
2018/10/15 15:21:34 Layout prepend running
2018/10/15 15:21:34 Layout prepend running
2018/10/15 15:21:34 Layout prepend running
2018/10/15 15:21:34 REGEXP FOUND: "^/media$" in path "/media"

2018/10/15 15:21:34 Anyone is allowed
2018/10/15 15:21:34 Render layout frontend
2018/10/15 15:21:34 REGEXP FOUND: "^/owners$" in path "/owners"

2018/10/15 15:21:34 Anyone is allowed
2018/10/15 15:21:34 REGEXP FOUND: "^/operators$" in path "/operators"

2018/10/15 15:21:34 Anyone is allowed
2018/10/15 15:21:34 REGEXP FOUND: "^/interests$" in path "/interests"

2018/10/15 15:21:34 Anyone is allowed
2018/10/15 15:21:34 Render layout frontend
2018/10/15 15:21:41 Changing language to en
2018/10/15 15:21:41 Layout prepend running
2018/10/15 15:21:41 Adding css /assets/css/main.css
2018/10/15 15:21:41 SELECT * FROM media_type ORDER BY id
2018/10/15 15:21:41 REGEXP FOUND: "^/?" in path "/"

2018/10/15 15:21:41 Anyone is allowed
2018/10/15 15:21:41 Render layout frontend
2018/10/15 15:21:42 Layout prepend running
2018/10/15 15:21:42 REGEXP FOUND: "^/media$" in path "/media"

2018/10/15 15:21:42 Anyone is allowed
2018/10/15 15:21:42 Render layout frontend
2018/10/15 15:21:42 Layout prepend running
2018/10/15 15:21:42 REGEXP FOUND: "^/interests$" in path "/interests"

2018/10/15 15:21:42 Anyone is allowed
2018/10/15 15:21:42 Render layout frontend
2018/10/15 15:21:42 Layout prepend running
2018/10/15 15:21:42 REGEXP FOUND: "^/owners$" in path "/owners"

2018/10/15 15:21:42 Anyone is allowed
2018/10/15 15:21:42 Render layout frontend
2018/10/15 15:21:42 Layout prepend running
2018/10/15 15:21:42 REGEXP FOUND: "^/operators$" in path "/operators"

2018/10/15 15:21:42 Anyone is allowed
2018/10/15 15:21:42 Layout prepend running
2018/10/15 15:21:42 REGEXP FOUND: "^/connections$" in path "/connections"

2018/10/15 15:21:42 Anyone is allowed
2018/10/15 15:21:43 Changing language to hu
2018/10/15 15:21:43 Layout prepend running
2018/10/15 15:21:43 Adding css /assets/css/main.css
2018/10/15 15:21:43 SELECT * FROM media_type ORDER BY id
2018/10/15 15:21:43 REGEXP FOUND: "^/?" in path "/"

2018/10/15 15:21:43 Anyone is allowed
2018/10/15 15:21:43 Render layout frontend
2018/10/15 15:21:43 Layout prepend running
2018/10/15 15:21:43 Layout prepend running
2018/10/15 15:21:43 Layout prepend running
2018/10/15 15:21:43 REGEXP FOUND: "^/media$" in path "/media"

2018/10/15 15:21:43 Anyone is allowed
2018/10/15 15:21:43 Render layout frontend
2018/10/15 15:21:43 Layout prepend running
2018/10/15 15:21:43 Layout prepend running
2018/10/15 15:21:43 REGEXP FOUND: "^/connections$" in path "/connections"

2018/10/15 15:21:43 Anyone is allowed
2018/10/15 15:21:43 REGEXP FOUND: "^/operators$" in path "/operators"

2018/10/15 15:21:43 Anyone is allowed
2018/10/15 15:21:43 REGEXP FOUND: "^/owners$" in path "/owners"

2018/10/15 15:21:43 Anyone is allowed
2018/10/15 15:21:43 Render layout frontend
2018/10/15 15:21:43 REGEXP FOUND: "^/interests$" in path "/interests"

2018/10/15 15:21:43 Anyone is allowed
2018/10/15 15:21:43 Render layout frontend
2018/10/15 15:22:18 Setting default language to user
2018/10/15 15:22:18 Layout prepend running
2018/10/15 15:22:18 Adding css /assets/css/main.css
2018/10/15 15:22:18 SELECT * FROM media_type ORDER BY id
2018/10/15 15:22:18 REGEXP FOUND: "^/?" in path "/"

2018/10/15 15:22:18 Anyone is allowed
2018/10/15 15:22:18 Render layout frontend
2018/10/15 15:22:19 Layout prepend running
2018/10/15 15:22:19 REGEXP FOUND: "^/media$" in path "/media"

2018/10/15 15:22:19 Anyone is allowed
2018/10/15 15:22:19 Render layout frontend
2018/10/15 15:22:19 Layout prepend running
2018/10/15 15:22:19 REGEXP FOUND: "^/connections$" in path "/connections"

2018/10/15 15:22:19 Anyone is allowed
2018/10/15 15:22:19 Layout prepend running
2018/10/15 15:22:19 REGEXP FOUND: "^/operators$" in path "/operators"

2018/10/15 15:22:19 Anyone is allowed
2018/10/15 15:22:19 Layout prepend running
2018/10/15 15:22:19 REGEXP FOUND: "^/owners$" in path "/owners"

2018/10/15 15:22:19 Anyone is allowed
2018/10/15 15:22:19 Render layout frontend
2018/10/15 15:22:19 Layout prepend running
2018/10/15 15:22:19 REGEXP FOUND: "^/interests$" in path "/interests"

2018/10/15 15:22:19 Anyone is allowed
2018/10/15 15:22:19 Render layout frontend
2018/10/15 15:22:41 Layout prepend running
2018/10/15 15:22:41 Adding css /assets/css/main.css
2018/10/15 15:22:41 SELECT * FROM media_type ORDER BY id
2018/10/15 15:22:41 REGEXP FOUND: "^/?" in path "/"

2018/10/15 15:22:41 Anyone is allowed
2018/10/15 15:22:41 Render layout frontend
2018/10/15 15:22:42 Layout prepend running
2018/10/15 15:22:42 REGEXP FOUND: "^/media$" in path "/media"

2018/10/15 15:22:42 Anyone is allowed
2018/10/15 15:22:42 Render layout frontend
2018/10/15 15:22:42 Layout prepend running
2018/10/15 15:22:42 REGEXP FOUND: "^/connections$" in path "/connections"

2018/10/15 15:22:42 Anyone is allowed
2018/10/15 15:22:42 Layout prepend running
2018/10/15 15:22:42 Layout prepend running
2018/10/15 15:22:42 Layout prepend running
2018/10/15 15:22:42 REGEXP FOUND: "^/operators$" in path "/operators"

2018/10/15 15:22:42 Anyone is allowed
2018/10/15 15:22:42 REGEXP FOUND: "^/interests$" in path "/interests"

2018/10/15 15:22:42 Anyone is allowed
2018/10/15 15:22:42 Render layout frontend
2018/10/15 15:22:42 REGEXP FOUND: "^/owners$" in path "/owners"

2018/10/15 15:22:42 Anyone is allowed
2018/10/15 15:22:42 Render layout frontend
2018/10/15 15:23:05 Layout prepend running
2018/10/15 15:23:05 Adding css /assets/css/main.css
2018/10/15 15:23:05 SELECT * FROM media_type ORDER BY id
2018/10/15 15:23:05 REGEXP FOUND: "^/?" in path "/"

2018/10/15 15:23:05 Anyone is allowed
2018/10/15 15:23:05 Render layout frontend
2018/10/15 15:23:06 Layout prepend running
2018/10/15 15:23:06 REGEXP FOUND: "^/connections$" in path "/connections"

2018/10/15 15:23:06 Anyone is allowed
2018/10/15 15:23:06 Layout prepend running
2018/10/15 15:23:06 Layout prepend running
2018/10/15 15:23:06 Layout prepend running
2018/10/15 15:23:06 Layout prepend running
2018/10/15 15:23:06 REGEXP FOUND: "^/media$" in path "/media"

2018/10/15 15:23:06 Anyone is allowed
2018/10/15 15:23:06 Render layout frontend
2018/10/15 15:23:06 REGEXP FOUND: "^/operators$" in path "/operators"

2018/10/15 15:23:06 Anyone is allowed
2018/10/15 15:23:06 REGEXP FOUND: "^/interests$" in path "/interests"

2018/10/15 15:23:06 Anyone is allowed
2018/10/15 15:23:06 Render layout frontend
2018/10/15 15:23:06 REGEXP FOUND: "^/owners$" in path "/owners"

2018/10/15 15:23:06 Anyone is allowed
2018/10/15 15:23:06 Render layout frontend
2018/10/15 15:23:43 Changing language to hu
2018/10/15 15:23:43 Layout prepend running
2018/10/15 15:23:43 Adding css /assets/css/main.css
2018/10/15 15:23:43 SELECT * FROM media_type ORDER BY id
2018/10/15 15:23:43 REGEXP FOUND: "^/?" in path "/"

2018/10/15 15:23:43 Anyone is allowed
2018/10/15 15:23:43 Render layout frontend
2018/10/15 15:23:44 Layout prepend running
2018/10/15 15:23:44 REGEXP FOUND: "^/media$" in path "/media"

2018/10/15 15:23:44 Anyone is allowed
2018/10/15 15:23:44 Render layout frontend
2018/10/15 15:23:44 Layout prepend running
2018/10/15 15:23:44 REGEXP FOUND: "^/operators$" in path "/operators"

2018/10/15 15:23:44 Anyone is allowed
2018/10/15 15:23:44 Layout prepend running
2018/10/15 15:23:44 Layout prepend running
2018/10/15 15:23:44 Layout prepend running
2018/10/15 15:23:44 REGEXP FOUND: "^/owners$" in path "/owners"

2018/10/15 15:23:44 Anyone is allowed
2018/10/15 15:23:44 Render layout frontend
2018/10/15 15:23:44 REGEXP FOUND: "^/connections$" in path "/connections"

2018/10/15 15:23:44 Anyone is allowed
2018/10/15 15:23:44 REGEXP FOUND: "^/interests$" in path "/interests"

2018/10/15 15:23:44 Anyone is allowed
2018/10/15 15:23:44 Render layout frontend
2018/10/15 15:27:18 Layout prepend running
2018/10/15 15:27:18 Adding css /assets/css/main.css
2018/10/15 15:27:18 SELECT * FROM media_type ORDER BY id
2018/10/15 15:27:18 REGEXP FOUND: "^/?" in path "/"

2018/10/15 15:27:18 Anyone is allowed
2018/10/15 15:27:18 Render layout frontend
2018/10/15 15:27:20 Layout prepend running
2018/10/15 15:27:20 REGEXP FOUND: "^/connections$" in path "/connections"

2018/10/15 15:27:20 Anyone is allowed
2018/10/15 15:27:20 Layout prepend running
2018/10/15 15:27:20 REGEXP FOUND: "^/media$" in path "/media"

2018/10/15 15:27:20 Anyone is allowed
2018/10/15 15:27:20 Render layout frontend
2018/10/15 15:27:20 Layout prepend running
2018/10/15 15:27:20 REGEXP FOUND: "^/interests$" in path "/interests"

2018/10/15 15:27:20 Anyone is allowed
2018/10/15 15:27:20 Render layout frontend
2018/10/15 15:27:20 Layout prepend running
2018/10/15 15:27:20 Layout prepend running
2018/10/15 15:27:20 REGEXP FOUND: "^/operators$" in path "/operators"

2018/10/15 15:27:20 Anyone is allowed
2018/10/15 15:27:20 REGEXP FOUND: "^/owners$" in path "/owners"

2018/10/15 15:27:20 Anyone is allowed
2018/10/15 15:27:20 Render layout frontend
2018/10/15 15:27:21 Render layout frontend
2018/10/15 15:27:22 Render layout frontend
2018/10/15 15:27:30 Changing language to hu
2018/10/15 15:27:30 Layout prepend running
2018/10/15 15:27:30 Adding css /assets/css/main.css
2018/10/15 15:27:30 SELECT * FROM media_type ORDER BY id
2018/10/15 15:27:30 REGEXP FOUND: "^/?" in path "/"

2018/10/15 15:27:30 Anyone is allowed
2018/10/15 15:27:30 Render layout frontend
2018/10/15 15:27:31 Layout prepend running
2018/10/15 15:27:31 REGEXP FOUND: "^/connections$" in path "/connections"

2018/10/15 15:27:31 Anyone is allowed
2018/10/15 15:27:31 Layout prepend running
2018/10/15 15:27:31 REGEXP FOUND: "^/media$" in path "/media"

2018/10/15 15:27:31 Anyone is allowed
2018/10/15 15:27:31 Render layout frontend
2018/10/15 15:27:31 Layout prepend running
2018/10/15 15:27:31 REGEXP FOUND: "^/operators$" in path "/operators"

2018/10/15 15:27:31 Anyone is allowed
2018/10/15 15:27:31 Layout prepend running
2018/10/15 15:27:31 Layout prepend running
2018/10/15 15:27:31 REGEXP FOUND: "^/interests$" in path "/interests"

2018/10/15 15:27:31 Anyone is allowed
2018/10/15 15:27:31 REGEXP FOUND: "^/owners$" in path "/owners"

2018/10/15 15:27:31 Anyone is allowed
2018/10/15 15:27:31 Render layout frontend
2018/10/15 15:27:31 Render layout frontend
2018/10/15 15:27:32 Changing language to en
2018/10/15 15:27:32 Layout prepend running
2018/10/15 15:27:32 Adding css /assets/css/main.css
2018/10/15 15:27:32 SELECT * FROM media_type ORDER BY id
2018/10/15 15:27:32 REGEXP FOUND: "^/?" in path "/"

2018/10/15 15:27:32 Anyone is allowed
2018/10/15 15:27:32 Render layout frontend
2018/10/15 15:27:32 Layout prepend running
2018/10/15 15:27:32 Layout prepend running
2018/10/15 15:27:32 REGEXP FOUND: "^/connections$" in path "/connections"

2018/10/15 15:27:32 Anyone is allowed
2018/10/15 15:27:32 REGEXP FOUND: "^/media$" in path "/media"

2018/10/15 15:27:32 Anyone is allowed
2018/10/15 15:27:32 Render layout frontend
2018/10/15 15:27:32 Layout prepend running
2018/10/15 15:27:32 Layout prepend running
2018/10/15 15:27:32 REGEXP FOUND: "^/owners$" in path "/owners"

2018/10/15 15:27:32 Anyone is allowed
2018/10/15 15:27:32 Render layout frontend
2018/10/15 15:27:32 Layout prepend running
2018/10/15 15:27:32 REGEXP FOUND: "^/interests$" in path "/interests"

2018/10/15 15:27:32 Anyone is allowed
2018/10/15 15:27:32 Render layout frontend
2018/10/15 15:27:36 Changing language to hu
2018/10/15 15:27:36 Layout prepend running
2018/10/15 15:27:36 Adding css /assets/css/main.css
2018/10/15 15:27:36 SELECT * FROM media_type ORDER BY id
2018/10/15 15:27:36 REGEXP FOUND: "^/?" in path "/"

2018/10/15 15:27:36 Anyone is allowed
2018/10/15 15:27:36 Render layout frontend
2018/10/15 15:27:36 Layout prepend running
2018/10/15 15:27:36 REGEXP FOUND: "^/operators$" in path "/operators"

2018/10/15 15:27:36 Anyone is allowed
2018/10/15 15:27:36 Layout prepend running
2018/10/15 15:27:36 REGEXP FOUND: "^/media$" in path "/media"

2018/10/15 15:27:36 Anyone is allowed
2018/10/15 15:27:36 Render layout frontend
2018/10/15 15:27:37 Layout prepend running
2018/10/15 15:27:37 Layout prepend running
2018/10/15 15:27:37 REGEXP FOUND: "^/owners$" in path "/owners"

2018/10/15 15:27:37 Anyone is allowed
2018/10/15 15:27:37 Render layout frontend
2018/10/15 15:27:37 Layout prepend running
2018/10/15 15:27:37 REGEXP FOUND: "^/interests$" in path "/interests"

2018/10/15 15:27:37 Anyone is allowed
2018/10/15 15:27:37 Render layout frontend
