2018/12/05 11:00:04 Setting default language to user
2018/12/05 11:05:04 Setting default language to user
2018/12/05 11:10:04 Setting default language to user
2018/12/05 11:14:48 Setting default language to user
2018/12/05 11:19:48 Setting default language to user
2018/12/05 11:24:48 Setting default language to user
2018/12/05 11:29:48 Setting default language to user
2018/12/05 11:34:48 Setting default language to user
2018/12/05 11:36:47 Setting default language to user
2018/12/05 11:36:47 Layout prepend running
2018/12/05 11:36:47 Adding css /assets/css/main.css
2018/12/05 11:36:47 SELECT * FROM media_type ORDER BY id
2018/12/05 11:36:47 REGEXP FOUND: "^/?" in path "/"

2018/12/05 11:36:47 Anyone is allowed
2018/12/05 11:36:47 Render layout frontend
2018/12/05 11:36:48 Layout prepend running
2018/12/05 11:36:48 REGEXP FOUND: "^/media$" in path "/media"

2018/12/05 11:36:48 Anyone is allowed
2018/12/05 11:36:48 Render layout frontend
2018/12/05 11:36:48 Layout prepend running
2018/12/05 11:36:48 REGEXP FOUND: "^/connections$" in path "/connections"

2018/12/05 11:36:48 Anyone is allowed
2018/12/05 11:36:48 Render layout frontend
2018/12/05 11:36:48 Layout prepend running
2018/12/05 11:36:48 REGEXP FOUND: "^/operators$" in path "/operators"

2018/12/05 11:36:48 Anyone is allowed
2018/12/05 11:36:48 Render layout frontend
2018/12/05 11:36:48 Layout prepend running
2018/12/05 11:36:48 REGEXP FOUND: "^/owners$" in path "/owners"

2018/12/05 11:36:48 Anyone is allowed
2018/12/05 11:36:48 Render layout frontend
2018/12/05 11:36:48 Layout prepend running
2018/12/05 11:36:48 REGEXP FOUND: "^/interests$" in path "/interests"

2018/12/05 11:36:48 Anyone is allowed
2018/12/05 11:36:48 Render layout frontend
2018/12/05 11:37:40 Setting default language to user
2018/12/05 11:37:40 Layout prepend running
2018/12/05 11:37:40 Adding css /assets/css/main.css
2018/12/05 11:37:40 SELECT * FROM media_type ORDER BY id
2018/12/05 11:37:40 REGEXP FOUND: "^/?" in path "/"

2018/12/05 11:37:40 Anyone is allowed
2018/12/05 11:37:40 Render layout frontend
2018/12/05 11:37:41 Layout prepend running
2018/12/05 11:37:41 REGEXP FOUND: "^/media$" in path "/media"

2018/12/05 11:37:41 Anyone is allowed
2018/12/05 11:37:41 Render layout frontend
2018/12/05 11:37:41 Layout prepend running
2018/12/05 11:37:41 REGEXP FOUND: "^/connections$" in path "/connections"

2018/12/05 11:37:41 Anyone is allowed
2018/12/05 11:37:41 Render layout frontend
2018/12/05 11:37:41 Layout prepend running
2018/12/05 11:37:41 REGEXP FOUND: "^/owners$" in path "/owners"

2018/12/05 11:37:41 Anyone is allowed
2018/12/05 11:37:41 Render layout frontend
2018/12/05 11:37:41 Layout prepend running
2018/12/05 11:37:41 REGEXP FOUND: "^/operators$" in path "/operators"

2018/12/05 11:37:41 Anyone is allowed
2018/12/05 11:37:41 Render layout frontend
2018/12/05 11:37:41 Layout prepend running
2018/12/05 11:37:41 REGEXP FOUND: "^/interests$" in path "/interests"

2018/12/05 11:37:41 Anyone is allowed
2018/12/05 11:37:41 Render layout frontend
2018/12/05 11:37:41 Layout prepend running
2018/12/05 11:37:41 Adding css /assets/css/main.css
2018/12/05 11:37:41 SELECT * FROM media_type ORDER BY id
2018/12/05 11:37:41 REGEXP FOUND: "^/?" in path "/favicon.ico"

2018/12/05 11:37:41 Anyone is allowed
2018/12/05 11:37:41 Render layout frontend
2018/12/05 11:39:48 Setting default language to user
2018/12/05 11:44:48 Setting default language to user
2018/12/05 11:49:48 Setting default language to user
2018/12/05 11:54:48 Setting default language to user
2018/12/05 11:59:48 Setting default language to user
