2018/11/19 11:01:21 Setting default language to user
2018/11/19 11:01:30 Setting default language to user
2018/11/19 11:01:46 Setting default language to user
2018/11/19 11:01:46 Layout prepend running
2018/11/19 11:01:46 REGEXP FOUND: "^/media$" in path "/media"

2018/11/19 11:01:46 Anyone is allowed
2018/11/19 11:01:46 Render layout frontend
2018/11/19 11:01:46 Setting default language to user
2018/11/19 11:01:46 Layout prepend running
2018/11/19 11:01:46 REGEXP FOUND: "^/connections$" in path "/connections"

2018/11/19 11:01:46 Anyone is allowed
2018/11/19 11:01:46 Render layout frontend
2018/11/19 11:01:46 Setting default language to user
2018/11/19 11:01:46 Layout prepend running
2018/11/19 11:01:46 REGEXP FOUND: "^/operators$" in path "/operators"

2018/11/19 11:01:46 Anyone is allowed
2018/11/19 11:01:46 Render layout frontend
2018/11/19 11:01:46 Setting default language to user
2018/11/19 11:01:46 Layout prepend running
2018/11/19 11:01:46 REGEXP FOUND: "^/owners$" in path "/owners"

2018/11/19 11:01:46 Anyone is allowed
2018/11/19 11:01:46 Render layout frontend
2018/11/19 11:01:46 Setting default language to user
2018/11/19 11:01:46 Layout prepend running
2018/11/19 11:01:46 REGEXP FOUND: "^/interests$" in path "/interests"

2018/11/19 11:01:46 Anyone is allowed
2018/11/19 11:01:46 Render layout frontend
2018/11/19 11:02:47 Setting default language to user
2018/11/19 11:07:47 Setting default language to user
2018/11/19 11:12:47 Setting default language to user
2018/11/19 11:17:47 Setting default language to user
2018/11/19 11:22:47 Setting default language to user
2018/11/19 11:27:47 Setting default language to user
2018/11/19 11:31:19 Setting default language to user
2018/11/19 11:31:19 Layout prepend running
2018/11/19 11:31:19 Adding css /assets/css/main.css
2018/11/19 11:31:19 SELECT * FROM media_type ORDER BY id
2018/11/19 11:31:19 REGEXP FOUND: "^/?" in path "/"

2018/11/19 11:31:19 Anyone is allowed
2018/11/19 11:31:19 Render layout frontend
2018/11/19 11:32:47 Setting default language to user
2018/11/19 11:37:46 Setting default language to user
2018/11/19 11:42:46 Setting default language to user
2018/11/19 11:47:46 Setting default language to user
2018/11/19 11:52:46 Setting default language to user
2018/11/19 11:57:47 Setting default language to user
