2018/11/05 23:00:57 Setting default language to user
2018/11/05 23:05:57 Setting default language to user
2018/11/05 23:10:57 Setting default language to user
2018/11/05 23:16:27 Setting default language to user
2018/11/05 23:16:27 Layout prepend running
2018/11/05 23:16:27 Adding css /assets/css/main.css
2018/11/05 23:16:27 SELECT * FROM media_type ORDER BY id
2018/11/05 23:16:27 REGEXP FOUND: "^/?" in path "/"

2018/11/05 23:16:27 Anyone is allowed
2018/11/05 23:16:27 Render layout frontend
2018/11/05 23:16:30 Setting default language to user
2018/11/05 23:16:30 Layout prepend running
2018/11/05 23:16:30 Adding css /assets/css/main.css
2018/11/05 23:16:30 SELECT * FROM media_type ORDER BY id
2018/11/05 23:16:30 REGEXP FOUND: "^/?" in path "/"

2018/11/05 23:16:30 Anyone is allowed
2018/11/05 23:16:30 Render layout frontend
2018/11/05 23:21:22 Setting default language to user
2018/11/05 23:26:22 Setting default language to user
2018/11/05 23:31:22 Setting default language to user
2018/11/05 23:35:57 Setting default language to user
2018/11/05 23:40:57 Setting default language to user
2018/11/05 23:45:57 Setting default language to user
2018/11/05 23:50:57 Setting default language to user
2018/11/05 23:53:11 Setting default language to user
2018/11/05 23:58:11 Setting default language to user
