2018/10/23 15:21:12 Setting default language to user
2018/10/23 15:21:12 Layout prepend running
2018/10/23 15:21:12 Adding css /assets/css/main.css
2018/10/23 15:21:12 SELECT * FROM media_type ORDER BY id
2018/10/23 15:21:12 REGEXP FOUND: "^/?" in path "/"

2018/10/23 15:21:12 Anyone is allowed
2018/10/23 15:21:12 Render layout frontend
2018/10/23 15:21:15 Layout prepend running
2018/10/23 15:21:15 REGEXP FOUND: "^/connections$" in path "/connections"

2018/10/23 15:21:15 Anyone is allowed
2018/10/23 15:21:15 Render layout frontend
2018/10/23 15:21:16 Layout prepend running
2018/10/23 15:21:16 REGEXP FOUND: "^/media$" in path "/media"

2018/10/23 15:21:16 Anyone is allowed
2018/10/23 15:21:16 Render layout frontend
2018/10/23 15:21:17 Layout prepend running
2018/10/23 15:21:17 REGEXP FOUND: "^/operators$" in path "/operators"

2018/10/23 15:21:17 Anyone is allowed
2018/10/23 15:21:17 Render layout frontend
2018/10/23 15:21:17 Layout prepend running
2018/10/23 15:21:17 REGEXP FOUND: "^/owners$" in path "/owners"

2018/10/23 15:21:17 Anyone is allowed
2018/10/23 15:21:17 Render layout frontend
2018/10/23 15:21:17 Layout prepend running
2018/10/23 15:21:17 REGEXP FOUND: "^/interests$" in path "/interests"

2018/10/23 15:21:17 Anyone is allowed
2018/10/23 15:21:17 Render layout frontend
2018/10/23 15:21:18 Setting default language to user
2018/10/23 15:21:18 Layout prepend running
2018/10/23 15:21:18 Adding css /assets/css/main.css
2018/10/23 15:21:18 SELECT * FROM media_type ORDER BY id
2018/10/23 15:21:18 REGEXP FOUND: "^/?" in path "/"

2018/10/23 15:21:18 Anyone is allowed
2018/10/23 15:21:18 Render layout frontend
2018/10/23 15:31:58 Setting default language to user
2018/10/23 15:36:58 Setting default language to user
2018/10/23 15:41:58 Setting default language to user
2018/10/23 15:53:28 Setting default language to user
2018/10/23 15:58:28 Setting default language to user
