2018/10/17 11:31:52 Changing language to en
2018/10/17 11:31:52 Layout prepend running
2018/10/17 11:31:52 Adding css /assets/css/main.css
2018/10/17 11:31:52 SELECT * FROM media_type ORDER BY id
2018/10/17 11:31:52 REGEXP FOUND: "^/?" in path "/"

2018/10/17 11:31:52 Anyone is allowed
2018/10/17 11:31:52 Render layout frontend
2018/10/17 11:31:54 Layout prepend running
2018/10/17 11:31:54 REGEXP FOUND: "^/media$" in path "/media"

2018/10/17 11:31:54 Anyone is allowed
2018/10/17 11:31:54 Render layout frontend
2018/10/17 11:31:54 Layout prepend running
2018/10/17 11:31:54 REGEXP FOUND: "^/connections$" in path "/connections"

2018/10/17 11:31:54 Anyone is allowed
2018/10/17 11:31:54 Layout prepend running
2018/10/17 11:31:54 REGEXP FOUND: "^/operators$" in path "/operators"

2018/10/17 11:31:54 Anyone is allowed
2018/10/17 11:31:54 Layout prepend running
2018/10/17 11:31:54 Layout prepend running
2018/10/17 11:31:54 REGEXP FOUND: "^/owners$" in path "/owners"

2018/10/17 11:31:54 Anyone is allowed
2018/10/17 11:31:54 Render layout frontend
2018/10/17 11:31:54 REGEXP FOUND: "^/interests$" in path "/interests"

2018/10/17 11:31:54 Anyone is allowed
2018/10/17 11:31:54 Render layout frontend
2018/10/17 11:43:45 Setting default language to user
2018/10/17 11:43:45 Layout prepend running
2018/10/17 11:43:45 Adding css /assets/css/main.css
2018/10/17 11:43:45 SELECT * FROM media_type ORDER BY id
2018/10/17 11:43:45 REGEXP FOUND: "^/?" in path "/"

2018/10/17 11:43:45 Anyone is allowed
2018/10/17 11:43:45 Render layout frontend
2018/10/17 11:43:47 Layout prepend running
2018/10/17 11:43:47 REGEXP FOUND: "^/operators$" in path "/operators"

2018/10/17 11:43:47 Anyone is allowed
2018/10/17 11:43:47 Layout prepend running
2018/10/17 11:43:47 Layout prepend running
2018/10/17 11:43:47 REGEXP FOUND: "^/connections$" in path "/connections"

2018/10/17 11:43:47 Anyone is allowed
2018/10/17 11:43:47 Layout prepend running
2018/10/17 11:43:47 Layout prepend running
2018/10/17 11:43:47 REGEXP FOUND: "^/media$" in path "/media"

2018/10/17 11:43:47 Anyone is allowed
2018/10/17 11:43:47 REGEXP FOUND: "^/owners$" in path "/owners"

2018/10/17 11:43:47 Anyone is allowed
2018/10/17 11:43:47 Render layout frontend
2018/10/17 11:43:47 REGEXP FOUND: "^/interests$" in path "/interests"

2018/10/17 11:43:47 Anyone is allowed
2018/10/17 11:43:47 Render layout frontend
2018/10/17 11:53:53 Setting default language to user
2018/10/17 11:53:53 Layout prepend running
2018/10/17 11:53:53 Adding css /assets/css/main.css
2018/10/17 11:53:53 SELECT * FROM media_type ORDER BY id
2018/10/17 11:53:53 REGEXP FOUND: "^/?" in path "/"

2018/10/17 11:53:53 Anyone is allowed
2018/10/17 11:53:53 Render layout frontend
2018/10/17 11:53:54 Layout prepend running
2018/10/17 11:53:54 REGEXP FOUND: "^/connections$" in path "/connections"

2018/10/17 11:53:54 Anyone is allowed
2018/10/17 11:53:54 Layout prepend running
2018/10/17 11:53:54 Layout prepend running
2018/10/17 11:53:54 Layout prepend running
2018/10/17 11:53:54 REGEXP FOUND: "^/owners$" in path "/owners"

2018/10/17 11:53:54 Anyone is allowed
2018/10/17 11:53:54 Render layout frontend
2018/10/17 11:53:54 REGEXP FOUND: "^/media$" in path "/media"

2018/10/17 11:53:54 Anyone is allowed
2018/10/17 11:53:54 Render layout frontend
2018/10/17 11:53:54 REGEXP FOUND: "^/operators$" in path "/operators"

2018/10/17 11:53:54 Anyone is allowed
2018/10/17 11:53:54 Layout prepend running
2018/10/17 11:53:54 REGEXP FOUND: "^/interests$" in path "/interests"

2018/10/17 11:53:54 Anyone is allowed
2018/10/17 11:53:54 Render layout frontend
