2018/11/16 11:03:50 Setting default language to user
2018/11/16 11:08:51 Setting default language to user
2018/11/16 11:13:51 Setting default language to user
2018/11/16 11:18:50 Setting default language to user
2018/11/16 11:23:50 Setting default language to user
2018/11/16 11:28:50 Setting default language to user
2018/11/16 11:33:50 Setting default language to user
2018/11/16 11:38:51 Setting default language to user
2018/11/16 11:43:50 Setting default language to user
2018/11/16 11:48:50 Setting default language to user
2018/11/16 11:49:14 Setting default language to user
2018/11/16 11:49:14 Layout prepend running
2018/11/16 11:49:14 Adding css /assets/css/main.css
2018/11/16 11:49:14 SELECT * FROM media_type ORDER BY id
2018/11/16 11:49:14 REGEXP FOUND: "^/?" in path "/"

2018/11/16 11:49:14 Anyone is allowed
2018/11/16 11:49:14 Render layout frontend
2018/11/16 11:49:17 Layout prepend running
2018/11/16 11:49:17 REGEXP FOUND: "^/media$" in path "/media"

2018/11/16 11:49:17 Anyone is allowed
2018/11/16 11:49:17 Render layout frontend
2018/11/16 11:49:17 Layout prepend running
2018/11/16 11:49:17 REGEXP FOUND: "^/owners$" in path "/owners"

2018/11/16 11:49:17 Anyone is allowed
2018/11/16 11:49:17 Render layout frontend
2018/11/16 11:49:17 Layout prepend running
2018/11/16 11:49:17 REGEXP FOUND: "^/connections$" in path "/connections"

2018/11/16 11:49:17 Anyone is allowed
2018/11/16 11:49:17 Render layout frontend
2018/11/16 11:49:17 Layout prepend running
2018/11/16 11:49:17 REGEXP FOUND: "^/operators$" in path "/operators"

2018/11/16 11:49:17 Anyone is allowed
2018/11/16 11:49:17 Render layout frontend
2018/11/16 11:49:17 Layout prepend running
2018/11/16 11:49:17 REGEXP FOUND: "^/interests$" in path "/interests"

2018/11/16 11:49:17 Anyone is allowed
2018/11/16 11:49:17 Render layout frontend
2018/11/16 11:53:50 Setting default language to user
2018/11/16 11:58:51 Setting default language to user
