2018/11/14 11:01:23 Setting default language to user
2018/11/14 11:06:22 Setting default language to user
2018/11/14 11:06:22 Setting default language to user
2018/11/14 11:06:22 Layout prepend running
2018/11/14 11:06:22 Adding css /assets/css/main.css
2018/11/14 11:06:22 SELECT * FROM media_type ORDER BY id
2018/11/14 11:06:22 REGEXP FOUND: "^/?" in path "/"

2018/11/14 11:06:22 Anyone is allowed
2018/11/14 11:06:22 Render layout frontend
2018/11/14 11:06:22 Setting default language to user
2018/11/14 11:06:23 Setting default language to user
2018/11/14 11:06:23 Setting default language to user
2018/11/14 11:06:23 Layout prepend running
2018/11/14 11:06:23 REGEXP FOUND: "^/interests$" in path "/interests"

2018/11/14 11:06:23 Anyone is allowed
2018/11/14 11:06:23 Render layout frontend
2018/11/14 11:06:23 Setting default language to user
2018/11/14 11:06:23 Layout prepend running
2018/11/14 11:06:23 REGEXP FOUND: "^/owners$" in path "/owners"

2018/11/14 11:06:23 Anyone is allowed
2018/11/14 11:06:23 Render layout frontend
2018/11/14 11:06:23 Setting default language to user
2018/11/14 11:06:23 Layout prepend running
2018/11/14 11:06:23 REGEXP FOUND: "^/operators$" in path "/operators"

2018/11/14 11:06:23 Anyone is allowed
2018/11/14 11:06:23 Render layout frontend
2018/11/14 11:06:23 Setting default language to user
2018/11/14 11:06:23 Layout prepend running
2018/11/14 11:06:23 REGEXP FOUND: "^/connections$" in path "/connections"

2018/11/14 11:06:23 Anyone is allowed
2018/11/14 11:06:23 Render layout frontend
2018/11/14 11:06:23 Setting default language to user
2018/11/14 11:06:23 Layout prepend running
2018/11/14 11:06:23 REGEXP FOUND: "^/media$" in path "/media"

2018/11/14 11:06:23 Anyone is allowed
2018/11/14 11:06:23 Render layout frontend
2018/11/14 11:11:23 Setting default language to user
2018/11/14 11:15:10 Setting default language to user
2018/11/14 11:16:23 Setting default language to user
2018/11/14 11:21:23 Setting default language to user
2018/11/14 11:26:23 Setting default language to user
2018/11/14 11:31:23 Setting default language to user
2018/11/14 11:36:23 Setting default language to user
2018/11/14 11:41:23 Setting default language to user
2018/11/14 11:49:02 Setting default language to user
2018/11/14 11:53:19 Setting default language to user
2018/11/14 11:58:19 Setting default language to user
