2019/04/27 09:03:12 Setting default language to user
2019/04/27 09:08:12 Setting default language to user
2019/04/27 09:13:12 Setting default language to user
2019/04/27 09:18:12 Setting default language to user
2019/04/27 09:23:12 Setting default language to user
2019/04/27 09:28:12 Setting default language to user
2019/04/27 09:33:12 Setting default language to user
2019/04/27 09:36:13 Setting default language to user
2019/04/27 09:36:13 Layout prepend running
2019/04/27 09:36:13 Adding css /assets/css/main.css
2019/04/27 09:36:13 SELECT * FROM media_type ORDER BY id
2019/04/27 09:36:13 REGEXP FOUND: "^/?" in path "/"

2019/04/27 09:36:13 Anyone is allowed
2019/04/27 09:36:13 Render layout frontend
2019/04/27 09:36:15 Layout prepend running
2019/04/27 09:36:15 REGEXP FOUND: "^/owners$" in path "/owners"

2019/04/27 09:36:15 Anyone is allowed
2019/04/27 09:36:15 Render layout frontend
2019/04/27 09:36:15 Layout prepend running
2019/04/27 09:36:15 REGEXP FOUND: "^/connections$" in path "/connections"

2019/04/27 09:36:15 Anyone is allowed
2019/04/27 09:36:15 Render layout frontend
2019/04/27 09:36:17 Setting default language to user
2019/04/27 09:36:17 Layout prepend running
2019/04/27 09:36:17 Adding css /assets/css/main.css
2019/04/27 09:36:17 SELECT * FROM media_type ORDER BY id
2019/04/27 09:36:17 REGEXP FOUND: "^/?" in path "/favicon.ico"

2019/04/27 09:36:17 Anyone is allowed
2019/04/27 09:36:17 Render layout frontend
2019/04/27 09:38:11 Setting default language to user
2019/04/27 09:41:03 Setting default language to user
2019/04/27 09:43:11 Setting default language to user
2019/04/27 09:48:11 Setting default language to user
2019/04/27 09:53:11 Setting default language to user
2019/04/27 09:58:11 Setting default language to user
