2019/08/15 04:01:54 Setting default language to user
2019/08/15 04:06:54 Setting default language to user
2019/08/15 04:11:54 Setting default language to user
2019/08/15 04:14:11 Setting default language to user
2019/08/15 04:14:11 Layout prepend running
2019/08/15 04:14:11 Adding css /assets/css/main.css
2019/08/15 04:14:11 SELECT * FROM media_type ORDER BY id
2019/08/15 04:14:11 REGEXP FOUND: "^/?" in path "/robots.txt"

2019/08/15 04:14:11 Anyone is allowed
2019/08/15 04:14:11 Render layout frontend
2019/08/15 04:14:15 Setting default language to user
2019/08/15 04:14:15 Layout prepend running
2019/08/15 04:14:15 Adding css /assets/css/main.css
2019/08/15 04:14:15 SELECT * FROM media_type ORDER BY id
2019/08/15 04:14:15 REGEXP FOUND: "^/?" in path "/"

2019/08/15 04:14:15 Anyone is allowed
2019/08/15 04:14:15 Render layout frontend
2019/08/15 04:16:54 Setting default language to user
2019/08/15 04:21:54 Setting default language to user
2019/08/15 04:26:54 Setting default language to user
2019/08/15 04:31:54 Setting default language to user
2019/08/15 04:36:54 Setting default language to user
2019/08/15 04:41:54 Setting default language to user
2019/08/15 04:46:54 Setting default language to user
2019/08/15 04:51:54 Setting default language to user
2019/08/15 04:56:54 Setting default language to user
