2019/06/21 23:02:09 Setting default language to user
2019/06/21 23:03:55 Setting default language to user
2019/06/21 23:03:55 Layout prepend running
2019/06/21 23:03:55 Adding css /assets/css/main.css
2019/06/21 23:03:55 SELECT * FROM media_type ORDER BY id
2019/06/21 23:03:55 REGEXP FOUND: "^/?" in path "/robots.txt"

2019/06/21 23:03:55 Anyone is allowed
2019/06/21 23:03:55 Render layout frontend
2019/06/21 23:03:56 Setting default language to user
2019/06/21 23:03:57 Setting default language to user
2019/06/21 23:03:57 Layout prepend running
2019/06/21 23:03:57 REGEXP FOUND: "^/media$" in path "/media"

2019/06/21 23:03:57 Anyone is allowed
2019/06/21 23:03:57 Render layout frontend
2019/06/21 23:03:57 Setting default language to user
2019/06/21 23:03:57 Layout prepend running
2019/06/21 23:03:57 REGEXP FOUND: "^/owners$" in path "/owners"

2019/06/21 23:03:57 Anyone is allowed
2019/06/21 23:03:57 Render layout frontend
2019/06/21 23:03:58 Setting default language to user
2019/06/21 23:03:58 Layout prepend running
2019/06/21 23:03:58 REGEXP FOUND: "^/interests$" in path "/interests"

2019/06/21 23:03:58 Anyone is allowed
2019/06/21 23:03:58 Render layout frontend
2019/06/21 23:03:58 Setting default language to user
2019/06/21 23:03:58 Layout prepend running
2019/06/21 23:03:58 REGEXP FOUND: "^/connections$" in path "/connections"

2019/06/21 23:03:58 Anyone is allowed
2019/06/21 23:04:24 Render layout frontend
2019/06/21 23:07:09 Setting default language to user
2019/06/21 23:12:09 Setting default language to user
2019/06/21 23:17:09 Setting default language to user
2019/06/21 23:22:09 Setting default language to user
2019/06/21 23:27:09 Setting default language to user
2019/06/21 23:32:09 Setting default language to user
2019/06/21 23:37:10 Setting default language to user
2019/06/21 23:42:09 Setting default language to user
2019/06/21 23:47:09 Setting default language to user
2019/06/21 23:52:09 Setting default language to user
2019/06/21 23:57:09 Setting default language to user
