2019/01/16 11:04:05 Setting default language to user
2019/01/16 11:09:05 Setting default language to user
2019/01/16 11:14:05 Setting default language to user
2019/01/16 11:19:05 Setting default language to user
2019/01/16 11:24:06 Setting default language to user
2019/01/16 11:25:43 Setting default language to user
2019/01/16 11:30:42 Setting default language to user
2019/01/16 11:35:43 Setting default language to user
2019/01/16 11:40:42 Setting default language to user
2019/01/16 11:41:23 Setting default language to user
2019/01/16 11:41:23 Layout prepend running
2019/01/16 11:41:23 Adding css /assets/css/main.css
2019/01/16 11:41:23 SELECT * FROM media_type ORDER BY id
2019/01/16 11:41:23 REGEXP FOUND: "^/?" in path "/"

2019/01/16 11:41:23 Anyone is allowed
2019/01/16 11:41:23 Render layout frontend
2019/01/16 11:41:24 Layout prepend running
2019/01/16 11:41:24 REGEXP FOUND: "^/media$" in path "/media"

2019/01/16 11:41:24 Anyone is allowed
2019/01/16 11:41:24 Render layout frontend
2019/01/16 11:41:24 Layout prepend running
2019/01/16 11:41:24 REGEXP FOUND: "^/operators$" in path "/operators"

2019/01/16 11:41:24 Anyone is allowed
2019/01/16 11:41:24 Render layout frontend
2019/01/16 11:41:24 Layout prepend running
2019/01/16 11:41:24 REGEXP FOUND: "^/connections$" in path "/connections"

2019/01/16 11:41:24 Anyone is allowed
2019/01/16 11:41:24 Render layout frontend
2019/01/16 11:41:24 Layout prepend running
2019/01/16 11:41:24 REGEXP FOUND: "^/owners$" in path "/owners"

2019/01/16 11:41:24 Anyone is allowed
2019/01/16 11:41:24 Render layout frontend
2019/01/16 11:41:24 Layout prepend running
2019/01/16 11:41:24 REGEXP FOUND: "^/interests$" in path "/interests"

2019/01/16 11:41:24 Anyone is allowed
2019/01/16 11:41:24 Render layout frontend
2019/01/16 11:45:42 Setting default language to user
2019/01/16 11:50:43 Setting default language to user
2019/01/16 11:54:40 Setting default language to user
2019/01/16 11:59:39 Setting default language to user
