2019/03/08 13:04:10 Setting default language to user
2019/03/08 13:08:15 Setting default language to user
2019/03/08 13:08:15 Layout prepend running
2019/03/08 13:08:15 Adding css /assets/css/main.css
2019/03/08 13:08:15 SELECT * FROM media_type ORDER BY id
2019/03/08 13:08:15 REGEXP FOUND: "^/?" in path "/"

2019/03/08 13:08:15 Anyone is allowed
2019/03/08 13:08:15 Render layout frontend
2019/03/08 13:08:16 Layout prepend running
2019/03/08 13:08:16 REGEXP FOUND: "^/media$" in path "/media"

2019/03/08 13:08:16 Layout prepend running
2019/03/08 13:08:16 Layout prepend running
2019/03/08 13:08:16 Layout prepend running
2019/03/08 13:08:16 Anyone is allowed
2019/03/08 13:08:16 Render layout frontend
2019/03/08 13:08:16 REGEXP FOUND: "^/connections$" in path "/connections"

2019/03/08 13:08:16 Anyone is allowed
2019/03/08 13:08:16 Render layout frontend
2019/03/08 13:08:16 Layout prepend running
2019/03/08 13:08:17 REGEXP FOUND: "^/interests$" in path "/interests"

2019/03/08 13:08:17 Anyone is allowed
2019/03/08 13:08:17 REGEXP FOUND: "^/operators$" in path "/operators"

2019/03/08 13:08:17 Anyone is allowed
2019/03/08 13:08:17 Render layout frontend
2019/03/08 13:08:17 REGEXP FOUND: "^/owners$" in path "/owners"

2019/03/08 13:08:17 Anyone is allowed
2019/03/08 13:08:17 Render layout frontend
2019/03/08 13:08:17 Render layout frontend
2019/03/08 13:09:10 Setting default language to user
2019/03/08 13:14:10 Setting default language to user
2019/03/08 13:19:10 Setting default language to user
2019/03/08 13:24:10 Setting default language to user
2019/03/08 13:29:10 Setting default language to user
2019/03/08 13:34:10 Setting default language to user
2019/03/08 13:39:10 Setting default language to user
2019/03/08 13:44:10 Setting default language to user
2019/03/08 13:49:10 Setting default language to user
2019/03/08 13:54:10 Setting default language to user
2019/03/08 13:59:10 Setting default language to user
