2019/05/18 11:02:45 Setting default language to user
2019/05/18 11:07:45 Setting default language to user
2019/05/18 11:12:45 Setting default language to user
2019/05/18 11:17:45 Setting default language to user
2019/05/18 11:22:45 Setting default language to user
2019/05/18 11:27:45 Setting default language to user
2019/05/18 11:32:45 Setting default language to user
2019/05/18 11:37:45 Setting default language to user
2019/05/18 11:42:45 Setting default language to user
2019/05/18 11:44:15 Setting default language to user
2019/05/18 11:44:15 Layout prepend running
2019/05/18 11:44:15 Adding css /assets/css/main.css
2019/05/18 11:44:15 SELECT * FROM media_type ORDER BY id
2019/05/18 11:44:15 REGEXP FOUND: "^/?" in path "/robots.txt"

2019/05/18 11:44:15 Anyone is allowed
2019/05/18 11:44:15 Render layout frontend
2019/05/18 11:44:19 Setting default language to user
2019/05/18 11:44:19 Layout prepend running
2019/05/18 11:44:19 Adding css /assets/css/main.css
2019/05/18 11:44:19 SELECT * FROM media_type ORDER BY id
2019/05/18 11:44:19 REGEXP FOUND: "^/?" in path "/favicon.ico"

2019/05/18 11:44:19 Anyone is allowed
2019/05/18 11:44:19 Render layout frontend
2019/05/18 11:47:45 Setting default language to user
2019/05/18 11:52:45 Setting default language to user
2019/05/18 11:57:45 Setting default language to user
