2019/04/01 00:01:40 Setting default language to user
2019/04/01 00:06:30 Setting default language to user
2019/04/01 00:06:30 Layout prepend running
2019/04/01 00:06:30 Adding css /assets/css/main.css
2019/04/01 00:06:30 SELECT * FROM media_type ORDER BY id
2019/04/01 00:06:30 REGEXP FOUND: "^/?" in path "/robots.txt"

2019/04/01 00:06:30 Anyone is allowed
2019/04/01 00:06:30 Render layout frontend
2019/04/01 00:06:30 Setting default language to user
2019/04/01 00:06:30 Layout prepend running
2019/04/01 00:06:30 Adding css /assets/css/main.css
2019/04/01 00:06:30 SELECT * FROM media_type ORDER BY id
2019/04/01 00:06:30 REGEXP FOUND: "^/?" in path "/"

2019/04/01 00:06:30 Anyone is allowed
2019/04/01 00:06:30 Render layout frontend
2019/04/01 00:06:34 Layout prepend running
2019/04/01 00:06:34 REGEXP FOUND: "^/interests$" in path "/interests"

2019/04/01 00:06:34 Anyone is allowed
2019/04/01 00:06:34 Render layout frontend
2019/04/01 00:06:34 Layout prepend running
2019/04/01 00:06:34 REGEXP FOUND: "^/connections$" in path "/connections"

2019/04/01 00:06:34 Anyone is allowed
2019/04/01 00:06:34 Render layout frontend
2019/04/01 00:06:34 Layout prepend running
2019/04/01 00:06:34 REGEXP FOUND: "^/owners$" in path "/owners"

2019/04/01 00:06:34 Anyone is allowed
2019/04/01 00:06:34 Render layout frontend
2019/04/01 00:06:35 Layout prepend running
2019/04/01 00:06:35 REGEXP FOUND: "^/media$" in path "/media"

2019/04/01 00:06:35 Anyone is allowed
2019/04/01 00:06:35 Render layout frontend
2019/04/01 00:06:35 Layout prepend running
2019/04/01 00:06:35 REGEXP FOUND: "^/operators$" in path "/operators"

2019/04/01 00:06:35 Anyone is allowed
2019/04/01 00:06:35 Render layout frontend
2019/04/01 00:06:40 Setting default language to user
2019/04/01 00:11:40 Setting default language to user
2019/04/01 00:16:41 Setting default language to user
2019/04/01 00:21:40 Setting default language to user
2019/04/01 00:26:40 Setting default language to user
2019/04/01 00:31:41 Setting default language to user
2019/04/01 00:36:40 Setting default language to user
2019/04/01 00:41:40 Setting default language to user
2019/04/01 00:46:40 Setting default language to user
2019/04/01 00:51:40 Setting default language to user
2019/04/01 00:56:41 Setting default language to user
