2019/08/06 19:04:29 Setting default language to user
2019/08/06 19:08:31 Setting default language to user
2019/08/06 19:08:31 Layout prepend running
2019/08/06 19:08:31 Adding css /assets/css/main.css
2019/08/06 19:08:31 SELECT * FROM media_type ORDER BY id
2019/08/06 19:08:31 REGEXP FOUND: "^/?" in path "/robots.txt"

2019/08/06 19:08:31 Anyone is allowed
2019/08/06 19:08:31 Render layout frontend
2019/08/06 19:08:32 Setting default language to user
2019/08/06 19:08:32 Layout prepend running
2019/08/06 19:08:32 Adding css /assets/css/main.css
2019/08/06 19:08:32 SELECT * FROM media_type ORDER BY id
2019/08/06 19:08:32 REGEXP FOUND: "^/?" in path "/"

2019/08/06 19:08:32 Anyone is allowed
2019/08/06 19:08:32 Render layout frontend
2019/08/06 19:09:29 Setting default language to user
2019/08/06 19:14:28 Setting default language to user
2019/08/06 19:19:29 Setting default language to user
2019/08/06 19:24:29 Setting default language to user
2019/08/06 19:29:29 Setting default language to user
2019/08/06 19:34:28 Setting default language to user
2019/08/06 19:39:29 Setting default language to user
2019/08/06 19:44:29 Setting default language to user
2019/08/06 19:49:29 Setting default language to user
2019/08/06 19:54:29 Setting default language to user
2019/08/06 19:59:29 Setting default language to user
