2019/07/06 08:04:43 Setting default language to user
2019/07/06 08:09:35 Setting default language to user
2019/07/06 08:09:35 Layout prepend running
2019/07/06 08:09:35 Adding css /assets/css/main.css
2019/07/06 08:09:35 SELECT * FROM media_type ORDER BY id
2019/07/06 08:09:35 REGEXP FOUND: "^/?" in path "/"

2019/07/06 08:09:35 Anyone is allowed
2019/07/06 08:09:35 Render layout frontend
2019/07/06 08:09:36 Layout prepend running
2019/07/06 08:09:36 REGEXP FOUND: "^/media$" in path "/media"

2019/07/06 08:09:36 Anyone is allowed
2019/07/06 08:09:36 Render layout frontend
2019/07/06 08:09:36 Layout prepend running
2019/07/06 08:09:36 Layout prepend running
2019/07/06 08:09:36 Layout prepend running
2019/07/06 08:09:36 REGEXP FOUND: "^/owners$" in path "/owners"

2019/07/06 08:09:36 Anyone is allowed
2019/07/06 08:09:36 Render layout frontend
2019/07/06 08:09:36 REGEXP FOUND: "^/connections$" in path "/connections"

2019/07/06 08:09:36 Anyone is allowed
2019/07/06 08:09:36 Render layout frontend
2019/07/06 08:09:36 Layout prepend running
2019/07/06 08:09:36 REGEXP FOUND: "^/interests$" in path "/interests"

2019/07/06 08:09:36 Anyone is allowed
2019/07/06 08:09:36 Render layout frontend
2019/07/06 08:09:43 Setting default language to user
2019/07/06 08:14:43 Setting default language to user
2019/07/06 08:20:42 Setting default language to user
2019/07/06 08:25:42 Setting default language to user
2019/07/06 08:30:41 Setting default language to user
2019/07/06 08:35:41 Setting default language to user
2019/07/06 08:40:41 Setting default language to user
2019/07/06 08:45:41 Setting default language to user
2019/07/06 08:50:41 Setting default language to user
2019/07/06 08:55:41 Setting default language to user
