2019/06/06 23:02:33 Setting default language to user
2019/06/06 23:07:33 Setting default language to user
2019/06/06 23:12:32 Setting default language to user
2019/06/06 23:17:33 Setting default language to user
2019/06/06 23:22:32 Setting default language to user
2019/06/06 23:27:33 Setting default language to user
2019/06/06 23:32:33 Setting default language to user
2019/06/06 23:37:33 Setting default language to user
2019/06/06 23:42:33 Setting default language to user
2019/06/06 23:47:33 Setting default language to user
2019/06/06 23:48:09 Setting default language to user
2019/06/06 23:48:09 Layout prepend running
2019/06/06 23:48:09 Adding css /assets/css/main.css
2019/06/06 23:48:09 SELECT * FROM media_type ORDER BY id
2019/06/06 23:48:09 REGEXP FOUND: "^/?" in path "/robots.txt"

2019/06/06 23:48:09 Anyone is allowed
2019/06/06 23:48:09 Render layout frontend
2019/06/06 23:48:10 Layout prepend running
2019/06/06 23:48:10 REGEXP FOUND: "^/operators$" in path "/operators"

2019/06/06 23:48:10 Anyone is allowed
2019/06/06 23:48:10 Render layout frontend
2019/06/06 23:48:12 Layout prepend running
2019/06/06 23:48:12 REGEXP FOUND: "^/owners$" in path "/owners"

2019/06/06 23:48:12 Anyone is allowed
2019/06/06 23:48:12 Render layout frontend
2019/06/06 23:51:43 Setting default language to user
2019/06/06 23:51:43 Layout prepend running
2019/06/06 23:51:43 Adding css /assets/css/main.css
2019/06/06 23:51:43 SELECT * FROM media_type ORDER BY id
2019/06/06 23:51:43 REGEXP FOUND: "^/?" in path "/favicon.ico"

2019/06/06 23:51:43 Anyone is allowed
2019/06/06 23:51:43 Render layout frontend
2019/06/06 23:52:33 Setting default language to user
2019/06/06 23:57:33 Setting default language to user
