2019/03/21 11:02:57 Setting default language to user
2019/03/21 11:07:57 Setting default language to user
2019/03/21 11:12:57 Setting default language to user
2019/03/21 11:17:57 Setting default language to user
2019/03/21 11:22:57 Setting default language to user
2019/03/21 11:27:57 Setting default language to user
2019/03/21 11:32:57 Setting default language to user
2019/03/21 11:37:57 Setting default language to user
2019/03/21 11:42:57 Setting default language to user
2019/03/21 11:47:57 Setting default language to user
2019/03/21 11:52:57 Setting default language to user
2019/03/21 11:54:20 Setting default language to user
2019/03/21 11:54:20 Layout prepend running
2019/03/21 11:54:20 Adding css /assets/css/main.css
2019/03/21 11:54:20 SELECT * FROM media_type ORDER BY id
2019/03/21 11:54:20 REGEXP FOUND: "^/?" in path "/robots.txt"

2019/03/21 11:54:20 Anyone is allowed
2019/03/21 11:54:20 Render layout frontend
2019/03/21 11:54:22 Layout prepend running
2019/03/21 11:54:22 Adding css /assets/css/main.css
2019/03/21 11:54:22 SELECT * FROM media_type ORDER BY id
2019/03/21 11:54:22 REGEXP FOUND: "^/?" in path "/"

2019/03/21 11:54:22 Anyone is allowed
2019/03/21 11:54:22 Render layout frontend
2019/03/21 11:54:34 Setting default language to user
2019/03/21 11:54:35 Layout prepend running
2019/03/21 11:54:35 Adding css /assets/css/main.css
2019/03/21 11:54:35 SELECT * FROM media_type ORDER BY id
2019/03/21 11:54:35 REGEXP FOUND: "^/?" in path "/robots.txt"

2019/03/21 11:54:35 Anyone is allowed
2019/03/21 11:54:35 Render layout frontend
2019/03/21 11:54:35 Setting default language to user
2019/03/21 11:54:35 Layout prepend running
2019/03/21 11:54:35 Adding css /assets/css/main.css
2019/03/21 11:54:35 SELECT * FROM media_type ORDER BY id
2019/03/21 11:54:35 REGEXP FOUND: "^/?" in path "/favicon.ico"

2019/03/21 11:54:35 Anyone is allowed
2019/03/21 11:54:35 Render layout frontend
2019/03/21 11:57:58 Setting default language to user
