2019/04/15 17:03:07 Setting default language to user
2019/04/15 17:03:07 Layout prepend running
2019/04/15 17:03:07 Adding css /assets/css/main.css
2019/04/15 17:03:07 SELECT * FROM media_type ORDER BY id
2019/04/15 17:03:07 REGEXP FOUND: "^/?" in path "/"

2019/04/15 17:03:07 Anyone is allowed
2019/04/15 17:03:07 Render layout frontend
2019/04/15 17:03:18 Setting default language to user
2019/04/15 17:03:25 Setting default language to user
2019/04/15 17:03:25 Layout prepend running
2019/04/15 17:03:25 Adding css /assets/css/main.css
2019/04/15 17:03:25 SELECT * FROM media_type ORDER BY id
2019/04/15 17:03:25 REGEXP FOUND: "^/?" in path "/favicon.ico"

2019/04/15 17:03:25 Anyone is allowed
2019/04/15 17:03:25 Render layout frontend
2019/04/15 17:08:18 Setting default language to user
2019/04/15 17:13:18 Setting default language to user
2019/04/15 17:18:18 Setting default language to user
2019/04/15 17:18:54 Setting default language to user
2019/04/15 17:18:54 Layout prepend running
2019/04/15 17:18:54 Adding css /assets/css/main.css
2019/04/15 17:18:54 SELECT * FROM media_type ORDER BY id
2019/04/15 17:18:54 REGEXP FOUND: "^/?" in path "/"

2019/04/15 17:18:54 Anyone is allowed
2019/04/15 17:18:54 Render layout frontend
2019/04/15 17:18:55 Layout prepend running
2019/04/15 17:18:55 REGEXP FOUND: "^/connections$" in path "/connections"

2019/04/15 17:18:55 Layout prepend running
2019/04/15 17:18:55 REGEXP FOUND: "^/media$" in path "/media"

2019/04/15 17:18:55 Anyone is allowed
2019/04/15 17:18:55 Render layout frontend
2019/04/15 17:18:55 Anyone is allowed
2019/04/15 17:18:55 Render layout frontend
2019/04/15 17:18:55 Layout prepend running
2019/04/15 17:18:55 REGEXP FOUND: "^/owners$" in path "/owners"

2019/04/15 17:18:55 Anyone is allowed
2019/04/15 17:18:55 Layout prepend running
2019/04/15 17:18:55 REGEXP FOUND: "^/interests$" in path "/interests"

2019/04/15 17:18:55 Anyone is allowed
2019/04/15 17:18:55 Render layout frontend
2019/04/15 17:18:55 Layout prepend running
2019/04/15 17:18:55 REGEXP FOUND: "^/operators$" in path "/operators"

2019/04/15 17:18:55 Anyone is allowed
2019/04/15 17:18:55 Render layout frontend
2019/04/15 17:18:55 Render layout frontend
2019/04/15 17:23:18 Setting default language to user
2019/04/15 17:28:18 Setting default language to user
2019/04/15 17:33:18 Setting default language to user
2019/04/15 17:38:18 Setting default language to user
2019/04/15 17:43:18 Setting default language to user
2019/04/15 17:48:18 Setting default language to user
2019/04/15 17:53:18 Setting default language to user
2019/04/15 17:58:18 Setting default language to user
