2019/05/15 15:02:32 Setting default language to user
2019/05/15 15:05:28 Setting default language to user
2019/05/15 15:05:28 Layout prepend running
2019/05/15 15:05:28 Adding css /assets/css/main.css
2019/05/15 15:05:28 SELECT * FROM media_type ORDER BY id
2019/05/15 15:05:28 REGEXP FOUND: "^/?" in path "/"

2019/05/15 15:05:28 Anyone is allowed
2019/05/15 15:05:28 Render layout frontend
2019/05/15 15:05:28 Layout prepend running
2019/05/15 15:05:28 Layout prepend running
2019/05/15 15:05:28 Layout prepend running
2019/05/15 15:05:28 Layout prepend running
2019/05/15 15:05:28 REGEXP FOUND: "^/connections$" in path "/connections"

2019/05/15 15:05:28 Anyone is allowed
2019/05/15 15:05:28 Render layout frontend
2019/05/15 15:05:28 REGEXP FOUND: "^/operators$" in path "/operators"

2019/05/15 15:05:28 Anyone is allowed
2019/05/15 15:05:28 Render layout frontend
2019/05/15 15:05:28 REGEXP FOUND: "^/owners$" in path "/owners"

2019/05/15 15:05:28 Anyone is allowed
2019/05/15 15:05:28 Render layout frontend
2019/05/15 15:05:28 REGEXP FOUND: "^/media$" in path "/media"

2019/05/15 15:05:28 Anyone is allowed
2019/05/15 15:05:28 Render layout frontend
2019/05/15 15:05:28 Layout prepend running
2019/05/15 15:05:28 REGEXP FOUND: "^/interests$" in path "/interests"

2019/05/15 15:05:28 Anyone is allowed
2019/05/15 15:05:28 Render layout frontend
2019/05/15 15:05:31 Setting default language to user
2019/05/15 15:05:31 Layout prepend running
2019/05/15 15:05:31 Adding css /assets/css/main.css
2019/05/15 15:05:31 SELECT * FROM media_type ORDER BY id
2019/05/15 15:05:31 REGEXP FOUND: "^/?" in path "/"

2019/05/15 15:05:31 Anyone is allowed
2019/05/15 15:05:31 Render layout frontend
2019/05/15 15:05:31 Setting default language to user
2019/05/15 15:05:31 Layout prepend running
2019/05/15 15:05:31 Adding css /assets/css/main.css
2019/05/15 15:05:31 SELECT * FROM media_type ORDER BY id
2019/05/15 15:05:31 REGEXP FOUND: "^/?" in path "/"

2019/05/15 15:05:31 Anyone is allowed
2019/05/15 15:05:31 Render layout frontend
2019/05/15 15:05:32 Setting default language to user
2019/05/15 15:05:32 Layout prepend running
2019/05/15 15:05:32 Adding css /assets/css/main.css
2019/05/15 15:05:32 SELECT * FROM media_type ORDER BY id
2019/05/15 15:05:32 REGEXP FOUND: "^/?" in path "/"

2019/05/15 15:05:32 Anyone is allowed
2019/05/15 15:05:32 Render layout frontend
2019/05/15 15:05:33 Setting default language to user
2019/05/15 15:06:15 Setting default language to user
2019/05/15 15:06:15 Layout prepend running
2019/05/15 15:06:15 Adding css /assets/css/main.css
2019/05/15 15:06:15 SELECT * FROM media_type ORDER BY id
2019/05/15 15:06:15 REGEXP FOUND: "^/?" in path "/"

2019/05/15 15:06:15 Anyone is allowed
2019/05/15 15:06:15 Render layout frontend
2019/05/15 15:06:16 Layout prepend running
2019/05/15 15:06:16 REGEXP FOUND: "^/media$" in path "/media"

2019/05/15 15:06:16 Anyone is allowed
2019/05/15 15:06:16 Render layout frontend
2019/05/15 15:06:16 Layout prepend running
2019/05/15 15:06:16 Layout prepend running
2019/05/15 15:06:16 REGEXP FOUND: "^/operators$" in path "/operators"

2019/05/15 15:06:16 Anyone is allowed
2019/05/15 15:06:16 Render layout frontend
2019/05/15 15:06:16 Layout prepend running
2019/05/15 15:06:16 REGEXP FOUND: "^/owners$" in path "/owners"

2019/05/15 15:06:16 Anyone is allowed
2019/05/15 15:06:16 Render layout frontend
2019/05/15 15:06:16 Layout prepend running
2019/05/15 15:06:16 REGEXP FOUND: "^/interests$" in path "/interests"

2019/05/15 15:06:16 Anyone is allowed
2019/05/15 15:06:16 Render layout frontend
2019/05/15 15:07:32 Setting default language to user
2019/05/15 15:12:32 Setting default language to user
2019/05/15 15:17:32 Setting default language to user
2019/05/15 15:22:32 Setting default language to user
2019/05/15 15:27:32 Setting default language to user
2019/05/15 15:32:32 Setting default language to user
2019/05/15 15:37:32 Setting default language to user
2019/05/15 15:42:32 Setting default language to user
2019/05/15 15:47:32 Setting default language to user
2019/05/15 15:52:32 Setting default language to user
2019/05/15 15:57:32 Setting default language to user
