2019/07/27 01:04:12 Setting default language to user
2019/07/27 01:09:12 Setting default language to user
2019/07/27 01:14:12 Setting default language to user
2019/07/27 01:19:12 Setting default language to user
2019/07/27 01:24:12 Setting default language to user
2019/07/27 01:29:12 Setting default language to user
2019/07/27 01:34:12 Setting default language to user
2019/07/27 01:39:12 Setting default language to user
2019/07/27 01:44:12 Setting default language to user
2019/07/27 01:49:12 Setting default language to user
2019/07/27 01:53:29 Setting default language to user
2019/07/27 01:53:29 Layout prepend running
2019/07/27 01:53:29 Adding css /assets/css/main.css
2019/07/27 01:53:29 SELECT * FROM media_type ORDER BY id
2019/07/27 01:53:29 REGEXP FOUND: "^/?" in path "/robots.txt"

2019/07/27 01:53:29 Anyone is allowed
2019/07/27 01:53:29 Render layout frontend
2019/07/27 01:53:30 Layout prepend running
2019/07/27 01:53:30 REGEXP FOUND: "^/operators$" in path "/operators"

2019/07/27 01:53:30 Anyone is allowed
2019/07/27 01:53:30 Render layout frontend
2019/07/27 01:53:31 Layout prepend running
2019/07/27 01:53:31 REGEXP FOUND: "^/owners$" in path "/owners"

2019/07/27 01:53:31 Anyone is allowed
2019/07/27 01:53:31 Render layout frontend
2019/07/27 01:53:31 Layout prepend running
2019/07/27 01:53:31 REGEXP FOUND: "^/media$" in path "/media"

2019/07/27 01:53:31 Anyone is allowed
2019/07/27 01:53:31 Render layout frontend
2019/07/27 01:53:32 Layout prepend running
2019/07/27 01:53:32 REGEXP FOUND: "^/interests$" in path "/interests"

2019/07/27 01:53:32 Anyone is allowed
2019/07/27 01:53:32 Render layout frontend
2019/07/27 01:54:12 Setting default language to user
2019/07/27 01:59:12 Setting default language to user
