2019/09/05 13:01:11 Setting default language to user
2019/09/05 13:06:11 Setting default language to user
2019/09/05 13:11:11 Setting default language to user
2019/09/05 13:16:11 Setting default language to user
2019/09/05 13:21:11 Setting default language to user
2019/09/05 13:26:11 Setting default language to user
2019/09/05 13:31:11 Setting default language to user
2019/09/05 13:36:11 Setting default language to user
2019/09/05 13:41:10 Setting default language to user
2019/09/05 13:46:10 Setting default language to user
2019/09/05 13:51:10 Setting default language to user
2019/09/05 13:52:20 Setting default language to user
2019/09/05 13:52:20 Layout prepend running
2019/09/05 13:52:20 Adding css /assets/css/main.css
2019/09/05 13:52:20 SELECT * FROM media_type ORDER BY id
2019/09/05 13:52:20 REGEXP FOUND: "^/?" in path "/robots.txt"

2019/09/05 13:52:20 Anyone is allowed
2019/09/05 13:52:20 Render layout frontend
2019/09/05 13:52:20 Setting default language to user
2019/09/05 13:52:20 Layout prepend running
2019/09/05 13:52:20 Adding css /assets/css/main.css
2019/09/05 13:52:20 SELECT * FROM media_type ORDER BY id
2019/09/05 13:52:20 REGEXP FOUND: "^/?" in path "/"

2019/09/05 13:52:20 Anyone is allowed
2019/09/05 13:52:20 Render layout frontend
2019/09/05 13:56:10 Setting default language to user
