2019/02/04 23:00:42 Setting default language to user
2019/02/04 23:05:42 Setting default language to user
2019/02/04 23:10:42 Setting default language to user
2019/02/04 23:15:42 Setting default language to user
2019/02/04 23:19:31 Setting default language to user
2019/02/04 23:19:31 Layout prepend running
2019/02/04 23:22:27 Config values are the following: {ViewDir:view ListenPort:9004 BrandUrl: ChiefAdmin:map[0:{Email:istvan.dombi@agl.group Password:mos180628 SuperAdmin:false} 1:{Email:lo@branditorial.hu Password:mos180628 SuperAdmin:false} 2:{Email:atom@agl.group Password:mos180628 SuperAdmin:false}] Og:{Url:http://mediaownershiptool.ceu.edu/ Type:website Title:Media Ownership Tool Description:Media Ownership Image:/assets/images/MOS_og.jpg} Environment:local Db:{Environment:map[local:{Host:localhost Username:mos Password:golangforever Name:mos}] MaxIdleCons:0 MaxOpenCons:0 MaxConnLifetimeMinutes:3} Server:{ReadTimeoutSeconds:20 WriteTimeoutSeconds:20 SessionKey:mediaownership MaxRPS:5 BanMinutes:10 BanActive:false} Mode:{Debug:true Rebuild_structure:false Rebuild_data:false} Cache:{Enabled:true Dir:view/cache} AdminRouter:admin ConfigValues:map[facebook: instagram: linkedin: youtube: spotify:] Language:{Allowed:[hu en]}}
2019/02/04 23:22:27 Initializing translator
2019/02/04 23:22:27 Translator initialization done
2019/02/04 23:22:27 Ininialize connection
2019/02/04 23:23:05 Setting default language to user
2019/02/04 23:23:05 Layout prepend running
2019/02/04 23:23:05 Adding css /assets/css/main.css
2019/02/04 23:23:05 SELECT * FROM media_type ORDER BY id
2019/02/04 23:23:05 REGEXP FOUND: "^/?" in path "/"

2019/02/04 23:23:05 Anyone is allowed
2019/02/04 23:23:05 Render layout frontend
2019/02/04 23:28:05 Setting default language to user
2019/02/04 23:33:05 Setting default language to user
2019/02/04 23:38:04 Setting default language to user
2019/02/04 23:43:03 Setting default language to user
2019/02/04 23:48:02 Setting default language to user
2019/02/04 23:53:03 Setting default language to user
2019/02/04 23:58:02 Setting default language to user
