2019/08/06 20:04:29 Setting default language to user
2019/08/06 20:09:28 Setting default language to user
2019/08/06 20:14:29 Setting default language to user
2019/08/06 20:19:29 Setting default language to user
2019/08/06 20:24:28 Setting default language to user
2019/08/06 20:29:27 Setting default language to user
2019/08/06 20:34:28 Setting default language to user
2019/08/06 20:39:28 Setting default language to user
2019/08/06 20:44:28 Setting default language to user
2019/08/06 20:49:28 Setting default language to user
2019/08/06 20:54:28 Setting default language to user
2019/08/06 20:56:40 Setting default language to user
2019/08/06 20:56:40 Layout prepend running
2019/08/06 20:56:40 Adding css /assets/css/main.css
2019/08/06 20:56:40 SELECT * FROM media_type ORDER BY id
2019/08/06 20:56:40 REGEXP FOUND: "^/?" in path "/robots.txt"

2019/08/06 20:56:40 Anyone is allowed
2019/08/06 20:56:40 Render layout frontend
2019/08/06 20:56:43 Setting default language to user
2019/08/06 20:56:43 Layout prepend running
2019/08/06 20:56:43 Adding css /assets/css/main.css
2019/08/06 20:56:43 SELECT * FROM media_type ORDER BY id
2019/08/06 20:56:43 REGEXP FOUND: "^/?" in path "/"

2019/08/06 20:56:43 Anyone is allowed
2019/08/06 20:56:43 Render layout frontend
2019/08/06 20:59:28 Setting default language to user
