2019/05/02 16:02:50 Setting default language to user
2019/05/02 16:07:50 Setting default language to user
2019/05/02 16:12:50 Setting default language to user
2019/05/02 16:17:50 Setting default language to user
2019/05/02 16:22:50 Setting default language to user
2019/05/02 16:27:50 Setting default language to user
2019/05/02 16:32:50 Setting default language to user
2019/05/02 16:37:50 Setting default language to user
2019/05/02 16:42:50 Setting default language to user
2019/05/02 16:47:50 Setting default language to user
2019/05/02 16:52:50 Setting default language to user
2019/05/02 16:55:17 Setting default language to user
2019/05/02 16:55:18 Setting default language to user
2019/05/02 16:55:18 Layout prepend running
2019/05/02 16:55:18 Adding css /assets/css/main.css
2019/05/02 16:55:18 SELECT * FROM media_type ORDER BY id
2019/05/02 16:55:18 REGEXP FOUND: "^/?" in path "/"

2019/05/02 16:55:18 Anyone is allowed
2019/05/02 16:55:18 Render layout frontend
2019/05/02 16:55:19 Setting default language to user
2019/05/02 16:55:19 Layout prepend running
2019/05/02 16:55:19 Adding css /assets/css/main.css
2019/05/02 16:55:19 SELECT * FROM media_type ORDER BY id
2019/05/02 16:55:19 REGEXP FOUND: "^/?" in path "/"

2019/05/02 16:55:19 Anyone is allowed
2019/05/02 16:55:19 Render layout frontend
2019/05/02 16:55:20 Setting default language to user
2019/05/02 16:55:20 Layout prepend running
2019/05/02 16:55:20 Setting default language to user
2019/05/02 16:55:20 Layout prepend running
2019/05/02 16:55:20 Setting default language to user
2019/05/02 16:55:20 Layout prepend running
2019/05/02 16:55:20 Setting default language to user
2019/05/02 16:55:20 Layout prepend running
2019/05/02 16:55:20 Setting default language to user
2019/05/02 16:55:20 Layout prepend running
2019/05/02 16:55:20 REGEXP FOUND: "^/media$" in path "/media"

2019/05/02 16:55:20 Anyone is allowed
2019/05/02 16:55:20 Render layout frontend
2019/05/02 16:55:20 REGEXP FOUND: "^/connections$" in path "/connections"

2019/05/02 16:55:20 Anyone is allowed
2019/05/02 16:55:20 Render layout frontend
2019/05/02 16:55:20 REGEXP FOUND: "^/owners$" in path "/owners"

2019/05/02 16:55:20 Anyone is allowed
2019/05/02 16:55:20 Render layout frontend
2019/05/02 16:55:20 REGEXP FOUND: "^/operators$" in path "/operators"

2019/05/02 16:55:20 Anyone is allowed
2019/05/02 16:55:20 Render layout frontend
2019/05/02 16:57:50 Setting default language to user
