2019/06/30 02:04:43 Setting default language to user
2019/06/30 02:08:18 Setting default language to user
2019/06/30 02:08:18 Layout prepend running
2019/06/30 02:08:18 Adding css /assets/css/main.css
2019/06/30 02:08:18 SELECT * FROM media_type ORDER BY id
2019/06/30 02:08:18 REGEXP FOUND: "^/?" in path "/robots.txt"

2019/06/30 02:08:18 Anyone is allowed
2019/06/30 02:08:18 Render layout frontend
2019/06/30 02:08:19 Setting default language to user
2019/06/30 02:08:19 Layout prepend running
2019/06/30 02:08:19 Adding css /assets/css/main.css
2019/06/30 02:08:19 SELECT * FROM media_type ORDER BY id
2019/06/30 02:08:19 REGEXP FOUND: "^/?" in path "/"

2019/06/30 02:08:19 Anyone is allowed
2019/06/30 02:08:19 Render layout frontend
2019/06/30 02:08:30 Setting default language to user
2019/06/30 02:08:30 Layout prepend running
2019/06/30 02:08:30 Adding css /assets/css/main.css
2019/06/30 02:08:30 SELECT * FROM media_type ORDER BY id
2019/06/30 02:08:30 REGEXP FOUND: "^/?" in path "/favicon.ico"

2019/06/30 02:08:30 Anyone is allowed
2019/06/30 02:08:30 Render layout frontend
2019/06/30 02:09:43 Setting default language to user
2019/06/30 02:14:43 Setting default language to user
2019/06/30 02:19:43 Setting default language to user
2019/06/30 02:24:43 Setting default language to user
2019/06/30 02:29:43 Setting default language to user
2019/06/30 02:34:43 Setting default language to user
2019/06/30 02:39:43 Setting default language to user
2019/06/30 02:44:43 Setting default language to user
2019/06/30 02:48:29 Setting default language to user
2019/06/30 02:48:29 Layout prepend running
2019/06/30 02:48:29 Adding css /assets/css/main.css
2019/06/30 02:48:29 SELECT * FROM media_type ORDER BY id
2019/06/30 02:48:29 REGEXP FOUND: "^/?" in path "/"

2019/06/30 02:48:29 Anyone is allowed
2019/06/30 02:48:29 Render layout frontend
2019/06/30 02:48:35 Setting default language to user
2019/06/30 02:48:35 Layout prepend running
2019/06/30 02:48:35 Adding css /assets/css/main.css
2019/06/30 02:48:35 SELECT * FROM media_type ORDER BY id
2019/06/30 02:48:35 REGEXP FOUND: "^/?" in path "/favicon.ico"

2019/06/30 02:48:35 Anyone is allowed
2019/06/30 02:48:35 Render layout frontend
2019/06/30 02:49:43 Setting default language to user
2019/06/30 02:54:43 Setting default language to user
2019/06/30 02:59:42 Setting default language to user
