2019/02/06 14:01:33 Setting default language to user
2019/02/06 14:06:33 Setting default language to user
2019/02/06 14:11:33 Setting default language to user
2019/02/06 14:12:49 Layout prepend running
2019/02/06 14:12:49 Adding css /assets/css/main.css
2019/02/06 14:12:49 SELECT * FROM media_type ORDER BY id
2019/02/06 14:12:49 REGEXP FOUND: "^/?" in path "/"

2019/02/06 14:12:49 Anyone is allowed
2019/02/06 14:12:49 Render layout frontend
2019/02/06 14:12:50 Layout prepend running
2019/02/06 14:12:50 REGEXP FOUND: "^/media$" in path "/media"

2019/02/06 14:12:50 Anyone is allowed
2019/02/06 14:12:50 Render layout frontend
2019/02/06 14:12:50 Layout prepend running
2019/02/06 14:12:50 REGEXP FOUND: "^/connections$" in path "/connections"

2019/02/06 14:12:50 Anyone is allowed
2019/02/06 14:12:50 Render layout frontend
2019/02/06 14:12:50 Layout prepend running
2019/02/06 14:12:50 REGEXP FOUND: "^/owners$" in path "/owners"

2019/02/06 14:12:50 Anyone is allowed
2019/02/06 14:12:50 Render layout frontend
2019/02/06 14:12:50 Layout prepend running
2019/02/06 14:12:50 REGEXP FOUND: "^/interests$" in path "/interests"

2019/02/06 14:12:50 Anyone is allowed
2019/02/06 14:12:50 Render layout frontend
2019/02/06 14:12:50 Layout prepend running
2019/02/06 14:12:50 REGEXP FOUND: "^/operators$" in path "/operators"

2019/02/06 14:12:50 Anyone is allowed
2019/02/06 14:12:50 Render layout frontend
2019/02/06 14:16:33 Setting default language to user
2019/02/06 14:21:33 Setting default language to user
2019/02/06 14:26:33 Setting default language to user
2019/02/06 14:31:33 Setting default language to user
2019/02/06 14:36:33 Setting default language to user
2019/02/06 14:41:32 Setting default language to user
2019/02/06 14:46:32 Setting default language to user
2019/02/06 14:51:32 Setting default language to user
2019/02/06 14:56:32 Setting default language to user
