2019/08/23 19:03:45 Setting default language to user
2019/08/23 19:08:45 Setting default language to user
2019/08/23 19:13:45 Setting default language to user
2019/08/23 19:18:45 Setting default language to user
2019/08/23 19:23:45 Setting default language to user
2019/08/23 19:28:45 Setting default language to user
2019/08/23 19:33:45 Setting default language to user
2019/08/23 19:38:45 Setting default language to user
2019/08/23 19:43:45 Setting default language to user
2019/08/23 19:48:45 Setting default language to user
2019/08/23 19:51:27 Setting default language to user
2019/08/23 19:51:27 Layout prepend running
2019/08/23 19:51:27 Adding css /assets/css/main.css
2019/08/23 19:51:28 SELECT * FROM media_type ORDER BY id
2019/08/23 19:51:28 REGEXP FOUND: "^/?" in path "/robots.txt"

2019/08/23 19:51:28 Anyone is allowed
2019/08/23 19:51:28 Render layout frontend
2019/08/23 19:51:28 Setting default language to user
2019/08/23 19:51:28 Layout prepend running
2019/08/23 19:51:28 Adding css /assets/css/main.css
2019/08/23 19:51:28 SELECT * FROM media_type ORDER BY id
2019/08/23 19:51:28 REGEXP FOUND: "^/?" in path "/favicon.ico"

2019/08/23 19:51:28 Anyone is allowed
2019/08/23 19:51:28 Render layout frontend
2019/08/23 19:53:45 Setting default language to user
2019/08/23 19:58:45 Setting default language to user
