2019/05/10 02:04:56 Setting default language to user
2019/05/10 02:09:56 Setting default language to user
2019/05/10 02:14:56 Setting default language to user
2019/05/10 02:19:56 Setting default language to user
2019/05/10 02:24:56 Setting default language to user
2019/05/10 02:29:56 Setting default language to user
2019/05/10 02:34:56 Setting default language to user
2019/05/10 02:39:19 Setting default language to user
2019/05/10 02:39:19 Layout prepend running
2019/05/10 02:39:19 Adding css /assets/css/main.css
2019/05/10 02:39:19 SELECT * FROM media_type ORDER BY id
2019/05/10 02:39:19 REGEXP FOUND: "^/?" in path "/robots.txt"

2019/05/10 02:39:19 Anyone is allowed
2019/05/10 02:39:19 Render layout frontend
2019/05/10 02:39:23 Setting default language to user
2019/05/10 02:39:23 Layout prepend running
2019/05/10 02:39:23 Adding css /assets/css/main.css
2019/05/10 02:39:23 SELECT * FROM media_type ORDER BY id
2019/05/10 02:39:23 REGEXP FOUND: "^/?" in path "/favicon.ico"

2019/05/10 02:39:23 Anyone is allowed
2019/05/10 02:39:23 Render layout frontend
2019/05/10 02:39:56 Setting default language to user
2019/05/10 02:44:56 Setting default language to user
2019/05/10 02:49:56 Setting default language to user
2019/05/10 02:54:56 Setting default language to user
2019/05/10 02:59:56 Setting default language to user
