2019/06/20 12:02:36 Setting default language to user
2019/06/20 12:07:36 Setting default language to user
2019/06/20 12:12:35 Setting default language to user
2019/06/20 12:17:36 Setting default language to user
2019/06/20 12:21:10 Setting default language to user
2019/06/20 12:21:10 Layout prepend running
2019/06/20 12:21:10 Adding css /assets/css/main.css
2019/06/20 12:21:10 SELECT * FROM media_type ORDER BY id
2019/06/20 12:21:10 REGEXP FOUND: "^/?" in path "/"

2019/06/20 12:21:10 Anyone is allowed
2019/06/20 12:21:10 Render layout frontend
2019/06/20 12:21:12 Layout prepend running
2019/06/20 12:21:12 REGEXP FOUND: "^/media$" in path "/media"

2019/06/20 12:21:12 Anyone is allowed
2019/06/20 12:21:12 Render layout frontend
2019/06/20 12:21:12 Layout prepend running
2019/06/20 12:21:12 REGEXP FOUND: "^/connections$" in path "/connections"

2019/06/20 12:21:12 Anyone is allowed
2019/06/20 12:21:12 Render layout frontend
2019/06/20 12:21:12 Layout prepend running
2019/06/20 12:21:12 REGEXP FOUND: "^/operators$" in path "/operators"

2019/06/20 12:21:12 Anyone is allowed
2019/06/20 12:21:12 Render layout frontend
2019/06/20 12:21:12 Layout prepend running
2019/06/20 12:21:12 REGEXP FOUND: "^/owners$" in path "/owners"

2019/06/20 12:21:12 Anyone is allowed
2019/06/20 12:21:12 Render layout frontend
2019/06/20 12:21:12 Layout prepend running
2019/06/20 12:21:12 REGEXP FOUND: "^/interests$" in path "/interests"

2019/06/20 12:21:12 Anyone is allowed
2019/06/20 12:21:12 Render layout frontend
2019/06/20 12:22:36 Setting default language to user
2019/06/20 12:27:36 Setting default language to user
2019/06/20 12:32:36 Setting default language to user
2019/06/20 12:35:25 Setting default language to user
2019/06/20 12:35:25 Layout prepend running
2019/06/20 12:35:25 Adding css /assets/css/main.css
2019/06/20 12:35:25 SELECT * FROM media_type ORDER BY id
2019/06/20 12:35:25 REGEXP FOUND: "^/?" in path "/"

2019/06/20 12:35:25 Anyone is allowed
2019/06/20 12:35:25 Render layout frontend
2019/06/20 12:35:26 Setting default language to user
2019/06/20 12:35:26 Layout prepend running
2019/06/20 12:35:26 REGEXP FOUND: "^/owners$" in path "/owners"

2019/06/20 12:35:26 Anyone is allowed
2019/06/20 12:35:26 Render layout frontend
2019/06/20 12:35:26 Setting default language to user
2019/06/20 12:35:26 Layout prepend running
2019/06/20 12:35:26 Setting default language to user
2019/06/20 12:35:26 Layout prepend running
2019/06/20 12:35:26 Setting default language to user
2019/06/20 12:35:26 Layout prepend running
2019/06/20 12:35:26 REGEXP FOUND: "^/media$" in path "/media"

2019/06/20 12:35:26 Anyone is allowed
2019/06/20 12:35:26 Render layout frontend
2019/06/20 12:35:26 REGEXP FOUND: "^/interests$" in path "/interests"

2019/06/20 12:35:26 Anyone is allowed
2019/06/20 12:35:26 Render layout frontend
2019/06/20 12:35:26 Setting default language to user
2019/06/20 12:35:26 Layout prepend running
2019/06/20 12:35:26 REGEXP FOUND: "^/connections$" in path "/connections"

2019/06/20 12:35:26 Anyone is allowed
2019/06/20 12:35:26 Render layout frontend
2019/06/20 12:35:39 Setting default language to user
2019/06/20 12:35:39 Layout prepend running
2019/06/20 12:35:39 Adding css /assets/css/main.css
2019/06/20 12:35:39 SELECT * FROM media_type ORDER BY id
2019/06/20 12:35:39 REGEXP FOUND: "^/?" in path "/"

2019/06/20 12:35:39 Anyone is allowed
2019/06/20 12:35:39 Render layout frontend
2019/06/20 12:35:39 Layout prepend running
2019/06/20 12:35:39 REGEXP FOUND: "^/connections$" in path "/connections"

2019/06/20 12:35:39 Anyone is allowed
2019/06/20 12:35:39 Render layout frontend
2019/06/20 12:35:39 Layout prepend running
2019/06/20 12:35:39 Layout prepend running
2019/06/20 12:35:39 Layout prepend running
2019/06/20 12:35:39 REGEXP FOUND: "^/media$" in path "/media"

2019/06/20 12:35:39 Anyone is allowed
2019/06/20 12:35:39 Render layout frontend
2019/06/20 12:35:39 REGEXP FOUND: "^/owners$" in path "/owners"

2019/06/20 12:35:39 Anyone is allowed
2019/06/20 12:35:39 Render layout frontend
2019/06/20 12:35:39 REGEXP FOUND: "^/operators$" in path "/operators"

2019/06/20 12:35:39 Anyone is allowed
2019/06/20 12:35:39 Render layout frontend
2019/06/20 12:35:39 Layout prepend running
2019/06/20 12:35:39 REGEXP FOUND: "^/interests$" in path "/interests"

2019/06/20 12:35:39 Anyone is allowed
2019/06/20 12:35:39 Render layout frontend
2019/06/20 12:37:36 Setting default language to user
2019/06/20 12:42:36 Setting default language to user
2019/06/20 12:42:46 Layout prepend running
2019/06/20 12:42:46 Adding css /assets/css/main.css
2019/06/20 12:42:46 SELECT * FROM media_type ORDER BY id
2019/06/20 12:42:46 REGEXP FOUND: "^/?" in path "/"

2019/06/20 12:42:46 Anyone is allowed
2019/06/20 12:42:46 Render layout frontend
2019/06/20 12:42:46 Setting default language to user
2019/06/20 12:42:46 Setting default language to user
2019/06/20 12:42:46 Layout prepend running
2019/06/20 12:42:46 Layout prepend running
2019/06/20 12:42:46 Setting default language to user
2019/06/20 12:42:47 REGEXP FOUND: "^/owners$" in path "/owners"

2019/06/20 12:42:47 Anyone is allowed
2019/06/20 12:42:47 Render layout frontend
2019/06/20 12:42:47 Setting default language to user
2019/06/20 12:42:47 Setting default language to user
2019/06/20 12:42:47 Layout prepend running
2019/06/20 12:42:47 REGEXP FOUND: "^/operators$" in path "/operators"

2019/06/20 12:42:47 Anyone is allowed
2019/06/20 12:42:47 Render layout frontend
2019/06/20 12:42:47 Layout prepend running
2019/06/20 12:42:47 REGEXP FOUND: "^/connections$" in path "/connections"

2019/06/20 12:42:47 Anyone is allowed
2019/06/20 12:42:47 Render layout frontend
2019/06/20 12:42:47 REGEXP FOUND: "^/media$" in path "/media"

2019/06/20 12:42:47 Anyone is allowed
2019/06/20 12:42:47 Render layout frontend
2019/06/20 12:42:47 Layout prepend running
2019/06/20 12:42:47 REGEXP FOUND: "^/interests$" in path "/interests"

2019/06/20 12:42:47 Anyone is allowed
2019/06/20 12:42:47 Render layout frontend
2019/06/20 12:47:36 Setting default language to user
2019/06/20 12:52:36 Setting default language to user
2019/06/20 12:57:36 Setting default language to user
2019/06/20 12:59:50 Layout prepend running
2019/06/20 12:59:50 Adding css /assets/css/main.css
2019/06/20 12:59:50 SELECT * FROM media_type ORDER BY id
2019/06/20 12:59:50 REGEXP FOUND: "^/?" in path "/"

2019/06/20 12:59:50 Anyone is allowed
2019/06/20 12:59:50 Render layout frontend
2019/06/20 12:59:51 Layout prepend running
2019/06/20 12:59:51 Layout prepend running
2019/06/20 12:59:51 REGEXP FOUND: "^/media$" in path "/media"

2019/06/20 12:59:51 Anyone is allowed
2019/06/20 12:59:51 Render layout frontend
2019/06/20 12:59:51 REGEXP FOUND: "^/connections$" in path "/connections"

2019/06/20 12:59:51 Anyone is allowed
2019/06/20 12:59:51 Render layout frontend
2019/06/20 12:59:51 Layout prepend running
2019/06/20 12:59:51 Layout prepend running
2019/06/20 12:59:51 Layout prepend running
2019/06/20 12:59:51 REGEXP FOUND: "^/operators$" in path "/operators"

2019/06/20 12:59:51 Anyone is allowed
2019/06/20 12:59:51 Render layout frontend
2019/06/20 12:59:51 REGEXP FOUND: "^/owners$" in path "/owners"

2019/06/20 12:59:51 REGEXP FOUND: "^/interests$" in path "/interests"

2019/06/20 12:59:51 Anyone is allowed
2019/06/20 12:59:51 Render layout frontend
2019/06/20 12:59:51 Anyone is allowed
2019/06/20 12:59:51 Render layout frontend
