2019/06/12 09:04:07 Setting default language to user
2019/06/12 09:09:07 Setting default language to user
2019/06/12 09:14:07 Setting default language to user
2019/06/12 09:19:07 Setting default language to user
2019/06/12 09:24:07 Setting default language to user
2019/06/12 09:29:07 Setting default language to user
2019/06/12 09:34:07 Setting default language to user
2019/06/12 09:39:07 Setting default language to user
2019/06/12 09:44:07 Setting default language to user
2019/06/12 09:48:37 Setting default language to user
2019/06/12 09:48:37 Layout prepend running
2019/06/12 09:48:37 Adding css /assets/css/main.css
2019/06/12 09:48:38 SELECT * FROM media_type ORDER BY id
2019/06/12 09:48:38 REGEXP FOUND: "^/?" in path "/"

2019/06/12 09:48:38 Anyone is allowed
2019/06/12 09:48:38 Render layout frontend
2019/06/12 09:48:39 Layout prepend running
2019/06/12 09:48:39 Layout prepend running
2019/06/12 09:48:39 REGEXP FOUND: "^/interests$" in path "/interests"

2019/06/12 09:48:39 Layout prepend running
2019/06/12 09:48:39 Anyone is allowed
2019/06/12 09:48:39 Render layout frontend
2019/06/12 09:48:39 Layout prepend running
2019/06/12 09:48:39 REGEXP FOUND: "^/operators$" in path "/operators"

2019/06/12 09:48:39 Anyone is allowed
2019/06/12 09:48:39 Render layout frontend
2019/06/12 09:48:39 REGEXP FOUND: "^/owners$" in path "/owners"

2019/06/12 09:48:39 Anyone is allowed
2019/06/12 09:48:39 Render layout frontend
2019/06/12 09:48:39 Layout prepend running
2019/06/12 09:48:39 REGEXP FOUND: "^/media$" in path "/media"

2019/06/12 09:48:39 Anyone is allowed
2019/06/12 09:48:39 Render layout frontend
2019/06/12 09:49:07 Setting default language to user
2019/06/12 09:54:07 Setting default language to user
2019/06/12 09:59:07 Setting default language to user
