2019/06/14 11:01:53 Setting default language to user
2019/06/14 11:06:53 Setting default language to user
2019/06/14 11:11:53 Setting default language to user
2019/06/14 11:13:31 Setting default language to user
2019/06/14 11:13:31 Layout prepend running
2019/06/14 11:13:31 Adding css /assets/css/main.css
2019/06/14 11:13:31 SELECT * FROM media_type ORDER BY id
2019/06/14 11:13:31 REGEXP FOUND: "^/?" in path "/"

2019/06/14 11:13:31 Anyone is allowed
2019/06/14 11:13:31 Render layout frontend
2019/06/14 11:13:34 Layout prepend running
2019/06/14 11:13:34 REGEXP FOUND: "^/connections$" in path "/connections"

2019/06/14 11:13:34 Anyone is allowed
2019/06/14 11:13:34 Render layout frontend
2019/06/14 11:16:53 Setting default language to user
2019/06/14 11:17:02 Setting default language to user
2019/06/14 11:17:02 Layout prepend running
2019/06/14 11:17:02 Adding css /assets/css/main.css
2019/06/14 11:17:02 SELECT * FROM media_type ORDER BY id
2019/06/14 11:17:02 REGEXP FOUND: "^/?" in path "/favicon.ico"

2019/06/14 11:17:02 Anyone is allowed
2019/06/14 11:17:02 Render layout frontend
2019/06/14 11:21:53 Setting default language to user
2019/06/14 11:26:53 Setting default language to user
2019/06/14 11:28:14 Setting default language to user
2019/06/14 11:28:14 Layout prepend running
2019/06/14 11:28:14 Adding css /assets/css/main.css
2019/06/14 11:28:14 SELECT * FROM media_type ORDER BY id
2019/06/14 11:28:15 REGEXP FOUND: "^/?" in path "/favicon.ico"

2019/06/14 11:28:15 Anyone is allowed
2019/06/14 11:28:15 Render layout frontend
2019/06/14 11:31:53 Setting default language to user
2019/06/14 11:36:53 Setting default language to user
2019/06/14 11:41:53 Setting default language to user
2019/06/14 11:46:53 Setting default language to user
2019/06/14 11:51:53 Setting default language to user
2019/06/14 11:53:02 Setting default language to user
2019/06/14 11:53:02 Layout prepend running
2019/06/14 11:53:02 Adding css /assets/css/main.css
2019/06/14 11:53:02 SELECT * FROM media_type ORDER BY id
2019/06/14 11:53:02 REGEXP FOUND: "^/?" in path "/"

2019/06/14 11:53:02 Anyone is allowed
2019/06/14 11:53:02 Render layout frontend
2019/06/14 11:53:05 Layout prepend running
2019/06/14 11:53:05 Layout prepend running
2019/06/14 11:53:05 REGEXP FOUND: "^/owners$" in path "/owners"

2019/06/14 11:53:05 REGEXP FOUND: "^/operators$" in path "/operators"

2019/06/14 11:53:05 Anyone is allowed
2019/06/14 11:53:05 Render layout frontend
2019/06/14 11:53:05 Anyone is allowed
2019/06/14 11:53:05 Render layout frontend
2019/06/14 11:53:05 Layout prepend running
2019/06/14 11:53:05 REGEXP FOUND: "^/interests$" in path "/interests"

2019/06/14 11:53:05 Anyone is allowed
2019/06/14 11:53:05 Render layout frontend
2019/06/14 11:53:06 Layout prepend running
2019/06/14 11:53:06 REGEXP FOUND: "^/media$" in path "/media"

2019/06/14 11:53:06 Anyone is allowed
2019/06/14 11:53:06 Render layout frontend
2019/06/14 11:53:08 Setting default language to user
2019/06/14 11:53:08 Layout prepend running
2019/06/14 11:53:08 Adding css /assets/css/main.css
2019/06/14 11:53:08 SELECT * FROM media_type ORDER BY id
2019/06/14 11:53:08 REGEXP FOUND: "^/?" in path "/favicon.ico"

2019/06/14 11:53:08 Anyone is allowed
2019/06/14 11:53:08 Render layout frontend
2019/06/14 11:56:53 Setting default language to user
