2019/02/24 12:02:51 Setting default language to user
2019/02/24 12:07:50 Setting default language to user
2019/02/24 12:11:43 Setting default language to user
2019/02/24 12:11:43 Layout prepend running
2019/02/24 12:11:43 Adding css /assets/css/main.css
2019/02/24 12:11:43 SELECT * FROM media_type ORDER BY id
2019/02/24 12:11:43 REGEXP FOUND: "^/?" in path "/"

2019/02/24 12:11:43 Anyone is allowed
2019/02/24 12:11:43 Render layout frontend
2019/02/24 12:13:04 Setting default language to user
2019/02/24 12:14:35 Setting default language to user
2019/02/24 12:14:35 Layout prepend running
2019/02/24 12:14:35 Adding css /assets/css/main.css
2019/02/24 12:14:35 SELECT * FROM media_type ORDER BY id
2019/02/24 12:14:35 REGEXP FOUND: "^/?" in path "/"

2019/02/24 12:14:35 Anyone is allowed
2019/02/24 12:14:35 Render layout frontend
2019/02/24 12:18:04 Setting default language to user
2019/02/24 12:20:31 Setting default language to user
2019/02/24 12:20:31 Layout prepend running
2019/02/24 12:20:31 Adding css /assets/css/main.css
2019/02/24 12:20:31 SELECT * FROM media_type ORDER BY id
2019/02/24 12:20:31 REGEXP FOUND: "^/?" in path "/"

2019/02/24 12:20:31 Anyone is allowed
2019/02/24 12:20:31 Render layout frontend
2019/02/24 12:20:33 Layout prepend running
2019/02/24 12:20:33 REGEXP FOUND: "^/connections$" in path "/connections"

2019/02/24 12:20:33 Anyone is allowed
2019/02/24 12:20:33 Render layout frontend
2019/02/24 12:20:33 Layout prepend running
2019/02/24 12:20:33 REGEXP FOUND: "^/media$" in path "/media"

2019/02/24 12:20:33 Anyone is allowed
2019/02/24 12:20:33 Render layout frontend
2019/02/24 12:20:34 Layout prepend running
2019/02/24 12:20:34 REGEXP FOUND: "^/operators$" in path "/operators"

2019/02/24 12:20:34 Anyone is allowed
2019/02/24 12:20:34 Render layout frontend
2019/02/24 12:20:34 Layout prepend running
2019/02/24 12:20:34 REGEXP FOUND: "^/owners$" in path "/owners"

2019/02/24 12:20:34 Anyone is allowed
2019/02/24 12:20:34 Render layout frontend
2019/02/24 12:20:34 Layout prepend running
2019/02/24 12:20:34 REGEXP FOUND: "^/interests$" in path "/interests"

2019/02/24 12:20:34 Anyone is allowed
2019/02/24 12:20:34 Render layout frontend
2019/02/24 12:21:51 Changing language to en
2019/02/24 12:21:51 Layout prepend running
2019/02/24 12:21:51 Adding css /assets/css/main.css
2019/02/24 12:21:51 SELECT * FROM media_type ORDER BY id
2019/02/24 12:21:51 REGEXP FOUND: "^/?" in path "/"

2019/02/24 12:21:51 Anyone is allowed
2019/02/24 12:21:51 Render layout frontend
2019/02/24 12:21:51 Layout prepend running
2019/02/24 12:21:51 REGEXP FOUND: "^/media$" in path "/media"

2019/02/24 12:21:51 Anyone is allowed
2019/02/24 12:21:51 Render layout frontend
2019/02/24 12:21:51 Layout prepend running
2019/02/24 12:21:51 REGEXP FOUND: "^/connections$" in path "/connections"

2019/02/24 12:21:51 Anyone is allowed
2019/02/24 12:21:51 Render layout frontend
2019/02/24 12:21:52 Layout prepend running
2019/02/24 12:21:52 Layout prepend running
2019/02/24 12:21:52 REGEXP FOUND: "^/operators$" in path "/operators"

2019/02/24 12:21:52 Anyone is allowed
2019/02/24 12:21:52 Render layout frontend
2019/02/24 12:21:52 Layout prepend running
2019/02/24 12:21:52 REGEXP FOUND: "^/interests$" in path "/interests"

2019/02/24 12:21:52 Anyone is allowed
2019/02/24 12:21:52 Render layout frontend
2019/02/24 12:23:04 Setting default language to user
2019/02/24 12:28:03 Setting default language to user
2019/02/24 12:28:55 Setting default language to user
2019/02/24 12:28:55 Layout prepend running
2019/02/24 12:28:55 Adding css /assets/css/main.css
2019/02/24 12:28:55 SELECT * FROM media_type ORDER BY id
2019/02/24 12:28:55 REGEXP FOUND: "^/?" in path "/"

2019/02/24 12:28:55 Anyone is allowed
2019/02/24 12:28:55 Render layout frontend
2019/02/24 12:28:56 Layout prepend running
2019/02/24 12:28:56 REGEXP FOUND: "^/media$" in path "/media"

2019/02/24 12:28:56 Anyone is allowed
2019/02/24 12:28:56 Render layout frontend
2019/02/24 12:28:56 Layout prepend running
2019/02/24 12:28:56 REGEXP FOUND: "^/interests$" in path "/interests"

2019/02/24 12:28:56 Anyone is allowed
2019/02/24 12:28:56 Render layout frontend
2019/02/24 12:28:56 Layout prepend running
2019/02/24 12:28:56 REGEXP FOUND: "^/owners$" in path "/owners"

2019/02/24 12:28:56 Anyone is allowed
2019/02/24 12:28:56 Render layout frontend
2019/02/24 12:28:56 Layout prepend running
2019/02/24 12:28:56 REGEXP FOUND: "^/operators$" in path "/operators"

2019/02/24 12:28:56 Anyone is allowed
2019/02/24 12:28:56 Render layout frontend
2019/02/24 12:28:56 Layout prepend running
2019/02/24 12:28:56 REGEXP FOUND: "^/connections$" in path "/connections"

2019/02/24 12:28:56 Anyone is allowed
2019/02/24 12:28:56 Render layout frontend
2019/02/24 12:33:03 Setting default language to user
2019/02/24 12:35:02 Setting default language to user
2019/02/24 12:35:02 Layout prepend running
2019/02/24 12:35:02 Adding css /assets/css/main.css
2019/02/24 12:35:02 SELECT * FROM media_type ORDER BY id
2019/02/24 12:35:02 REGEXP FOUND: "^/?" in path "/"

2019/02/24 12:35:02 Anyone is allowed
2019/02/24 12:35:02 Render layout frontend
2019/02/24 12:35:03 Layout prepend running
2019/02/24 12:35:03 REGEXP FOUND: "^/owners$" in path "/owners"

2019/02/24 12:35:03 Anyone is allowed
2019/02/24 12:35:03 Render layout frontend
2019/02/24 12:35:03 Layout prepend running
2019/02/24 12:35:03 REGEXP FOUND: "^/connections$" in path "/connections"

2019/02/24 12:35:03 Anyone is allowed
2019/02/24 12:35:03 Render layout frontend
2019/02/24 12:35:03 Layout prepend running
2019/02/24 12:35:03 REGEXP FOUND: "^/operators$" in path "/operators"

2019/02/24 12:35:03 Anyone is allowed
2019/02/24 12:35:03 Render layout frontend
2019/02/24 12:35:03 Layout prepend running
2019/02/24 12:35:03 REGEXP FOUND: "^/interests$" in path "/interests"

2019/02/24 12:35:03 Anyone is allowed
2019/02/24 12:35:03 Render layout frontend
2019/02/24 12:35:03 Layout prepend running
2019/02/24 12:35:03 REGEXP FOUND: "^/media$" in path "/media"

2019/02/24 12:35:03 Anyone is allowed
2019/02/24 12:35:03 Render layout frontend
2019/02/24 12:38:03 Setting default language to user
2019/02/24 12:43:03 Setting default language to user
2019/02/24 12:48:03 Setting default language to user
2019/02/24 12:53:03 Setting default language to user
2019/02/24 12:58:03 Setting default language to user
