2019/07/20 03:00:36 Setting default language to user
2019/07/20 03:05:36 Setting default language to user
2019/07/20 03:07:46 Setting default language to user
2019/07/20 03:07:46 Layout prepend running
2019/07/20 03:07:46 Adding css /assets/css/main.css
2019/07/20 03:07:46 SELECT * FROM media_type ORDER BY id
2019/07/20 03:07:46 REGEXP FOUND: "^/?" in path "/favicon.ico"

2019/07/20 03:07:46 Anyone is allowed
2019/07/20 03:07:46 Render layout frontend
2019/07/20 03:10:36 Setting default language to user
2019/07/20 03:14:24 Setting default language to user
2019/07/20 03:14:24 Layout prepend running
2019/07/20 03:14:24 Adding css /assets/css/main.css
2019/07/20 03:14:24 SELECT * FROM media_type ORDER BY id
2019/07/20 03:14:24 REGEXP FOUND: "^/?" in path "/"

2019/07/20 03:14:24 Anyone is allowed
2019/07/20 03:14:24 Render layout frontend
2019/07/20 03:14:27 Layout prepend running
2019/07/20 03:14:27 REGEXP FOUND: "^/operators$" in path "/operators"

2019/07/20 03:14:27 Anyone is allowed
2019/07/20 03:14:27 Render layout frontend
2019/07/20 03:14:27 Layout prepend running
2019/07/20 03:14:27 REGEXP FOUND: "^/owners$" in path "/owners"

2019/07/20 03:14:27 Anyone is allowed
2019/07/20 03:14:27 Render layout frontend
2019/07/20 03:14:27 Layout prepend running
2019/07/20 03:14:27 REGEXP FOUND: "^/interests$" in path "/interests"

2019/07/20 03:14:27 Anyone is allowed
2019/07/20 03:14:27 Render layout frontend
2019/07/20 03:14:27 Layout prepend running
2019/07/20 03:14:27 REGEXP FOUND: "^/media$" in path "/media"

2019/07/20 03:14:27 Anyone is allowed
2019/07/20 03:14:27 Render layout frontend
2019/07/20 03:14:34 Setting default language to user
2019/07/20 03:14:34 Layout prepend running
2019/07/20 03:14:34 Adding css /assets/css/main.css
2019/07/20 03:14:34 SELECT * FROM media_type ORDER BY id
2019/07/20 03:14:34 REGEXP FOUND: "^/?" in path "/favicon.ico"

2019/07/20 03:14:34 Anyone is allowed
2019/07/20 03:14:34 Render layout frontend
2019/07/20 03:15:37 Setting default language to user
2019/07/20 03:20:36 Setting default language to user
2019/07/20 03:25:36 Setting default language to user
2019/07/20 03:30:37 Setting default language to user
2019/07/20 03:35:37 Setting default language to user
2019/07/20 03:40:37 Setting default language to user
2019/07/20 03:45:36 Setting default language to user
2019/07/20 03:50:37 Setting default language to user
2019/07/20 03:55:36 Setting default language to user
