2019/05/24 08:02:50 Setting default language to user
2019/05/24 08:07:50 Setting default language to user
2019/05/24 08:12:50 Setting default language to user
2019/05/24 08:17:50 Setting default language to user
2019/05/24 08:20:13 Setting default language to user
2019/05/24 08:20:13 Layout prepend running
2019/05/24 08:20:13 Adding css /assets/css/main.css
2019/05/24 08:20:13 SELECT * FROM media_type ORDER BY id
2019/05/24 08:20:13 REGEXP FOUND: "^/?" in path "/"

2019/05/24 08:20:13 Anyone is allowed
2019/05/24 08:20:13 Render layout frontend
2019/05/24 08:20:13 Setting default language to user
2019/05/24 08:20:13 Layout prepend running
2019/05/24 08:20:13 Adding css /assets/css/main.css
2019/05/24 08:20:13 SELECT * FROM media_type ORDER BY id
2019/05/24 08:20:13 REGEXP FOUND: "^/?" in path "/"

2019/05/24 08:20:13 Anyone is allowed
2019/05/24 08:20:13 Render layout frontend
2019/05/24 08:20:17 Setting default language to user
2019/05/24 08:20:19 Setting default language to user
2019/05/24 08:20:19 Layout prepend running
2019/05/24 08:20:19 Adding css /assets/css/main.css
2019/05/24 08:20:19 SELECT * FROM media_type ORDER BY id
2019/05/24 08:20:19 REGEXP FOUND: "^/?" in path "/"

2019/05/24 08:20:19 Anyone is allowed
2019/05/24 08:20:19 Render layout frontend
2019/05/24 08:20:22 Layout prepend running
2019/05/24 08:20:22 REGEXP FOUND: "^/media$" in path "/media"

2019/05/24 08:20:22 Anyone is allowed
2019/05/24 08:20:22 Render layout frontend
2019/05/24 08:20:22 Layout prepend running
2019/05/24 08:20:22 REGEXP FOUND: "^/interests$" in path "/interests"

2019/05/24 08:20:22 Anyone is allowed
2019/05/24 08:20:22 Render layout frontend
2019/05/24 08:20:22 Layout prepend running
2019/05/24 08:20:22 REGEXP FOUND: "^/owners$" in path "/owners"

2019/05/24 08:20:22 Anyone is allowed
2019/05/24 08:20:22 Render layout frontend
2019/05/24 08:20:22 Layout prepend running
2019/05/24 08:20:22 REGEXP FOUND: "^/operators$" in path "/operators"

2019/05/24 08:20:22 Anyone is allowed
2019/05/24 08:20:22 Render layout frontend
2019/05/24 08:20:22 Layout prepend running
2019/05/24 08:20:22 REGEXP FOUND: "^/connections$" in path "/connections"

2019/05/24 08:20:22 Anyone is allowed
2019/05/24 08:20:22 Render layout frontend
2019/05/24 08:20:24 Setting default language to user
2019/05/24 08:20:24 Layout prepend running
2019/05/24 08:20:24 Adding css /assets/css/main.css
2019/05/24 08:20:24 SELECT * FROM media_type ORDER BY id
2019/05/24 08:20:24 REGEXP FOUND: "^/?" in path "/"

2019/05/24 08:20:24 Anyone is allowed
2019/05/24 08:20:24 Render layout frontend
2019/05/24 08:20:25 Layout prepend running
2019/05/24 08:20:25 Layout prepend running
2019/05/24 08:20:25 Layout prepend running
2019/05/24 08:20:25 Layout prepend running
2019/05/24 08:20:25 Layout prepend running
2019/05/24 08:20:25 REGEXP FOUND: "^/connections$" in path "/connections"

2019/05/24 08:20:25 Anyone is allowed
2019/05/24 08:20:25 Render layout frontend
2019/05/24 08:20:25 REGEXP FOUND: "^/owners$" in path "/owners"

2019/05/24 08:20:25 Anyone is allowed
2019/05/24 08:20:25 Render layout frontend
2019/05/24 08:20:25 REGEXP FOUND: "^/operators$" in path "/operators"

2019/05/24 08:20:25 Anyone is allowed
2019/05/24 08:20:25 Render layout frontend
2019/05/24 08:20:25 REGEXP FOUND: "^/media$" in path "/media"

2019/05/24 08:20:25 Anyone is allowed
2019/05/24 08:20:25 Render layout frontend
2019/05/24 08:22:04 Layout prepend running
2019/05/24 08:22:04 Layout prepend running
2019/05/24 08:22:04 REGEXP FOUND: "^/connections$" in path "/connections"

2019/05/24 08:22:04 Anyone is allowed
2019/05/24 08:22:04 Render layout frontend
2019/05/24 08:22:04 Layout prepend running
2019/05/24 08:22:04 Layout prepend running
2019/05/24 08:22:04 REGEXP FOUND: "^/media$" in path "/media"

2019/05/24 08:22:04 Anyone is allowed
2019/05/24 08:22:04 Render layout frontend
2019/05/24 08:22:04 Layout prepend running
2019/05/24 08:22:04 Layout prepend running
2019/05/24 08:22:04 REGEXP FOUND: "^/interests$" in path "/interests"

2019/05/24 08:22:04 Anyone is allowed
2019/05/24 08:22:04 Render layout frontend
2019/05/24 08:22:04 REGEXP FOUND: "^/operators$" in path "/operators"

2019/05/24 08:22:04 Anyone is allowed
2019/05/24 08:22:04 Render layout frontend
2019/05/24 08:22:49 Setting default language to user
2019/05/24 08:27:49 Setting default language to user
2019/05/24 08:32:49 Setting default language to user
2019/05/24 08:37:49 Setting default language to user
2019/05/24 08:42:49 Setting default language to user
2019/05/24 08:47:49 Setting default language to user
2019/05/24 08:52:49 Setting default language to user
2019/05/24 08:57:49 Setting default language to user
