2019/09/06 12:03:39 Setting default language to user
2019/09/06 12:08:39 Setting default language to user
2019/09/06 12:13:39 Setting default language to user
2019/09/06 12:13:40 Layout prepend running
2019/09/06 12:13:40 REGEXP FOUND: "^/operators$" in path "/operators"

2019/09/06 12:13:40 Anyone is allowed
2019/09/06 12:13:40 Render layout frontend
2019/09/06 12:13:41 Layout prepend running
2019/09/06 12:13:41 REGEXP FOUND: "^/interests$" in path "/interests"

2019/09/06 12:13:41 Anyone is allowed
2019/09/06 12:13:41 Layout prepend running
2019/09/06 12:13:41 Render layout frontend
2019/09/06 12:13:41 REGEXP FOUND: "^/connections$" in path "/connections"

2019/09/06 12:13:41 Anyone is allowed
2019/09/06 12:13:41 Render layout frontend
2019/09/06 12:13:41 Layout prepend running
2019/09/06 12:13:41 REGEXP FOUND: "^/media$" in path "/media"

2019/09/06 12:13:41 Anyone is allowed
2019/09/06 12:13:41 Layout prepend running
2019/09/06 12:13:41 Render layout frontend
2019/09/06 12:13:42 REGEXP FOUND: "^/owners$" in path "/owners"

2019/09/06 12:13:42 Anyone is allowed
2019/09/06 12:13:42 Render layout frontend
2019/09/06 12:18:39 Setting default language to user
2019/09/06 12:23:39 Setting default language to user
2019/09/06 12:28:39 Setting default language to user
2019/09/06 12:33:39 Setting default language to user
2019/09/06 12:38:39 Setting default language to user
2019/09/06 12:43:39 Setting default language to user
2019/09/06 12:48:39 Setting default language to user
2019/09/06 12:53:39 Setting default language to user
2019/09/06 12:58:39 Setting default language to user
