2019/04/08 11:00:05 Setting default language to user
2019/04/08 11:05:05 Setting default language to user
2019/04/08 11:10:05 Setting default language to user
2019/04/08 11:15:06 Setting default language to user
2019/04/08 11:17:13 Setting default language to user
2019/04/08 11:17:13 Layout prepend running
2019/04/08 11:17:13 Adding css /assets/css/main.css
2019/04/08 11:17:13 SELECT * FROM media_type ORDER BY id
2019/04/08 11:17:13 REGEXP FOUND: "^/?" in path "/favicon.ico"

2019/04/08 11:17:13 Anyone is allowed
2019/04/08 11:17:13 Render layout frontend
2019/04/08 11:20:06 Setting default language to user
2019/04/08 11:25:05 Setting default language to user
2019/04/08 11:30:05 Setting default language to user
2019/04/08 11:35:05 Setting default language to user
2019/04/08 11:40:05 Setting default language to user
2019/04/08 11:45:05 Setting default language to user
2019/04/08 11:49:01 Setting default language to user
2019/04/08 11:49:01 Layout prepend running
2019/04/08 11:49:01 Adding css /assets/css/main.css
2019/04/08 11:49:01 SELECT * FROM media_type ORDER BY id
2019/04/08 11:49:01 REGEXP FOUND: "^/?" in path "/"

2019/04/08 11:49:01 Anyone is allowed
2019/04/08 11:49:01 Render layout frontend
2019/04/08 11:49:05 Layout prepend running
2019/04/08 11:49:05 REGEXP FOUND: "^/owners$" in path "/owners"

2019/04/08 11:49:05 Anyone is allowed
2019/04/08 11:49:05 Render layout frontend
2019/04/08 11:49:05 Layout prepend running
2019/04/08 11:49:05 REGEXP FOUND: "^/media$" in path "/media"

2019/04/08 11:49:05 Anyone is allowed
2019/04/08 11:49:05 Render layout frontend
2019/04/08 11:49:05 Layout prepend running
2019/04/08 11:49:05 Layout prepend running
2019/04/08 11:49:05 REGEXP FOUND: "^/interests$" in path "/interests"

2019/04/08 11:49:05 Anyone is allowed
2019/04/08 11:49:05 REGEXP FOUND: "^/connections$" in path "/connections"

2019/04/08 11:49:05 Anyone is allowed
2019/04/08 11:49:05 Render layout frontend
2019/04/08 11:49:06 Layout prepend running
2019/04/08 11:49:06 REGEXP FOUND: "^/operators$" in path "/operators"

2019/04/08 11:49:06 Anyone is allowed
2019/04/08 11:49:06 Render layout frontend
2019/04/08 11:49:09 Setting default language to user
2019/04/08 11:49:09 Layout prepend running
2019/04/08 11:49:09 Adding css /assets/css/main.css
2019/04/08 11:49:09 SELECT * FROM media_type ORDER BY id
2019/04/08 11:49:09 REGEXP FOUND: "^/?" in path "/favicon.ico"

2019/04/08 11:49:09 Anyone is allowed
2019/04/08 11:49:09 Render layout frontend
2019/04/08 11:50:05 Setting default language to user
2019/04/08 11:55:05 Setting default language to user
