2019/06/13 10:04:53 Setting default language to user
2019/06/13 10:09:53 Setting default language to user
2019/06/13 10:14:53 Setting default language to user
2019/06/13 10:19:10 Setting default language to user
2019/06/13 10:19:10 Layout prepend running
2019/06/13 10:19:10 Adding css /assets/css/main.css
2019/06/13 10:19:10 SELECT * FROM media_type ORDER BY id
2019/06/13 10:19:10 REGEXP FOUND: "^/?" in path "/"

2019/06/13 10:19:10 Anyone is allowed
2019/06/13 10:19:10 Render layout frontend
2019/06/13 10:19:13 Layout prepend running
2019/06/13 10:19:13 Layout prepend running
2019/06/13 10:19:13 Layout prepend running
2019/06/13 10:19:13 Layout prepend running
2019/06/13 10:19:13 REGEXP FOUND: "^/owners$" in path "/owners"

2019/06/13 10:19:13 Anyone is allowed
2019/06/13 10:19:13 Render layout frontend
2019/06/13 10:19:13 Layout prepend running
2019/06/13 10:19:13 REGEXP FOUND: "^/connections$" in path "/connections"

2019/06/13 10:19:13 Anyone is allowed
2019/06/13 10:19:13 Render layout frontend
2019/06/13 10:19:13 REGEXP FOUND: "^/interests$" in path "/interests"

2019/06/13 10:19:13 Anyone is allowed
2019/06/13 10:19:13 Render layout frontend
2019/06/13 10:19:13 REGEXP FOUND: "^/media$" in path "/media"

2019/06/13 10:19:13 Anyone is allowed
2019/06/13 10:19:13 Render layout frontend
2019/06/13 10:19:53 Setting default language to user
2019/06/13 10:24:53 Setting default language to user
2019/06/13 10:29:53 Setting default language to user
2019/06/13 10:34:53 Setting default language to user
2019/06/13 10:39:53 Setting default language to user
2019/06/13 10:44:53 Setting default language to user
2019/06/13 10:49:53 Setting default language to user
2019/06/13 10:54:53 Setting default language to user
2019/06/13 10:59:53 Setting default language to user
