2019/06/12 11:04:07 Setting default language to user
2019/06/12 11:09:07 Setting default language to user
2019/06/12 11:09:46 Setting default language to user
2019/06/12 11:09:46 Layout prepend running
2019/06/12 11:09:46 Adding css /assets/css/main.css
2019/06/12 11:09:46 SELECT * FROM media_type ORDER BY id
2019/06/12 11:09:46 REGEXP FOUND: "^/?" in path "/"

2019/06/12 11:09:46 Anyone is allowed
2019/06/12 11:09:46 Render layout frontend
2019/06/12 11:09:53 Layout prepend running
2019/06/12 11:09:53 Layout prepend running
2019/06/12 11:09:53 REGEXP FOUND: "^/owners$" in path "/owners"

2019/06/12 11:09:53 Anyone is allowed
2019/06/12 11:09:53 Render layout frontend
2019/06/12 11:09:53 Layout prepend running
2019/06/12 11:09:53 REGEXP FOUND: "^/connections$" in path "/connections"

2019/06/12 11:09:53 Anyone is allowed
2019/06/12 11:09:53 Render layout frontend
2019/06/12 11:09:53 Layout prepend running
2019/06/12 11:09:53 Layout prepend running
2019/06/12 11:09:53 REGEXP FOUND: "^/operators$" in path "/operators"

2019/06/12 11:09:53 Anyone is allowed
2019/06/12 11:09:53 Render layout frontend
2019/06/12 11:09:53 REGEXP FOUND: "^/interests$" in path "/interests"

2019/06/12 11:09:53 Anyone is allowed
2019/06/12 11:09:53 Render layout frontend
2019/06/12 11:09:53 REGEXP FOUND: "^/media$" in path "/media"

2019/06/12 11:09:53 Anyone is allowed
2019/06/12 11:09:53 Render layout frontend
2019/06/12 11:10:08 Layout prepend running
2019/06/12 11:10:08 Adding css /assets/css/main.css
2019/06/12 11:10:08 SELECT * FROM media_type ORDER BY id
2019/06/12 11:10:08 REGEXP FOUND: "^/?" in path "/"

2019/06/12 11:10:08 Anyone is allowed
2019/06/12 11:10:08 Render layout frontend
2019/06/12 11:10:08 Layout prepend running
2019/06/12 11:10:08 REGEXP FOUND: "^/media$" in path "/media"

2019/06/12 11:10:08 Anyone is allowed
2019/06/12 11:10:08 Render layout frontend
2019/06/12 11:10:08 Layout prepend running
2019/06/12 11:10:08 Layout prepend running
2019/06/12 11:10:08 REGEXP FOUND: "^/connections$" in path "/connections"

2019/06/12 11:10:08 Anyone is allowed
2019/06/12 11:10:08 Render layout frontend
2019/06/12 11:10:08 Layout prepend running
2019/06/12 11:10:08 Layout prepend running
2019/06/12 11:10:08 REGEXP FOUND: "^/owners$" in path "/owners"

2019/06/12 11:10:08 Anyone is allowed
2019/06/12 11:10:08 Render layout frontend
2019/06/12 11:14:07 Setting default language to user
2019/06/12 11:19:07 Setting default language to user
2019/06/12 11:24:07 Setting default language to user
2019/06/12 11:29:07 Setting default language to user
2019/06/12 11:34:07 Setting default language to user
2019/06/12 11:39:07 Setting default language to user
2019/06/12 11:44:07 Setting default language to user
2019/06/12 11:49:07 Setting default language to user
2019/06/12 11:54:07 Setting default language to user
2019/06/12 11:59:07 Setting default language to user
