2019/04/30 09:02:00 Setting default language to user
2019/04/30 09:07:00 Setting default language to user
2019/04/30 09:12:00 Setting default language to user
2019/04/30 09:17:00 Setting default language to user
2019/04/30 09:19:15 Setting default language to user
2019/04/30 09:22:00 Setting default language to user
2019/04/30 09:27:00 Setting default language to user
2019/04/30 09:32:00 Setting default language to user
2019/04/30 09:37:00 Setting default language to user
2019/04/30 09:40:44 Setting default language to user
2019/04/30 09:40:44 Layout prepend running
2019/04/30 09:40:44 Adding css /assets/css/main.css
2019/04/30 09:40:44 SELECT * FROM media_type ORDER BY id
2019/04/30 09:40:44 REGEXP FOUND: "^/?" in path "/"

2019/04/30 09:40:44 Anyone is allowed
2019/04/30 09:40:44 Render layout frontend
2019/04/30 09:40:46 Layout prepend running
2019/04/30 09:40:46 Layout prepend running
2019/04/30 09:40:46 Layout prepend running
2019/04/30 09:40:46 Layout prepend running
2019/04/30 09:40:46 REGEXP FOUND: "^/media$" in path "/media"

2019/04/30 09:40:46 Anyone is allowed
2019/04/30 09:40:46 Render layout frontend
2019/04/30 09:40:46 REGEXP FOUND: "^/connections$" in path "/connections"

2019/04/30 09:40:46 Anyone is allowed
2019/04/30 09:40:46 Render layout frontend
2019/04/30 09:40:46 REGEXP FOUND: "^/owners$" in path "/owners"

2019/04/30 09:40:46 Anyone is allowed
2019/04/30 09:40:46 Render layout frontend
2019/04/30 09:40:46 REGEXP FOUND: "^/operators$" in path "/operators"

2019/04/30 09:40:46 Anyone is allowed
2019/04/30 09:40:46 Render layout frontend
2019/04/30 09:40:47 Layout prepend running
2019/04/30 09:40:47 REGEXP FOUND: "^/interests$" in path "/interests"

2019/04/30 09:40:47 Anyone is allowed
2019/04/30 09:40:47 Render layout frontend
2019/04/30 09:40:57 Changing language to en
2019/04/30 09:40:57 Layout prepend running
2019/04/30 09:40:57 Adding css /assets/css/main.css
2019/04/30 09:40:57 SELECT * FROM media_type ORDER BY id
2019/04/30 09:40:57 REGEXP FOUND: "^/?" in path "/"

2019/04/30 09:40:57 Anyone is allowed
2019/04/30 09:40:57 Render layout frontend
2019/04/30 09:40:57 Layout prepend running
2019/04/30 09:40:57 REGEXP FOUND: "^/media$" in path "/media"

2019/04/30 09:40:57 Anyone is allowed
2019/04/30 09:40:57 Layout prepend running
2019/04/30 09:40:57 REGEXP FOUND: "^/connections$" in path "/connections"

2019/04/30 09:40:57 Anyone is allowed
2019/04/30 09:40:57 Layout prepend running
2019/04/30 09:40:57 REGEXP FOUND: "^/operators$" in path "/operators"

2019/04/30 09:40:57 Anyone is allowed
2019/04/30 09:40:57 Layout prepend running
2019/04/30 09:40:57 Render layout frontend
2019/04/30 09:40:57 Layout prepend running
2019/04/30 09:40:57 REGEXP FOUND: "^/owners$" in path "/owners"

2019/04/30 09:40:57 Anyone is allowed
2019/04/30 09:40:57 Render layout frontend
2019/04/30 09:40:57 REGEXP FOUND: "^/interests$" in path "/interests"

2019/04/30 09:40:57 Anyone is allowed
2019/04/30 09:40:57 Render layout frontend
2019/04/30 09:41:01 Changing language to en
2019/04/30 09:41:01 Layout prepend running
2019/04/30 09:41:01 Adding css /assets/css/main.css
2019/04/30 09:41:01 SELECT * FROM media_type ORDER BY id
2019/04/30 09:41:01 REGEXP FOUND: "^/?" in path "/"

2019/04/30 09:41:01 Anyone is allowed
2019/04/30 09:41:01 Render layout frontend
2019/04/30 09:41:01 Layout prepend running
2019/04/30 09:41:01 REGEXP FOUND: "^/media$" in path "/media"

2019/04/30 09:41:01 Anyone is allowed
2019/04/30 09:41:01 Render layout frontend
2019/04/30 09:41:01 Layout prepend running
2019/04/30 09:41:01 REGEXP FOUND: "^/connections$" in path "/connections"

2019/04/30 09:41:01 Anyone is allowed
2019/04/30 09:41:01 Render layout frontend
2019/04/30 09:41:01 Layout prepend running
2019/04/30 09:41:01 Layout prepend running
2019/04/30 09:41:01 REGEXP FOUND: "^/operators$" in path "/operators"

2019/04/30 09:41:01 Anyone is allowed
2019/04/30 09:41:01 REGEXP FOUND: "^/owners$" in path "/owners"

2019/04/30 09:41:01 Anyone is allowed
2019/04/30 09:41:01 Render layout frontend
2019/04/30 09:41:01 Layout prepend running
2019/04/30 09:41:01 REGEXP FOUND: "^/interests$" in path "/interests"

2019/04/30 09:41:01 Anyone is allowed
2019/04/30 09:41:01 Render layout frontend
2019/04/30 09:41:18 Layout prepend running
2019/04/30 09:41:18 Adding css /assets/css/main.css
2019/04/30 09:41:18 SELECT * FROM media_type ORDER BY id
2019/04/30 09:41:18 REGEXP FOUND: "^/?" in path "/"

2019/04/30 09:41:18 Anyone is allowed
2019/04/30 09:41:18 Render layout frontend
2019/04/30 09:41:19 Layout prepend running
2019/04/30 09:41:19 REGEXP FOUND: "^/media$" in path "/media"

2019/04/30 09:41:19 Anyone is allowed
2019/04/30 09:41:19 Render layout frontend
2019/04/30 09:41:19 Layout prepend running
2019/04/30 09:41:19 Layout prepend running
2019/04/30 09:41:19 Layout prepend running
2019/04/30 09:41:19 Layout prepend running
2019/04/30 09:41:19 REGEXP FOUND: "^/connections$" in path "/connections"

2019/04/30 09:41:19 Anyone is allowed
2019/04/30 09:41:19 Render layout frontend
2019/04/30 09:41:19 REGEXP FOUND: "^/interests$" in path "/interests"

2019/04/30 09:41:19 Anyone is allowed
2019/04/30 09:41:19 Render layout frontend
2019/04/30 09:41:19 REGEXP FOUND: "^/operators$" in path "/operators"

2019/04/30 09:41:19 Anyone is allowed
2019/04/30 09:41:19 Render layout frontend
2019/04/30 09:41:19 REGEXP FOUND: "^/owners$" in path "/owners"

2019/04/30 09:41:19 Anyone is allowed
2019/04/30 09:41:19 Render layout frontend
2019/04/30 09:42:00 Setting default language to user
2019/04/30 09:45:27 Setting default language to user
2019/04/30 09:45:28 Setting default language to user
2019/04/30 09:45:28 Layout prepend running
2019/04/30 09:45:28 Adding css /assets/css/main.css
2019/04/30 09:45:28 SELECT * FROM media_type ORDER BY id
2019/04/30 09:45:28 REGEXP FOUND: "^/?" in path "/favicon.ico"

2019/04/30 09:45:28 Anyone is allowed
2019/04/30 09:45:28 Render layout frontend
2019/04/30 09:47:00 Setting default language to user
2019/04/30 09:48:46 Layout prepend running
2019/04/30 09:48:46 Adding css /assets/css/main.css
2019/04/30 09:48:46 SELECT * FROM media_type ORDER BY id
2019/04/30 09:48:46 REGEXP FOUND: "^/?" in path "/"

2019/04/30 09:48:46 Anyone is allowed
2019/04/30 09:48:46 Render layout frontend
2019/04/30 09:48:47 Layout prepend running
2019/04/30 09:48:47 REGEXP FOUND: "^/media$" in path "/media"

2019/04/30 09:48:47 Anyone is allowed
2019/04/30 09:48:47 Layout prepend running
2019/04/30 09:48:47 REGEXP FOUND: "^/connections$" in path "/connections"

2019/04/30 09:48:47 Anyone is allowed
2019/04/30 09:48:47 Render layout frontend
2019/04/30 09:48:47 Render layout frontend
2019/04/30 09:48:47 Layout prepend running
2019/04/30 09:48:47 Layout prepend running
2019/04/30 09:48:47 REGEXP FOUND: "^/operators$" in path "/operators"

2019/04/30 09:48:47 Anyone is allowed
2019/04/30 09:48:47 Render layout frontend
2019/04/30 09:48:48 Layout prepend running
2019/04/30 09:48:48 REGEXP FOUND: "^/interests$" in path "/interests"

2019/04/30 09:48:48 Anyone is allowed
2019/04/30 09:48:48 Render layout frontend
2019/04/30 09:48:49 Layout prepend running
2019/04/30 09:48:49 Adding css /assets/css/main.css
2019/04/30 09:48:49 SELECT * FROM media_type ORDER BY id
2019/04/30 09:48:49 REGEXP FOUND: "^/?" in path "/"

2019/04/30 09:48:49 Anyone is allowed
2019/04/30 09:48:49 Render layout frontend
2019/04/30 09:48:50 Layout prepend running
2019/04/30 09:48:50 REGEXP FOUND: "^/media$" in path "/media"

2019/04/30 09:48:50 Anyone is allowed
2019/04/30 09:48:50 Render layout frontend
2019/04/30 09:48:50 Layout prepend running
2019/04/30 09:48:50 Layout prepend running
2019/04/30 09:48:50 Layout prepend running
2019/04/30 09:48:50 Layout prepend running
2019/04/30 09:48:50 REGEXP FOUND: "^/interests$" in path "/interests"

2019/04/30 09:48:50 Anyone is allowed
2019/04/30 09:48:50 Render layout frontend
2019/04/30 09:48:50 REGEXP FOUND: "^/owners$" in path "/owners"

2019/04/30 09:48:50 Anyone is allowed
2019/04/30 09:48:50 Render layout frontend
2019/04/30 09:52:00 Setting default language to user
2019/04/30 09:56:59 Setting default language to user
