2019/09/07 03:01:39 Setting default language to user
2019/09/07 03:06:39 Setting default language to user
2019/09/07 03:11:39 Setting default language to user
2019/09/07 03:16:39 Setting default language to user
2019/09/07 03:21:39 Setting default language to user
2019/09/07 03:26:39 Setting default language to user
2019/09/07 03:31:39 Setting default language to user
2019/09/07 03:36:39 Setting default language to user
2019/09/07 03:41:39 Setting default language to user
2019/09/07 03:41:53 Setting default language to user
2019/09/07 03:41:53 Layout prepend running
2019/09/07 03:41:53 Adding css /assets/css/main.css
2019/09/07 03:41:53 SELECT * FROM media_type ORDER BY id
2019/09/07 03:41:53 REGEXP FOUND: "^/?" in path "/"

2019/09/07 03:41:53 Anyone is allowed
2019/09/07 03:41:53 Render layout frontend
2019/09/07 03:42:03 Layout prepend running
2019/09/07 03:42:03 REGEXP FOUND: "^/interests$" in path "/interests"

2019/09/07 03:42:03 Anyone is allowed
2019/09/07 03:42:03 Render layout frontend
2019/09/07 03:42:03 Layout prepend running
2019/09/07 03:42:03 REGEXP FOUND: "^/media$" in path "/media"

2019/09/07 03:42:03 Anyone is allowed
2019/09/07 03:42:03 Render layout frontend
2019/09/07 03:42:03 Layout prepend running
2019/09/07 03:42:03 REGEXP FOUND: "^/operators$" in path "/operators"

2019/09/07 03:42:03 Anyone is allowed
2019/09/07 03:42:03 Render layout frontend
2019/09/07 03:42:04 Layout prepend running
2019/09/07 03:42:04 REGEXP FOUND: "^/owners$" in path "/owners"

2019/09/07 03:42:04 Anyone is allowed
2019/09/07 03:42:04 Render layout frontend
2019/09/07 03:42:04 Layout prepend running
2019/09/07 03:42:04 REGEXP FOUND: "^/connections$" in path "/connections"

2019/09/07 03:42:04 Anyone is allowed
2019/09/07 03:42:04 Render layout frontend
2019/09/07 03:46:39 Setting default language to user
2019/09/07 03:51:39 Setting default language to user
2019/09/07 03:56:39 Setting default language to user
