2019/04/28 06:00:31 Setting default language to user
2019/04/28 06:00:31 Layout prepend running
2019/04/28 06:00:31 Adding css /assets/css/main.css
2019/04/28 06:00:31 SELECT * FROM media_type ORDER BY id
2019/04/28 06:00:31 REGEXP FOUND: "^/?" in path "/robots.txt"

2019/04/28 06:00:31 Anyone is allowed
2019/04/28 06:00:31 Render layout frontend
2019/04/28 06:00:31 Setting default language to user
2019/04/28 06:00:31 Layout prepend running
2019/04/28 06:00:31 Adding css /assets/css/main.css
2019/04/28 06:00:31 SELECT * FROM media_type ORDER BY id
2019/04/28 06:00:31 REGEXP FOUND: "^/?" in path "/"

2019/04/28 06:00:31 Anyone is allowed
2019/04/28 06:00:31 Render layout frontend
2019/04/28 06:03:10 Setting default language to user
2019/04/28 06:08:10 Setting default language to user
2019/04/28 06:13:10 Setting default language to user
2019/04/28 06:18:10 Setting default language to user
2019/04/28 06:25:09 Setting default language to user
2019/04/28 06:30:08 Setting default language to user
2019/04/28 06:35:08 Setting default language to user
2019/04/28 06:40:08 Setting default language to user
2019/04/28 06:45:08 Setting default language to user
2019/04/28 06:50:08 Setting default language to user
2019/04/28 06:55:08 Setting default language to user
