2019/01/22 18:03:23 Setting default language to user
2019/01/22 18:08:24 Setting default language to user
2019/01/22 18:13:24 Setting default language to user
2019/01/22 18:18:23 Setting default language to user
2019/01/22 18:23:24 Setting default language to user
2019/01/22 18:28:24 Setting default language to user
2019/01/22 18:33:23 Setting default language to user
2019/01/22 18:38:16 Setting default language to user
2019/01/22 18:38:16 Layout prepend running
2019/01/22 18:38:16 Adding css /assets/css/main.css
2019/01/22 18:38:16 SELECT * FROM media_type ORDER BY id
2019/01/22 18:38:16 REGEXP FOUND: "^/?" in path "/"

2019/01/22 18:38:16 Anyone is allowed
2019/01/22 18:38:16 Render layout frontend
2019/01/22 18:38:17 Layout prepend running
2019/01/22 18:38:17 REGEXP FOUND: "^/media$" in path "/media"

2019/01/22 18:38:17 Anyone is allowed
2019/01/22 18:38:17 Render layout frontend
2019/01/22 18:38:17 Layout prepend running
2019/01/22 18:38:17 REGEXP FOUND: "^/interests$" in path "/interests"

2019/01/22 18:38:17 Anyone is allowed
2019/01/22 18:38:17 Render layout frontend
2019/01/22 18:38:17 Layout prepend running
2019/01/22 18:38:17 REGEXP FOUND: "^/owners$" in path "/owners"

2019/01/22 18:38:17 Anyone is allowed
2019/01/22 18:38:17 Render layout frontend
2019/01/22 18:38:17 Layout prepend running
2019/01/22 18:38:17 REGEXP FOUND: "^/operators$" in path "/operators"

2019/01/22 18:38:17 Anyone is allowed
2019/01/22 18:38:17 Render layout frontend
2019/01/22 18:38:17 Layout prepend running
2019/01/22 18:38:17 REGEXP FOUND: "^/connections$" in path "/connections"

2019/01/22 18:38:17 Anyone is allowed
2019/01/22 18:38:17 Render layout frontend
2019/01/22 18:38:23 Setting default language to user
2019/01/22 18:43:22 Setting default language to user
2019/01/22 18:48:22 Setting default language to user
2019/01/22 18:53:22 Setting default language to user
2019/01/22 18:58:22 Setting default language to user
