2019/05/02 17:02:50 Setting default language to user
2019/05/02 17:07:50 Setting default language to user
2019/05/02 17:11:54 Setting default language to user
2019/05/02 17:16:54 Setting default language to user
2019/05/02 17:21:34 Layout prepend running
2019/05/02 17:21:34 REGEXP FOUND: "^/operators$" in path "/operators"

2019/05/02 17:21:34 Anyone is allowed
2019/05/02 17:21:34 Render layout frontend
2019/05/02 17:21:35 Layout prepend running
2019/05/02 17:21:35 REGEXP FOUND: "^/owners$" in path "/owners"

2019/05/02 17:21:35 Anyone is allowed
2019/05/02 17:21:35 Render layout frontend
2019/05/02 17:21:54 Setting default language to user
2019/05/02 17:26:54 Setting default language to user
2019/05/02 17:31:54 Setting default language to user
2019/05/02 17:36:54 Setting default language to user
2019/05/02 17:41:54 Setting default language to user
2019/05/02 17:46:54 Setting default language to user
2019/05/02 17:51:54 Setting default language to user
2019/05/02 17:56:54 Setting default language to user
