2019/07/26 10:02:51 Setting default language to user
2019/07/26 10:07:51 Setting default language to user
2019/07/26 10:12:51 Setting default language to user
2019/07/26 10:17:51 Setting default language to user
2019/07/26 10:22:51 Setting default language to user
2019/07/26 10:27:51 Setting default language to user
2019/07/26 10:32:51 Setting default language to user
2019/07/26 10:37:51 Setting default language to user
2019/07/26 10:41:53 Setting default language to user
2019/07/26 10:41:53 Layout prepend running
2019/07/26 10:41:53 Adding css /assets/css/main.css
2019/07/26 10:41:53 SELECT * FROM media_type ORDER BY id
2019/07/26 10:41:53 REGEXP FOUND: "^/?" in path "/robots.txt"

2019/07/26 10:41:53 Anyone is allowed
2019/07/26 10:41:53 Render layout frontend
2019/07/26 10:41:57 Setting default language to user
2019/07/26 10:42:51 Setting default language to user
2019/07/26 10:47:51 Setting default language to user
2019/07/26 10:52:51 Setting default language to user
2019/07/26 10:57:51 Setting default language to user
