2019/05/06 06:03:18 Setting default language to user
2019/05/06 06:08:18 Setting default language to user
2019/05/06 06:13:18 Setting default language to user
2019/05/06 06:18:18 Setting default language to user
2019/05/06 06:23:18 Setting default language to user
2019/05/06 06:26:04 Setting default language to user
2019/05/06 06:26:04 Layout prepend running
2019/05/06 06:26:04 Adding css /assets/css/main.css
2019/05/06 06:26:04 SELECT * FROM media_type ORDER BY id
2019/05/06 06:26:04 REGEXP FOUND: "^/?" in path "/robots.txt"

2019/05/06 06:26:04 Anyone is allowed
2019/05/06 06:26:04 Render layout frontend
2019/05/06 06:26:08 Setting default language to user
2019/05/06 06:26:08 Layout prepend running
2019/05/06 06:26:08 Adding css /assets/css/main.css
2019/05/06 06:26:08 SELECT * FROM media_type ORDER BY id
2019/05/06 06:26:08 REGEXP FOUND: "^/?" in path "/favicon.ico"

2019/05/06 06:26:08 Anyone is allowed
2019/05/06 06:26:08 Render layout frontend
2019/05/06 06:28:18 Setting default language to user
2019/05/06 06:33:18 Setting default language to user
2019/05/06 06:38:18 Setting default language to user
2019/05/06 06:43:18 Setting default language to user
2019/05/06 06:48:18 Setting default language to user
2019/05/06 06:56:56 Setting default language to user
