2019/08/03 08:00:33 Setting default language to user
2019/08/03 08:05:33 Setting default language to user
2019/08/03 08:10:33 Setting default language to user
2019/08/03 08:15:33 Setting default language to user
2019/08/03 08:20:33 Setting default language to user
2019/08/03 08:25:33 Setting default language to user
2019/08/03 08:30:33 Setting default language to user
2019/08/03 08:35:33 Setting default language to user
2019/08/03 08:37:41 Setting default language to user
2019/08/03 08:37:41 Layout prepend running
2019/08/03 08:37:41 Adding css /assets/css/main.css
2019/08/03 08:37:41 SELECT * FROM media_type ORDER BY id
2019/08/03 08:37:41 REGEXP FOUND: "^/?" in path "/robots.txt"

2019/08/03 08:37:41 Anyone is allowed
2019/08/03 08:37:41 Render layout frontend
2019/08/03 08:37:41 Setting default language to user
2019/08/03 08:37:41 Layout prepend running
2019/08/03 08:37:41 Adding css /assets/css/main.css
2019/08/03 08:37:41 SELECT * FROM media_type ORDER BY id
2019/08/03 08:37:41 REGEXP FOUND: "^/?" in path "/"

2019/08/03 08:37:41 Anyone is allowed
2019/08/03 08:37:41 Render layout frontend
2019/08/03 08:40:33 Setting default language to user
2019/08/03 08:45:33 Setting default language to user
2019/08/03 08:50:33 Setting default language to user
2019/08/03 08:55:33 Setting default language to user
