2019/07/06 23:04:53 Setting default language to user
2019/07/06 23:09:53 Setting default language to user
2019/07/06 23:14:53 Setting default language to user
2019/07/06 23:19:53 Setting default language to user
2019/07/06 23:24:53 Setting default language to user
2019/07/06 23:29:20 Setting default language to user
2019/07/06 23:29:20 Layout prepend running
2019/07/06 23:29:20 Adding css /assets/css/main.css
2019/07/06 23:29:20 SELECT * FROM media_type ORDER BY id
2019/07/06 23:29:20 REGEXP FOUND: "^/?" in path "/robots.txt"

2019/07/06 23:29:20 Anyone is allowed
2019/07/06 23:29:20 Render layout frontend
2019/07/06 23:29:20 Setting default language to user
2019/07/06 23:29:20 Layout prepend running
2019/07/06 23:29:20 Adding css /assets/css/main.css
2019/07/06 23:29:20 SELECT * FROM media_type ORDER BY id
2019/07/06 23:29:20 REGEXP FOUND: "^/?" in path "/"

2019/07/06 23:29:20 Anyone is allowed
2019/07/06 23:29:20 Render layout frontend
2019/07/06 23:29:23 Setting default language to user
2019/07/06 23:29:23 Layout prepend running
2019/07/06 23:29:23 Adding css /assets/css/main.css
2019/07/06 23:29:23 SELECT * FROM media_type ORDER BY id
2019/07/06 23:29:23 REGEXP FOUND: "^/?" in path "/favicon.ico"

2019/07/06 23:29:23 Anyone is allowed
2019/07/06 23:29:23 Render layout frontend
2019/07/06 23:29:53 Setting default language to user
2019/07/06 23:34:53 Setting default language to user
2019/07/06 23:39:53 Setting default language to user
2019/07/06 23:44:53 Setting default language to user
2019/07/06 23:49:53 Setting default language to user
2019/07/06 23:54:53 Setting default language to user
2019/07/06 23:59:53 Setting default language to user
