2019/05/04 15:01:05 Setting default language to user
2019/05/04 15:06:51 Setting default language to user
2019/05/04 15:11:51 Setting default language to user
2019/05/04 15:16:51 Setting default language to user
2019/05/04 15:21:51 Setting default language to user
2019/05/04 15:22:38 Setting default language to user
2019/05/04 15:22:38 Layout prepend running
2019/05/04 15:22:38 Adding css /assets/css/main.css
2019/05/04 15:22:39 SELECT * FROM media_type ORDER BY id
2019/05/04 15:22:39 REGEXP FOUND: "^/?" in path "/"

2019/05/04 15:22:39 Anyone is allowed
2019/05/04 15:22:39 Render layout frontend
2019/05/04 15:22:40 Layout prepend running
2019/05/04 15:22:40 Adding css /assets/css/main.css
2019/05/04 15:22:40 SELECT * FROM media_type ORDER BY id
2019/05/04 15:22:40 REGEXP FOUND: "^/?" in path "/"

2019/05/04 15:22:40 Anyone is allowed
2019/05/04 15:22:40 Render layout frontend
2019/05/04 15:26:51 Setting default language to user
2019/05/04 15:31:51 Setting default language to user
2019/05/04 15:36:51 Setting default language to user
2019/05/04 15:41:51 Setting default language to user
2019/05/04 15:46:51 Setting default language to user
2019/05/04 15:51:51 Setting default language to user
2019/05/04 15:56:51 Setting default language to user
