2019/05/17 01:02:51 Setting default language to user
2019/05/17 01:07:51 Setting default language to user
2019/05/17 01:12:50 Setting default language to user
2019/05/17 01:17:51 Setting default language to user
2019/05/17 01:19:27 Setting default language to user
2019/05/17 01:19:27 Layout prepend running
2019/05/17 01:19:27 Adding css /assets/css/main.css
2019/05/17 01:19:27 SELECT * FROM media_type ORDER BY id
2019/05/17 01:19:27 REGEXP FOUND: "^/?" in path "/"

2019/05/17 01:19:27 Anyone is allowed
2019/05/17 01:19:27 Render layout frontend
2019/05/17 01:19:30 Layout prepend running
2019/05/17 01:19:30 REGEXP FOUND: "^/interests$" in path "/interests"

2019/05/17 01:19:30 Anyone is allowed
2019/05/17 01:19:30 Render layout frontend
2019/05/17 01:19:30 Layout prepend running
2019/05/17 01:19:30 REGEXP FOUND: "^/media$" in path "/media"

2019/05/17 01:19:30 Anyone is allowed
2019/05/17 01:19:30 Render layout frontend
2019/05/17 01:19:34 Setting default language to user
2019/05/17 01:19:34 Layout prepend running
2019/05/17 01:19:34 Adding css /assets/css/main.css
2019/05/17 01:19:34 SELECT * FROM media_type ORDER BY id
2019/05/17 01:19:34 REGEXP FOUND: "^/?" in path "/favicon.ico"

2019/05/17 01:19:34 Anyone is allowed
2019/05/17 01:19:34 Render layout frontend
2019/05/17 01:22:51 Setting default language to user
2019/05/17 01:27:51 Setting default language to user
2019/05/17 01:32:50 Setting default language to user
2019/05/17 01:37:51 Setting default language to user
2019/05/17 01:42:51 Setting default language to user
2019/05/17 01:47:51 Setting default language to user
2019/05/17 01:52:51 Setting default language to user
2019/05/17 01:57:51 Setting default language to user
