2019/02/23 12:02:04 Setting default language to user
2019/02/23 12:07:04 Setting default language to user
2019/02/23 12:10:33 Setting default language to user
2019/02/23 12:10:33 Layout prepend running
2019/02/23 12:10:33 Adding css /assets/css/main.css
2019/02/23 12:10:33 SELECT * FROM media_type ORDER BY id
2019/02/23 12:10:33 REGEXP FOUND: "^/?" in path "/robots.txt"

2019/02/23 12:10:33 Anyone is allowed
2019/02/23 12:10:33 Render layout frontend
2019/02/23 12:10:33 Setting default language to user
2019/02/23 12:10:33 Layout prepend running
2019/02/23 12:10:33 Adding css /assets/css/main.css
2019/02/23 12:10:33 SELECT * FROM media_type ORDER BY id
2019/02/23 12:10:33 REGEXP FOUND: "^/?" in path "/"

2019/02/23 12:10:33 Anyone is allowed
2019/02/23 12:10:33 Render layout frontend
2019/02/23 12:12:04 Setting default language to user
2019/02/23 12:17:04 Setting default language to user
2019/02/23 12:22:04 Setting default language to user
2019/02/23 12:26:14 Setting default language to user
2019/02/23 12:31:14 Setting default language to user
2019/02/23 12:36:13 Setting default language to user
2019/02/23 12:41:13 Setting default language to user
2019/02/23 12:46:13 Setting default language to user
2019/02/23 12:50:26 Setting default language to user
2019/02/23 12:55:26 Setting default language to user
