2019/08/14 17:01:55 Setting default language to user
2019/08/14 17:06:55 Setting default language to user
2019/08/14 17:11:49 Setting default language to user
2019/08/14 17:11:49 Layout prepend running
2019/08/14 17:11:49 Adding css /assets/css/main.css
2019/08/14 17:11:49 SELECT * FROM media_type ORDER BY id
2019/08/14 17:11:49 REGEXP FOUND: "^/?" in path "/robots.txt"

2019/08/14 17:11:49 Anyone is allowed
2019/08/14 17:11:49 Render layout frontend
2019/08/14 17:11:49 Setting default language to user
2019/08/14 17:11:49 Layout prepend running
2019/08/14 17:11:49 Adding css /assets/css/main.css
2019/08/14 17:11:49 SELECT * FROM media_type ORDER BY id
2019/08/14 17:11:49 REGEXP FOUND: "^/?" in path "/favicon.ico"

2019/08/14 17:11:49 Anyone is allowed
2019/08/14 17:11:49 Render layout frontend
2019/08/14 17:11:55 Setting default language to user
2019/08/14 17:16:55 Setting default language to user
2019/08/14 17:21:55 Setting default language to user
2019/08/14 17:26:55 Setting default language to user
2019/08/14 17:31:55 Setting default language to user
2019/08/14 17:36:55 Setting default language to user
2019/08/14 17:41:55 Setting default language to user
2019/08/14 17:46:55 Setting default language to user
2019/08/14 17:51:55 Setting default language to user
2019/08/14 17:56:55 Setting default language to user
