2019/03/24 19:03:51 Setting default language to user
2019/03/24 19:08:51 Setting default language to user
2019/03/24 19:13:51 Setting default language to user
2019/03/24 19:17:16 Setting default language to user
2019/03/24 19:17:16 Layout prepend running
2019/03/24 19:17:16 Adding css /assets/css/main.css
2019/03/24 19:17:16 SELECT * FROM media_type ORDER BY id
2019/03/24 19:17:16 REGEXP FOUND: "^/?" in path "/"

2019/03/24 19:17:16 Anyone is allowed
2019/03/24 19:17:16 Render layout frontend
2019/03/24 19:17:24 Layout prepend running
2019/03/24 19:17:24 REGEXP FOUND: "^/connections$" in path "/connections"

2019/03/24 19:17:24 Anyone is allowed
2019/03/24 19:17:24 Render layout frontend
2019/03/24 19:17:24 Layout prepend running
2019/03/24 19:17:24 REGEXP FOUND: "^/media$" in path "/media"

2019/03/24 19:17:24 Anyone is allowed
2019/03/24 19:17:24 Render layout frontend
2019/03/24 19:17:24 Layout prepend running
2019/03/24 19:17:24 REGEXP FOUND: "^/operators$" in path "/operators"

2019/03/24 19:17:24 Anyone is allowed
2019/03/24 19:17:24 Render layout frontend
2019/03/24 19:17:24 Layout prepend running
2019/03/24 19:17:24 REGEXP FOUND: "^/owners$" in path "/owners"

2019/03/24 19:17:24 Anyone is allowed
2019/03/24 19:17:24 Render layout frontend
2019/03/24 19:17:24 Layout prepend running
2019/03/24 19:17:24 REGEXP FOUND: "^/interests$" in path "/interests"

2019/03/24 19:17:24 Anyone is allowed
2019/03/24 19:17:24 Render layout frontend
2019/03/24 19:18:51 Setting default language to user
2019/03/24 19:20:15 Layout prepend running
2019/03/24 19:20:15 Adding css /assets/css/main.css
2019/03/24 19:20:15 SELECT * FROM media_type ORDER BY id
2019/03/24 19:20:15 REGEXP FOUND: "^/?" in path "/"

2019/03/24 19:20:15 Anyone is allowed
2019/03/24 19:20:15 Render layout frontend
2019/03/24 19:20:37 Layout prepend running
2019/03/24 19:20:37 REGEXP FOUND: "^/media$" in path "/media"

2019/03/24 19:20:37 Anyone is allowed
2019/03/24 19:20:37 Render layout frontend
2019/03/24 19:20:37 Layout prepend running
2019/03/24 19:20:37 REGEXP FOUND: "^/connections$" in path "/connections"

2019/03/24 19:20:37 Anyone is allowed
2019/03/24 19:20:37 Render layout frontend
2019/03/24 19:20:37 Layout prepend running
2019/03/24 19:20:37 REGEXP FOUND: "^/interests$" in path "/interests"

2019/03/24 19:20:37 Anyone is allowed
2019/03/24 19:20:37 Render layout frontend
2019/03/24 19:20:37 Layout prepend running
2019/03/24 19:20:37 REGEXP FOUND: "^/owners$" in path "/owners"

2019/03/24 19:20:37 Anyone is allowed
2019/03/24 19:20:37 Render layout frontend
2019/03/24 19:20:38 Layout prepend running
2019/03/24 19:20:38 REGEXP FOUND: "^/operators$" in path "/operators"

2019/03/24 19:20:38 Anyone is allowed
2019/03/24 19:20:38 Render layout frontend
2019/03/24 19:21:44 Setting default language to user
2019/03/24 19:23:51 Setting default language to user
2019/03/24 19:28:51 Setting default language to user
2019/03/24 19:33:51 Setting default language to user
2019/03/24 19:38:51 Setting default language to user
2019/03/24 19:43:51 Setting default language to user
2019/03/24 19:48:52 Setting default language to user
2019/03/24 19:53:52 Setting default language to user
2019/03/24 19:58:51 Setting default language to user
