2019/09/15 08:01:17 Setting default language to user
2019/09/15 08:06:17 Setting default language to user
2019/09/15 08:11:17 Setting default language to user
2019/09/15 08:16:17 Setting default language to user
2019/09/15 08:21:18 Setting default language to user
2019/09/15 08:26:17 Setting default language to user
2019/09/15 08:31:18 Setting default language to user
2019/09/15 08:36:18 Setting default language to user
2019/09/15 08:41:18 Setting default language to user
2019/09/15 08:43:17 Setting default language to user
2019/09/15 08:43:17 Layout prepend running
2019/09/15 08:43:17 Adding css /assets/css/main.css
2019/09/15 08:43:17 SELECT * FROM media_type ORDER BY id
2019/09/15 08:43:17 REGEXP FOUND: "^/?" in path "/robots.txt"

2019/09/15 08:43:17 Anyone is allowed
2019/09/15 08:43:17 Render layout frontend
2019/09/15 08:43:17 Setting default language to user
2019/09/15 08:43:17 Layout prepend running
2019/09/15 08:43:17 Adding css /assets/css/main.css
2019/09/15 08:43:17 SELECT * FROM media_type ORDER BY id
2019/09/15 08:43:17 REGEXP FOUND: "^/?" in path "/"

2019/09/15 08:43:17 Anyone is allowed
2019/09/15 08:43:17 Render layout frontend
2019/09/15 08:46:18 Setting default language to user
2019/09/15 08:51:17 Setting default language to user
2019/09/15 08:56:17 Setting default language to user
