2019/06/30 21:01:55 Setting default language to user
2019/06/30 21:06:55 Setting default language to user
2019/06/30 21:10:19 Setting default language to user
2019/06/30 21:10:19 Layout prepend running
2019/06/30 21:10:19 Adding css /assets/css/main.css
2019/06/30 21:10:19 SELECT * FROM media_type ORDER BY id
2019/06/30 21:10:19 REGEXP FOUND: "^/?" in path "/robots.txt"

2019/06/30 21:10:19 Anyone is allowed
2019/06/30 21:10:19 Render layout frontend
2019/06/30 21:10:22 Setting default language to user
2019/06/30 21:10:22 Layout prepend running
2019/06/30 21:10:22 Adding css /assets/css/main.css
2019/06/30 21:10:22 SELECT * FROM media_type ORDER BY id
2019/06/30 21:10:22 REGEXP FOUND: "^/?" in path "/"

2019/06/30 21:10:22 Anyone is allowed
2019/06/30 21:10:22 Render layout frontend
2019/06/30 21:11:55 Setting default language to user
2019/06/30 21:18:21 Setting default language to user
2019/06/30 21:23:21 Setting default language to user
2019/06/30 21:32:53 Setting default language to user
2019/06/30 21:37:53 Setting default language to user
2019/06/30 21:42:53 Setting default language to user
2019/06/30 21:47:53 Setting default language to user
2019/06/30 21:52:53 Setting default language to user
2019/06/30 21:57:53 Setting default language to user
