2019/05/20 08:00:21 Setting default language to user
2019/05/20 08:05:21 Setting default language to user
2019/05/20 08:10:21 Setting default language to user
2019/05/20 08:15:21 Setting default language to user
2019/05/20 08:20:21 Setting default language to user
2019/05/20 08:24:08 Setting default language to user
2019/05/20 08:24:08 Layout prepend running
2019/05/20 08:24:08 Adding css /assets/css/main.css
2019/05/20 08:24:08 SELECT * FROM media_type ORDER BY id
2019/05/20 08:24:08 REGEXP FOUND: "^/?" in path "/robots.txt"

2019/05/20 08:24:08 Anyone is allowed
2019/05/20 08:24:08 Render layout frontend
2019/05/20 08:24:12 Setting default language to user
2019/05/20 08:24:12 Layout prepend running
2019/05/20 08:24:12 Adding css /assets/css/main.css
2019/05/20 08:24:12 SELECT * FROM media_type ORDER BY id
2019/05/20 08:24:12 REGEXP FOUND: "^/?" in path "/favicon.ico"

2019/05/20 08:24:12 Anyone is allowed
2019/05/20 08:24:12 Render layout frontend
2019/05/20 08:25:21 Setting default language to user
2019/05/20 08:30:21 Setting default language to user
2019/05/20 08:35:21 Setting default language to user
2019/05/20 08:40:21 Setting default language to user
2019/05/20 08:45:21 Setting default language to user
2019/05/20 08:50:50 Setting default language to user
2019/05/20 08:55:50 Setting default language to user
