2019/01/21 21:02:48 Setting default language to user
2019/01/21 21:07:48 Setting default language to user
2019/01/21 21:08:19 Setting default language to user
2019/01/21 21:08:19 Layout prepend running
2019/01/21 21:08:19 Adding css /assets/css/main.css
2019/01/21 21:08:19 SELECT * FROM media_type ORDER BY id
2019/01/21 21:08:19 REGEXP FOUND: "^/?" in path "/"

2019/01/21 21:08:19 Anyone is allowed
2019/01/21 21:08:19 Render layout frontend
2019/01/21 21:08:23 Layout prepend running
2019/01/21 21:08:23 REGEXP FOUND: "^/media$" in path "/media"

2019/01/21 21:08:23 Anyone is allowed
2019/01/21 21:08:23 Render layout frontend
2019/01/21 21:08:23 Layout prepend running
2019/01/21 21:08:23 REGEXP FOUND: "^/owners$" in path "/owners"

2019/01/21 21:08:23 Anyone is allowed
2019/01/21 21:08:23 Render layout frontend
2019/01/21 21:08:23 Layout prepend running
2019/01/21 21:08:23 REGEXP FOUND: "^/interests$" in path "/interests"

2019/01/21 21:08:23 Anyone is allowed
2019/01/21 21:08:23 Render layout frontend
2019/01/21 21:08:23 Layout prepend running
2019/01/21 21:08:23 REGEXP FOUND: "^/connections$" in path "/connections"

2019/01/21 21:08:23 Anyone is allowed
2019/01/21 21:08:23 Render layout frontend
2019/01/21 21:08:23 Layout prepend running
2019/01/21 21:08:23 REGEXP FOUND: "^/operators$" in path "/operators"

2019/01/21 21:08:23 Anyone is allowed
2019/01/21 21:08:23 Render layout frontend
2019/01/21 21:08:35 Changing language to en
2019/01/21 21:08:35 Layout prepend running
2019/01/21 21:08:35 Adding css /assets/css/main.css
2019/01/21 21:08:35 SELECT * FROM media_type ORDER BY id
2019/01/21 21:08:35 REGEXP FOUND: "^/?" in path "/"

2019/01/21 21:08:35 Anyone is allowed
2019/01/21 21:08:35 Render layout frontend
2019/01/21 21:08:36 Layout prepend running
2019/01/21 21:08:36 Layout prepend running
2019/01/21 21:08:36 Layout prepend running
2019/01/21 21:08:36 REGEXP FOUND: "^/owners$" in path "/owners"

2019/01/21 21:08:36 Anyone is allowed
2019/01/21 21:08:36 Render layout frontend
2019/01/21 21:08:36 Layout prepend running
2019/01/21 21:08:36 REGEXP FOUND: "^/operators$" in path "/operators"

2019/01/21 21:08:36 Anyone is allowed
2019/01/21 21:08:36 Render layout frontend
2019/01/21 21:08:36 Layout prepend running
2019/01/21 21:08:36 REGEXP FOUND: "^/connections$" in path "/connections"

2019/01/21 21:08:36 Anyone is allowed
2019/01/21 21:08:36 Render layout frontend
2019/01/21 21:12:48 Setting default language to user
2019/01/21 21:17:48 Setting default language to user
2019/01/21 21:22:47 Setting default language to user
2019/01/21 21:27:47 Setting default language to user
2019/01/21 21:32:48 Setting default language to user
2019/01/21 21:37:48 Setting default language to user
2019/01/21 21:42:48 Setting default language to user
2019/01/21 21:47:48 Setting default language to user
2019/01/21 21:52:47 Setting default language to user
2019/01/21 21:57:48 Setting default language to user
