2019/09/10 09:04:45 Setting default language to user
2019/09/10 09:09:45 Setting default language to user
2019/09/10 09:14:45 Setting default language to user
2019/09/10 09:24:18 Setting default language to user
2019/09/10 09:29:18 Setting default language to user
2019/09/10 09:34:18 Setting default language to user
2019/09/10 09:39:33 Setting default language to user
2019/09/10 09:39:33 Layout prepend running
2019/09/10 09:39:33 Adding css /assets/css/main.css
2019/09/10 09:39:33 SELECT * FROM media_type ORDER BY id
2019/09/10 09:39:33 REGEXP FOUND: "^/?" in path "/"

2019/09/10 09:39:33 Anyone is allowed
2019/09/10 09:39:34 Render layout frontend
2019/09/10 09:39:35 Layout prepend running
2019/09/10 09:39:35 Layout prepend running
2019/09/10 09:39:36 REGEXP FOUND: "^/operators$" in path "/operators"

2019/09/10 09:39:36 Anyone is allowed
2019/09/10 09:39:36 Render layout frontend
2019/09/10 09:39:36 Layout prepend running
2019/09/10 09:39:36 Layout prepend running
2019/09/10 09:39:36 Layout prepend running
2019/09/10 09:39:36 REGEXP FOUND: "^/interests$" in path "/interests"

2019/09/10 09:39:36 Anyone is allowed
2019/09/10 09:39:36 Render layout frontend
2019/09/10 09:39:36 REGEXP FOUND: "^/owners$" in path "/owners"

2019/09/10 09:39:36 Anyone is allowed
2019/09/10 09:39:36 Render layout frontend
2019/09/10 09:39:36 REGEXP FOUND: "^/media$" in path "/media"

2019/09/10 09:39:36 Anyone is allowed
2019/09/10 09:39:36 Render layout frontend
2019/09/10 09:39:36 REGEXP FOUND: "^/connections$" in path "/connections"

2019/09/10 09:39:36 Anyone is allowed
2019/09/10 09:39:36 Render layout frontend
2019/09/10 09:41:17 Setting default language to user
2019/09/10 09:46:17 Setting default language to user
2019/09/10 09:51:17 Setting default language to user
2019/09/10 09:56:17 Setting default language to user
