2019/02/24 14:01:18 Setting default language to user
2019/02/24 14:06:18 Setting default language to user
2019/02/24 14:06:38 Setting default language to user
2019/02/24 14:06:38 Layout prepend running
2019/02/24 14:06:38 Adding css /assets/css/main.css
2019/02/24 14:06:38 SELECT * FROM media_type ORDER BY id
2019/02/24 14:06:38 REGEXP FOUND: "^/?" in path "/"

2019/02/24 14:06:38 Anyone is allowed
2019/02/24 14:06:38 Render layout frontend
2019/02/24 14:06:39 Layout prepend running
2019/02/24 14:06:39 REGEXP FOUND: "^/media$" in path "/media"

2019/02/24 14:06:39 Anyone is allowed
2019/02/24 14:06:39 Render layout frontend
2019/02/24 14:06:39 Layout prepend running
2019/02/24 14:06:39 REGEXP FOUND: "^/connections$" in path "/connections"

2019/02/24 14:06:39 Anyone is allowed
2019/02/24 14:06:39 Render layout frontend
2019/02/24 14:06:39 Layout prepend running
2019/02/24 14:06:39 REGEXP FOUND: "^/operators$" in path "/operators"

2019/02/24 14:06:39 Anyone is allowed
2019/02/24 14:06:39 Render layout frontend
2019/02/24 14:06:40 Layout prepend running
2019/02/24 14:06:40 REGEXP FOUND: "^/owners$" in path "/owners"

2019/02/24 14:06:40 Anyone is allowed
2019/02/24 14:06:40 Render layout frontend
2019/02/24 14:06:40 Layout prepend running
2019/02/24 14:06:40 REGEXP FOUND: "^/interests$" in path "/interests"

2019/02/24 14:06:40 Anyone is allowed
2019/02/24 14:06:40 Render layout frontend
2019/02/24 14:08:31 Changing language to en
2019/02/24 14:08:31 Layout prepend running
2019/02/24 14:08:31 Adding css /assets/css/main.css
2019/02/24 14:08:31 SELECT * FROM media_type ORDER BY id
2019/02/24 14:08:31 REGEXP FOUND: "^/?" in path "/"

2019/02/24 14:08:31 Anyone is allowed
2019/02/24 14:08:31 Render layout frontend
2019/02/24 14:08:32 Layout prepend running
2019/02/24 14:08:32 REGEXP FOUND: "^/media$" in path "/media"

2019/02/24 14:08:32 Anyone is allowed
2019/02/24 14:08:32 Render layout frontend
2019/02/24 14:08:32 Layout prepend running
2019/02/24 14:08:32 REGEXP FOUND: "^/operators$" in path "/operators"

2019/02/24 14:08:32 Anyone is allowed
2019/02/24 14:08:32 Render layout frontend
2019/02/24 14:08:32 Layout prepend running
2019/02/24 14:08:32 REGEXP FOUND: "^/connections$" in path "/connections"

2019/02/24 14:08:32 Anyone is allowed
2019/02/24 14:08:32 Render layout frontend
2019/02/24 14:08:32 Layout prepend running
2019/02/24 14:08:32 REGEXP FOUND: "^/owners$" in path "/owners"

2019/02/24 14:08:32 Anyone is allowed
2019/02/24 14:08:32 Render layout frontend
2019/02/24 14:08:32 Layout prepend running
2019/02/24 14:08:32 REGEXP FOUND: "^/interests$" in path "/interests"

2019/02/24 14:08:32 Anyone is allowed
2019/02/24 14:08:32 Render layout frontend
2019/02/24 14:11:07 Setting default language to user
2019/02/24 14:11:11 Setting default language to user
2019/02/24 14:11:11 Layout prepend running
2019/02/24 14:11:11 Adding css /assets/css/main.css
2019/02/24 14:11:11 SELECT * FROM media_type ORDER BY id
2019/02/24 14:11:11 REGEXP FOUND: "^/?" in path "/favicon.ico"

2019/02/24 14:11:11 Anyone is allowed
2019/02/24 14:11:11 Render layout frontend
2019/02/24 14:11:19 Setting default language to user
2019/02/24 14:15:41 Setting default language to user
2019/02/24 14:20:40 Setting default language to user
2019/02/24 14:25:40 Setting default language to user
2019/02/24 14:30:40 Setting default language to user
2019/02/24 14:35:40 Setting default language to user
2019/02/24 14:40:41 Setting default language to user
2019/02/24 14:45:41 Setting default language to user
2019/02/24 14:50:40 Setting default language to user
2019/02/24 14:55:40 Setting default language to user
