2019/05/05 14:03:50 Setting default language to user
2019/05/05 14:08:50 Setting default language to user
2019/05/05 14:13:50 Setting default language to user
2019/05/05 14:18:50 Setting default language to user
2019/05/05 14:23:50 Setting default language to user
2019/05/05 14:28:50 Setting default language to user
2019/05/05 14:33:50 Setting default language to user
2019/05/05 14:34:57 Setting default language to user
2019/05/05 14:34:57 Layout prepend running
2019/05/05 14:34:57 Adding css /assets/css/main.css
2019/05/05 14:34:57 SELECT * FROM media_type ORDER BY id
2019/05/05 14:34:57 REGEXP FOUND: "^/?" in path "/"

2019/05/05 14:34:57 Anyone is allowed
2019/05/05 14:34:57 Render layout frontend
2019/05/05 14:34:58 Layout prepend running
2019/05/05 14:34:58 Adding css /assets/css/main.css
2019/05/05 14:34:58 SELECT * FROM media_type ORDER BY id
2019/05/05 14:34:58 REGEXP FOUND: "^/?" in path "/"

2019/05/05 14:34:58 Anyone is allowed
2019/05/05 14:34:58 Render layout frontend
2019/05/05 14:38:50 Setting default language to user
2019/05/05 14:43:50 Setting default language to user
2019/05/05 14:48:50 Setting default language to user
2019/05/05 14:53:50 Setting default language to user
2019/05/05 14:58:50 Setting default language to user
