2019/05/09 11:04:59 Setting default language to user
2019/05/09 11:09:59 Setting default language to user
2019/05/09 11:14:59 Setting default language to user
2019/05/09 11:15:01 Setting default language to user
2019/05/09 11:19:59 Setting default language to user
2019/05/09 11:24:59 Setting default language to user
2019/05/09 11:29:59 Setting default language to user
2019/05/09 11:34:59 Setting default language to user
2019/05/09 11:38:53 Setting default language to user
2019/05/09 11:38:53 Layout prepend running
2019/05/09 11:38:53 Adding css /assets/css/main.css
2019/05/09 11:38:53 SELECT * FROM media_type ORDER BY id
2019/05/09 11:38:53 REGEXP FOUND: "^/?" in path "/"

2019/05/09 11:38:53 Anyone is allowed
2019/05/09 11:38:53 Render layout frontend
2019/05/09 11:39:59 Setting default language to user
2019/05/09 11:44:59 Setting default language to user
2019/05/09 11:49:59 Setting default language to user
2019/05/09 11:54:59 Setting default language to user
2019/05/09 11:59:59 Setting default language to user
