2019/06/04 22:01:42 Setting default language to user
2019/06/04 22:06:42 Setting default language to user
2019/06/04 22:11:42 Setting default language to user
2019/06/04 22:16:42 Setting default language to user
2019/06/04 22:21:42 Setting default language to user
2019/06/04 22:26:42 Setting default language to user
2019/06/04 22:31:42 Setting default language to user
2019/06/04 22:36:42 Setting default language to user
2019/06/04 22:41:42 Setting default language to user
2019/06/04 22:45:11 Setting default language to user
2019/06/04 22:45:11 Layout prepend running
2019/06/04 22:45:11 Adding css /assets/css/main.css
2019/06/04 22:45:11 SELECT * FROM media_type ORDER BY id
2019/06/04 22:45:11 REGEXP FOUND: "^/?" in path "/robots.txt"

2019/06/04 22:45:11 Anyone is allowed
2019/06/04 22:45:11 Render layout frontend
2019/06/04 22:45:11 Setting default language to user
2019/06/04 22:45:11 Layout prepend running
2019/06/04 22:45:11 Adding css /assets/css/main.css
2019/06/04 22:45:11 SELECT * FROM media_type ORDER BY id
2019/06/04 22:45:11 REGEXP FOUND: "^/?" in path "/"

2019/06/04 22:45:11 Anyone is allowed
2019/06/04 22:45:11 Render layout frontend
2019/06/04 22:46:42 Setting default language to user
2019/06/04 22:51:42 Setting default language to user
2019/06/04 22:56:42 Setting default language to user
