2019/01/18 11:00:28 Setting default language to user
2019/01/18 11:05:27 Setting default language to user
2019/01/18 11:10:28 Setting default language to user
2019/01/18 11:15:27 Setting default language to user
2019/01/18 11:20:28 Setting default language to user
2019/01/18 11:25:28 Setting default language to user
2019/01/18 11:30:27 Setting default language to user
2019/01/18 11:35:28 Setting default language to user
2019/01/18 11:37:11 Setting default language to user
2019/01/18 11:37:11 Layout prepend running
2019/01/18 11:37:11 Adding css /assets/css/main.css
2019/01/18 11:37:11 SELECT * FROM media_type ORDER BY id
2019/01/18 11:37:11 REGEXP FOUND: "^/?" in path "/"

2019/01/18 11:37:11 Anyone is allowed
2019/01/18 11:37:11 Render layout frontend
2019/01/18 11:37:22 Layout prepend running
2019/01/18 11:37:22 REGEXP FOUND: "^/media$" in path "/media"

2019/01/18 11:37:22 Anyone is allowed
2019/01/18 11:37:22 Render layout frontend
2019/01/18 11:37:22 Layout prepend running
2019/01/18 11:37:22 REGEXP FOUND: "^/owners$" in path "/owners"

2019/01/18 11:37:22 Anyone is allowed
2019/01/18 11:37:22 Render layout frontend
2019/01/18 11:37:22 Layout prepend running
2019/01/18 11:37:22 REGEXP FOUND: "^/operators$" in path "/operators"

2019/01/18 11:37:22 Anyone is allowed
2019/01/18 11:37:22 Render layout frontend
2019/01/18 11:37:22 Layout prepend running
2019/01/18 11:37:22 REGEXP FOUND: "^/connections$" in path "/connections"

2019/01/18 11:37:22 Anyone is allowed
2019/01/18 11:37:22 Render layout frontend
2019/01/18 11:37:22 Layout prepend running
2019/01/18 11:37:22 REGEXP FOUND: "^/interests$" in path "/interests"

2019/01/18 11:37:22 Anyone is allowed
2019/01/18 11:37:22 Render layout frontend
2019/01/18 11:40:28 Setting default language to user
2019/01/18 11:45:27 Setting default language to user
2019/01/18 11:50:27 Setting default language to user
2019/01/18 11:55:28 Setting default language to user
