2019/06/20 07:03:36 Setting default language to user
2019/06/20 07:08:37 Setting default language to user
2019/06/20 07:13:37 Setting default language to user
2019/06/20 07:18:37 Setting default language to user
2019/06/20 07:23:37 Setting default language to user
2019/06/20 07:28:37 Setting default language to user
2019/06/20 07:33:37 Setting default language to user
2019/06/20 07:41:57 Setting default language to user
2019/06/20 07:46:56 Setting default language to user
2019/06/20 07:47:19 Setting default language to user
2019/06/20 07:47:19 Layout prepend running
2019/06/20 07:47:19 Adding css /assets/css/main.css
2019/06/20 07:47:19 SELECT * FROM media_type ORDER BY id
2019/06/20 07:47:19 REGEXP FOUND: "^/?" in path "/"

2019/06/20 07:47:19 Anyone is allowed
2019/06/20 07:47:19 Render layout frontend
2019/06/20 07:47:26 Setting default language to user
2019/06/20 07:47:26 Layout prepend running
2019/06/20 07:47:26 Adding css /assets/css/main.css
2019/06/20 07:47:26 SELECT * FROM media_type ORDER BY id
2019/06/20 07:47:26 REGEXP FOUND: "^/?" in path "/favicon.ico"

2019/06/20 07:47:26 Anyone is allowed
2019/06/20 07:47:26 Render layout frontend
2019/06/20 07:51:56 Setting default language to user
2019/06/20 07:56:56 Setting default language to user
