2019/03/18 15:00:27 Setting default language to user
2019/03/18 15:05:27 Setting default language to user
2019/03/18 15:10:27 Setting default language to user
2019/03/18 15:15:27 Setting default language to user
2019/03/18 15:20:27 Setting default language to user
2019/03/18 15:25:27 Setting default language to user
2019/03/18 15:30:27 Setting default language to user
2019/03/18 15:33:48 Setting default language to user
2019/03/18 15:33:48 Layout prepend running
2019/03/18 15:33:48 Adding css /assets/css/main.css
2019/03/18 15:33:48 SELECT * FROM media_type ORDER BY id
2019/03/18 15:33:48 REGEXP FOUND: "^/?" in path "/robots.txt"

2019/03/18 15:33:48 Anyone is allowed
2019/03/18 15:33:48 Render layout frontend
2019/03/18 15:33:52 Setting default language to user
2019/03/18 15:33:52 Layout prepend running
2019/03/18 15:33:52 Adding css /assets/css/main.css
2019/03/18 15:33:52 SELECT * FROM media_type ORDER BY id
2019/03/18 15:33:52 REGEXP FOUND: "^/?" in path "/"

2019/03/18 15:33:52 Anyone is allowed
2019/03/18 15:33:52 Render layout frontend
2019/03/18 15:35:27 Setting default language to user
2019/03/18 15:40:27 Setting default language to user
2019/03/18 15:45:27 Setting default language to user
2019/03/18 15:50:27 Setting default language to user
2019/03/18 15:55:27 Setting default language to user
