2019/04/24 18:03:19 Setting default language to user
2019/04/24 18:08:19 Setting default language to user
2019/04/24 18:13:18 Setting default language to user
2019/04/24 18:18:18 Setting default language to user
2019/04/24 18:23:18 Setting default language to user
2019/04/24 18:26:03 Setting default language to user
2019/04/24 18:26:03 Layout prepend running
2019/04/24 18:26:03 Adding css /assets/css/main.css
2019/04/24 18:26:03 SELECT * FROM media_type ORDER BY id
2019/04/24 18:26:03 REGEXP FOUND: "^/?" in path "/robots.txt"

2019/04/24 18:26:03 Anyone is allowed
2019/04/24 18:26:03 Render layout frontend
2019/04/24 18:26:03 Setting default language to user
2019/04/24 18:26:03 Layout prepend running
2019/04/24 18:26:03 Adding css /assets/css/main.css
2019/04/24 18:26:03 SELECT * FROM media_type ORDER BY id
2019/04/24 18:26:03 REGEXP FOUND: "^/?" in path "/"

2019/04/24 18:26:03 Anyone is allowed
2019/04/24 18:26:03 Render layout frontend
2019/04/24 18:28:18 Setting default language to user
2019/04/24 18:33:18 Setting default language to user
2019/04/24 18:38:18 Setting default language to user
2019/04/24 18:48:54 Setting default language to user
2019/04/24 18:53:54 Setting default language to user
2019/04/24 18:58:54 Setting default language to user
