2019/05/07 16:00:57 Setting default language to user
2019/05/07 16:05:57 Setting default language to user
2019/05/07 16:10:57 Setting default language to user
2019/05/07 16:15:57 Setting default language to user
2019/05/07 16:17:01 Setting default language to user
2019/05/07 16:17:01 Layout prepend running
2019/05/07 16:17:01 Adding css /assets/css/main.css
2019/05/07 16:17:01 SELECT * FROM media_type ORDER BY id
2019/05/07 16:17:01 REGEXP FOUND: "^/?" in path "/robots.txt"

2019/05/07 16:17:01 Anyone is allowed
2019/05/07 16:17:01 Render layout frontend
2019/05/07 16:17:05 Setting default language to user
2019/05/07 16:17:05 Layout prepend running
2019/05/07 16:17:05 Adding css /assets/css/main.css
2019/05/07 16:17:05 SELECT * FROM media_type ORDER BY id
2019/05/07 16:17:05 REGEXP FOUND: "^/?" in path "/favicon.ico"

2019/05/07 16:17:05 Anyone is allowed
2019/05/07 16:17:05 Render layout frontend
2019/05/07 16:20:57 Setting default language to user
2019/05/07 16:25:57 Setting default language to user
2019/05/07 16:30:57 Setting default language to user
2019/05/07 16:35:57 Setting default language to user
2019/05/07 16:40:57 Setting default language to user
2019/05/07 16:45:57 Setting default language to user
2019/05/07 16:50:57 Setting default language to user
2019/05/07 16:55:57 Setting default language to user
