2019/08/30 19:03:02 Setting default language to user
2019/08/30 19:08:02 Setting default language to user
2019/08/30 19:13:02 Setting default language to user
2019/08/30 19:18:02 Setting default language to user
2019/08/30 19:23:02 Setting default language to user
2019/08/30 19:28:02 Setting default language to user
2019/08/30 19:33:02 Setting default language to user
2019/08/30 19:38:02 Setting default language to user
2019/08/30 19:43:02 Setting default language to user
2019/08/30 19:48:02 Setting default language to user
2019/08/30 19:48:34 Setting default language to user
2019/08/30 19:48:34 Layout prepend running
2019/08/30 19:48:34 Adding css /assets/css/main.css
2019/08/30 19:48:34 SELECT * FROM media_type ORDER BY id
2019/08/30 19:48:34 REGEXP FOUND: "^/?" in path "/robots.txt"

2019/08/30 19:48:34 Anyone is allowed
2019/08/30 19:48:34 Render layout frontend
2019/08/30 19:48:36 Layout prepend running
2019/08/30 19:48:36 REGEXP FOUND: "^/owners$" in path "/owners"

2019/08/30 19:48:36 Anyone is allowed
2019/08/30 19:48:36 Render layout frontend
2019/08/30 19:48:36 Layout prepend running
2019/08/30 19:48:36 REGEXP FOUND: "^/interests$" in path "/interests"

2019/08/30 19:48:36 Anyone is allowed
2019/08/30 19:48:36 Render layout frontend
2019/08/30 19:48:36 Layout prepend running
2019/08/30 19:48:36 REGEXP FOUND: "^/operators$" in path "/operators"

2019/08/30 19:48:36 Anyone is allowed
2019/08/30 19:48:36 Render layout frontend
2019/08/30 19:48:36 Layout prepend running
2019/08/30 19:48:36 REGEXP FOUND: "^/connections$" in path "/connections"

2019/08/30 19:48:36 Anyone is allowed
2019/08/30 19:48:36 Render layout frontend
2019/08/30 19:48:37 Layout prepend running
2019/08/30 19:48:37 REGEXP FOUND: "^/media$" in path "/media"

2019/08/30 19:48:37 Anyone is allowed
2019/08/30 19:48:37 Render layout frontend
2019/08/30 19:53:02 Setting default language to user
2019/08/30 19:58:02 Setting default language to user
