2019/01/25 15:00:26 Setting default language to user
2019/01/25 15:05:27 Setting default language to user
2019/01/25 15:10:27 Setting default language to user
2019/01/25 15:15:27 Setting default language to user
2019/01/25 15:20:27 Setting default language to user
2019/01/25 15:25:26 Setting default language to user
2019/01/25 15:30:27 Setting default language to user
2019/01/25 15:35:27 Setting default language to user
2019/01/25 15:40:26 Setting default language to user
2019/01/25 15:45:27 Setting default language to user
2019/01/25 15:50:26 Setting default language to user
2019/01/25 15:55:27 Setting default language to user
2019/01/25 15:56:18 Setting default language to user
2019/01/25 15:56:18 Layout prepend running
2019/01/25 15:56:18 Adding css /assets/css/main.css
2019/01/25 15:56:18 SELECT * FROM media_type ORDER BY id
2019/01/25 15:56:18 REGEXP FOUND: "^/?" in path "/"

2019/01/25 15:56:18 Anyone is allowed
2019/01/25 15:56:18 Render layout frontend
2019/01/25 15:56:21 Layout prepend running
2019/01/25 15:56:21 REGEXP FOUND: "^/operators$" in path "/operators"

2019/01/25 15:56:21 Anyone is allowed
2019/01/25 15:56:21 Render layout frontend
2019/01/25 15:56:21 Layout prepend running
2019/01/25 15:56:21 REGEXP FOUND: "^/owners$" in path "/owners"

2019/01/25 15:56:21 Anyone is allowed
2019/01/25 15:56:21 Render layout frontend
2019/01/25 15:56:21 Layout prepend running
2019/01/25 15:56:21 REGEXP FOUND: "^/media$" in path "/media"

2019/01/25 15:56:21 Anyone is allowed
2019/01/25 15:56:21 Render layout frontend
2019/01/25 15:56:21 Layout prepend running
2019/01/25 15:56:21 REGEXP FOUND: "^/connections$" in path "/connections"

2019/01/25 15:56:21 Anyone is allowed
2019/01/25 15:56:21 Render layout frontend
2019/01/25 15:56:21 Layout prepend running
2019/01/25 15:56:21 REGEXP FOUND: "^/interests$" in path "/interests"

2019/01/25 15:56:21 Anyone is allowed
2019/01/25 15:56:21 Render layout frontend
