2019/02/14 16:00:44 Setting default language to user
2019/02/14 16:05:44 Setting default language to user
2019/02/14 16:10:44 Setting default language to user
2019/02/14 16:12:14 Setting default language to user
2019/02/14 16:12:14 Layout prepend running
2019/02/14 16:12:14 Adding css /assets/css/main.css
2019/02/14 16:12:14 SELECT * FROM media_type ORDER BY id
2019/02/14 16:12:14 REGEXP FOUND: "^/?" in path "/"

2019/02/14 16:12:14 Anyone is allowed
2019/02/14 16:12:14 Render layout frontend
2019/02/14 16:12:19 Setting default language to user
2019/02/14 16:12:19 Layout prepend running
2019/02/14 16:12:19 Adding css /assets/css/main.css
2019/02/14 16:12:19 SELECT * FROM media_type ORDER BY id
2019/02/14 16:12:19 REGEXP FOUND: "^/?" in path "/favicon.ico"

2019/02/14 16:12:19 Anyone is allowed
2019/02/14 16:12:19 Render layout frontend
2019/02/14 16:15:44 Setting default language to user
2019/02/14 16:20:44 Setting default language to user
2019/02/14 16:25:44 Setting default language to user
2019/02/14 16:30:44 Setting default language to user
2019/02/14 16:35:44 Setting default language to user
2019/02/14 16:40:44 Setting default language to user
2019/02/14 16:45:44 Setting default language to user
2019/02/14 16:50:44 Setting default language to user
2019/02/14 16:55:44 Setting default language to user
