2019/09/06 16:03:38 Setting default language to user
2019/09/06 16:06:18 Setting default language to user
2019/09/06 16:06:18 Layout prepend running
2019/09/06 16:06:18 Adding css /assets/css/main.css
2019/09/06 16:06:18 SELECT * FROM media_type ORDER BY id
2019/09/06 16:06:18 REGEXP FOUND: "^/?" in path "/robots.txt"

2019/09/06 16:06:18 Anyone is allowed
2019/09/06 16:06:18 Render layout frontend
2019/09/06 16:06:19 Setting default language to user
2019/09/06 16:06:19 Layout prepend running
2019/09/06 16:06:19 Adding css /assets/css/main.css
2019/09/06 16:06:19 SELECT * FROM media_type ORDER BY id
2019/09/06 16:06:19 REGEXP FOUND: "^/?" in path "/"

2019/09/06 16:06:19 Anyone is allowed
2019/09/06 16:06:19 Render layout frontend
2019/09/06 16:06:26 Setting default language to user
2019/09/06 16:06:26 Layout prepend running
2019/09/06 16:06:26 Adding css /assets/css/main.css
2019/09/06 16:06:26 SELECT * FROM media_type ORDER BY id
2019/09/06 16:06:26 REGEXP FOUND: "^/?" in path "/favicon.ico"

2019/09/06 16:06:26 Anyone is allowed
2019/09/06 16:06:26 Render layout frontend
2019/09/06 16:08:37 Setting default language to user
2019/09/06 16:13:37 Setting default language to user
2019/09/06 16:18:37 Setting default language to user
2019/09/06 16:23:37 Setting default language to user
2019/09/06 16:28:37 Setting default language to user
2019/09/06 16:33:37 Setting default language to user
2019/09/06 16:38:37 Setting default language to user
2019/09/06 16:43:38 Setting default language to user
2019/09/06 16:48:37 Setting default language to user
2019/09/06 16:53:38 Setting default language to user
2019/09/06 16:58:37 Setting default language to user
