2019/03/16 08:04:05 Setting default language to user
2019/03/16 08:09:05 Setting default language to user
2019/03/16 08:09:07 Setting default language to user
2019/03/16 08:09:07 Layout prepend running
2019/03/16 08:09:07 Adding css /assets/css/main.css
2019/03/16 08:09:07 SELECT * FROM media_type ORDER BY id
2019/03/16 08:09:07 REGEXP FOUND: "^/?" in path "/robots.txt"

2019/03/16 08:09:07 Anyone is allowed
2019/03/16 08:09:07 Render layout frontend
2019/03/16 08:09:08 Setting default language to user
2019/03/16 08:09:08 Layout prepend running
2019/03/16 08:09:08 Adding css /assets/css/main.css
2019/03/16 08:09:08 SELECT * FROM media_type ORDER BY id
2019/03/16 08:09:08 REGEXP FOUND: "^/?" in path "/"

2019/03/16 08:09:08 Anyone is allowed
2019/03/16 08:09:08 Render layout frontend
2019/03/16 08:14:05 Setting default language to user
2019/03/16 08:19:05 Setting default language to user
2019/03/16 08:24:05 Setting default language to user
2019/03/16 08:29:05 Setting default language to user
2019/03/16 08:34:05 Setting default language to user
2019/03/16 08:39:05 Setting default language to user
2019/03/16 08:44:05 Setting default language to user
2019/03/16 08:49:05 Setting default language to user
2019/03/16 08:54:05 Setting default language to user
2019/03/16 08:59:05 Setting default language to user
