2019/05/01 19:01:44 Setting default language to user
2019/05/01 19:06:44 Setting default language to user
2019/05/01 19:11:44 Setting default language to user
2019/05/01 19:12:21 Setting default language to user
2019/05/01 19:12:21 Layout prepend running
2019/05/01 19:12:21 Adding css /assets/css/main.css
2019/05/01 19:12:21 SELECT * FROM media_type ORDER BY id
2019/05/01 19:12:21 REGEXP FOUND: "^/?" in path "/robots.txt"

2019/05/01 19:12:21 Anyone is allowed
2019/05/01 19:12:21 Render layout frontend
2019/05/01 19:12:21 Changing language to en
2019/05/01 19:12:21 Layout prepend running
2019/05/01 19:12:21 Adding css /assets/css/main.css
2019/05/01 19:12:21 SELECT * FROM media_type ORDER BY id
2019/05/01 19:12:21 REGEXP FOUND: "^/?" in path "/"

2019/05/01 19:12:21 Anyone is allowed
2019/05/01 19:12:21 Render layout frontend
2019/05/01 19:16:44 Setting default language to user
2019/05/01 19:21:44 Setting default language to user
2019/05/01 19:26:44 Setting default language to user
2019/05/01 19:31:44 Setting default language to user
2019/05/01 19:36:44 Setting default language to user
2019/05/01 19:41:44 Setting default language to user
2019/05/01 19:46:44 Setting default language to user
2019/05/01 19:51:44 Setting default language to user
2019/05/01 19:56:44 Setting default language to user
