2019/03/29 16:03:21 Setting default language to user
2019/03/29 16:08:21 Setting default language to user
2019/03/29 16:13:21 Setting default language to user
2019/03/29 16:18:21 Setting default language to user
2019/03/29 16:23:21 Setting default language to user
2019/03/29 16:24:52 Setting default language to user
2019/03/29 16:24:52 Layout prepend running
2019/03/29 16:24:52 Adding css /assets/css/main.css
2019/03/29 16:24:52 SELECT * FROM media_type ORDER BY id
2019/03/29 16:24:52 REGEXP FOUND: "^/?" in path "/"

2019/03/29 16:24:52 Anyone is allowed
2019/03/29 16:24:52 Render layout frontend
2019/03/29 16:24:54 Layout prepend running
2019/03/29 16:24:54 Layout prepend running
2019/03/29 16:24:54 REGEXP FOUND: "^/connections$" in path "/connections"

2019/03/29 16:24:54 Anyone is allowed
2019/03/29 16:24:54 Render layout frontend
2019/03/29 16:24:54 Layout prepend running
2019/03/29 16:24:54 Layout prepend running
2019/03/29 16:24:54 REGEXP FOUND: "^/media$" in path "/media"

2019/03/29 16:24:54 Anyone is allowed
2019/03/29 16:24:54 REGEXP FOUND: "^/operators$" in path "/operators"

2019/03/29 16:24:54 Anyone is allowed
2019/03/29 16:24:54 Render layout frontend
2019/03/29 16:24:54 REGEXP FOUND: "^/owners$" in path "/owners"

2019/03/29 16:24:54 Anyone is allowed
2019/03/29 16:24:54 Render layout frontend
2019/03/29 16:24:55 Layout prepend running
2019/03/29 16:24:55 REGEXP FOUND: "^/interests$" in path "/interests"

2019/03/29 16:24:55 Anyone is allowed
2019/03/29 16:24:55 Render layout frontend
2019/03/29 16:28:21 Setting default language to user
2019/03/29 16:33:21 Setting default language to user
2019/03/29 16:38:21 Setting default language to user
2019/03/29 16:43:21 Setting default language to user
2019/03/29 16:48:21 Setting default language to user
2019/03/29 16:53:21 Setting default language to user
2019/03/29 16:58:21 Setting default language to user
