2019/09/15 17:01:18 Setting default language to user
2019/09/15 17:06:18 Setting default language to user
2019/09/15 17:11:18 Setting default language to user
2019/09/15 17:11:29 Setting default language to user
2019/09/15 17:11:29 Layout prepend running
2019/09/15 17:11:29 Adding css /assets/css/main.css
2019/09/15 17:11:29 SELECT * FROM media_type ORDER BY id
2019/09/15 17:11:29 REGEXP FOUND: "^/?" in path "/favicon.ico"

2019/09/15 17:11:29 Anyone is allowed
2019/09/15 17:11:29 Render layout frontend
2019/09/15 17:13:40 Setting default language to user
2019/09/15 17:13:40 Layout prepend running
2019/09/15 17:13:40 Adding css /assets/css/main.css
2019/09/15 17:13:40 SELECT * FROM media_type ORDER BY id
2019/09/15 17:13:40 REGEXP FOUND: "^/?" in path "/favicon.ico"

2019/09/15 17:13:40 Anyone is allowed
2019/09/15 17:13:40 Render layout frontend
2019/09/15 17:16:18 Setting default language to user
2019/09/15 17:21:18 Setting default language to user
2019/09/15 17:26:18 Setting default language to user
2019/09/15 17:31:18 Setting default language to user
2019/09/15 17:36:18 Setting default language to user
2019/09/15 17:41:18 Setting default language to user
2019/09/15 17:46:18 Setting default language to user
2019/09/15 17:51:18 Setting default language to user
2019/09/15 17:56:18 Setting default language to user
