2019/05/29 19:03:16 Setting default language to user
2019/05/29 19:08:16 Setting default language to user
2019/05/29 19:13:16 Setting default language to user
2019/05/29 19:18:16 Setting default language to user
2019/05/29 19:23:16 Setting default language to user
2019/05/29 19:28:16 Setting default language to user
2019/05/29 19:33:16 Setting default language to user
2019/05/29 19:38:16 Setting default language to user
2019/05/29 19:43:16 Setting default language to user
2019/05/29 19:48:16 Setting default language to user
2019/05/29 19:52:49 Setting default language to user
2019/05/29 19:52:49 Layout prepend running
2019/05/29 19:52:49 Adding css /assets/css/main.css
2019/05/29 19:52:49 SELECT * FROM media_type ORDER BY id
2019/05/29 19:52:49 REGEXP FOUND: "^/?" in path "/robots.txt"

2019/05/29 19:52:49 Anyone is allowed
2019/05/29 19:52:49 Render layout frontend
2019/05/29 19:52:52 Setting default language to user
2019/05/29 19:52:52 Layout prepend running
2019/05/29 19:52:52 Adding css /assets/css/main.css
2019/05/29 19:52:52 SELECT * FROM media_type ORDER BY id
2019/05/29 19:52:52 REGEXP FOUND: "^/?" in path "/favicon.ico"

2019/05/29 19:52:52 Anyone is allowed
2019/05/29 19:52:53 Render layout frontend
2019/05/29 19:53:16 Setting default language to user
2019/05/29 19:58:16 Setting default language to user
