2019/06/18 14:04:53 Setting default language to user
2019/06/18 14:09:53 Setting default language to user
2019/06/18 14:14:53 Setting default language to user
2019/06/18 14:19:53 Setting default language to user
2019/06/18 14:20:13 Setting default language to user
2019/06/18 14:20:13 Layout prepend running
2019/06/18 14:20:13 Adding css /assets/css/main.css
2019/06/18 14:20:13 SELECT * FROM media_type ORDER BY id
2019/06/18 14:20:13 REGEXP FOUND: "^/?" in path "/robots.txt"

2019/06/18 14:20:13 Anyone is allowed
2019/06/18 14:20:13 Render layout frontend
2019/06/18 14:20:13 Setting default language to user
2019/06/18 14:20:13 Layout prepend running
2019/06/18 14:20:13 Adding css /assets/css/main.css
2019/06/18 14:20:13 SELECT * FROM media_type ORDER BY id
2019/06/18 14:20:13 REGEXP FOUND: "^/?" in path "/"

2019/06/18 14:20:13 Anyone is allowed
2019/06/18 14:20:13 Render layout frontend
2019/06/18 14:20:17 Layout prepend running
2019/06/18 14:20:17 REGEXP FOUND: "^/media$" in path "/media"

2019/06/18 14:20:17 Anyone is allowed
2019/06/18 14:20:17 Render layout frontend
2019/06/18 14:20:17 Layout prepend running
2019/06/18 14:20:17 REGEXP FOUND: "^/interests$" in path "/interests"

2019/06/18 14:20:17 Anyone is allowed
2019/06/18 14:20:17 Render layout frontend
2019/06/18 14:24:53 Setting default language to user
2019/06/18 14:29:53 Setting default language to user
2019/06/18 14:34:53 Setting default language to user
2019/06/18 14:39:53 Setting default language to user
2019/06/18 14:44:53 Setting default language to user
2019/06/18 14:49:53 Setting default language to user
2019/06/18 14:54:53 Setting default language to user
2019/06/18 14:59:53 Setting default language to user
