2019/05/11 05:01:02 Setting default language to user
2019/05/11 05:06:02 Setting default language to user
2019/05/11 05:08:13 Setting default language to user
2019/05/11 05:08:13 Layout prepend running
2019/05/11 05:08:13 Adding css /assets/css/main.css
2019/05/11 05:08:13 SELECT * FROM media_type ORDER BY id
2019/05/11 05:08:13 REGEXP FOUND: "^/?" in path "/favicon.ico"

2019/05/11 05:08:13 Anyone is allowed
2019/05/11 05:08:13 Render layout frontend
2019/05/11 05:11:53 Setting default language to user
2019/05/11 05:14:09 Setting default language to user
2019/05/11 05:19:09 Setting default language to user
2019/05/11 05:25:11 Setting default language to user
2019/05/11 05:33:01 Setting default language to user
2019/05/11 05:33:04 Layout prepend running
2019/05/11 05:33:04 REGEXP FOUND: "^/owners$" in path "/owners"

2019/05/11 05:33:04 Anyone is allowed
2019/05/11 05:33:04 Render layout frontend
2019/05/11 05:33:05 Layout prepend running
2019/05/11 05:33:05 REGEXP FOUND: "^/connections$" in path "/connections"

2019/05/11 05:33:05 Anyone is allowed
2019/05/11 05:33:05 Render layout frontend
2019/05/11 05:33:08 Setting default language to user
2019/05/11 05:33:08 Layout prepend running
2019/05/11 05:33:08 Adding css /assets/css/main.css
2019/05/11 05:33:08 SELECT * FROM media_type ORDER BY id
2019/05/11 05:33:08 REGEXP FOUND: "^/?" in path "/favicon.ico"

2019/05/11 05:33:08 Anyone is allowed
2019/05/11 05:33:08 Render layout frontend
2019/05/11 05:39:24 Setting default language to user
2019/05/11 05:43:26 Setting default language to user
2019/05/11 05:48:16 Setting default language to user
