2019/05/15 03:00:04 Setting default language to user
2019/05/15 03:05:25 Setting default language to user
2019/05/15 03:10:25 Setting default language to user
2019/05/15 03:15:25 Setting default language to user
2019/05/15 03:20:25 Setting default language to user
2019/05/15 03:21:57 Setting default language to user
2019/05/15 03:21:57 Layout prepend running
2019/05/15 03:21:57 Adding css /assets/css/main.css
2019/05/15 03:21:57 SELECT * FROM media_type ORDER BY id
2019/05/15 03:21:57 REGEXP FOUND: "^/?" in path "/robots.txt"

2019/05/15 03:21:57 Anyone is allowed
2019/05/15 03:21:57 Render layout frontend
2019/05/15 03:22:01 Setting default language to user
2019/05/15 03:22:01 Layout prepend running
2019/05/15 03:22:01 Adding css /assets/css/main.css
2019/05/15 03:22:01 SELECT * FROM media_type ORDER BY id
2019/05/15 03:22:01 REGEXP FOUND: "^/?" in path "/favicon.ico"

2019/05/15 03:22:01 Anyone is allowed
2019/05/15 03:22:01 Render layout frontend
2019/05/15 03:25:25 Setting default language to user
2019/05/15 03:30:25 Setting default language to user
2019/05/15 03:35:25 Setting default language to user
2019/05/15 03:40:25 Setting default language to user
2019/05/15 03:45:25 Setting default language to user
2019/05/15 03:50:25 Setting default language to user
2019/05/15 03:55:25 Setting default language to user
