2019/05/16 17:04:34 Setting default language to user
2019/05/16 17:09:35 Setting default language to user
2019/05/16 17:10:21 Setting default language to user
2019/05/16 17:10:21 Layout prepend running
2019/05/16 17:10:21 Adding css /assets/css/main.css
2019/05/16 17:10:21 SELECT * FROM media_type ORDER BY id
2019/05/16 17:10:21 REGEXP FOUND: "^/?" in path "/robots.txt"

2019/05/16 17:10:21 Anyone is allowed
2019/05/16 17:10:21 Render layout frontend
2019/05/16 17:10:22 Setting default language to user
2019/05/16 17:10:22 Layout prepend running
2019/05/16 17:10:22 Adding css /assets/css/main.css
2019/05/16 17:10:22 SELECT * FROM media_type ORDER BY id
2019/05/16 17:10:22 REGEXP FOUND: "^/?" in path "/"

2019/05/16 17:10:22 Anyone is allowed
2019/05/16 17:10:22 Render layout frontend
2019/05/16 17:10:28 Layout prepend running
2019/05/16 17:10:28 REGEXP FOUND: "^/connections$" in path "/connections"

2019/05/16 17:10:28 Anyone is allowed
2019/05/16 17:10:28 Render layout frontend
2019/05/16 17:10:28 Layout prepend running
2019/05/16 17:10:28 REGEXP FOUND: "^/operators$" in path "/operators"

2019/05/16 17:10:28 Anyone is allowed
2019/05/16 17:10:28 Render layout frontend
2019/05/16 17:10:28 Layout prepend running
2019/05/16 17:10:28 REGEXP FOUND: "^/owners$" in path "/owners"

2019/05/16 17:10:28 Anyone is allowed
2019/05/16 17:10:28 Render layout frontend
2019/05/16 17:10:28 Layout prepend running
2019/05/16 17:10:28 REGEXP FOUND: "^/interests$" in path "/interests"

2019/05/16 17:10:28 Anyone is allowed
2019/05/16 17:10:28 Render layout frontend
2019/05/16 17:10:28 Layout prepend running
2019/05/16 17:10:28 REGEXP FOUND: "^/media$" in path "/media"

2019/05/16 17:10:28 Anyone is allowed
2019/05/16 17:10:28 Render layout frontend
2019/05/16 17:14:35 Setting default language to user
2019/05/16 17:19:35 Setting default language to user
2019/05/16 17:24:35 Setting default language to user
2019/05/16 17:29:34 Setting default language to user
2019/05/16 17:34:35 Setting default language to user
2019/05/16 17:39:34 Setting default language to user
2019/05/16 17:44:34 Setting default language to user
2019/05/16 17:49:35 Setting default language to user
2019/05/16 17:54:35 Setting default language to user
2019/05/16 17:59:34 Setting default language to user
