2019/04/27 07:03:10 Setting default language to user
2019/04/27 07:08:10 Setting default language to user
2019/04/27 07:13:10 Setting default language to user
2019/04/27 07:18:10 Setting default language to user
2019/04/27 07:23:10 Setting default language to user
2019/04/27 07:28:10 Setting default language to user
2019/04/27 07:33:10 Setting default language to user
2019/04/27 07:38:10 Setting default language to user
2019/04/27 07:43:10 Setting default language to user
2019/04/27 07:44:49 Setting default language to user
2019/04/27 07:44:49 Layout prepend running
2019/04/27 07:44:49 Adding css /assets/css/main.css
2019/04/27 07:44:49 SELECT * FROM media_type ORDER BY id
2019/04/27 07:44:49 REGEXP FOUND: "^/?" in path "/"

2019/04/27 07:44:49 Anyone is allowed
2019/04/27 07:44:49 Render layout frontend
2019/04/27 07:44:52 Layout prepend running
2019/04/27 07:44:52 REGEXP FOUND: "^/owners$" in path "/owners"

2019/04/27 07:44:52 Anyone is allowed
2019/04/27 07:44:52 Render layout frontend
2019/04/27 07:44:52 Layout prepend running
2019/04/27 07:44:52 REGEXP FOUND: "^/connections$" in path "/connections"

2019/04/27 07:44:52 Anyone is allowed
2019/04/27 07:44:52 Render layout frontend
2019/04/27 07:48:10 Setting default language to user
2019/04/27 07:53:12 Setting default language to user
2019/04/27 07:58:12 Setting default language to user
