2019/03/11 10:01:02 Setting default language to user
2019/03/11 10:06:02 Setting default language to user
2019/03/11 10:11:02 Setting default language to user
2019/03/11 10:16:02 Setting default language to user
2019/03/11 10:21:02 Setting default language to user
2019/03/11 10:26:02 Setting default language to user
2019/03/11 10:26:04 Setting default language to user
2019/03/11 10:26:04 Layout prepend running
2019/03/11 10:26:04 Adding css /assets/css/main.css
2019/03/11 10:26:04 SELECT * FROM media_type ORDER BY id
2019/03/11 10:26:04 REGEXP FOUND: "^/?" in path "/"

2019/03/11 10:26:04 Anyone is allowed
2019/03/11 10:26:04 Render layout frontend
2019/03/11 10:26:05 Layout prepend running
2019/03/11 10:26:05 REGEXP FOUND: "^/media$" in path "/media"

2019/03/11 10:26:05 Anyone is allowed
2019/03/11 10:26:05 Render layout frontend
2019/03/11 10:26:05 Layout prepend running
2019/03/11 10:26:05 REGEXP FOUND: "^/connections$" in path "/connections"

2019/03/11 10:26:05 Anyone is allowed
2019/03/11 10:26:05 Render layout frontend
2019/03/11 10:26:05 Layout prepend running
2019/03/11 10:26:05 REGEXP FOUND: "^/owners$" in path "/owners"

2019/03/11 10:26:05 Anyone is allowed
2019/03/11 10:26:05 Render layout frontend
2019/03/11 10:26:05 Layout prepend running
2019/03/11 10:26:05 REGEXP FOUND: "^/operators$" in path "/operators"

2019/03/11 10:26:05 Anyone is allowed
2019/03/11 10:26:05 Render layout frontend
2019/03/11 10:26:05 Layout prepend running
2019/03/11 10:26:05 REGEXP FOUND: "^/interests$" in path "/interests"

2019/03/11 10:26:05 Anyone is allowed
2019/03/11 10:26:05 Render layout frontend
2019/03/11 10:29:41 Setting default language to user
2019/03/11 10:29:41 Layout prepend running
2019/03/11 10:29:41 Adding css /assets/css/main.css
2019/03/11 10:29:41 SELECT * FROM media_type ORDER BY id
2019/03/11 10:29:41 REGEXP FOUND: "^/?" in path "/robots.txt"

2019/03/11 10:29:41 Anyone is allowed
2019/03/11 10:29:41 Render layout frontend
2019/03/11 10:29:41 Setting default language to user
2019/03/11 10:29:41 Layout prepend running
2019/03/11 10:29:41 Adding css /assets/css/main.css
2019/03/11 10:29:41 SELECT * FROM media_type ORDER BY id
2019/03/11 10:29:42 REGEXP FOUND: "^/?" in path "/favicon.ico"

2019/03/11 10:29:42 Anyone is allowed
2019/03/11 10:29:42 Render layout frontend
2019/03/11 10:31:02 Setting default language to user
2019/03/11 10:36:02 Setting default language to user
2019/03/11 10:36:44 Setting default language to user
2019/03/11 10:36:44 Layout prepend running
2019/03/11 10:36:44 Adding css /assets/css/main.css
2019/03/11 10:36:44 SELECT * FROM media_type ORDER BY id
2019/03/11 10:36:44 REGEXP FOUND: "^/?" in path "/favicon.ico"

2019/03/11 10:36:44 Anyone is allowed
2019/03/11 10:36:44 Render layout frontend
2019/03/11 10:41:02 Setting default language to user
2019/03/11 10:46:02 Setting default language to user
2019/03/11 10:51:02 Setting default language to user
2019/03/11 10:56:01 Setting default language to user
