2019/09/01 00:03:01 Setting default language to user
2019/09/01 00:08:01 Setting default language to user
2019/09/01 00:13:01 Setting default language to user
2019/09/01 00:18:01 Setting default language to user
2019/09/01 00:23:02 Setting default language to user
2019/09/01 00:28:01 Setting default language to user
2019/09/01 00:32:58 Setting default language to user
2019/09/01 00:32:58 Layout prepend running
2019/09/01 00:32:58 Adding css /assets/css/main.css
2019/09/01 00:32:58 SELECT * FROM media_type ORDER BY id
2019/09/01 00:32:58 REGEXP FOUND: "^/?" in path "/robots.txt"

2019/09/01 00:32:58 Anyone is allowed
2019/09/01 00:32:58 Render layout frontend
2019/09/01 00:32:58 Setting default language to user
2019/09/01 00:32:58 Layout prepend running
2019/09/01 00:32:58 Adding css /assets/css/main.css
2019/09/01 00:32:58 SELECT * FROM media_type ORDER BY id
2019/09/01 00:32:58 REGEXP FOUND: "^/?" in path "/"

2019/09/01 00:32:58 Anyone is allowed
2019/09/01 00:32:58 Render layout frontend
2019/09/01 00:33:01 Setting default language to user
2019/09/01 00:38:01 Setting default language to user
2019/09/01 00:43:01 Setting default language to user
2019/09/01 00:48:01 Setting default language to user
2019/09/01 00:53:01 Setting default language to user
2019/09/01 00:58:01 Setting default language to user
