2019/02/04 10:01:28 Setting default language to user
2019/02/04 10:06:28 Setting default language to user
2019/02/04 10:15:12 Setting default language to user
2019/02/04 10:18:36 Setting default language to user
2019/02/04 10:18:36 Layout prepend running
2019/02/04 10:18:36 Adding css /assets/css/main.css
2019/02/04 10:18:36 SELECT * FROM media_type ORDER BY id
2019/02/04 10:18:36 REGEXP FOUND: "^/?" in path "/"

2019/02/04 10:18:36 Anyone is allowed
2019/02/04 10:18:36 Render layout frontend
2019/02/04 10:18:37 Layout prepend running
2019/02/04 10:18:37 REGEXP FOUND: "^/media$" in path "/media"

2019/02/04 10:18:37 Anyone is allowed
2019/02/04 10:18:37 Render layout frontend
2019/02/04 10:18:37 Layout prepend running
2019/02/04 10:18:37 REGEXP FOUND: "^/connections$" in path "/connections"

2019/02/04 10:18:37 Anyone is allowed
2019/02/04 10:18:37 Render layout frontend
2019/02/04 10:18:37 Layout prepend running
2019/02/04 10:18:37 REGEXP FOUND: "^/operators$" in path "/operators"

2019/02/04 10:18:37 Anyone is allowed
2019/02/04 10:18:37 Render layout frontend
2019/02/04 10:18:37 Layout prepend running
2019/02/04 10:18:37 REGEXP FOUND: "^/owners$" in path "/owners"

2019/02/04 10:18:37 Anyone is allowed
2019/02/04 10:18:37 Render layout frontend
2019/02/04 10:18:37 Layout prepend running
2019/02/04 10:18:37 REGEXP FOUND: "^/interests$" in path "/interests"

2019/02/04 10:18:37 Anyone is allowed
2019/02/04 10:18:37 Render layout frontend
2019/02/04 10:18:54 Setting default language to user
2019/02/04 10:18:54 Layout prepend running
2019/02/04 10:18:54 Adding css /assets/css/main.css
2019/02/04 10:18:54 SELECT * FROM media_type ORDER BY id
2019/02/04 10:18:54 Setting default language to user
2019/02/04 10:18:54 Layout prepend running
2019/02/04 10:18:54 Adding css /assets/css/main.css
2019/02/04 10:18:54 SELECT * FROM media_type ORDER BY id
2019/02/04 10:18:54 REGEXP FOUND: "^/?" in path "/robots.txt"

2019/02/04 10:18:54 Anyone is allowed
2019/02/04 10:18:54 Render layout frontend
2019/02/04 10:18:55 Layout prepend running
2019/02/04 10:18:55 REGEXP FOUND: "^/media$" in path "/media"

2019/02/04 10:18:55 Anyone is allowed
2019/02/04 10:18:55 Render layout frontend
2019/02/04 10:18:55 Layout prepend running
2019/02/04 10:18:55 REGEXP FOUND: "^/owners$" in path "/owners"

2019/02/04 10:18:55 Anyone is allowed
2019/02/04 10:18:55 Render layout frontend
2019/02/04 10:18:55 Layout prepend running
2019/02/04 10:18:55 REGEXP FOUND: "^/operators$" in path "/operators"

2019/02/04 10:18:55 Anyone is allowed
2019/02/04 10:18:55 Render layout frontend
2019/02/04 10:18:55 Layout prepend running
2019/02/04 10:18:55 REGEXP FOUND: "^/connections$" in path "/connections"

2019/02/04 10:18:55 Anyone is allowed
2019/02/04 10:18:55 Render layout frontend
2019/02/04 10:18:55 Layout prepend running
2019/02/04 10:18:55 REGEXP FOUND: "^/interests$" in path "/interests"

2019/02/04 10:18:55 Anyone is allowed
2019/02/04 10:18:55 Render layout frontend
2019/02/04 10:20:12 Setting default language to user
2019/02/04 10:25:12 Setting default language to user
2019/02/04 10:30:11 Setting default language to user
2019/02/04 10:35:11 Setting default language to user
2019/02/04 10:40:11 Setting default language to user
2019/02/04 10:44:48 Setting default language to user
2019/02/04 10:49:48 Setting default language to user
2019/02/04 10:53:33 Setting default language to user
2019/02/04 10:53:33 Layout prepend running
2019/02/04 10:53:33 Adding css /assets/css/main.css
2019/02/04 10:53:33 SELECT * FROM media_type ORDER BY id
2019/02/04 10:53:33 REGEXP FOUND: "^/?" in path "/"

2019/02/04 10:53:33 Anyone is allowed
2019/02/04 10:53:33 Render layout frontend
2019/02/04 10:54:48 Setting default language to user
2019/02/04 10:59:48 Setting default language to user
