2019/03/07 12:00:15 Setting default language to user
2019/03/07 12:05:15 Setting default language to user
2019/03/07 12:10:15 Setting default language to user
2019/03/07 12:15:15 Setting default language to user
2019/03/07 12:20:15 Setting default language to user
2019/03/07 12:25:15 Setting default language to user
2019/03/07 12:30:15 Setting default language to user
2019/03/07 12:35:15 Setting default language to user
2019/03/07 12:40:15 Setting default language to user
2019/03/07 12:43:08 Setting default language to user
2019/03/07 12:43:08 Layout prepend running
2019/03/07 12:43:08 Adding css /assets/css/main.css
2019/03/07 12:43:08 SELECT * FROM media_type ORDER BY id
2019/03/07 12:43:08 REGEXP FOUND: "^/?" in path "/"

2019/03/07 12:43:08 Anyone is allowed
2019/03/07 12:43:08 Render layout frontend
2019/03/07 12:43:10 Layout prepend running
2019/03/07 12:43:10 REGEXP FOUND: "^/owners$" in path "/owners"

2019/03/07 12:43:10 Anyone is allowed
2019/03/07 12:43:10 Layout prepend running
2019/03/07 12:43:10 Layout prepend running
2019/03/07 12:43:10 Layout prepend running
2019/03/07 12:43:10 Render layout frontend
2019/03/07 12:43:10 Layout prepend running
2019/03/07 12:43:10 REGEXP FOUND: "^/interests$" in path "/interests"

2019/03/07 12:43:10 Anyone is allowed
2019/03/07 12:43:10 Render layout frontend
2019/03/07 12:44:23 Changing language to en
2019/03/07 12:44:23 Layout prepend running
2019/03/07 12:44:23 Adding css /assets/css/main.css
2019/03/07 12:44:23 SELECT * FROM media_type ORDER BY id
2019/03/07 12:44:23 REGEXP FOUND: "^/?" in path "/"

2019/03/07 12:44:23 Anyone is allowed
2019/03/07 12:44:23 Render layout frontend
2019/03/07 12:44:24 Layout prepend running
2019/03/07 12:44:24 REGEXP FOUND: "^/connections$" in path "/connections"

2019/03/07 12:44:24 Anyone is allowed
2019/03/07 12:44:24 Layout prepend running
2019/03/07 12:44:24 REGEXP FOUND: "^/media$" in path "/media"

2019/03/07 12:44:24 Anyone is allowed
2019/03/07 12:44:24 Render layout frontend
2019/03/07 12:44:24 Layout prepend running
2019/03/07 12:44:24 REGEXP FOUND: "^/operators$" in path "/operators"

2019/03/07 12:44:24 Anyone is allowed
2019/03/07 12:44:24 Layout prepend running
2019/03/07 12:44:24 REGEXP FOUND: "^/owners$" in path "/owners"

2019/03/07 12:44:24 Anyone is allowed
2019/03/07 12:44:24 Render layout frontend
2019/03/07 12:44:24 Render layout frontend
2019/03/07 12:44:24 Layout prepend running
2019/03/07 12:44:24 REGEXP FOUND: "^/interests$" in path "/interests"

2019/03/07 12:44:24 Anyone is allowed
2019/03/07 12:44:24 Render layout frontend
2019/03/07 12:45:15 Setting default language to user
2019/03/07 12:49:33 Changing language to hu
2019/03/07 12:49:33 Layout prepend running
2019/03/07 12:49:33 Adding css /assets/css/main.css
2019/03/07 12:49:33 SELECT * FROM media_type ORDER BY id
2019/03/07 12:49:33 REGEXP FOUND: "^/?" in path "/"

2019/03/07 12:49:33 Anyone is allowed
2019/03/07 12:49:33 Render layout frontend
2019/03/07 12:49:34 Layout prepend running
2019/03/07 12:49:34 REGEXP FOUND: "^/connections$" in path "/connections"

2019/03/07 12:49:34 Anyone is allowed
2019/03/07 12:49:34 Render layout frontend
2019/03/07 12:49:34 Layout prepend running
2019/03/07 12:49:34 REGEXP FOUND: "^/media$" in path "/media"

2019/03/07 12:49:34 Anyone is allowed
2019/03/07 12:49:34 Render layout frontend
2019/03/07 12:49:34 Layout prepend running
2019/03/07 12:49:34 Layout prepend running
2019/03/07 12:49:34 REGEXP FOUND: "^/owners$" in path "/owners"

2019/03/07 12:49:34 Anyone is allowed
2019/03/07 12:49:34 Render layout frontend
2019/03/07 12:49:34 Layout prepend running
2019/03/07 12:49:34 REGEXP FOUND: "^/operators$" in path "/operators"

2019/03/07 12:49:34 Anyone is allowed
2019/03/07 12:49:34 Render layout frontend
2019/03/07 12:49:34 REGEXP FOUND: "^/interests$" in path "/interests"

2019/03/07 12:49:34 Anyone is allowed
2019/03/07 12:49:34 Render layout frontend
2019/03/07 12:50:15 Setting default language to user
2019/03/07 12:55:15 Setting default language to user
