2019/09/25 16:00:01 Setting default language to user
2019/09/25 16:05:01 Setting default language to user
2019/09/25 16:10:01 Setting default language to user
2019/09/25 16:15:01 Setting default language to user
2019/09/25 16:20:01 Setting default language to user
2019/09/25 16:25:01 Setting default language to user
2019/09/25 16:30:01 Setting default language to user
2019/09/25 16:35:01 Setting default language to user
2019/09/25 16:40:01 Setting default language to user
2019/09/25 16:45:01 Setting default language to user
2019/09/25 16:50:01 Setting default language to user
2019/09/25 16:55:01 Setting default language to user
2019/09/25 16:55:49 Setting default language to user
2019/09/25 16:55:49 Layout prepend running
2019/09/25 16:55:49 Adding css /assets/css/main.css
2019/09/25 16:55:49 SELECT * FROM media_type ORDER BY id
2019/09/25 16:55:49 REGEXP FOUND: "^/?" in path "/robots.txt"

2019/09/25 16:55:49 Anyone is allowed
2019/09/25 16:55:49 Render layout frontend
2019/09/25 16:55:49 Setting default language to user
2019/09/25 16:55:49 Layout prepend running
2019/09/25 16:55:49 Adding css /assets/css/main.css
2019/09/25 16:55:49 SELECT * FROM media_type ORDER BY id
2019/09/25 16:55:49 REGEXP FOUND: "^/?" in path "/"

2019/09/25 16:55:49 Anyone is allowed
2019/09/25 16:55:49 Render layout frontend
