2019/01/16 15:01:21 Setting default language to user
2019/01/16 15:06:21 Setting default language to user
2019/01/16 15:11:21 Setting default language to user
2019/01/16 15:16:22 Setting default language to user
2019/01/16 15:21:22 Setting default language to user
2019/01/16 15:26:22 Setting default language to user
2019/01/16 15:31:22 Setting default language to user
2019/01/16 15:32:49 Setting default language to user
2019/01/16 15:37:49 Setting default language to user
2019/01/16 15:42:49 Setting default language to user
2019/01/16 15:49:27 Setting default language to user
2019/01/16 15:54:27 Setting default language to user
2019/01/16 15:55:43 Setting default language to user
2019/01/16 15:55:43 Layout prepend running
2019/01/16 15:55:43 Adding css /assets/css/main.css
2019/01/16 15:55:43 SELECT * FROM media_type ORDER BY id
2019/01/16 15:55:43 REGEXP FOUND: "^/?" in path "/"

2019/01/16 15:55:43 Anyone is allowed
2019/01/16 15:55:43 Render layout frontend
2019/01/16 15:59:27 Setting default language to user
