2019/06/20 13:02:36 Setting default language to user
2019/06/20 13:07:35 Setting default language to user
2019/06/20 13:09:49 Setting default language to user
2019/06/20 13:09:49 Layout prepend running
2019/06/20 13:09:49 Adding css /assets/css/main.css
2019/06/20 13:09:49 SELECT * FROM media_type ORDER BY id
2019/06/20 13:09:49 REGEXP FOUND: "^/?" in path "/"

2019/06/20 13:09:49 Anyone is allowed
2019/06/20 13:09:49 Render layout frontend
2019/06/20 13:10:05 Setting default language to user
2019/06/20 13:10:05 Layout prepend running
2019/06/20 13:10:05 Adding css /assets/css/main.css
2019/06/20 13:10:05 SELECT * FROM media_type ORDER BY id
2019/06/20 13:10:05 REGEXP FOUND: "^/?" in path "/favicon.ico"

2019/06/20 13:10:05 Anyone is allowed
2019/06/20 13:10:05 Render layout frontend
2019/06/20 13:12:35 Setting default language to user
2019/06/20 13:17:35 Setting default language to user
2019/06/20 13:22:35 Setting default language to user
2019/06/20 13:27:35 Setting default language to user
2019/06/20 13:32:35 Setting default language to user
2019/06/20 13:37:36 Setting default language to user
2019/06/20 13:42:36 Setting default language to user
2019/06/20 13:47:35 Setting default language to user
2019/06/20 13:52:36 Setting default language to user
2019/06/20 13:57:35 Setting default language to user
