2019/04/23 09:03:15 Config values are the following: {ViewDir:view ListenPort:9004 BrandUrl: ChiefAdmin:map[0:{Email:istvan.dombi@agl.group Password:mos180628 SuperAdmin:false} 1:{Email:lo@branditorial.hu Password:mos180628 SuperAdmin:false} 2:{Email:atom@agl.group Password:mos180628 SuperAdmin:false}] Og:{Url:http://mediaownershiptool.ceu.edu/ Type:website Title:Media Ownership Tool Description:Media Ownership Image:/assets/images/MOS_og.jpg} Environment:local Db:{Environment:map[local:{Host:localhost Username:mos Password:golangforever Name:mos}] MaxIdleCons:0 MaxOpenCons:0 MaxConnLifetimeMinutes:3} Server:{ReadTimeoutSeconds:20 WriteTimeoutSeconds:20 SessionKey:mediaownership MaxRPS:5 BanMinutes:10 BanActive:false} Mode:{Debug:true Rebuild_structure:false Rebuild_data:false} Cache:{Enabled:true Dir:view/cache} AdminRouter:admin ConfigValues:map[facebook: instagram: linkedin: youtube: spotify:] Language:{Allowed:[hu en]}}
2019/04/23 09:03:15 Initializing translator
2019/04/23 09:03:15 Translator initialization done
2019/04/23 09:03:15 Ininialize connection
2019/04/23 09:03:38 Layout prepend running
2019/04/23 09:03:38 Adding css /assets/css/main.css
2019/04/23 09:03:38 SELECT * FROM media_type ORDER BY id
2019/04/23 09:03:38 REGEXP FOUND: "^/?" in path "/"

2019/04/23 09:03:38 Anyone is allowed
2019/04/23 09:03:38 Render layout frontend
2019/04/23 09:03:39 Layout prepend running
2019/04/23 09:03:39 Layout prepend running
2019/04/23 09:03:39 Layout prepend running
2019/04/23 09:03:39 REGEXP FOUND: "^/connections$" in path "/connections"

2019/04/23 09:03:39 Anyone is allowed
2019/04/23 09:03:39 REGEXP FOUND: "^/operators$" in path "/operators"

2019/04/23 09:03:39 Anyone is allowed
2019/04/23 09:03:39 Layout prepend running
2019/04/23 09:03:39 Layout prepend running
2019/04/23 09:03:39 REGEXP FOUND: "^/owners$" in path "/owners"

2019/04/23 09:03:39 Anyone is allowed
2019/04/23 09:03:39 REGEXP FOUND: "^/interests$" in path "/interests"

2019/04/23 09:03:39 Anyone is allowed
2019/04/23 09:03:39 Render layout frontend
2019/04/23 09:03:39 REGEXP FOUND: "^/media$" in path "/media"

2019/04/23 09:03:39 Anyone is allowed
2019/04/23 09:03:39 Render layout frontend
2019/04/23 09:03:39 Render layout frontend
2019/04/23 09:04:04 Layout prepend running
2019/04/23 09:04:04 Adding css /assets/css/main.css
2019/04/23 09:04:04 SELECT * FROM media_type ORDER BY id
2019/04/23 09:04:04 REGEXP FOUND: "^/?" in path "/"

2019/04/23 09:04:04 Anyone is allowed
2019/04/23 09:04:04 Render layout frontend
2019/04/23 09:04:05 Layout prepend running
2019/04/23 09:04:05 Layout prepend running
2019/04/23 09:04:05 REGEXP FOUND: "^/operators$" in path "/operators"

2019/04/23 09:04:05 Anyone is allowed
2019/04/23 09:04:05 Render layout frontend
2019/04/23 09:04:05 Layout prepend running
2019/04/23 09:04:05 Layout prepend running
2019/04/23 09:04:05 REGEXP FOUND: "^/interests$" in path "/interests"

2019/04/23 09:04:05 Anyone is allowed
2019/04/23 09:04:05 Render layout frontend
2019/04/23 09:04:23 Setting default language to user
2019/04/23 09:09:23 Setting default language to user
2019/04/23 09:14:23 Setting default language to user
2019/04/23 09:19:23 Setting default language to user
2019/04/23 09:24:23 Setting default language to user
2019/04/23 09:29:23 Setting default language to user
2019/04/23 09:34:23 Setting default language to user
2019/04/23 09:39:23 Setting default language to user
2019/04/23 09:44:23 Setting default language to user
2019/04/23 09:49:23 Setting default language to user
2019/04/23 09:54:23 Setting default language to user
2019/04/23 09:59:23 Setting default language to user
