2019/02/19 11:04:45 Setting default language to user
2019/02/19 11:05:46 Changing language to en
2019/02/19 11:05:46 Layout prepend running
2019/02/19 11:05:46 Adding css /assets/css/main.css
2019/02/19 11:05:46 SELECT * FROM media_type ORDER BY id
2019/02/19 11:05:46 REGEXP FOUND: "^/?" in path "/"

2019/02/19 11:05:46 Anyone is allowed
2019/02/19 11:05:46 Render layout frontend
2019/02/19 11:05:47 Layout prepend running
2019/02/19 11:05:47 REGEXP FOUND: "^/media$" in path "/media"

2019/02/19 11:05:47 Anyone is allowed
2019/02/19 11:05:47 Layout prepend running
2019/02/19 11:05:47 REGEXP FOUND: "^/connections$" in path "/connections"

2019/02/19 11:05:47 Anyone is allowed
2019/02/19 11:05:47 Render layout frontend
2019/02/19 11:05:47 Layout prepend running
2019/02/19 11:05:47 REGEXP FOUND: "^/operators$" in path "/operators"

2019/02/19 11:05:47 Anyone is allowed
2019/02/19 11:05:47 Layout prepend running
2019/02/19 11:05:47 Layout prepend running
2019/02/19 11:05:47 REGEXP FOUND: "^/interests$" in path "/interests"

2019/02/19 11:05:47 Anyone is allowed
2019/02/19 11:05:47 Render layout frontend
2019/02/19 11:09:45 Setting default language to user
2019/02/19 11:14:45 Setting default language to user
2019/02/19 11:18:01 Layout prepend running
2019/02/19 11:18:01 Adding css /assets/css/main.css
2019/02/19 11:18:01 SELECT * FROM media_type ORDER BY id
2019/02/19 11:18:01 REGEXP FOUND: "^/?" in path "/"

2019/02/19 11:18:01 Anyone is allowed
2019/02/19 11:18:01 Render layout frontend
2019/02/19 11:18:02 Layout prepend running
2019/02/19 11:18:02 REGEXP FOUND: "^/media$" in path "/media"

2019/02/19 11:18:02 Anyone is allowed
2019/02/19 11:18:02 Render layout frontend
2019/02/19 11:18:02 Layout prepend running
2019/02/19 11:18:02 REGEXP FOUND: "^/connections$" in path "/connections"

2019/02/19 11:18:02 Anyone is allowed
2019/02/19 11:18:02 Render layout frontend
2019/02/19 11:18:02 Layout prepend running
2019/02/19 11:18:02 Layout prepend running
2019/02/19 11:18:02 Layout prepend running
2019/02/19 11:18:02 REGEXP FOUND: "^/operators$" in path "/operators"

2019/02/19 11:18:02 Anyone is allowed
2019/02/19 11:18:02 Render layout frontend
2019/02/19 11:18:02 REGEXP FOUND: "^/owners$" in path "/owners"

2019/02/19 11:18:02 Anyone is allowed
2019/02/19 11:18:02 Render layout frontend
2019/02/19 11:18:02 REGEXP FOUND: "^/interests$" in path "/interests"

2019/02/19 11:18:02 Anyone is allowed
2019/02/19 11:18:02 Render layout frontend
2019/02/19 11:19:45 Setting default language to user
2019/02/19 11:24:45 Setting default language to user
2019/02/19 11:33:08 Setting default language to user
2019/02/19 11:38:00 Setting default language to user
2019/02/19 11:49:01 Setting default language to user
2019/02/19 11:55:59 Setting default language to user
