2019/05/17 10:02:49 Setting default language to user
2019/05/17 10:07:49 Setting default language to user
2019/05/17 10:12:50 Setting default language to user
2019/05/17 10:17:49 Setting default language to user
2019/05/17 10:22:50 Setting default language to user
2019/05/17 10:27:50 Setting default language to user
2019/05/17 10:32:50 Setting default language to user
2019/05/17 10:37:49 Setting default language to user
2019/05/17 10:42:49 Setting default language to user
2019/05/17 10:47:49 Setting default language to user
2019/05/17 10:50:44 Setting default language to user
2019/05/17 10:50:44 Layout prepend running
2019/05/17 10:50:44 Adding css /assets/css/main.css
2019/05/17 10:50:44 SELECT * FROM media_type ORDER BY id
2019/05/17 10:50:44 REGEXP FOUND: "^/?" in path "/robots.txt"

2019/05/17 10:50:44 Anyone is allowed
2019/05/17 10:50:44 Render layout frontend
2019/05/17 10:50:48 Setting default language to user
2019/05/17 10:50:48 Layout prepend running
2019/05/17 10:50:48 Adding css /assets/css/main.css
2019/05/17 10:50:48 SELECT * FROM media_type ORDER BY id
2019/05/17 10:50:48 REGEXP FOUND: "^/?" in path "/favicon.ico"

2019/05/17 10:50:48 Anyone is allowed
2019/05/17 10:50:48 Render layout frontend
2019/05/17 10:52:49 Setting default language to user
2019/05/17 10:57:48 Setting default language to user
