2019/04/08 10:00:05 Setting default language to user
2019/04/08 10:05:05 Setting default language to user
2019/04/08 10:10:06 Setting default language to user
2019/04/08 10:15:06 Setting default language to user
2019/04/08 10:20:06 Setting default language to user
2019/04/08 10:25:05 Setting default language to user
2019/04/08 10:30:06 Setting default language to user
2019/04/08 10:33:31 Setting default language to user
2019/04/08 10:33:31 Layout prepend running
2019/04/08 10:33:31 Adding css /assets/css/main.css
2019/04/08 10:33:31 SELECT * FROM media_type ORDER BY id
2019/04/08 10:33:31 REGEXP FOUND: "^/?" in path "/robots.txt"

2019/04/08 10:33:31 Anyone is allowed
2019/04/08 10:33:31 Render layout frontend
2019/04/08 10:33:31 Layout prepend running
2019/04/08 10:33:31 REGEXP FOUND: "^/interests$" in path "/interests"

2019/04/08 10:33:31 Anyone is allowed
2019/04/08 10:33:31 Render layout frontend
2019/04/08 10:33:32 Layout prepend running
2019/04/08 10:33:32 REGEXP FOUND: "^/interests$" in path "/interests"

2019/04/08 10:33:32 Anyone is allowed
2019/04/08 10:33:32 Render layout frontend
2019/04/08 10:33:32 Layout prepend running
2019/04/08 10:33:32 REGEXP FOUND: "^/operators$" in path "/operators"

2019/04/08 10:33:32 Anyone is allowed
2019/04/08 10:33:32 Render layout frontend
2019/04/08 10:33:33 Layout prepend running
2019/04/08 10:33:33 REGEXP FOUND: "^/connections$" in path "/connections"

2019/04/08 10:33:33 Anyone is allowed
2019/04/08 10:33:33 Render layout frontend
2019/04/08 10:33:34 Layout prepend running
2019/04/08 10:33:34 REGEXP FOUND: "^/operators$" in path "/operators"

2019/04/08 10:33:34 Anyone is allowed
2019/04/08 10:33:34 Render layout frontend
2019/04/08 10:33:34 Layout prepend running
2019/04/08 10:33:34 REGEXP FOUND: "^/media$" in path "/media"

2019/04/08 10:33:34 Anyone is allowed
2019/04/08 10:33:34 Render layout frontend
2019/04/08 10:33:36 Setting default language to user
2019/04/08 10:33:36 Layout prepend running
2019/04/08 10:33:36 Adding css /assets/css/main.css
2019/04/08 10:33:36 SELECT * FROM media_type ORDER BY id
2019/04/08 10:33:36 REGEXP FOUND: "^/?" in path "/favicon.ico"

2019/04/08 10:33:36 Anyone is allowed
2019/04/08 10:33:36 Render layout frontend
2019/04/08 10:35:05 Setting default language to user
2019/04/08 10:40:05 Setting default language to user
2019/04/08 10:45:05 Setting default language to user
2019/04/08 10:50:06 Setting default language to user
2019/04/08 10:55:05 Setting default language to user
