2019/04/29 09:03:53 Setting default language to user
2019/04/29 09:07:53 Setting default language to user
2019/04/29 09:07:53 Layout prepend running
2019/04/29 09:07:53 Adding css /assets/css/main.css
2019/04/29 09:07:53 SELECT * FROM media_type ORDER BY id
2019/04/29 09:07:53 REGEXP FOUND: "^/?" in path "/"

2019/04/29 09:07:53 Anyone is allowed
2019/04/29 09:07:53 Render layout frontend
2019/04/29 09:07:54 Layout prepend running
2019/04/29 09:07:54 Layout prepend running
2019/04/29 09:07:54 Layout prepend running
2019/04/29 09:07:54 Layout prepend running
2019/04/29 09:07:54 REGEXP FOUND: "^/owners$" in path "/owners"

2019/04/29 09:07:54 Anyone is allowed
2019/04/29 09:07:54 Render layout frontend
2019/04/29 09:07:54 REGEXP FOUND: "^/operators$" in path "/operators"

2019/04/29 09:07:54 Anyone is allowed
2019/04/29 09:07:54 REGEXP FOUND: "^/connections$" in path "/connections"

2019/04/29 09:07:54 Anyone is allowed
2019/04/29 09:07:54 Render layout frontend
2019/04/29 09:07:54 REGEXP FOUND: "^/media$" in path "/media"

2019/04/29 09:07:54 Anyone is allowed
2019/04/29 09:07:54 Layout prepend running
2019/04/29 09:07:54 Render layout frontend
2019/04/29 09:07:54 Render layout frontend
2019/04/29 09:07:54 REGEXP FOUND: "^/interests$" in path "/interests"

2019/04/29 09:07:54 Anyone is allowed
2019/04/29 09:07:54 Render layout frontend
2019/04/29 09:08:53 Setting default language to user
2019/04/29 09:13:53 Setting default language to user
2019/04/29 09:15:10 Setting default language to user
2019/04/29 09:18:53 Setting default language to user
2019/04/29 09:23:53 Setting default language to user
2019/04/29 09:28:53 Setting default language to user
2019/04/29 09:33:53 Setting default language to user
2019/04/29 09:38:53 Setting default language to user
2019/04/29 09:43:53 Setting default language to user
2019/04/29 09:48:53 Setting default language to user
2019/04/29 09:52:33 Setting default language to user
2019/04/29 09:53:53 Setting default language to user
2019/04/29 09:58:53 Setting default language to user
