2019/04/29 12:05:21 Setting default language to user
2019/04/29 12:10:20 Setting default language to user
2019/04/29 12:15:20 Setting default language to user
2019/04/29 12:19:00 Setting default language to user
2019/04/29 12:19:00 Layout prepend running
2019/04/29 12:19:01 Adding css /assets/css/main.css
2019/04/29 12:19:01 SELECT * FROM media_type ORDER BY id
2019/04/29 12:19:01 REGEXP FOUND: "^/?" in path "/robots.txt"

2019/04/29 12:19:01 Anyone is allowed
2019/04/29 12:19:01 Render layout frontend
2019/04/29 12:19:01 Setting default language to user
2019/04/29 12:19:01 Layout prepend running
2019/04/29 12:19:01 Adding css /assets/css/main.css
2019/04/29 12:19:01 SELECT * FROM media_type ORDER BY id
2019/04/29 12:19:01 REGEXP FOUND: "^/?" in path "/"

2019/04/29 12:19:01 Anyone is allowed
2019/04/29 12:19:01 Render layout frontend
2019/04/29 12:19:10 Layout prepend running
2019/04/29 12:19:10 REGEXP FOUND: "^/owners$" in path "/owners"

2019/04/29 12:19:10 Anyone is allowed
2019/04/29 12:19:10 Render layout frontend
2019/04/29 12:19:11 Layout prepend running
2019/04/29 12:19:11 REGEXP FOUND: "^/interests$" in path "/interests"

2019/04/29 12:19:11 Anyone is allowed
2019/04/29 12:19:11 Render layout frontend
2019/04/29 12:19:11 Layout prepend running
2019/04/29 12:19:11 REGEXP FOUND: "^/connections$" in path "/connections"

2019/04/29 12:19:11 Anyone is allowed
2019/04/29 12:19:11 Render layout frontend
2019/04/29 12:20:20 Setting default language to user
2019/04/29 12:25:20 Setting default language to user
2019/04/29 12:30:20 Setting default language to user
2019/04/29 12:35:20 Setting default language to user
2019/04/29 12:39:13 Setting default language to user
2019/04/29 12:47:52 Setting default language to user
2019/04/29 12:52:52 Setting default language to user
2019/04/29 12:57:52 Setting default language to user
