2019/05/22 01:01:46 Setting default language to user
2019/05/22 01:06:47 Setting default language to user
2019/05/22 01:11:47 Setting default language to user
2019/05/22 01:16:47 Setting default language to user
2019/05/22 01:21:46 Setting default language to user
2019/05/22 01:26:47 Setting default language to user
2019/05/22 01:31:47 Setting default language to user
2019/05/22 01:36:47 Setting default language to user
2019/05/22 01:41:47 Setting default language to user
2019/05/22 01:46:47 Setting default language to user
2019/05/22 01:51:46 Setting default language to user
2019/05/22 01:54:44 Setting default language to user
2019/05/22 01:54:44 Layout prepend running
2019/05/22 01:54:44 Adding css /assets/css/main.css
2019/05/22 01:54:44 SELECT * FROM media_type ORDER BY id
2019/05/22 01:54:44 REGEXP FOUND: "^/?" in path "/robots.txt"

2019/05/22 01:54:44 Anyone is allowed
2019/05/22 01:54:44 Render layout frontend
2019/05/22 01:54:48 Setting default language to user
2019/05/22 01:54:48 Layout prepend running
2019/05/22 01:54:48 Adding css /assets/css/main.css
2019/05/22 01:54:48 SELECT * FROM media_type ORDER BY id
2019/05/22 01:54:48 REGEXP FOUND: "^/?" in path "/favicon.ico"

2019/05/22 01:54:48 Anyone is allowed
2019/05/22 01:54:48 Render layout frontend
2019/05/22 01:56:45 Setting default language to user
