2019/05/03 22:03:47 Setting default language to user
2019/05/03 22:08:47 Setting default language to user
2019/05/03 22:13:47 Setting default language to user
2019/05/03 22:18:47 Setting default language to user
2019/05/03 22:22:27 Setting default language to user
2019/05/03 22:22:27 Layout prepend running
2019/05/03 22:22:27 Adding css /assets/css/main.css
2019/05/03 22:22:27 SELECT * FROM media_type ORDER BY id
2019/05/03 22:22:27 REGEXP FOUND: "^/?" in path "/robots.txt"

2019/05/03 22:22:27 Anyone is allowed
2019/05/03 22:22:27 Render layout frontend
2019/05/03 22:22:30 Setting default language to user
2019/05/03 22:22:30 Layout prepend running
2019/05/03 22:22:31 Adding css /assets/css/main.css
2019/05/03 22:22:31 SELECT * FROM media_type ORDER BY id
2019/05/03 22:22:31 REGEXP FOUND: "^/?" in path "/favicon.ico"

2019/05/03 22:22:31 Anyone is allowed
2019/05/03 22:22:31 Render layout frontend
2019/05/03 22:23:47 Setting default language to user
2019/05/03 22:28:47 Setting default language to user
2019/05/03 22:33:47 Setting default language to user
2019/05/03 22:38:47 Setting default language to user
2019/05/03 22:48:55 Setting default language to user
2019/05/03 22:53:55 Setting default language to user
2019/05/03 22:58:55 Setting default language to user
