2019/03/18 11:00:54 Setting default language to user
2019/03/18 11:05:54 Setting default language to user
2019/03/18 11:10:12 Setting default language to user
2019/03/18 11:15:12 Setting default language to user
2019/03/18 11:18:34 Setting default language to user
2019/03/18 11:18:34 Layout prepend running
2019/03/18 11:18:34 Adding css /assets/css/main.css
2019/03/18 11:18:34 SELECT * FROM media_type ORDER BY id
2019/03/18 11:18:34 REGEXP FOUND: "^/?" in path "/robots.txt"

2019/03/18 11:18:34 Anyone is allowed
2019/03/18 11:18:34 Render layout frontend
2019/03/18 11:18:34 Setting default language to user
2019/03/18 11:18:34 Layout prepend running
2019/03/18 11:18:34 Adding css /assets/css/main.css
2019/03/18 11:18:34 SELECT * FROM media_type ORDER BY id
2019/03/18 11:18:34 REGEXP FOUND: "^/?" in path "/favicon.ico"

2019/03/18 11:18:34 Anyone is allowed
2019/03/18 11:18:34 Render layout frontend
2019/03/18 11:20:12 Setting default language to user
2019/03/18 11:25:12 Setting default language to user
2019/03/18 11:30:12 Setting default language to user
2019/03/18 11:35:12 Setting default language to user
2019/03/18 11:40:12 Setting default language to user
2019/03/18 11:45:12 Setting default language to user
2019/03/18 11:50:12 Setting default language to user
2019/03/18 11:55:12 Setting default language to user
