2019/04/25 10:02:55 Setting default language to user
2019/04/25 10:03:31 Setting default language to user
2019/04/25 10:03:31 Layout prepend running
2019/04/25 10:03:31 Adding css /assets/css/main.css
2019/04/25 10:03:31 SELECT * FROM media_type ORDER BY id
2019/04/25 10:03:31 REGEXP FOUND: "^/?" in path "/"

2019/04/25 10:03:31 Anyone is allowed
2019/04/25 10:03:31 Render layout frontend
2019/04/25 10:03:32 Layout prepend running
2019/04/25 10:03:32 REGEXP FOUND: "^/owners$" in path "/owners"

2019/04/25 10:03:32 Anyone is allowed
2019/04/25 10:03:32 Layout prepend running
2019/04/25 10:03:32 Layout prepend running
2019/04/25 10:03:32 Layout prepend running
2019/04/25 10:03:32 REGEXP FOUND: "^/media$" in path "/media"

2019/04/25 10:03:32 Anyone is allowed
2019/04/25 10:03:32 REGEXP FOUND: "^/operators$" in path "/operators"

2019/04/25 10:03:32 Anyone is allowed
2019/04/25 10:03:32 Render layout frontend
2019/04/25 10:03:32 Layout prepend running
2019/04/25 10:03:32 REGEXP FOUND: "^/connections$" in path "/connections"

2019/04/25 10:03:32 Anyone is allowed
2019/04/25 10:03:33 REGEXP FOUND: "^/interests$" in path "/interests"

2019/04/25 10:03:33 Anyone is allowed
2019/04/25 10:03:33 Render layout frontend
2019/04/25 10:07:55 Setting default language to user
2019/04/25 10:12:55 Setting default language to user
2019/04/25 10:17:55 Setting default language to user
2019/04/25 10:22:55 Setting default language to user
2019/04/25 10:27:55 Setting default language to user
2019/04/25 10:32:55 Setting default language to user
2019/04/25 10:37:55 Setting default language to user
2019/04/25 10:42:55 Setting default language to user
2019/04/25 10:47:55 Setting default language to user
2019/04/25 10:52:55 Setting default language to user
2019/04/25 10:57:55 Setting default language to user
