2019/01/02 12:03:23 Setting default language to user
2019/01/02 12:08:23 Setting default language to user
2019/01/02 12:13:23 Setting default language to user
2019/01/02 12:18:24 Setting default language to user
2019/01/02 12:24:34 Setting default language to user
2019/01/02 12:29:33 Setting default language to user
2019/01/02 12:34:34 Setting default language to user
2019/01/02 12:39:33 Setting default language to user
2019/01/02 12:43:41 Setting default language to user
2019/01/02 12:43:41 Layout prepend running
2019/01/02 12:43:41 Adding css /assets/css/main.css
2019/01/02 12:43:41 SELECT * FROM media_type ORDER BY id
2019/01/02 12:43:41 REGEXP FOUND: "^/?" in path "/"

2019/01/02 12:43:41 Anyone is allowed
2019/01/02 12:43:41 Render layout frontend
2019/01/02 12:43:43 Layout prepend running
2019/01/02 12:43:43 REGEXP FOUND: "^/media$" in path "/media"

2019/01/02 12:43:43 Anyone is allowed
2019/01/02 12:43:43 Render layout frontend
2019/01/02 12:43:43 Layout prepend running
2019/01/02 12:43:43 Layout prepend running
2019/01/02 12:43:43 Layout prepend running
2019/01/02 12:43:43 Layout prepend running
2019/01/02 12:43:43 REGEXP FOUND: "^/connections$" in path "/connections"

2019/01/02 12:43:43 Anyone is allowed
2019/01/02 12:43:43 Render layout frontend
2019/01/02 12:43:43 REGEXP FOUND: "^/owners$" in path "/owners"

2019/01/02 12:43:43 Anyone is allowed
2019/01/02 12:43:43 Render layout frontend
2019/01/02 12:43:43 REGEXP FOUND: "^/operators$" in path "/operators"

2019/01/02 12:43:43 Anyone is allowed
2019/01/02 12:43:43 Render layout frontend
2019/01/02 12:43:43 REGEXP FOUND: "^/interests$" in path "/interests"

2019/01/02 12:43:43 Anyone is allowed
2019/01/02 12:43:43 Render layout frontend
2019/01/02 12:44:33 Setting default language to user
2019/01/02 12:49:33 Setting default language to user
2019/01/02 12:54:33 Setting default language to user
2019/01/02 12:59:33 Setting default language to user
