2019/03/11 16:01:00 Setting default language to user
2019/03/11 16:06:00 Setting default language to user
2019/03/11 16:07:14 Setting default language to user
2019/03/11 16:07:14 Layout prepend running
2019/03/11 16:07:14 Adding css /assets/css/main.css
2019/03/11 16:07:14 SELECT * FROM media_type ORDER BY id
2019/03/11 16:07:14 REGEXP FOUND: "^/?" in path "/"

2019/03/11 16:07:14 Anyone is allowed
2019/03/11 16:07:14 Render layout frontend
2019/03/11 16:07:15 Layout prepend running
2019/03/11 16:07:15 REGEXP FOUND: "^/connections$" in path "/connections"

2019/03/11 16:07:15 Anyone is allowed
2019/03/11 16:07:15 Layout prepend running
2019/03/11 16:07:15 REGEXP FOUND: "^/media$" in path "/media"

2019/03/11 16:07:15 Anyone is allowed
2019/03/11 16:07:15 Render layout frontend
2019/03/11 16:07:15 Layout prepend running
2019/03/11 16:07:15 Layout prepend running
2019/03/11 16:07:15 REGEXP FOUND: "^/owners$" in path "/owners"

2019/03/11 16:07:15 Anyone is allowed
2019/03/11 16:07:15 Render layout frontend
2019/03/11 16:07:15 Layout prepend running
2019/03/11 16:07:15 REGEXP FOUND: "^/operators$" in path "/operators"

2019/03/11 16:07:15 Anyone is allowed
2019/03/11 16:07:15 Render layout frontend
2019/03/11 16:07:15 Adding css /assets/css/main.css
2019/03/11 16:07:15 SELECT * FROM media_type ORDER BY id
2019/03/11 16:07:15 REGEXP FOUND: "^/?" in path "/favicon.ico"

2019/03/11 16:07:15 Anyone is allowed
2019/03/11 16:07:15 Render layout frontend
2019/03/11 16:07:15 Layout prepend running
2019/03/11 16:07:15 REGEXP FOUND: "^/interests$" in path "/interests"

2019/03/11 16:07:15 Anyone is allowed
2019/03/11 16:07:15 Render layout frontend
2019/03/11 16:11:00 Setting default language to user
2019/03/11 16:16:00 Setting default language to user
2019/03/11 16:21:00 Setting default language to user
2019/03/11 16:26:00 Setting default language to user
2019/03/11 16:30:57 Setting default language to user
2019/03/11 16:30:57 Layout prepend running
2019/03/11 16:30:57 Adding css /assets/css/main.css
2019/03/11 16:30:57 SELECT * FROM media_type ORDER BY id
2019/03/11 16:30:57 REGEXP FOUND: "^/?" in path "/"

2019/03/11 16:30:57 Anyone is allowed
2019/03/11 16:30:57 Render layout frontend
2019/03/11 16:30:59 Layout prepend running
2019/03/11 16:30:59 REGEXP FOUND: "^/media$" in path "/media"

2019/03/11 16:30:59 Anyone is allowed
2019/03/11 16:30:59 Render layout frontend
2019/03/11 16:30:59 Layout prepend running
2019/03/11 16:30:59 Layout prepend running
2019/03/11 16:30:59 Layout prepend running
2019/03/11 16:30:59 REGEXP FOUND: "^/owners$" in path "/owners"

2019/03/11 16:30:59 Anyone is allowed
2019/03/11 16:30:59 Render layout frontend
2019/03/11 16:30:59 REGEXP FOUND: "^/operators$" in path "/operators"

2019/03/11 16:30:59 Anyone is allowed
2019/03/11 16:30:59 Render layout frontend
2019/03/11 16:30:59 REGEXP FOUND: "^/connections$" in path "/connections"

2019/03/11 16:30:59 Anyone is allowed
2019/03/11 16:30:59 Render layout frontend
2019/03/11 16:30:59 Layout prepend running
2019/03/11 16:30:59 REGEXP FOUND: "^/interests$" in path "/interests"

2019/03/11 16:30:59 Anyone is allowed
2019/03/11 16:30:59 Render layout frontend
2019/03/11 16:31:00 Setting default language to user
2019/03/11 16:35:12 Setting default language to user
2019/03/11 16:35:12 Layout prepend running
2019/03/11 16:35:12 Adding css /assets/css/main.css
2019/03/11 16:35:12 SELECT * FROM media_type ORDER BY id
2019/03/11 16:35:12 REGEXP FOUND: "^/?" in path "/"

2019/03/11 16:35:12 Anyone is allowed
2019/03/11 16:35:12 Render layout frontend
2019/03/11 16:35:13 Layout prepend running
2019/03/11 16:35:13 REGEXP FOUND: "^/connections$" in path "/connections"

2019/03/11 16:35:13 Anyone is allowed
2019/03/11 16:35:13 Render layout frontend
2019/03/11 16:35:13 Layout prepend running
2019/03/11 16:35:13 REGEXP FOUND: "^/media$" in path "/media"

2019/03/11 16:35:13 Anyone is allowed
2019/03/11 16:35:13 Render layout frontend
2019/03/11 16:35:13 Layout prepend running
2019/03/11 16:35:13 Layout prepend running
2019/03/11 16:35:13 REGEXP FOUND: "^/operators$" in path "/operators"

2019/03/11 16:35:13 Anyone is allowed
2019/03/11 16:35:13 Render layout frontend
2019/03/11 16:35:13 Layout prepend running
2019/03/11 16:35:13 REGEXP FOUND: "^/interests$" in path "/interests"

2019/03/11 16:35:13 Anyone is allowed
2019/03/11 16:35:13 Render layout frontend
2019/03/11 16:36:00 Setting default language to user
2019/03/11 16:41:00 Setting default language to user
2019/03/11 16:46:00 Setting default language to user
2019/03/11 16:51:00 Setting default language to user
2019/03/11 16:56:00 Setting default language to user
