2019/02/27 11:00:19 Setting default language to user
2019/02/27 11:05:19 Setting default language to user
2019/02/27 11:08:43 Setting default language to user
2019/02/27 11:08:43 Layout prepend running
2019/02/27 11:08:43 Adding css /assets/css/main.css
2019/02/27 11:08:43 SELECT * FROM media_type ORDER BY id
2019/02/27 11:08:43 REGEXP FOUND: "^/?" in path "/robots.txt"

2019/02/27 11:08:43 Anyone is allowed
2019/02/27 11:08:43 Render layout frontend
2019/02/27 11:08:43 Setting default language to user
2019/02/27 11:08:43 Layout prepend running
2019/02/27 11:08:43 Adding css /assets/css/main.css
2019/02/27 11:08:43 SELECT * FROM media_type ORDER BY id
2019/02/27 11:08:43 REGEXP FOUND: "^/?" in path "/"

2019/02/27 11:08:43 Anyone is allowed
2019/02/27 11:08:43 Render layout frontend
2019/02/27 11:08:56 Setting default language to user
2019/02/27 11:08:56 Layout prepend running
2019/02/27 11:08:56 Adding css /assets/css/main.css
2019/02/27 11:08:56 SELECT * FROM media_type ORDER BY id
2019/02/27 11:08:56 REGEXP FOUND: "^/?" in path "/favicon.ico"

2019/02/27 11:08:56 Anyone is allowed
2019/02/27 11:08:56 Render layout frontend
2019/02/27 11:10:19 Setting default language to user
2019/02/27 11:15:19 Setting default language to user
2019/02/27 11:20:19 Setting default language to user
2019/02/27 11:25:19 Setting default language to user
2019/02/27 11:30:19 Setting default language to user
2019/02/27 11:35:19 Setting default language to user
2019/02/27 11:40:19 Setting default language to user
2019/02/27 11:45:19 Setting default language to user
2019/02/27 11:50:19 Setting default language to user
2019/02/27 11:55:19 Setting default language to user
