2019/07/27 11:01:24 Setting default language to user
2019/07/27 11:01:24 Layout prepend running
2019/07/27 11:01:24 Adding css /assets/css/main.css
2019/07/27 11:01:24 SELECT * FROM media_type ORDER BY id
2019/07/27 11:01:24 REGEXP FOUND: "^/?" in path "/"

2019/07/27 11:01:24 Anyone is allowed
2019/07/27 11:01:24 Render layout frontend
2019/07/27 11:01:35 Layout prepend running
2019/07/27 11:01:35 REGEXP FOUND: "^/connections$" in path "/connections"

2019/07/27 11:01:35 Anyone is allowed
2019/07/27 11:01:35 Render layout frontend
2019/07/27 11:01:42 Setting default language to user
2019/07/27 11:01:42 Layout prepend running
2019/07/27 11:01:42 Adding css /assets/css/main.css
2019/07/27 11:01:42 SELECT * FROM media_type ORDER BY id
2019/07/27 11:01:42 REGEXP FOUND: "^/?" in path "/favicon.ico"

2019/07/27 11:01:42 Anyone is allowed
2019/07/27 11:01:42 Render layout frontend
2019/07/27 11:03:02 Setting default language to user
2019/07/27 11:08:02 Setting default language to user
2019/07/27 11:11:33 Setting default language to user
2019/07/27 11:11:33 Layout prepend running
2019/07/27 11:11:33 Adding css /assets/css/main.css
2019/07/27 11:11:33 SELECT * FROM media_type ORDER BY id
2019/07/27 11:11:33 REGEXP FOUND: "^/?" in path "/"

2019/07/27 11:11:33 Anyone is allowed
2019/07/27 11:11:33 Render layout frontend
2019/07/27 11:11:41 Setting default language to user
2019/07/27 11:11:41 Layout prepend running
2019/07/27 11:11:41 Adding css /assets/css/main.css
2019/07/27 11:11:41 SELECT * FROM media_type ORDER BY id
2019/07/27 11:11:41 REGEXP FOUND: "^/?" in path "/favicon.ico"

2019/07/27 11:11:41 Anyone is allowed
2019/07/27 11:11:41 Render layout frontend
2019/07/27 11:13:02 Setting default language to user
2019/07/27 11:18:02 Setting default language to user
2019/07/27 11:23:02 Setting default language to user
2019/07/27 11:28:02 Setting default language to user
2019/07/27 11:33:02 Setting default language to user
2019/07/27 11:38:01 Setting default language to user
2019/07/27 11:43:02 Setting default language to user
2019/07/27 11:48:01 Setting default language to user
2019/07/27 11:53:01 Setting default language to user
2019/07/27 11:58:02 Setting default language to user
