2019/04/15 10:03:42 Setting default language to user
2019/04/15 10:04:03 Setting default language to user
2019/04/15 10:04:03 Layout prepend running
2019/04/15 10:04:03 Adding css /assets/css/main.css
2019/04/15 10:04:03 SELECT * FROM media_type ORDER BY id
2019/04/15 10:04:03 REGEXP FOUND: "^/?" in path "/robots.txt"

2019/04/15 10:04:03 Anyone is allowed
2019/04/15 10:04:03 Render layout frontend
2019/04/15 10:04:03 Layout prepend running
2019/04/15 10:04:03 REGEXP FOUND: "^/interests$" in path "/interests"

2019/04/15 10:04:03 Anyone is allowed
2019/04/15 10:04:03 Render layout frontend
2019/04/15 10:04:04 Layout prepend running
2019/04/15 10:04:04 REGEXP FOUND: "^/media$" in path "/media"

2019/04/15 10:04:04 Anyone is allowed
2019/04/15 10:04:04 Render layout frontend
2019/04/15 10:04:08 Setting default language to user
2019/04/15 10:04:08 Layout prepend running
2019/04/15 10:04:08 Adding css /assets/css/main.css
2019/04/15 10:04:08 SELECT * FROM media_type ORDER BY id
2019/04/15 10:04:08 REGEXP FOUND: "^/?" in path "/favicon.ico"

2019/04/15 10:04:08 Anyone is allowed
2019/04/15 10:04:08 Render layout frontend
2019/04/15 10:07:21 Setting default language to user
2019/04/15 10:07:21 Layout prepend running
2019/04/15 10:07:21 Adding css /assets/css/main.css
2019/04/15 10:07:21 SELECT * FROM media_type ORDER BY id
2019/04/15 10:07:21 REGEXP FOUND: "^/?" in path "/favicon.ico"

2019/04/15 10:07:21 Anyone is allowed
2019/04/15 10:07:21 Render layout frontend
2019/04/15 10:08:42 Setting default language to user
2019/04/15 10:13:42 Setting default language to user
2019/04/15 10:18:42 Setting default language to user
2019/04/15 10:23:42 Setting default language to user
2019/04/15 10:28:42 Setting default language to user
2019/04/15 10:33:41 Setting default language to user
2019/04/15 10:38:41 Setting default language to user
2019/04/15 10:43:41 Setting default language to user
2019/04/15 10:48:41 Setting default language to user
2019/04/15 10:53:41 Setting default language to user
2019/04/15 10:58:41 Setting default language to user
