2019/03/20 02:00:36 Setting default language to user
2019/03/20 02:05:36 Setting default language to user
2019/03/20 02:10:36 Setting default language to user
2019/03/20 02:15:36 Setting default language to user
2019/03/20 02:20:36 Setting default language to user
2019/03/20 02:25:36 Setting default language to user
2019/03/20 02:29:43 Setting default language to user
2019/03/20 02:29:43 Layout prepend running
2019/03/20 02:29:43 Adding css /assets/css/main.css
2019/03/20 02:29:43 SELECT * FROM media_type ORDER BY id
2019/03/20 02:29:43 REGEXP FOUND: "^/?" in path "/robots.txt"

2019/03/20 02:29:43 Anyone is allowed
2019/03/20 02:29:43 Render layout frontend
2019/03/20 02:29:43 Setting default language to user
2019/03/20 02:29:43 Layout prepend running
2019/03/20 02:29:43 Adding css /assets/css/main.css
2019/03/20 02:29:43 SELECT * FROM media_type ORDER BY id
2019/03/20 02:29:43 REGEXP FOUND: "^/?" in path "/"

2019/03/20 02:29:43 Anyone is allowed
2019/03/20 02:29:43 Render layout frontend
2019/03/20 02:29:49 Setting default language to user
2019/03/20 02:29:49 Layout prepend running
2019/03/20 02:29:49 Adding css /assets/css/main.css
2019/03/20 02:29:49 SELECT * FROM media_type ORDER BY id
2019/03/20 02:29:49 REGEXP FOUND: "^/?" in path "/favicon.ico"

2019/03/20 02:29:50 Anyone is allowed
2019/03/20 02:29:50 Render layout frontend
2019/03/20 02:30:36 Setting default language to user
2019/03/20 02:35:36 Setting default language to user
2019/03/20 02:39:13 Setting default language to user
2019/03/20 02:39:13 Layout prepend running
2019/03/20 02:39:13 Adding css /assets/css/main.css
2019/03/20 02:39:13 SELECT * FROM media_type ORDER BY id
2019/03/20 02:39:13 REGEXP FOUND: "^/?" in path "/"

2019/03/20 02:39:13 Anyone is allowed
2019/03/20 02:39:13 Render layout frontend
2019/03/20 02:39:18 Setting default language to user
2019/03/20 02:39:18 Layout prepend running
2019/03/20 02:39:18 Adding css /assets/css/main.css
2019/03/20 02:39:18 SELECT * FROM media_type ORDER BY id
2019/03/20 02:39:18 REGEXP FOUND: "^/?" in path "/favicon.ico"

2019/03/20 02:39:18 Anyone is allowed
2019/03/20 02:39:18 Render layout frontend
2019/03/20 02:40:36 Setting default language to user
2019/03/20 02:45:36 Setting default language to user
2019/03/20 02:50:36 Setting default language to user
2019/03/20 02:55:36 Setting default language to user
