2019/02/21 02:04:22 Setting default language to user
2019/02/21 02:09:22 Setting default language to user
2019/02/21 02:14:22 Setting default language to user
2019/02/21 02:19:22 Setting default language to user
2019/02/21 02:24:10 Setting default language to user
2019/02/21 02:27:42 Setting default language to user
2019/02/21 02:31:26 Setting default language to user
2019/02/21 02:34:28 Setting default language to user
2019/02/21 02:42:10 Setting default language to user
2019/02/21 02:50:07 Setting default language to user
2019/02/21 02:50:35 Setting default language to user
2019/02/21 02:50:35 Layout prepend running
2019/02/21 02:50:35 Adding css /assets/css/main.css
2019/02/21 02:50:35 SELECT * FROM media_type ORDER BY id
2019/02/21 02:50:35 REGEXP FOUND: "^/?" in path "/"

2019/02/21 02:50:35 Anyone is allowed
2019/02/21 02:50:35 Render layout frontend
2019/02/21 02:50:39 Setting default language to user
2019/02/21 02:50:39 Layout prepend running
2019/02/21 02:50:39 Adding css /assets/css/main.css
2019/02/21 02:50:39 SELECT * FROM media_type ORDER BY id
2019/02/21 02:50:39 REGEXP FOUND: "^/?" in path "/favicon.ico"

2019/02/21 02:50:39 Anyone is allowed
2019/02/21 02:50:39 Render layout frontend
