2019/06/20 10:01:56 Setting default language to user
2019/06/20 10:06:56 Setting default language to user
2019/06/20 10:11:56 Setting default language to user
2019/06/20 10:16:55 Setting default language to user
2019/06/20 10:21:14 Setting default language to user
2019/06/20 10:21:14 Layout prepend running
2019/06/20 10:21:14 Adding css /assets/css/main.css
2019/06/20 10:21:14 SELECT * FROM media_type ORDER BY id
2019/06/20 10:21:14 REGEXP FOUND: "^/?" in path "/favicon.ico"

2019/06/20 10:21:14 Anyone is allowed
2019/06/20 10:21:14 Render layout frontend
2019/06/20 10:21:55 Setting default language to user
2019/06/20 10:26:56 Setting default language to user
2019/06/20 10:31:55 Setting default language to user
2019/06/20 10:36:55 Setting default language to user
2019/06/20 10:41:56 Setting default language to user
2019/06/20 10:46:56 Setting default language to user
2019/06/20 10:47:36 Setting default language to user
2019/06/20 10:52:35 Setting default language to user
2019/06/20 10:57:35 Setting default language to user
