2019/04/30 20:01:16 Setting default language to user
2019/04/30 20:06:16 Setting default language to user
2019/04/30 20:11:16 Setting default language to user
2019/04/30 20:16:16 Setting default language to user
2019/04/30 20:21:16 Setting default language to user
2019/04/30 20:26:16 Setting default language to user
2019/04/30 20:31:16 Setting default language to user
2019/04/30 20:36:16 Setting default language to user
2019/04/30 20:41:16 Setting default language to user
2019/04/30 20:46:16 Setting default language to user
2019/04/30 20:51:16 Setting default language to user
2019/04/30 20:53:48 Setting default language to user
2019/04/30 20:53:48 Layout prepend running
2019/04/30 20:53:48 Adding css /assets/css/main.css
2019/04/30 20:53:48 SELECT * FROM media_type ORDER BY id
2019/04/30 20:53:48 REGEXP FOUND: "^/?" in path "/wp-login.php"

2019/04/30 20:53:48 Anyone is allowed
2019/04/30 20:53:48 Render layout frontend
2019/04/30 20:53:48 Layout prepend running
2019/04/30 20:53:48 Adding css /assets/css/main.css
2019/04/30 20:53:48 SELECT * FROM media_type ORDER BY id
2019/04/30 20:53:48 REGEXP FOUND: "^/?" in path "/"

2019/04/30 20:53:48 Anyone is allowed
2019/04/30 20:53:48 Render layout frontend
2019/04/30 20:56:16 Setting default language to user
