2019/08/07 19:00:22 Setting default language to user
2019/08/07 19:05:22 Setting default language to user
2019/08/07 19:08:38 Setting default language to user
2019/08/07 19:08:38 Layout prepend running
2019/08/07 19:08:38 Adding css /assets/css/main.css
2019/08/07 19:08:38 SELECT * FROM media_type ORDER BY id
2019/08/07 19:08:38 Setting default language to user
2019/08/07 19:08:38 Layout prepend running
2019/08/07 19:08:38 Adding css /assets/css/main.css
2019/08/07 19:08:38 REGEXP FOUND: "^/?" in path "/favicon.ico"

2019/08/07 19:08:38 Anyone is allowed
2019/08/07 19:08:38 SELECT * FROM media_type ORDER BY id
2019/08/07 19:08:38 Render layout frontend
2019/08/07 19:08:38 REGEXP FOUND: "^/?" in path "/robots.txt"

2019/08/07 19:08:38 Anyone is allowed
2019/08/07 19:08:38 Render layout frontend
2019/08/07 19:10:21 Setting default language to user
2019/08/07 19:15:21 Setting default language to user
2019/08/07 19:20:22 Setting default language to user
2019/08/07 19:25:22 Setting default language to user
2019/08/07 19:30:22 Setting default language to user
2019/08/07 19:35:22 Setting default language to user
2019/08/07 19:40:22 Setting default language to user
2019/08/07 19:45:22 Setting default language to user
2019/08/07 19:50:21 Setting default language to user
2019/08/07 19:55:22 Setting default language to user
