2019/05/04 00:03:55 Setting default language to user
2019/05/04 00:08:55 Setting default language to user
2019/05/04 00:13:55 Setting default language to user
2019/05/04 00:18:55 Setting default language to user
2019/05/04 00:23:55 Setting default language to user
2019/05/04 00:28:55 Setting default language to user
2019/05/04 00:33:55 Setting default language to user
2019/05/04 00:38:55 Setting default language to user
2019/05/04 00:43:55 Setting default language to user
2019/05/04 00:48:55 Setting default language to user
2019/05/04 00:51:32 Layout prepend running
2019/05/04 00:51:32 REGEXP FOUND: "^/connections$" in path "/connections"

2019/05/04 00:51:32 Anyone is allowed
2019/05/04 00:51:32 Render layout frontend
2019/05/04 00:51:32 Layout prepend running
2019/05/04 00:51:32 REGEXP FOUND: "^/owners$" in path "/owners"

2019/05/04 00:51:32 Anyone is allowed
2019/05/04 00:51:32 Render layout frontend
2019/05/04 00:51:33 Layout prepend running
2019/05/04 00:51:33 REGEXP FOUND: "^/operators$" in path "/operators"

2019/05/04 00:51:33 Anyone is allowed
2019/05/04 00:51:33 Render layout frontend
2019/05/04 00:51:33 Layout prepend running
2019/05/04 00:51:33 REGEXP FOUND: "^/media$" in path "/media"

2019/05/04 00:51:33 Anyone is allowed
2019/05/04 00:51:33 Render layout frontend
2019/05/04 00:51:35 Setting default language to user
2019/05/04 00:51:35 Layout prepend running
2019/05/04 00:51:35 Adding css /assets/css/main.css
2019/05/04 00:51:35 SELECT * FROM media_type ORDER BY id
2019/05/04 00:51:35 REGEXP FOUND: "^/?" in path "/favicon.ico"

2019/05/04 00:51:35 Anyone is allowed
2019/05/04 00:51:35 Render layout frontend
2019/05/04 00:53:55 Setting default language to user
2019/05/04 00:58:55 Setting default language to user
