2019/08/02 02:02:17 Setting default language to user
2019/08/02 02:07:17 Setting default language to user
2019/08/02 02:12:17 Setting default language to user
2019/08/02 02:17:17 Setting default language to user
2019/08/02 02:22:16 Setting default language to user
2019/08/02 02:27:17 Setting default language to user
2019/08/02 02:32:17 Setting default language to user
2019/08/02 02:37:17 Setting default language to user
2019/08/02 02:40:59 Setting default language to user
2019/08/02 02:40:59 Layout prepend running
2019/08/02 02:40:59 Adding css /assets/css/main.css
2019/08/02 02:40:59 SELECT * FROM media_type ORDER BY id
2019/08/02 02:40:59 REGEXP FOUND: "^/?" in path "/"

2019/08/02 02:40:59 Anyone is allowed
2019/08/02 02:40:59 Render layout frontend
2019/08/02 02:41:10 Setting default language to user
2019/08/02 02:41:10 Layout prepend running
2019/08/02 02:41:10 Adding css /assets/css/main.css
2019/08/02 02:41:10 SELECT * FROM media_type ORDER BY id
2019/08/02 02:41:10 REGEXP FOUND: "^/?" in path "/favicon.ico"

2019/08/02 02:41:10 Anyone is allowed
2019/08/02 02:41:10 Render layout frontend
2019/08/02 02:42:17 Setting default language to user
2019/08/02 02:47:17 Setting default language to user
2019/08/02 02:52:17 Setting default language to user
2019/08/02 02:57:17 Setting default language to user
