2019/04/26 21:00:23 Setting default language to user
2019/04/26 21:05:23 Setting default language to user
2019/04/26 21:10:23 Setting default language to user
2019/04/26 21:15:23 Setting default language to user
2019/04/26 21:20:23 Setting default language to user
2019/04/26 21:25:23 Setting default language to user
2019/04/26 21:30:23 Setting default language to user
2019/04/26 21:35:23 Setting default language to user
2019/04/26 21:40:23 Setting default language to user
2019/04/26 21:41:16 Setting default language to user
2019/04/26 21:41:16 Layout prepend running
2019/04/26 21:41:16 Adding css /assets/css/main.css
2019/04/26 21:41:16 SELECT * FROM media_type ORDER BY id
2019/04/26 21:41:16 REGEXP FOUND: "^/?" in path "/robots.txt"

2019/04/26 21:41:16 Anyone is allowed
2019/04/26 21:41:16 Render layout frontend
2019/04/26 21:41:17 Setting default language to user
2019/04/26 21:41:17 Layout prepend running
2019/04/26 21:41:17 Adding css /assets/css/main.css
2019/04/26 21:41:17 SELECT * FROM media_type ORDER BY id
2019/04/26 21:41:17 REGEXP FOUND: "^/?" in path "/"

2019/04/26 21:41:17 Anyone is allowed
2019/04/26 21:41:17 Render layout frontend
2019/04/26 21:45:23 Setting default language to user
2019/04/26 21:50:23 Setting default language to user
2019/04/26 21:55:23 Setting default language to user
