2019/03/22 13:00:08 Setting default language to user
2019/03/22 13:05:08 Setting default language to user
2019/03/22 13:10:08 Setting default language to user
2019/03/22 13:15:07 Setting default language to user
2019/03/22 13:20:07 Setting default language to user
2019/03/22 13:25:07 Setting default language to user
2019/03/22 13:25:25 Setting default language to user
2019/03/22 13:25:25 Layout prepend running
2019/03/22 13:25:25 Adding css /assets/css/main.css
2019/03/22 13:25:25 SELECT * FROM media_type ORDER BY id
2019/03/22 13:25:25 REGEXP FOUND: "^/?" in path "/"

2019/03/22 13:25:25 Anyone is allowed
2019/03/22 13:25:25 Render layout frontend
2019/03/22 13:25:27 Layout prepend running
2019/03/22 13:25:27 REGEXP FOUND: "^/media$" in path "/media"

2019/03/22 13:25:27 Anyone is allowed
2019/03/22 13:25:27 Render layout frontend
2019/03/22 13:25:27 Layout prepend running
2019/03/22 13:25:27 REGEXP FOUND: "^/connections$" in path "/connections"

2019/03/22 13:25:27 Anyone is allowed
2019/03/22 13:25:27 Render layout frontend
2019/03/22 13:25:27 Layout prepend running
2019/03/22 13:25:27 REGEXP FOUND: "^/operators$" in path "/operators"

2019/03/22 13:25:27 Anyone is allowed
2019/03/22 13:25:27 Render layout frontend
2019/03/22 13:25:27 Layout prepend running
2019/03/22 13:25:27 REGEXP FOUND: "^/owners$" in path "/owners"

2019/03/22 13:25:27 Anyone is allowed
2019/03/22 13:25:27 Render layout frontend
2019/03/22 13:25:27 Layout prepend running
2019/03/22 13:25:27 REGEXP FOUND: "^/interests$" in path "/interests"

2019/03/22 13:25:27 Anyone is allowed
2019/03/22 13:25:27 Render layout frontend
2019/03/22 13:30:07 Setting default language to user
2019/03/22 13:35:07 Setting default language to user
2019/03/22 13:40:07 Setting default language to user
2019/03/22 13:45:07 Setting default language to user
2019/03/22 13:50:07 Setting default language to user
2019/03/22 13:55:07 Setting default language to user
