2019/08/29 11:03:10 Setting default language to user
2019/08/29 11:08:10 Setting default language to user
2019/08/29 11:13:10 Setting default language to user
2019/08/29 11:18:10 Setting default language to user
2019/08/29 11:23:10 Setting default language to user
2019/08/29 11:26:27 Setting default language to user
2019/08/29 11:26:27 Layout prepend running
2019/08/29 11:26:27 Adding css /assets/css/main.css
2019/08/29 11:26:27 SELECT * FROM media_type ORDER BY id
2019/08/29 11:26:27 REGEXP FOUND: "^/?" in path "/"

2019/08/29 11:26:27 Anyone is allowed
2019/08/29 11:26:27 Render layout frontend
2019/08/29 11:26:28 Layout prepend running
2019/08/29 11:26:28 REGEXP FOUND: "^/media$" in path "/media"

2019/08/29 11:26:28 Anyone is allowed
2019/08/29 11:26:28 Layout prepend running
2019/08/29 11:26:28 Layout prepend running
2019/08/29 11:26:28 REGEXP FOUND: "^/operators$" in path "/operators"

2019/08/29 11:26:28 Anyone is allowed
2019/08/29 11:26:28 Render layout frontend
2019/08/29 11:26:28 REGEXP FOUND: "^/connections$" in path "/connections"

2019/08/29 11:26:28 Anyone is allowed
2019/08/29 11:26:28 Layout prepend running
2019/08/29 11:26:28 Layout prepend running
2019/08/29 11:26:28 Render layout frontend
2019/08/29 11:26:28 REGEXP FOUND: "^/owners$" in path "/owners"

2019/08/29 11:26:28 Anyone is allowed
2019/08/29 11:26:28 REGEXP FOUND: "^/interests$" in path "/interests"

2019/08/29 11:26:28 Anyone is allowed
2019/08/29 11:26:28 Render layout frontend
2019/08/29 11:26:28 Render layout frontend
2019/08/29 11:28:10 Setting default language to user
2019/08/29 11:33:10 Setting default language to user
2019/08/29 11:38:10 Setting default language to user
2019/08/29 11:39:14 Setting default language to user
2019/08/29 11:39:14 Layout prepend running
2019/08/29 11:39:14 Adding css /assets/css/main.css
2019/08/29 11:39:14 SELECT * FROM media_type ORDER BY id
2019/08/29 11:39:14 REGEXP FOUND: "^/?" in path "/"

2019/08/29 11:39:14 Anyone is allowed
2019/08/29 11:39:14 Render layout frontend
2019/08/29 11:39:17 Layout prepend running
2019/08/29 11:39:17 Layout prepend running
2019/08/29 11:39:17 Layout prepend running
2019/08/29 11:39:17 Layout prepend running
2019/08/29 11:39:17 REGEXP FOUND: "^/operators$" in path "/operators"

2019/08/29 11:39:17 Anyone is allowed
2019/08/29 11:39:17 REGEXP FOUND: "^/owners$" in path "/owners"

2019/08/29 11:39:17 Anyone is allowed
2019/08/29 11:39:17 Render layout frontend
2019/08/29 11:39:17 Layout prepend running
2019/08/29 11:39:17 Render layout frontend
2019/08/29 11:39:17 REGEXP FOUND: "^/interests$" in path "/interests"

2019/08/29 11:39:17 REGEXP FOUND: "^/connections$" in path "/connections"

2019/08/29 11:39:17 Anyone is allowed
2019/08/29 11:39:17 Render layout frontend
2019/08/29 11:39:17 REGEXP FOUND: "^/media$" in path "/media"

2019/08/29 11:39:17 Anyone is allowed
2019/08/29 11:39:17 Anyone is allowed
2019/08/29 11:39:17 Render layout frontend
2019/08/29 11:39:17 Render layout frontend
2019/08/29 11:40:09 Changing language to en
2019/08/29 11:40:09 Layout prepend running
2019/08/29 11:40:09 Adding css /assets/css/main.css
2019/08/29 11:40:09 SELECT * FROM media_type ORDER BY id
2019/08/29 11:40:09 REGEXP FOUND: "^/?" in path "/"

2019/08/29 11:40:09 Anyone is allowed
2019/08/29 11:40:09 Render layout frontend
2019/08/29 11:40:09 Layout prepend running
2019/08/29 11:40:09 REGEXP FOUND: "^/media$" in path "/media"

2019/08/29 11:40:09 Anyone is allowed
2019/08/29 11:40:09 Layout prepend running
2019/08/29 11:40:09 REGEXP FOUND: "^/connections$" in path "/connections"

2019/08/29 11:40:09 Anyone is allowed
2019/08/29 11:40:09 Render layout frontend
2019/08/29 11:40:09 Layout prepend running
2019/08/29 11:40:09 Layout prepend running
2019/08/29 11:40:09 Layout prepend running
2019/08/29 11:40:09 REGEXP FOUND: "^/interests$" in path "/interests"

2019/08/29 11:40:09 Anyone is allowed
2019/08/29 11:40:09 REGEXP FOUND: "^/operators$" in path "/operators"

2019/08/29 11:40:09 Anyone is allowed
2019/08/29 11:40:09 Render layout frontend
2019/08/29 11:40:09 REGEXP FOUND: "^/owners$" in path "/owners"

2019/08/29 11:40:09 Anyone is allowed
2019/08/29 11:40:09 Render layout frontend
2019/08/29 11:40:41 Layout prepend running
2019/08/29 11:40:41 Adding css /assets/css/main.css
2019/08/29 11:40:41 SELECT * FROM media_type ORDER BY id
2019/08/29 11:40:41 REGEXP FOUND: "^/?" in path "/"

2019/08/29 11:40:41 Anyone is allowed
2019/08/29 11:40:41 Render layout frontend
2019/08/29 11:40:42 Layout prepend running
2019/08/29 11:40:42 REGEXP FOUND: "^/media$" in path "/media"

2019/08/29 11:40:42 Anyone is allowed
2019/08/29 11:40:42 Render layout frontend
2019/08/29 11:40:42 Layout prepend running
2019/08/29 11:40:42 REGEXP FOUND: "^/connections$" in path "/connections"

2019/08/29 11:40:42 Anyone is allowed
2019/08/29 11:40:42 Render layout frontend
2019/08/29 11:40:42 Layout prepend running
2019/08/29 11:40:42 REGEXP FOUND: "^/operators$" in path "/operators"

2019/08/29 11:40:42 Anyone is allowed
2019/08/29 11:40:42 Render layout frontend
2019/08/29 11:40:42 Layout prepend running
2019/08/29 11:40:42 REGEXP FOUND: "^/owners$" in path "/owners"

2019/08/29 11:40:42 Anyone is allowed
2019/08/29 11:40:42 Layout prepend running
2019/08/29 11:40:42 REGEXP FOUND: "^/interests$" in path "/interests"

2019/08/29 11:40:42 Anyone is allowed
2019/08/29 11:40:42 Render layout frontend
2019/08/29 11:43:10 Setting default language to user
2019/08/29 11:48:10 Setting default language to user
2019/08/29 11:50:03 Changing language to en
2019/08/29 11:50:03 Layout prepend running
2019/08/29 11:50:03 Adding css /assets/css/main.css
2019/08/29 11:50:03 SELECT * FROM media_type ORDER BY id
2019/08/29 11:50:03 REGEXP FOUND: "^/?" in path "/"

2019/08/29 11:50:03 Anyone is allowed
2019/08/29 11:50:03 Render layout frontend
2019/08/29 11:50:04 Layout prepend running
2019/08/29 11:50:04 Layout prepend running
2019/08/29 11:50:04 Layout prepend running
2019/08/29 11:50:04 Layout prepend running
2019/08/29 11:50:04 REGEXP FOUND: "^/owners$" in path "/owners"

2019/08/29 11:50:04 REGEXP FOUND: "^/media$" in path "/media"

2019/08/29 11:50:04 Anyone is allowed
2019/08/29 11:50:04 Render layout frontend
2019/08/29 11:50:04 Layout prepend running
2019/08/29 11:50:04 REGEXP FOUND: "^/connections$" in path "/connections"

2019/08/29 11:50:04 REGEXP FOUND: "^/operators$" in path "/operators"

2019/08/29 11:50:04 Anyone is allowed
2019/08/29 11:50:04 Render layout frontend
2019/08/29 11:50:04 Anyone is allowed
2019/08/29 11:50:04 Render layout frontend
2019/08/29 11:50:04 Anyone is allowed
2019/08/29 11:50:04 Render layout frontend
2019/08/29 11:50:04 REGEXP FOUND: "^/interests$" in path "/interests"

2019/08/29 11:50:04 Anyone is allowed
2019/08/29 11:50:04 Render layout frontend
2019/08/29 11:53:10 Setting default language to user
2019/08/29 11:58:10 Setting default language to user
