2019/09/11 11:00:06 Changing language to hu
2019/09/11 11:00:06 Layout prepend running
2019/09/11 11:00:06 Adding css /assets/css/main.css
2019/09/11 11:00:06 SELECT * FROM media_type ORDER BY id
2019/09/11 11:00:06 REGEXP FOUND: "^/?" in path "/"

2019/09/11 11:00:06 Anyone is allowed
2019/09/11 11:00:06 Render layout frontend
2019/09/11 11:00:07 Layout prepend running
2019/09/11 11:00:07 Layout prepend running
2019/09/11 11:00:07 Layout prepend running
2019/09/11 11:00:07 Layout prepend running
2019/09/11 11:00:07 REGEXP FOUND: "^/connections$" in path "/connections"

2019/09/11 11:00:07 Anyone is allowed
2019/09/11 11:00:07 Render layout frontend
2019/09/11 11:00:07 REGEXP FOUND: "^/media$" in path "/media"

2019/09/11 11:00:07 Anyone is allowed
2019/09/11 11:00:07 Render layout frontend
2019/09/11 11:00:07 Layout prepend running
2019/09/11 11:00:07 REGEXP FOUND: "^/operators$" in path "/operators"

2019/09/11 11:00:07 Anyone is allowed
2019/09/11 11:00:07 Render layout frontend
2019/09/11 11:00:07 REGEXP FOUND: "^/interests$" in path "/interests"

2019/09/11 11:00:07 Anyone is allowed
2019/09/11 11:00:07 Render layout frontend
2019/09/11 11:00:07 REGEXP FOUND: "^/owners$" in path "/owners"

2019/09/11 11:00:08 Anyone is allowed
2019/09/11 11:00:08 Render layout frontend
2019/09/11 11:01:16 Setting default language to user
2019/09/11 11:04:19 Setting default language to user
2019/09/11 11:04:20 Setting default language to user
2019/09/11 11:04:20 Layout prepend running
2019/09/11 11:04:20 Adding css /assets/css/main.css
2019/09/11 11:04:20 SELECT * FROM media_type ORDER BY id
2019/09/11 11:04:20 REGEXP FOUND: "^/?" in path "/favicon.ico"

2019/09/11 11:04:20 Anyone is allowed
2019/09/11 11:04:20 Render layout frontend
2019/09/11 11:06:16 Setting default language to user
2019/09/11 11:11:16 Setting default language to user
2019/09/11 11:16:17 Setting default language to user
2019/09/11 11:21:16 Setting default language to user
2019/09/11 11:26:16 Setting default language to user
2019/09/11 11:31:16 Setting default language to user
2019/09/11 11:36:16 Setting default language to user
2019/09/11 11:40:18 Changing language to hu
2019/09/11 11:40:18 Layout prepend running
2019/09/11 11:40:18 Adding css /assets/css/main.css
2019/09/11 11:40:18 SELECT * FROM media_type ORDER BY id
2019/09/11 11:40:18 REGEXP FOUND: "^/?" in path "/"

2019/09/11 11:40:18 Anyone is allowed
2019/09/11 11:40:18 Render layout frontend
2019/09/11 11:40:18 Layout prepend running
2019/09/11 11:40:18 Layout prepend running
2019/09/11 11:40:18 Layout prepend running
2019/09/11 11:40:18 Layout prepend running
2019/09/11 11:40:18 REGEXP FOUND: "^/media$" in path "/media"

2019/09/11 11:40:18 Anyone is allowed
2019/09/11 11:40:18 Render layout frontend
2019/09/11 11:40:18 Layout prepend running
2019/09/11 11:40:18 REGEXP FOUND: "^/interests$" in path "/interests"

2019/09/11 11:40:18 Anyone is allowed
2019/09/11 11:40:18 Render layout frontend
2019/09/11 11:41:16 Setting default language to user
2019/09/11 11:42:51 Changing language to hu
2019/09/11 11:42:51 Layout prepend running
2019/09/11 11:42:51 Adding css /assets/css/main.css
2019/09/11 11:42:51 SELECT * FROM media_type ORDER BY id
2019/09/11 11:42:51 REGEXP FOUND: "^/?" in path "/"

2019/09/11 11:42:51 Anyone is allowed
2019/09/11 11:42:51 Render layout frontend
2019/09/11 11:42:52 Layout prepend running
2019/09/11 11:42:52 Layout prepend running
2019/09/11 11:42:52 REGEXP FOUND: "^/media$" in path "/media"

2019/09/11 11:42:52 Anyone is allowed
2019/09/11 11:42:52 Layout prepend running
2019/09/11 11:42:52 REGEXP FOUND: "^/connections$" in path "/connections"

2019/09/11 11:42:52 Anyone is allowed
2019/09/11 11:42:52 Render layout frontend
2019/09/11 11:42:53 Layout prepend running
2019/09/11 11:42:53 Render layout frontend
2019/09/11 11:42:53 REGEXP FOUND: "^/operators$" in path "/operators"

2019/09/11 11:42:53 Anyone is allowed
2019/09/11 11:42:53 Layout prepend running
2019/09/11 11:42:53 REGEXP FOUND: "^/interests$" in path "/interests"

2019/09/11 11:42:53 Anyone is allowed
2019/09/11 11:42:53 Render layout frontend
2019/09/11 11:46:16 Setting default language to user
2019/09/11 11:51:16 Setting default language to user
2019/09/11 11:56:16 Setting default language to user
