2019/05/11 04:05:51 Setting default language to user
2019/05/11 04:12:58 Setting default language to user
2019/05/11 04:12:58 Layout prepend running
2019/05/11 04:12:58 Adding css /assets/css/main.css
2019/05/11 04:12:58 SELECT * FROM media_type ORDER BY id
2019/05/11 04:12:58 REGEXP FOUND: "^/?" in path "/robots.txt"

2019/05/11 04:12:58 Anyone is allowed
2019/05/11 04:12:58 Render layout frontend
2019/05/11 04:12:59 Layout prepend running
2019/05/11 04:12:59 REGEXP FOUND: "^/connections$" in path "/connections"

2019/05/11 04:12:59 Anyone is allowed
2019/05/11 04:12:59 Render layout frontend
2019/05/11 04:13:02 Setting default language to user
2019/05/11 04:13:02 Layout prepend running
2019/05/11 04:13:02 Adding css /assets/css/main.css
2019/05/11 04:13:02 SELECT * FROM media_type ORDER BY id
2019/05/11 04:13:02 REGEXP FOUND: "^/?" in path "/favicon.ico"

2019/05/11 04:13:02 Anyone is allowed
2019/05/11 04:13:02 Render layout frontend
2019/05/11 04:15:57 Setting default language to user
2019/05/11 04:20:25 Setting default language to user
2019/05/11 04:27:46 Setting default language to user
2019/05/11 04:37:26 Setting default language to user
2019/05/11 04:41:59 Setting default language to user
2019/05/11 04:50:11 Setting default language to user
