2019/07/27 03:04:12 Setting default language to user
2019/07/27 03:09:12 Setting default language to user
2019/07/27 03:10:17 Setting default language to user
2019/07/27 03:10:17 Layout prepend running
2019/07/27 03:10:17 Adding css /assets/css/main.css
2019/07/27 03:10:17 SELECT * FROM media_type ORDER BY id
2019/07/27 03:10:17 REGEXP FOUND: "^/?" in path "/favicon.ico"

2019/07/27 03:10:17 Anyone is allowed
2019/07/27 03:10:17 Render layout frontend
2019/07/27 03:14:12 Setting default language to user
2019/07/27 03:19:12 Setting default language to user
2019/07/27 03:24:12 Setting default language to user
2019/07/27 03:29:12 Setting default language to user
2019/07/27 03:34:12 Setting default language to user
2019/07/27 03:39:12 Setting default language to user
2019/07/27 03:44:12 Setting default language to user
2019/07/27 03:44:27 Setting default language to user
2019/07/27 03:44:27 Layout prepend running
2019/07/27 03:44:27 Adding css /assets/css/main.css
2019/07/27 03:44:27 SELECT * FROM media_type ORDER BY id
2019/07/27 03:44:27 REGEXP FOUND: "^/?" in path "/favicon.ico"

2019/07/27 03:44:27 Anyone is allowed
2019/07/27 03:44:28 Render layout frontend
2019/07/27 03:49:12 Setting default language to user
2019/07/27 03:54:12 Setting default language to user
2019/07/27 03:59:12 Setting default language to user
