2019/02/28 10:03:36 Setting default language to user
2019/02/28 10:08:36 Setting default language to user
2019/02/28 10:13:36 Setting default language to user
2019/02/28 10:18:36 Setting default language to user
2019/02/28 10:23:36 Setting default language to user
2019/02/28 10:26:15 Setting default language to user
2019/02/28 10:26:15 Layout prepend running
2019/02/28 10:26:15 Adding css /assets/css/main.css
2019/02/28 10:26:15 SELECT * FROM media_type ORDER BY id
2019/02/28 10:26:15 REGEXP FOUND: "^/?" in path "/"

2019/02/28 10:26:15 Anyone is allowed
2019/02/28 10:26:15 Render layout frontend
2019/02/28 10:28:36 Setting default language to user
2019/02/28 10:31:05 Setting default language to user
2019/02/28 10:31:05 Layout prepend running
2019/02/28 10:31:05 Adding css /assets/css/main.css
2019/02/28 10:31:05 SELECT * FROM media_type ORDER BY id
2019/02/28 10:31:05 REGEXP FOUND: "^/?" in path "/favicon.ico"

2019/02/28 10:31:05 Anyone is allowed
2019/02/28 10:31:05 Render layout frontend
2019/02/28 10:32:25 Setting default language to user
2019/02/28 10:32:25 Layout prepend running
2019/02/28 10:32:25 Adding css /assets/css/main.css
2019/02/28 10:32:25 SELECT * FROM media_type ORDER BY id
2019/02/28 10:32:25 REGEXP FOUND: "^/?" in path "/"

2019/02/28 10:32:25 Anyone is allowed
2019/02/28 10:32:25 Render layout frontend
2019/02/28 10:32:25 Setting default language to user
2019/02/28 10:32:25 Setting default language to user
2019/02/28 10:32:25 Layout prepend running
2019/02/28 10:32:25 REGEXP FOUND: "^/media$" in path "/media"

2019/02/28 10:32:25 Anyone is allowed
2019/02/28 10:32:25 Render layout frontend
2019/02/28 10:32:25 Layout prepend running
2019/02/28 10:32:25 Layout prepend running
2019/02/28 10:32:25 REGEXP FOUND: "^/operators$" in path "/operators"

2019/02/28 10:32:25 Anyone is allowed
2019/02/28 10:32:25 Render layout frontend
2019/02/28 10:32:25 REGEXP FOUND: "^/connections$" in path "/connections"

2019/02/28 10:32:25 Anyone is allowed
2019/02/28 10:32:25 Render layout frontend
2019/02/28 10:32:26 Layout prepend running
2019/02/28 10:32:26 REGEXP FOUND: "^/owners$" in path "/owners"

2019/02/28 10:32:26 Anyone is allowed
2019/02/28 10:32:26 Render layout frontend
2019/02/28 10:32:26 Layout prepend running
2019/02/28 10:32:26 REGEXP FOUND: "^/interests$" in path "/interests"

2019/02/28 10:32:26 Anyone is allowed
2019/02/28 10:32:26 Render layout frontend
2019/02/28 10:32:44 Setting default language to user
2019/02/28 10:32:44 Layout prepend running
2019/02/28 10:32:44 Adding css /assets/css/main.css
2019/02/28 10:32:44 SELECT * FROM media_type ORDER BY id
2019/02/28 10:32:44 REGEXP FOUND: "^/?" in path "/"

2019/02/28 10:32:44 Anyone is allowed
2019/02/28 10:32:44 Render layout frontend
2019/02/28 10:32:45 Setting default language to user
2019/02/28 10:32:45 Setting default language to user
2019/02/28 10:32:45 Layout prepend running
2019/02/28 10:32:46 Adding css /assets/css/main.css
2019/02/28 10:32:46 SELECT * FROM media_type ORDER BY id
2019/02/28 10:32:46 REGEXP FOUND: "^/?" in path "/data:;base64,iVBORw0KGgo="

2019/02/28 10:32:46 Anyone is allowed
2019/02/28 10:32:46 Render layout frontend
2019/02/28 10:32:46 Setting default language to user
2019/02/28 10:32:46 Layout prepend running
2019/02/28 10:32:46 Adding css /assets/css/main.css
2019/02/28 10:32:46 SELECT * FROM media_type ORDER BY id
2019/02/28 10:32:46 REGEXP FOUND: "^/?" in path "/favicon.ico"

2019/02/28 10:32:46 Anyone is allowed
2019/02/28 10:32:46 Render layout frontend
2019/02/28 10:32:47 Setting default language to user
2019/02/28 10:32:50 Setting default language to user
2019/02/28 10:32:50 Layout prepend running
2019/02/28 10:32:50 Adding css /assets/css/main.css
2019/02/28 10:32:50 SELECT * FROM media_type ORDER BY id
2019/02/28 10:32:50 REGEXP FOUND: "^/?" in path "/"

2019/02/28 10:32:50 Anyone is allowed
2019/02/28 10:32:50 Render layout frontend
2019/02/28 10:32:51 Layout prepend running
2019/02/28 10:32:51 REGEXP FOUND: "^/media$" in path "/media"

2019/02/28 10:32:51 Anyone is allowed
2019/02/28 10:32:51 Render layout frontend
2019/02/28 10:32:51 Layout prepend running
2019/02/28 10:32:51 REGEXP FOUND: "^/owners$" in path "/owners"

2019/02/28 10:32:51 Anyone is allowed
2019/02/28 10:32:51 Render layout frontend
2019/02/28 10:32:51 Layout prepend running
2019/02/28 10:32:51 REGEXP FOUND: "^/connections$" in path "/connections"

2019/02/28 10:32:51 Anyone is allowed
2019/02/28 10:32:51 Render layout frontend
2019/02/28 10:32:51 Layout prepend running
2019/02/28 10:32:51 REGEXP FOUND: "^/interests$" in path "/interests"

2019/02/28 10:32:51 Anyone is allowed
2019/02/28 10:32:51 Render layout frontend
2019/02/28 10:32:52 Setting default language to user
2019/02/28 10:32:52 Layout prepend running
2019/02/28 10:32:52 Adding css /assets/css/main.css
2019/02/28 10:32:52 SELECT * FROM media_type ORDER BY id
2019/02/28 10:32:52 REGEXP FOUND: "^/?" in path "/"

2019/02/28 10:32:52 Anyone is allowed
2019/02/28 10:32:52 Render layout frontend
2019/02/28 10:32:54 Layout prepend running
2019/02/28 10:32:54 REGEXP FOUND: "^/media$" in path "/media"

2019/02/28 10:32:54 Anyone is allowed
2019/02/28 10:32:54 Render layout frontend
2019/02/28 10:32:54 Layout prepend running
2019/02/28 10:32:54 REGEXP FOUND: "^/owners$" in path "/owners"

2019/02/28 10:32:54 Anyone is allowed
2019/02/28 10:32:54 Render layout frontend
2019/02/28 10:32:54 Layout prepend running
2019/02/28 10:32:54 REGEXP FOUND: "^/operators$" in path "/operators"

2019/02/28 10:32:54 Anyone is allowed
2019/02/28 10:32:54 Render layout frontend
2019/02/28 10:32:54 Layout prepend running
2019/02/28 10:32:54 REGEXP FOUND: "^/connections$" in path "/connections"

2019/02/28 10:32:54 Anyone is allowed
2019/02/28 10:32:54 Render layout frontend
2019/02/28 10:32:54 Layout prepend running
2019/02/28 10:32:54 REGEXP FOUND: "^/interests$" in path "/interests"

2019/02/28 10:32:54 Anyone is allowed
2019/02/28 10:32:54 Render layout frontend
2019/02/28 10:33:21 Changing language to en
2019/02/28 10:33:21 Layout prepend running
2019/02/28 10:33:21 Adding css /assets/css/main.css
2019/02/28 10:33:21 SELECT * FROM media_type ORDER BY id
2019/02/28 10:33:21 REGEXP FOUND: "^/?" in path "/"

2019/02/28 10:33:21 Anyone is allowed
2019/02/28 10:33:21 Render layout frontend
2019/02/28 10:33:21 Layout prepend running
2019/02/28 10:33:21 REGEXP FOUND: "^/media$" in path "/media"

2019/02/28 10:33:21 Anyone is allowed
2019/02/28 10:33:21 Render layout frontend
2019/02/28 10:33:21 Layout prepend running
2019/02/28 10:33:21 REGEXP FOUND: "^/connections$" in path "/connections"

2019/02/28 10:33:21 Anyone is allowed
2019/02/28 10:33:21 Render layout frontend
2019/02/28 10:33:21 Layout prepend running
2019/02/28 10:33:21 REGEXP FOUND: "^/operators$" in path "/operators"

2019/02/28 10:33:21 Anyone is allowed
2019/02/28 10:33:21 Render layout frontend
2019/02/28 10:33:21 Layout prepend running
2019/02/28 10:33:21 REGEXP FOUND: "^/owners$" in path "/owners"

2019/02/28 10:33:21 Anyone is allowed
2019/02/28 10:33:21 Render layout frontend
2019/02/28 10:33:36 Setting default language to user
2019/02/28 10:38:36 Setting default language to user
2019/02/28 10:43:36 Setting default language to user
2019/02/28 10:48:36 Setting default language to user
2019/02/28 10:53:36 Setting default language to user
2019/02/28 10:58:36 Setting default language to user
