2019/09/07 23:01:37 Setting default language to user
2019/09/07 23:06:37 Setting default language to user
2019/09/07 23:11:37 Setting default language to user
2019/09/07 23:16:37 Setting default language to user
2019/09/07 23:21:37 Setting default language to user
2019/09/07 23:26:37 Setting default language to user
2019/09/07 23:31:33 Setting default language to user
2019/09/07 23:31:33 Layout prepend running
2019/09/07 23:31:33 Adding css /assets/css/main.css
2019/09/07 23:31:33 SELECT * FROM media_type ORDER BY id
2019/09/07 23:31:33 REGEXP FOUND: "^/?" in path "/robots.txt"

2019/09/07 23:31:33 Anyone is allowed
2019/09/07 23:31:33 Render layout frontend
2019/09/07 23:31:33 Setting default language to user
2019/09/07 23:31:33 Layout prepend running
2019/09/07 23:31:33 Adding css /assets/css/main.css
2019/09/07 23:31:33 SELECT * FROM media_type ORDER BY id
2019/09/07 23:31:33 REGEXP FOUND: "^/?" in path "/"

2019/09/07 23:31:33 Anyone is allowed
2019/09/07 23:31:33 Render layout frontend
2019/09/07 23:31:37 Setting default language to user
2019/09/07 23:36:37 Setting default language to user
2019/09/07 23:41:36 Setting default language to user
2019/09/07 23:46:36 Setting default language to user
2019/09/07 23:48:54 Setting default language to user
2019/09/07 23:48:54 Layout prepend running
2019/09/07 23:48:54 Adding css /assets/css/main.css
2019/09/07 23:48:54 SELECT * FROM media_type ORDER BY id
2019/09/07 23:48:55 REGEXP FOUND: "^/?" in path "/"

2019/09/07 23:48:55 Anyone is allowed
2019/09/07 23:48:55 Render layout frontend
2019/09/07 23:48:55 Layout prepend running
2019/09/07 23:48:56 REGEXP FOUND: "^/operators$" in path "/operators"

2019/09/07 23:48:56 Anyone is allowed
2019/09/07 23:48:56 Render layout frontend
2019/09/07 23:48:56 Layout prepend running
2019/09/07 23:48:56 Layout prepend running
2019/09/07 23:48:56 Layout prepend running
2019/09/07 23:48:56 Layout prepend running
2019/09/07 23:48:56 REGEXP FOUND: "^/connections$" in path "/connections"

2019/09/07 23:48:56 Anyone is allowed
2019/09/07 23:48:56 Render layout frontend
2019/09/07 23:48:56 REGEXP FOUND: "^/media$" in path "/media"

2019/09/07 23:48:56 Anyone is allowed
2019/09/07 23:48:56 REGEXP FOUND: "^/interests$" in path "/interests"

2019/09/07 23:48:56 Anyone is allowed
2019/09/07 23:48:56 Render layout frontend
2019/09/07 23:49:42 Layout prepend running
2019/09/07 23:49:42 template scope is admin
2019/09/07 23:49:42 Adding css /vendor/bootstrap/css/bootstrap.min.css
2019/09/07 23:49:42 Adding css /vendor/metisMenu/metisMenu.min.css
2019/09/07 23:49:42 Adding css /assets/dist/css/sb-admin-2.css
2019/09/07 23:49:42 Adding css /vendor/morrisjs/morris.css
2019/09/07 23:49:42 Adding css /vendor/font-awesome/css/font-awesome.min.css
2019/09/07 23:49:42 Adding css /assets/summernote/summernote.css
2019/09/07 23:49:42 Adding css /assets/css/admin.css
2019/09/07 23:49:42 Logged out user allowed
2019/09/07 23:49:42 Anyone is allowed
2019/09/07 23:49:42 Loggedin user is allowed (admin users)
2019/09/07 23:49:42 REGEXP FOUND: "/admin/?$" in path "/admin"

2019/09/07 23:49:42 Logged out user allowed
2019/09/07 23:49:42 Render layout admin
2019/09/07 23:50:54 Layout prepend running
2019/09/07 23:50:54 template scope is admin
2019/09/07 23:50:54 Adding css /vendor/bootstrap/css/bootstrap.min.css
2019/09/07 23:50:54 Adding css /vendor/metisMenu/metisMenu.min.css
2019/09/07 23:50:54 Adding css /assets/dist/css/sb-admin-2.css
2019/09/07 23:50:54 Adding css /vendor/morrisjs/morris.css
2019/09/07 23:50:54 Adding css /vendor/font-awesome/css/font-awesome.min.css
2019/09/07 23:50:54 Adding css /assets/summernote/summernote.css
2019/09/07 23:50:54 Adding css /assets/css/admin.css
2019/09/07 23:50:54 Logged out user allowed
2019/09/07 23:50:54 Anyone is allowed
2019/09/07 23:50:54 Loggedin user is allowed (admin users)
2019/09/07 23:50:54 REGEXP FOUND: "^/admin/user/loginpost$" in path "/admin/user/loginpost"

2019/09/07 23:50:54 Logged out user allowed
2019/09/07 23:50:54 SELECT * FROM user where email = ?
2019/09/07 23:50:54 Logging in
2019/09/07 23:50:54 Redirecting to /admin/user/welcome
2019/09/07 23:50:54 No render /admin/user/loginpost -> redirect
2019/09/07 23:50:54 Layout prepend running
2019/09/07 23:50:54 template scope is admin
2019/09/07 23:50:54 Adding css /vendor/bootstrap/css/bootstrap.min.css
2019/09/07 23:50:54 Adding css /vendor/metisMenu/metisMenu.min.css
2019/09/07 23:50:54 Adding css /assets/dist/css/sb-admin-2.css
2019/09/07 23:50:54 Adding css /vendor/morrisjs/morris.css
2019/09/07 23:50:54 Adding css /vendor/font-awesome/css/font-awesome.min.css
2019/09/07 23:50:54 Adding css /assets/summernote/summernote.css
2019/09/07 23:50:54 Adding css /assets/css/admin.css
2019/09/07 23:50:54 Logged out user allowed
2019/09/07 23:50:54 Required role: user/list, rolegroup: user, user role: user/*
2019/09/07 23:50:54 Required role: user/new, rolegroup: user, user role: user/*
2019/09/07 23:50:54 Anyone is allowed
2019/09/07 23:50:54 Required role: block/new, rolegroup: block, user role: block/*
2019/09/07 23:50:54 Required role: block/list, rolegroup: block, user role: block/*
2019/09/07 23:50:54 Loggedin user is allowed (admin users)
2019/09/07 23:50:54 Required role: config/index, rolegroup: config, user role: config/*
2019/09/07 23:50:54 Required role: config/index, rolegroup: config, user role: config/*
2019/09/07 23:50:54 Required role: media/list, rolegroup: media, user role: media/*
2019/09/07 23:50:54 Required role: media/new, rolegroup: media, user role: media/*
2019/09/07 23:50:54 Required role: media/list, rolegroup: media, user role: media/*
2019/09/07 23:50:54 Required role: mediatype/list, rolegroup: mediatype, user role: mediatype/*
2019/09/07 23:50:54 Required role: mediatype/new, rolegroup: mediatype, user role: mediatype/*
2019/09/07 23:50:54 Required role: mediatype/list, rolegroup: mediatype, user role: mediatype/*
2019/09/07 23:50:54 Required role: media/list, rolegroup: media, user role: media/*
2019/09/07 23:50:54 Required role: media/new, rolegroup: media, user role: media/*
2019/09/07 23:50:54 Required role: media/list, rolegroup: media, user role: media/*
2019/09/07 23:50:54 Required role: media/list, rolegroup: media, user role: media/*
2019/09/07 23:50:54 Required role: media/new, rolegroup: media, user role: media/*
2019/09/07 23:50:54 Required role: media/list, rolegroup: media, user role: media/*
2019/09/07 23:50:54 Required role: owner/list, rolegroup: owner, user role: owner/*
2019/09/07 23:50:54 Required role: owner/list, rolegroup: owner, user role: owner/*
2019/09/07 23:50:54 Required role: operator/list, rolegroup: operator, user role: operator/*
2019/09/07 23:50:54 Required role: operator/list, rolegroup: operator, user role: operator/*
2019/09/07 23:50:54 Required role: interest/list, rolegroup: interest, user role: interest/*
2019/09/07 23:50:54 Required role: interest/list, rolegroup: interest, user role: interest/*
2019/09/07 23:50:54 Required role: operator/list, rolegroup: operator, user role: operator/*
2019/09/07 23:50:54 Required role: operator/new, rolegroup: operator, user role: operator/*
2019/09/07 23:50:54 Required role: operator/list, rolegroup: operator, user role: operator/*
2019/09/07 23:50:54 Required role: interest/list, rolegroup: interest, user role: interest/*
2019/09/07 23:50:54 Required role: interest/new, rolegroup: interest, user role: interest/*
2019/09/07 23:50:54 Required role: interest/list, rolegroup: interest, user role: interest/*
2019/09/07 23:50:54 REGEXP FOUND: "^/admin/user/welcome$" in path "/admin/user/welcome"

2019/09/07 23:50:54 Loggedin user is allowed (admin users)
2019/09/07 23:50:54 Render layout admin
2019/09/07 23:51:01 Layout prepend running
2019/09/07 23:51:01 template scope is admin
2019/09/07 23:51:01 Adding css /vendor/bootstrap/css/bootstrap.min.css
2019/09/07 23:51:01 Adding css /vendor/metisMenu/metisMenu.min.css
2019/09/07 23:51:01 Adding css /assets/dist/css/sb-admin-2.css
2019/09/07 23:51:01 Adding css /vendor/morrisjs/morris.css
2019/09/07 23:51:01 Adding css /vendor/font-awesome/css/font-awesome.min.css
2019/09/07 23:51:01 Adding css /assets/summernote/summernote.css
2019/09/07 23:51:01 Adding css /assets/css/admin.css
2019/09/07 23:51:01 Logged out user allowed
2019/09/07 23:51:01 Required role: user/list, rolegroup: user, user role: user/*
2019/09/07 23:51:01 Required role: user/new, rolegroup: user, user role: user/*
2019/09/07 23:51:01 Anyone is allowed
2019/09/07 23:51:01 Required role: block/list, rolegroup: block, user role: block/*
2019/09/07 23:51:01 Required role: block/new, rolegroup: block, user role: block/*
2019/09/07 23:51:01 Loggedin user is allowed (admin users)
2019/09/07 23:51:01 Required role: config/index, rolegroup: config, user role: config/*
2019/09/07 23:51:01 Required role: config/index, rolegroup: config, user role: config/*
2019/09/07 23:51:01 Required role: media/list, rolegroup: media, user role: media/*
2019/09/07 23:51:01 Required role: media/new, rolegroup: media, user role: media/*
2019/09/07 23:51:01 Required role: media/list, rolegroup: media, user role: media/*
2019/09/07 23:51:01 Required role: mediatype/list, rolegroup: mediatype, user role: mediatype/*
2019/09/07 23:51:01 Required role: mediatype/new, rolegroup: mediatype, user role: mediatype/*
2019/09/07 23:51:01 Required role: mediatype/list, rolegroup: mediatype, user role: mediatype/*
2019/09/07 23:51:01 Required role: media/list, rolegroup: media, user role: media/*
2019/09/07 23:51:01 Required role: media/new, rolegroup: media, user role: media/*
2019/09/07 23:51:01 Required role: media/list, rolegroup: media, user role: media/*
2019/09/07 23:51:01 Required role: media/list, rolegroup: media, user role: media/*
2019/09/07 23:51:01 Required role: media/new, rolegroup: media, user role: media/*
2019/09/07 23:51:01 Required role: media/list, rolegroup: media, user role: media/*
2019/09/07 23:51:01 Required role: owner/list, rolegroup: owner, user role: owner/*
2019/09/07 23:51:01 Required role: owner/list, rolegroup: owner, user role: owner/*
2019/09/07 23:51:01 Required role: operator/list, rolegroup: operator, user role: operator/*
2019/09/07 23:51:01 Required role: operator/list, rolegroup: operator, user role: operator/*
2019/09/07 23:51:01 Required role: interest/list, rolegroup: interest, user role: interest/*
2019/09/07 23:51:01 Required role: interest/list, rolegroup: interest, user role: interest/*
2019/09/07 23:51:01 Required role: operator/list, rolegroup: operator, user role: operator/*
2019/09/07 23:51:01 Required role: operator/new, rolegroup: operator, user role: operator/*
2019/09/07 23:51:01 Required role: operator/list, rolegroup: operator, user role: operator/*
2019/09/07 23:51:01 Required role: interest/list, rolegroup: interest, user role: interest/*
2019/09/07 23:51:01 Required role: interest/new, rolegroup: interest, user role: interest/*
2019/09/07 23:51:01 Required role: interest/list, rolegroup: interest, user role: interest/*
2019/09/07 23:51:01 REGEXP FOUND: "^/admin/user/?(index)?$" in path "/admin/user/index"

2019/09/07 23:51:01 Required role: user/list, rolegroup: user, user role: user/*
2019/09/07 23:51:01 SELECT * FROM status ORDER BY id
2019/09/07 23:51:01 SELECT * FROM user ORDER BY id DESC LIMIT 0,20
2019/09/07 23:51:01 user as m
2019/09/07 23:51:01 SELECT COUNT(m.`id`) FROM user as m
2019/09/07 23:51:01 Rendering form
2019/09/07 23:51:01 Rendering fieldset
2019/09/07 23:51:01 Rendering text
2019/09/07 23:51:01 Rendering input group
2019/09/07 23:51:01 Rendering text
2019/09/07 23:51:01 Rendering input group
2019/09/07 23:51:01 Rendering text
2019/09/07 23:51:01 Rendering input group
2019/09/07 23:51:01 Rendering fieldset
2019/09/07 23:51:01 Rendering button
2019/09/07 23:51:01 Rendering input group
2019/09/07 23:51:01 Render layout admin
2019/09/07 23:51:03 Layout prepend running
2019/09/07 23:51:03 template scope is admin
2019/09/07 23:51:03 Adding css /vendor/bootstrap/css/bootstrap.min.css
2019/09/07 23:51:03 Adding css /vendor/metisMenu/metisMenu.min.css
2019/09/07 23:51:03 Adding css /assets/dist/css/sb-admin-2.css
2019/09/07 23:51:03 Adding css /vendor/morrisjs/morris.css
2019/09/07 23:51:03 Adding css /vendor/font-awesome/css/font-awesome.min.css
2019/09/07 23:51:03 Adding css /assets/summernote/summernote.css
2019/09/07 23:51:03 Adding css /assets/css/admin.css
2019/09/07 23:51:03 Logged out user allowed
2019/09/07 23:51:03 Required role: user/list, rolegroup: user, user role: user/*
2019/09/07 23:51:03 Required role: user/new, rolegroup: user, user role: user/*
2019/09/07 23:51:03 Anyone is allowed
2019/09/07 23:51:03 Required role: block/list, rolegroup: block, user role: block/*
2019/09/07 23:51:03 Required role: block/new, rolegroup: block, user role: block/*
2019/09/07 23:51:03 Loggedin user is allowed (admin users)
2019/09/07 23:51:03 Required role: config/index, rolegroup: config, user role: config/*
2019/09/07 23:51:03 Required role: config/index, rolegroup: config, user role: config/*
2019/09/07 23:51:03 Required role: media/list, rolegroup: media, user role: media/*
2019/09/07 23:51:03 Required role: media/new, rolegroup: media, user role: media/*
2019/09/07 23:51:03 Required role: media/list, rolegroup: media, user role: media/*
2019/09/07 23:51:03 Required role: mediatype/list, rolegroup: mediatype, user role: mediatype/*
2019/09/07 23:51:03 Required role: mediatype/new, rolegroup: mediatype, user role: mediatype/*
2019/09/07 23:51:03 Required role: mediatype/list, rolegroup: mediatype, user role: mediatype/*
2019/09/07 23:51:03 Required role: media/new, rolegroup: media, user role: media/*
2019/09/07 23:51:03 Required role: media/list, rolegroup: media, user role: media/*
2019/09/07 23:51:03 Required role: media/list, rolegroup: media, user role: media/*
2019/09/07 23:51:03 Required role: media/list, rolegroup: media, user role: media/*
2019/09/07 23:51:03 Required role: media/new, rolegroup: media, user role: media/*
2019/09/07 23:51:03 Required role: media/list, rolegroup: media, user role: media/*
2019/09/07 23:51:03 Required role: owner/list, rolegroup: owner, user role: owner/*
2019/09/07 23:51:03 Required role: owner/list, rolegroup: owner, user role: owner/*
2019/09/07 23:51:03 Required role: operator/list, rolegroup: operator, user role: operator/*
2019/09/07 23:51:03 Required role: operator/list, rolegroup: operator, user role: operator/*
2019/09/07 23:51:03 Required role: interest/list, rolegroup: interest, user role: interest/*
2019/09/07 23:51:03 Required role: interest/list, rolegroup: interest, user role: interest/*
2019/09/07 23:51:03 Required role: operator/list, rolegroup: operator, user role: operator/*
2019/09/07 23:51:03 Required role: operator/new, rolegroup: operator, user role: operator/*
2019/09/07 23:51:03 Required role: operator/list, rolegroup: operator, user role: operator/*
2019/09/07 23:51:03 Required role: interest/list, rolegroup: interest, user role: interest/*
2019/09/07 23:51:03 Required role: interest/new, rolegroup: interest, user role: interest/*
2019/09/07 23:51:03 Required role: interest/list, rolegroup: interest, user role: interest/*
2019/09/07 23:51:03 REGEXP FOUND: "^/admin/user/edit/(\d)+$" in path "/admin/user/edit/5"

2019/09/07 23:51:03 Required role: user/edit, rolegroup: user, user role: user/*
2019/09/07 23:51:03 SELECT * FROM status ORDER BY id
2019/09/07 23:51:03 Rendering form
2019/09/07 23:51:03 Rendering fieldset
2019/09/07 23:51:03 Rendering hidden
2019/09/07 23:51:03 Rendering text
2019/09/07 23:51:03 Rendering input group
2019/09/07 23:51:03 Rendering text
2019/09/07 23:51:03 Rendering input group
2019/09/07 23:51:03 Rendering text
2019/09/07 23:51:03 Rendering input group
2019/09/07 23:51:03 Rendering text
2019/09/07 23:51:03 Rendering input group
2019/09/07 23:51:03 Rendering fieldset
2019/09/07 23:51:03 Rendering checkboxgroup
2019/09/07 23:51:03 Rendering checkbox
2019/09/07 23:51:03 Rendering input group
2019/09/07 23:51:03 Rendering checkbox
2019/09/07 23:51:03 Rendering input group
2019/09/07 23:51:03 Rendering checkbox
2019/09/07 23:51:03 Rendering input group
2019/09/07 23:51:03 Rendering checkbox
2019/09/07 23:51:03 Rendering input group
2019/09/07 23:51:03 Rendering checkbox
2019/09/07 23:51:03 Rendering input group
2019/09/07 23:51:03 Rendering checkbox
2019/09/07 23:51:03 Rendering input group
2019/09/07 23:51:03 Rendering checkbox
2019/09/07 23:51:03 Rendering input group
2019/09/07 23:51:03 Rendering checkbox
2019/09/07 23:51:03 Rendering input group
2019/09/07 23:51:03 Rendering checkbox
2019/09/07 23:51:03 Rendering input group
2019/09/07 23:51:03 Rendering checkbox
2019/09/07 23:51:03 Rendering input group
2019/09/07 23:51:03 Rendering checkbox
2019/09/07 23:51:03 Rendering input group
2019/09/07 23:51:03 Rendering checkbox
2019/09/07 23:51:03 Rendering input group
2019/09/07 23:51:03 Rendering checkbox
2019/09/07 23:51:03 Rendering input group
2019/09/07 23:51:03 Rendering checkbox
2019/09/07 23:51:03 Rendering input group
2019/09/07 23:51:03 Rendering checkbox
2019/09/07 23:51:03 Rendering input group
2019/09/07 23:51:03 Rendering checkbox
2019/09/07 23:51:03 Rendering input group
2019/09/07 23:51:03 Rendering checkbox
2019/09/07 23:51:03 Rendering input group
2019/09/07 23:51:03 Rendering checkbox
2019/09/07 23:51:03 Rendering input group
2019/09/07 23:51:03 Rendering checkbox
2019/09/07 23:51:03 Rendering input group
2019/09/07 23:51:03 Rendering checkbox
2019/09/07 23:51:03 Rendering input group
2019/09/07 23:51:03 Rendering checkbox
2019/09/07 23:51:03 Rendering input group
2019/09/07 23:51:03 Rendering checkbox
2019/09/07 23:51:03 Rendering input group
2019/09/07 23:51:03 Rendering checkbox
2019/09/07 23:51:03 Rendering input group
2019/09/07 23:51:03 Rendering checkbox
2019/09/07 23:51:03 Rendering input group
2019/09/07 23:51:03 Rendering checkbox
2019/09/07 23:51:03 Rendering input group
2019/09/07 23:51:03 Rendering checkbox
2019/09/07 23:51:03 Rendering input group
2019/09/07 23:51:03 Rendering checkbox
2019/09/07 23:51:03 Rendering input group
2019/09/07 23:51:03 Rendering checkbox
2019/09/07 23:51:03 Rendering input group
2019/09/07 23:51:03 Rendering checkbox
2019/09/07 23:51:03 Rendering input group
2019/09/07 23:51:03 Rendering checkbox
2019/09/07 23:51:03 Rendering input group
2019/09/07 23:51:03 Rendering checkbox
2019/09/07 23:51:03 Rendering input group
2019/09/07 23:51:03 Rendering checkbox
2019/09/07 23:51:03 Rendering input group
2019/09/07 23:51:03 Rendering checkbox
2019/09/07 23:51:03 Rendering input group
2019/09/07 23:51:03 Rendering input
2019/09/07 23:51:03 Rendering input group
2019/09/07 23:51:03 Rendering input group
2019/09/07 23:51:03 Rendering fieldset
2019/09/07 23:51:03 Rendering button
2019/09/07 23:51:03 Rendering input group
2019/09/07 23:51:03 Render layout admin
2019/09/07 23:51:07 Layout prepend running
2019/09/07 23:51:07 template scope is admin
2019/09/07 23:51:07 Adding css /vendor/bootstrap/css/bootstrap.min.css
2019/09/07 23:51:07 Adding css /vendor/metisMenu/metisMenu.min.css
2019/09/07 23:51:07 Adding css /assets/dist/css/sb-admin-2.css
2019/09/07 23:51:07 Adding css /vendor/morrisjs/morris.css
2019/09/07 23:51:07 Adding css /vendor/font-awesome/css/font-awesome.min.css
2019/09/07 23:51:07 Adding css /assets/summernote/summernote.css
2019/09/07 23:51:07 Adding css /assets/css/admin.css
2019/09/07 23:51:07 Logged out user allowed
2019/09/07 23:51:07 Required role: user/list, rolegroup: user, user role: user/*
2019/09/07 23:51:07 Required role: user/new, rolegroup: user, user role: user/*
2019/09/07 23:51:07 Anyone is allowed
2019/09/07 23:51:07 Required role: block/new, rolegroup: block, user role: block/*
2019/09/07 23:51:07 Required role: block/list, rolegroup: block, user role: block/*
2019/09/07 23:51:07 Loggedin user is allowed (admin users)
2019/09/07 23:51:07 Required role: config/index, rolegroup: config, user role: config/*
2019/09/07 23:51:07 Required role: config/index, rolegroup: config, user role: config/*
2019/09/07 23:51:07 Required role: media/list, rolegroup: media, user role: media/*
2019/09/07 23:51:07 Required role: media/new, rolegroup: media, user role: media/*
2019/09/07 23:51:07 Required role: media/list, rolegroup: media, user role: media/*
2019/09/07 23:51:07 Required role: mediatype/list, rolegroup: mediatype, user role: mediatype/*
2019/09/07 23:51:07 Required role: mediatype/new, rolegroup: mediatype, user role: mediatype/*
2019/09/07 23:51:07 Required role: mediatype/list, rolegroup: mediatype, user role: mediatype/*
2019/09/07 23:51:07 Required role: media/list, rolegroup: media, user role: media/*
2019/09/07 23:51:07 Required role: media/new, rolegroup: media, user role: media/*
2019/09/07 23:51:07 Required role: media/list, rolegroup: media, user role: media/*
2019/09/07 23:51:07 Required role: media/list, rolegroup: media, user role: media/*
2019/09/07 23:51:07 Required role: media/new, rolegroup: media, user role: media/*
2019/09/07 23:51:07 Required role: media/list, rolegroup: media, user role: media/*
2019/09/07 23:51:07 Required role: owner/list, rolegroup: owner, user role: owner/*
2019/09/07 23:51:07 Required role: owner/list, rolegroup: owner, user role: owner/*
2019/09/07 23:51:07 Required role: operator/list, rolegroup: operator, user role: operator/*
2019/09/07 23:51:07 Required role: operator/list, rolegroup: operator, user role: operator/*
2019/09/07 23:51:07 Required role: interest/list, rolegroup: interest, user role: interest/*
2019/09/07 23:51:07 Required role: interest/list, rolegroup: interest, user role: interest/*
2019/09/07 23:51:07 Required role: operator/list, rolegroup: operator, user role: operator/*
2019/09/07 23:51:07 Required role: operator/new, rolegroup: operator, user role: operator/*
2019/09/07 23:51:07 Required role: operator/list, rolegroup: operator, user role: operator/*
2019/09/07 23:51:07 Required role: interest/new, rolegroup: interest, user role: interest/*
2019/09/07 23:51:07 Required role: interest/list, rolegroup: interest, user role: interest/*
2019/09/07 23:51:07 Required role: interest/list, rolegroup: interest, user role: interest/*
2019/09/07 23:51:07 REGEXP FOUND: "^/admin/config/?(index)?$" in path "/admin/config/index"

2019/09/07 23:51:07 Required role: config/index, rolegroup: config, user role: config/*
2019/09/07 23:51:07 SELECT * FROM config ORDER BY `path` ASC
2019/09/07 23:51:07 Rendering form
2019/09/07 23:51:07 Rendering fieldset
2019/09/07 23:51:07 Rendering hidden
2019/09/07 23:51:07 Rendering text
2019/09/07 23:51:07 Rendering input group
2019/09/07 23:51:07 Rendering hidden
2019/09/07 23:51:07 Rendering text
2019/09/07 23:51:07 Rendering input group
2019/09/07 23:51:07 Rendering hidden
2019/09/07 23:51:07 Rendering text
2019/09/07 23:51:07 Rendering input group
2019/09/07 23:51:07 Rendering fieldset
2019/09/07 23:51:07 Rendering hidden
2019/09/07 23:51:07 Rendering text
2019/09/07 23:51:07 Rendering input group
2019/09/07 23:51:07 Rendering hidden
2019/09/07 23:51:07 Rendering text
2019/09/07 23:51:07 Rendering input group
2019/09/07 23:51:07 Rendering fieldset
2019/09/07 23:51:07 Rendering button
2019/09/07 23:51:07 Rendering input group
2019/09/07 23:51:07 Render layout admin
2019/09/07 23:51:09 Layout prepend running
2019/09/07 23:51:09 template scope is admin
2019/09/07 23:51:09 Adding css /vendor/bootstrap/css/bootstrap.min.css
2019/09/07 23:51:09 Adding css /vendor/metisMenu/metisMenu.min.css
2019/09/07 23:51:09 Adding css /assets/dist/css/sb-admin-2.css
2019/09/07 23:51:09 Adding css /vendor/morrisjs/morris.css
2019/09/07 23:51:09 Adding css /vendor/font-awesome/css/font-awesome.min.css
2019/09/07 23:51:09 Adding css /assets/summernote/summernote.css
2019/09/07 23:51:09 Adding css /assets/css/admin.css
2019/09/07 23:51:09 Logged out user allowed
2019/09/07 23:51:09 Required role: user/list, rolegroup: user, user role: user/*
2019/09/07 23:51:09 Required role: user/new, rolegroup: user, user role: user/*
2019/09/07 23:51:09 Anyone is allowed
2019/09/07 23:51:09 Required role: block/list, rolegroup: block, user role: block/*
2019/09/07 23:51:09 Required role: block/new, rolegroup: block, user role: block/*
2019/09/07 23:51:09 Loggedin user is allowed (admin users)
2019/09/07 23:51:09 Required role: config/index, rolegroup: config, user role: config/*
2019/09/07 23:51:09 Required role: config/index, rolegroup: config, user role: config/*
2019/09/07 23:51:09 Required role: media/list, rolegroup: media, user role: media/*
2019/09/07 23:51:09 Required role: media/new, rolegroup: media, user role: media/*
2019/09/07 23:51:09 Required role: media/list, rolegroup: media, user role: media/*
2019/09/07 23:51:09 Required role: mediatype/list, rolegroup: mediatype, user role: mediatype/*
2019/09/07 23:51:09 Required role: mediatype/new, rolegroup: mediatype, user role: mediatype/*
2019/09/07 23:51:09 Required role: mediatype/list, rolegroup: mediatype, user role: mediatype/*
2019/09/07 23:51:09 Required role: media/list, rolegroup: media, user role: media/*
2019/09/07 23:51:09 Required role: media/new, rolegroup: media, user role: media/*
2019/09/07 23:51:09 Required role: media/list, rolegroup: media, user role: media/*
2019/09/07 23:51:09 Required role: media/list, rolegroup: media, user role: media/*
2019/09/07 23:51:09 Required role: media/new, rolegroup: media, user role: media/*
2019/09/07 23:51:09 Required role: media/list, rolegroup: media, user role: media/*
2019/09/07 23:51:09 Required role: owner/list, rolegroup: owner, user role: owner/*
2019/09/07 23:51:09 Required role: owner/list, rolegroup: owner, user role: owner/*
2019/09/07 23:51:09 Required role: operator/list, rolegroup: operator, user role: operator/*
2019/09/07 23:51:09 Required role: operator/list, rolegroup: operator, user role: operator/*
2019/09/07 23:51:09 Required role: interest/list, rolegroup: interest, user role: interest/*
2019/09/07 23:51:09 Required role: interest/list, rolegroup: interest, user role: interest/*
2019/09/07 23:51:09 Required role: operator/list, rolegroup: operator, user role: operator/*
2019/09/07 23:51:09 Required role: operator/new, rolegroup: operator, user role: operator/*
2019/09/07 23:51:09 Required role: operator/list, rolegroup: operator, user role: operator/*
2019/09/07 23:51:09 Required role: interest/list, rolegroup: interest, user role: interest/*
2019/09/07 23:51:09 Required role: interest/new, rolegroup: interest, user role: interest/*
2019/09/07 23:51:09 Required role: interest/list, rolegroup: interest, user role: interest/*
2019/09/07 23:51:09 REGEXP FOUND: "^/admin/mediatype/?(index)?$" in path "/admin/mediatype/index"

2019/09/07 23:51:09 Required role: mediatype/list, rolegroup: mediatype, user role: mediatype/*
2019/09/07 23:51:09 SELECT * FROM media_type ORDER BY id DESC LIMIT 0,20
2019/09/07 23:51:09 media_type as m
2019/09/07 23:51:09 SELECT COUNT(m.`id`) FROM media_type as m
2019/09/07 23:51:09 Rendering form
2019/09/07 23:51:09 Rendering fieldset
2019/09/07 23:51:09 Rendering text
2019/09/07 23:51:09 Rendering input group
2019/09/07 23:51:09 Rendering text
2019/09/07 23:51:09 Rendering input group
2019/09/07 23:51:09 Rendering fieldset
2019/09/07 23:51:09 Rendering button
2019/09/07 23:51:09 Rendering input group
2019/09/07 23:51:09 Render layout admin
2019/09/07 23:51:36 Setting default language to user
2019/09/07 23:56:36 Setting default language to user
