2019/03/06 10:00:55 Setting default language to user
2019/03/06 10:05:53 Setting default language to user
2019/03/06 10:10:53 Setting default language to user
2019/03/06 10:15:53 Setting default language to user
2019/03/06 10:20:53 Setting default language to user
2019/03/06 10:22:33 Setting default language to user
2019/03/06 10:22:33 Layout prepend running
2019/03/06 10:22:33 Adding css /assets/css/main.css
2019/03/06 10:22:33 SELECT * FROM media_type ORDER BY id
2019/03/06 10:22:33 REGEXP FOUND: "^/?" in path "/"

2019/03/06 10:22:33 Anyone is allowed
2019/03/06 10:22:33 Render layout frontend
2019/03/06 10:22:34 Layout prepend running
2019/03/06 10:22:34 Layout prepend running
2019/03/06 10:22:34 REGEXP FOUND: "^/media$" in path "/media"

2019/03/06 10:22:34 Anyone is allowed
2019/03/06 10:22:34 Render layout frontend
2019/03/06 10:22:34 Layout prepend running
2019/03/06 10:22:34 REGEXP FOUND: "^/owners$" in path "/owners"

2019/03/06 10:22:34 Anyone is allowed
2019/03/06 10:22:34 Render layout frontend
2019/03/06 10:22:34 REGEXP FOUND: "^/operators$" in path "/operators"

2019/03/06 10:22:34 Anyone is allowed
2019/03/06 10:22:34 Render layout frontend
2019/03/06 10:22:34 Layout prepend running
2019/03/06 10:22:34 REGEXP FOUND: "^/connections$" in path "/connections"

2019/03/06 10:22:34 Anyone is allowed
2019/03/06 10:22:34 Render layout frontend
2019/03/06 10:22:35 Layout prepend running
2019/03/06 10:22:35 REGEXP FOUND: "^/interests$" in path "/interests"

2019/03/06 10:22:35 Anyone is allowed
2019/03/06 10:22:35 Render layout frontend
2019/03/06 10:23:17 Setting default language to user
2019/03/06 10:23:18 Setting default language to user
2019/03/06 10:23:18 Layout prepend running
2019/03/06 10:23:18 Adding css /assets/css/main.css
2019/03/06 10:23:18 SELECT * FROM media_type ORDER BY id
2019/03/06 10:23:18 REGEXP FOUND: "^/?" in path "/favicon.ico"

2019/03/06 10:23:18 Anyone is allowed
2019/03/06 10:23:18 Render layout frontend
2019/03/06 10:25:53 Setting default language to user
2019/03/06 10:28:35 Changing language to en
2019/03/06 10:28:35 Layout prepend running
2019/03/06 10:28:35 Adding css /assets/css/main.css
2019/03/06 10:28:35 SELECT * FROM media_type ORDER BY id
2019/03/06 10:28:35 REGEXP FOUND: "^/?" in path "/"

2019/03/06 10:28:35 Anyone is allowed
2019/03/06 10:28:35 Render layout frontend
2019/03/06 10:28:35 Layout prepend running
2019/03/06 10:28:35 REGEXP FOUND: "^/media$" in path "/media"

2019/03/06 10:28:35 Anyone is allowed
2019/03/06 10:28:35 Layout prepend running
2019/03/06 10:28:35 REGEXP FOUND: "^/connections$" in path "/connections"

2019/03/06 10:28:35 Anyone is allowed
2019/03/06 10:28:35 Render layout frontend
2019/03/06 10:28:35 Render layout frontend
2019/03/06 10:28:36 Layout prepend running
2019/03/06 10:28:36 Layout prepend running
2019/03/06 10:28:36 Layout prepend running
2019/03/06 10:28:36 REGEXP FOUND: "^/interests$" in path "/interests"

2019/03/06 10:28:36 Anyone is allowed
2019/03/06 10:28:36 Render layout frontend
2019/03/06 10:28:36 REGEXP FOUND: "^/operators$" in path "/operators"

2019/03/06 10:28:36 Anyone is allowed
2019/03/06 10:28:36 Render layout frontend
2019/03/06 10:28:36 REGEXP FOUND: "^/owners$" in path "/owners"

2019/03/06 10:28:36 Anyone is allowed
2019/03/06 10:28:36 Render layout frontend
2019/03/06 10:30:53 Setting default language to user
2019/03/06 10:31:49 Changing language to hu
2019/03/06 10:31:49 Layout prepend running
2019/03/06 10:31:49 Adding css /assets/css/main.css
2019/03/06 10:31:49 SELECT * FROM media_type ORDER BY id
2019/03/06 10:31:49 REGEXP FOUND: "^/?" in path "/"

2019/03/06 10:31:49 Anyone is allowed
2019/03/06 10:31:49 Render layout frontend
2019/03/06 10:31:50 Layout prepend running
2019/03/06 10:31:50 REGEXP FOUND: "^/media$" in path "/media"

2019/03/06 10:31:50 Anyone is allowed
2019/03/06 10:31:50 Render layout frontend
2019/03/06 10:31:50 Layout prepend running
2019/03/06 10:31:50 REGEXP FOUND: "^/connections$" in path "/connections"

2019/03/06 10:31:50 Anyone is allowed
2019/03/06 10:31:50 Render layout frontend
2019/03/06 10:31:50 Layout prepend running
2019/03/06 10:31:50 Layout prepend running
2019/03/06 10:31:50 Layout prepend running
2019/03/06 10:31:50 REGEXP FOUND: "^/interests$" in path "/interests"

2019/03/06 10:31:50 Anyone is allowed
2019/03/06 10:31:50 Render layout frontend
2019/03/06 10:32:14 Changing language to en
2019/03/06 10:32:14 Layout prepend running
2019/03/06 10:32:14 Adding css /assets/css/main.css
2019/03/06 10:32:14 SELECT * FROM media_type ORDER BY id
2019/03/06 10:32:14 REGEXP FOUND: "^/?" in path "/"

2019/03/06 10:32:14 Anyone is allowed
2019/03/06 10:32:14 Render layout frontend
2019/03/06 10:32:14 Layout prepend running
2019/03/06 10:32:14 REGEXP FOUND: "^/media$" in path "/media"

2019/03/06 10:32:14 Anyone is allowed
2019/03/06 10:32:14 Render layout frontend
2019/03/06 10:32:14 Layout prepend running
2019/03/06 10:32:14 Layout prepend running
2019/03/06 10:32:14 REGEXP FOUND: "^/connections$" in path "/connections"

2019/03/06 10:32:14 Anyone is allowed
2019/03/06 10:32:14 Render layout frontend
2019/03/06 10:32:14 Layout prepend running
2019/03/06 10:32:14 REGEXP FOUND: "^/interests$" in path "/interests"

2019/03/06 10:32:14 Anyone is allowed
2019/03/06 10:32:14 Render layout frontend
2019/03/06 10:32:14 Layout prepend running
2019/03/06 10:32:14 REGEXP FOUND: "^/owners$" in path "/owners"

2019/03/06 10:32:14 Anyone is allowed
2019/03/06 10:32:14 Render layout frontend
2019/03/06 10:35:53 Setting default language to user
2019/03/06 10:40:53 Setting default language to user
2019/03/06 10:45:53 Setting default language to user
2019/03/06 10:50:53 Setting default language to user
2019/03/06 10:55:53 Setting default language to user
