2019/04/01 13:03:40 Setting default language to user
2019/04/01 13:08:40 Setting default language to user
2019/04/01 13:13:41 Setting default language to user
2019/04/01 13:23:12 Setting default language to user
2019/04/01 13:28:12 Setting default language to user
2019/04/01 13:33:12 Setting default language to user
2019/04/01 13:38:11 Setting default language to user
2019/04/01 13:42:48 Setting default language to user
2019/04/01 13:42:48 Layout prepend running
2019/04/01 13:42:48 Adding css /assets/css/main.css
2019/04/01 13:42:48 SELECT * FROM media_type ORDER BY id
2019/04/01 13:42:48 REGEXP FOUND: "^/?" in path "/"

2019/04/01 13:42:48 Anyone is allowed
2019/04/01 13:42:48 Render layout frontend
2019/04/01 13:42:49 Layout prepend running
2019/04/01 13:42:49 Layout prepend running
2019/04/01 13:42:49 REGEXP FOUND: "^/owners$" in path "/owners"

2019/04/01 13:42:49 Anyone is allowed
2019/04/01 13:42:49 Render layout frontend
2019/04/01 13:42:49 Layout prepend running
2019/04/01 13:42:49 Layout prepend running
2019/04/01 13:42:49 Layout prepend running
2019/04/01 13:42:49 REGEXP FOUND: "^/operators$" in path "/operators"

2019/04/01 13:42:49 Anyone is allowed
2019/04/01 13:42:49 Render layout frontend
2019/04/01 13:42:49 REGEXP FOUND: "^/connections$" in path "/connections"

2019/04/01 13:42:49 Anyone is allowed
2019/04/01 13:42:49 Render layout frontend
2019/04/01 13:42:49 REGEXP FOUND: "^/media$" in path "/media"

2019/04/01 13:42:49 Anyone is allowed
2019/04/01 13:42:49 Render layout frontend
2019/04/01 13:42:50 REGEXP FOUND: "^/interests$" in path "/interests"

2019/04/01 13:42:50 Anyone is allowed
2019/04/01 13:42:50 Render layout frontend
2019/04/01 13:43:05 Changing language to en
2019/04/01 13:43:05 Layout prepend running
2019/04/01 13:43:05 Adding css /assets/css/main.css
2019/04/01 13:43:05 SELECT * FROM media_type ORDER BY id
2019/04/01 13:43:05 REGEXP FOUND: "^/?" in path "/"

2019/04/01 13:43:05 Anyone is allowed
2019/04/01 13:43:05 Render layout frontend
2019/04/01 13:43:05 Layout prepend running
2019/04/01 13:43:05 REGEXP FOUND: "^/media$" in path "/media"

2019/04/01 13:43:05 Anyone is allowed
2019/04/01 13:43:05 Layout prepend running
2019/04/01 13:43:05 REGEXP FOUND: "^/interests$" in path "/interests"

2019/04/01 13:43:05 Anyone is allowed
2019/04/01 13:43:05 Layout prepend running
2019/04/01 13:43:05 Render layout frontend
2019/04/01 13:43:05 Layout prepend running
2019/04/01 13:43:05 REGEXP FOUND: "^/operators$" in path "/operators"

2019/04/01 13:43:05 Anyone is allowed
2019/04/01 13:43:05 Render layout frontend
2019/04/01 13:43:05 REGEXP FOUND: "^/owners$" in path "/owners"

2019/04/01 13:43:05 Anyone is allowed
2019/04/01 13:43:05 Layout prepend running
2019/04/01 13:43:05 REGEXP FOUND: "^/connections$" in path "/connections"

2019/04/01 13:43:05 Anyone is allowed
2019/04/01 13:43:05 Render layout frontend
2019/04/01 13:43:11 Setting default language to user
2019/04/01 13:44:04 Changing language to en
2019/04/01 13:44:04 Layout prepend running
2019/04/01 13:44:04 Adding css /assets/css/main.css
2019/04/01 13:44:04 SELECT * FROM media_type ORDER BY id
2019/04/01 13:44:04 REGEXP FOUND: "^/?" in path "/"

2019/04/01 13:44:04 Anyone is allowed
2019/04/01 13:44:04 Render layout frontend
2019/04/01 13:44:05 Layout prepend running
2019/04/01 13:44:05 Layout prepend running
2019/04/01 13:44:05 Layout prepend running
2019/04/01 13:44:05 REGEXP FOUND: "^/interests$" in path "/interests"

2019/04/01 13:44:05 Anyone is allowed
2019/04/01 13:44:05 Layout prepend running
2019/04/01 13:44:05 REGEXP FOUND: "^/operators$" in path "/operators"

2019/04/01 13:44:05 Anyone is allowed
2019/04/01 13:44:05 Render layout frontend
2019/04/01 13:44:05 REGEXP FOUND: "^/connections$" in path "/connections"

2019/04/01 13:44:05 Anyone is allowed
2019/04/01 13:44:05 Layout prepend running
2019/04/01 13:44:05 REGEXP FOUND: "^/media$" in path "/media"

2019/04/01 13:44:05 Anyone is allowed
2019/04/01 13:44:05 Render layout frontend
2019/04/01 13:44:05 Render layout frontend
2019/04/01 13:44:05 Render layout frontend
2019/04/01 13:44:05 REGEXP FOUND: "^/owners$" in path "/owners"

2019/04/01 13:44:14 Layout prepend running
2019/04/01 13:44:14 Adding css /assets/css/main.css
2019/04/01 13:44:14 SELECT * FROM media_type ORDER BY id
2019/04/01 13:44:14 REGEXP FOUND: "^/?" in path "/"

2019/04/01 13:44:14 Anyone is allowed
2019/04/01 13:44:14 Render layout frontend
2019/04/01 13:44:14 Layout prepend running
2019/04/01 13:44:14 REGEXP FOUND: "^/interests$" in path "/interests"

2019/04/01 13:44:14 Anyone is allowed
2019/04/01 13:44:14 Render layout frontend
2019/04/01 13:44:14 Layout prepend running
2019/04/01 13:44:14 REGEXP FOUND: "^/owners$" in path "/owners"

2019/04/01 13:44:14 Anyone is allowed
2019/04/01 13:44:14 Render layout frontend
2019/04/01 13:44:14 Layout prepend running
2019/04/01 13:44:14 REGEXP FOUND: "^/operators$" in path "/operators"

2019/04/01 13:44:14 Anyone is allowed
2019/04/01 13:44:14 Render layout frontend
2019/04/01 13:44:14 Layout prepend running
2019/04/01 13:44:14 REGEXP FOUND: "^/connections$" in path "/connections"

2019/04/01 13:44:14 Anyone is allowed
2019/04/01 13:44:14 Render layout frontend
2019/04/01 13:44:14 Layout prepend running
2019/04/01 13:44:14 REGEXP FOUND: "^/media$" in path "/media"

2019/04/01 13:44:14 Anyone is allowed
2019/04/01 13:44:14 Render layout frontend
2019/04/01 13:44:18 Layout prepend running
2019/04/01 13:44:18 Adding css /assets/css/main.css
2019/04/01 13:44:18 SELECT * FROM media_type ORDER BY id
2019/04/01 13:44:18 REGEXP FOUND: "^/?" in path "/"

2019/04/01 13:44:18 Anyone is allowed
2019/04/01 13:44:18 Render layout frontend
2019/04/01 13:44:18 Layout prepend running
2019/04/01 13:44:18 REGEXP FOUND: "^/interests$" in path "/interests"

2019/04/01 13:44:18 Anyone is allowed
2019/04/01 13:44:18 Layout prepend running
2019/04/01 13:44:18 REGEXP FOUND: "^/owners$" in path "/owners"

2019/04/01 13:44:18 Anyone is allowed
2019/04/01 13:44:18 Render layout frontend
2019/04/01 13:44:19 Layout prepend running
2019/04/01 13:44:19 Layout prepend running
2019/04/01 13:44:19 REGEXP FOUND: "^/media$" in path "/media"

2019/04/01 13:44:19 Anyone is allowed
2019/04/01 13:44:19 Render layout frontend
2019/04/01 13:44:25 Layout prepend running
2019/04/01 13:44:25 Adding css /assets/css/main.css
2019/04/01 13:44:25 SELECT * FROM media_type ORDER BY id
2019/04/01 13:44:25 REGEXP FOUND: "^/?" in path "/"

2019/04/01 13:44:25 Anyone is allowed
2019/04/01 13:44:25 Render layout frontend
2019/04/01 13:44:25 Layout prepend running
2019/04/01 13:44:25 REGEXP FOUND: "^/interests$" in path "/interests"

2019/04/01 13:44:25 Anyone is allowed
2019/04/01 13:44:25 Render layout frontend
2019/04/01 13:44:25 Layout prepend running
2019/04/01 13:44:25 Layout prepend running
2019/04/01 13:44:25 REGEXP FOUND: "^/media$" in path "/media"

2019/04/01 13:44:25 Anyone is allowed
2019/04/01 13:44:25 Layout prepend running
2019/04/01 13:44:25 REGEXP FOUND: "^/operators$" in path "/operators"

2019/04/01 13:44:25 Anyone is allowed
2019/04/01 13:44:25 Render layout frontend
2019/04/01 13:44:25 Render layout frontend
2019/04/01 13:47:23 Setting default language to user
2019/04/01 13:47:24 Setting default language to user
2019/04/01 13:47:24 Layout prepend running
2019/04/01 13:47:24 Adding css /assets/css/main.css
2019/04/01 13:47:24 SELECT * FROM media_type ORDER BY id
2019/04/01 13:47:24 REGEXP FOUND: "^/?" in path "/favicon.ico"

2019/04/01 13:47:24 Anyone is allowed
2019/04/01 13:47:24 Render layout frontend
2019/04/01 13:52:34 Setting default language to user
2019/04/01 13:57:34 Setting default language to user
