2019/04/01 16:02:39 Setting default language to user
2019/04/01 16:07:38 Setting default language to user
2019/04/01 16:10:53 Setting default language to user
2019/04/01 16:10:53 Layout prepend running
2019/04/01 16:10:53 Adding css /assets/css/main.css
2019/04/01 16:10:53 SELECT * FROM media_type ORDER BY id
2019/04/01 16:10:53 REGEXP FOUND: "^/?" in path "/"

2019/04/01 16:10:53 Anyone is allowed
2019/04/01 16:10:53 Render layout frontend
2019/04/01 16:10:55 Layout prepend running
2019/04/01 16:10:55 REGEXP FOUND: "^/media$" in path "/media"

2019/04/01 16:10:55 Anyone is allowed
2019/04/01 16:10:55 Render layout frontend
2019/04/01 16:10:55 Layout prepend running
2019/04/01 16:10:55 REGEXP FOUND: "^/owners$" in path "/owners"

2019/04/01 16:10:55 Anyone is allowed
2019/04/01 16:10:55 Render layout frontend
2019/04/01 16:10:55 Layout prepend running
2019/04/01 16:10:55 REGEXP FOUND: "^/operators$" in path "/operators"

2019/04/01 16:10:55 Anyone is allowed
2019/04/01 16:10:55 Render layout frontend
2019/04/01 16:10:55 Layout prepend running
2019/04/01 16:10:55 REGEXP FOUND: "^/connections$" in path "/connections"

2019/04/01 16:10:55 Anyone is allowed
2019/04/01 16:10:55 Render layout frontend
2019/04/01 16:10:55 Layout prepend running
2019/04/01 16:10:55 REGEXP FOUND: "^/interests$" in path "/interests"

2019/04/01 16:10:55 Anyone is allowed
2019/04/01 16:10:55 Render layout frontend
2019/04/01 16:12:38 Setting default language to user
2019/04/01 16:17:38 Setting default language to user
2019/04/01 16:28:59 Setting default language to user
2019/04/01 16:33:59 Setting default language to user
2019/04/01 16:38:59 Setting default language to user
2019/04/01 16:48:13 Setting default language to user
2019/04/01 16:48:14 Setting default language to user
2019/04/01 16:48:14 Layout prepend running
2019/04/01 16:48:14 Adding css /assets/css/main.css
2019/04/01 16:48:14 SELECT * FROM media_type ORDER BY id
2019/04/01 16:48:14 REGEXP FOUND: "^/?" in path "/"

2019/04/01 16:48:14 Anyone is allowed
2019/04/01 16:48:14 Render layout frontend
2019/04/01 16:48:17 Layout prepend running
2019/04/01 16:48:17 REGEXP FOUND: "^/media$" in path "/media"

2019/04/01 16:48:17 Anyone is allowed
2019/04/01 16:48:17 Render layout frontend
2019/04/01 16:48:17 Layout prepend running
2019/04/01 16:48:17 REGEXP FOUND: "^/connections$" in path "/connections"

2019/04/01 16:48:17 Anyone is allowed
2019/04/01 16:48:17 Render layout frontend
2019/04/01 16:48:19 Setting default language to user
2019/04/01 16:48:19 Layout prepend running
2019/04/01 16:48:19 Adding css /assets/css/main.css
2019/04/01 16:48:19 SELECT * FROM media_type ORDER BY id
2019/04/01 16:48:19 REGEXP FOUND: "^/?" in path "/favicon.ico"

2019/04/01 16:48:19 Anyone is allowed
2019/04/01 16:48:19 Render layout frontend
2019/04/01 16:53:13 Setting default language to user
2019/04/01 16:58:13 Setting default language to user
