2019/03/17 14:03:00 Setting default language to user
2019/03/17 14:08:00 Setting default language to user
2019/03/17 14:13:00 Setting default language to user
2019/03/17 14:18:00 Setting default language to user
2019/03/17 14:23:00 Setting default language to user
2019/03/17 14:28:00 Setting default language to user
2019/03/17 14:33:00 Setting default language to user
2019/03/17 14:38:00 Setting default language to user
2019/03/17 14:43:00 Setting default language to user
2019/03/17 14:48:00 Setting default language to user
2019/03/17 14:51:22 Setting default language to user
2019/03/17 14:51:22 Layout prepend running
2019/03/17 14:51:22 Adding css /assets/css/main.css
2019/03/17 14:51:22 SELECT * FROM media_type ORDER BY id
2019/03/17 14:51:22 REGEXP FOUND: "^/?" in path "/"

2019/03/17 14:51:22 Anyone is allowed
2019/03/17 14:51:22 Render layout frontend
2019/03/17 14:51:28 Layout prepend running
2019/03/17 14:51:28 REGEXP FOUND: "^/media$" in path "/media"

2019/03/17 14:51:28 Anyone is allowed
2019/03/17 14:51:28 Render layout frontend
2019/03/17 14:51:28 Layout prepend running
2019/03/17 14:51:28 REGEXP FOUND: "^/connections$" in path "/connections"

2019/03/17 14:51:28 Anyone is allowed
2019/03/17 14:51:28 Render layout frontend
2019/03/17 14:51:28 Layout prepend running
2019/03/17 14:51:28 REGEXP FOUND: "^/operators$" in path "/operators"

2019/03/17 14:51:28 Anyone is allowed
2019/03/17 14:51:28 Render layout frontend
2019/03/17 14:51:28 Layout prepend running
2019/03/17 14:51:28 REGEXP FOUND: "^/owners$" in path "/owners"

2019/03/17 14:51:28 Anyone is allowed
2019/03/17 14:51:28 Render layout frontend
2019/03/17 14:51:28 Layout prepend running
2019/03/17 14:51:28 REGEXP FOUND: "^/interests$" in path "/interests"

2019/03/17 14:51:28 Anyone is allowed
2019/03/17 14:51:28 Render layout frontend
2019/03/17 14:52:43 Setting default language to user
2019/03/17 14:52:44 Setting default language to user
2019/03/17 14:52:44 Layout prepend running
2019/03/17 14:52:44 Adding css /assets/css/main.css
2019/03/17 14:52:44 SELECT * FROM media_type ORDER BY id
2019/03/17 14:52:44 REGEXP FOUND: "^/?" in path "/favicon.ico"

2019/03/17 14:52:44 Anyone is allowed
2019/03/17 14:52:44 Render layout frontend
2019/03/17 14:53:00 Setting default language to user
2019/03/17 14:58:00 Setting default language to user
2019/03/17 14:59:56 Changing language to en
2019/03/17 14:59:56 Layout prepend running
2019/03/17 14:59:56 Adding css /assets/css/main.css
2019/03/17 14:59:56 SELECT * FROM media_type ORDER BY id
2019/03/17 14:59:56 REGEXP FOUND: "^/?" in path "/"

2019/03/17 14:59:56 Anyone is allowed
2019/03/17 14:59:56 Render layout frontend
2019/03/17 14:59:57 Layout prepend running
2019/03/17 14:59:57 REGEXP FOUND: "^/media$" in path "/media"

2019/03/17 14:59:57 Anyone is allowed
2019/03/17 14:59:57 Render layout frontend
2019/03/17 14:59:57 Layout prepend running
2019/03/17 14:59:57 REGEXP FOUND: "^/connections$" in path "/connections"

2019/03/17 14:59:57 Anyone is allowed
2019/03/17 14:59:57 Render layout frontend
2019/03/17 14:59:57 Layout prepend running
2019/03/17 14:59:57 REGEXP FOUND: "^/owners$" in path "/owners"

2019/03/17 14:59:57 Anyone is allowed
2019/03/17 14:59:57 Render layout frontend
2019/03/17 14:59:57 Layout prepend running
2019/03/17 14:59:57 Layout prepend running
2019/03/17 14:59:57 REGEXP FOUND: "^/interests$" in path "/interests"

2019/03/17 14:59:57 Anyone is allowed
2019/03/17 14:59:57 Render layout frontend
