2019/06/14 10:01:54 Setting default language to user
2019/06/14 10:06:54 Setting default language to user
2019/06/14 10:11:54 Setting default language to user
2019/06/14 10:16:54 Setting default language to user
2019/06/14 10:19:36 Setting default language to user
2019/06/14 10:19:36 Layout prepend running
2019/06/14 10:19:36 Adding css /assets/css/main.css
2019/06/14 10:19:36 SELECT * FROM media_type ORDER BY id
2019/06/14 10:19:36 REGEXP FOUND: "^/?" in path "/robots.txt"

2019/06/14 10:19:36 Anyone is allowed
2019/06/14 10:19:36 Render layout frontend
2019/06/14 10:19:36 Setting default language to user
2019/06/14 10:19:36 Layout prepend running
2019/06/14 10:19:36 Adding css /assets/css/main.css
2019/06/14 10:19:36 SELECT * FROM media_type ORDER BY id
2019/06/14 10:19:36 REGEXP FOUND: "^/?" in path "/favicon.ico"

2019/06/14 10:19:36 Anyone is allowed
2019/06/14 10:19:36 Render layout frontend
2019/06/14 10:21:54 Setting default language to user
2019/06/14 10:26:54 Setting default language to user
2019/06/14 10:31:54 Setting default language to user
2019/06/14 10:36:54 Setting default language to user
2019/06/14 10:41:54 Setting default language to user
2019/06/14 10:46:54 Setting default language to user
2019/06/14 10:51:54 Setting default language to user
2019/06/14 10:56:54 Setting default language to user
