2019/04/02 13:37:43 Config values are the following: {ViewDir:view ListenPort:9004 BrandUrl: ChiefAdmin:map[0:{Email:istvan.dombi@agl.group Password:mos180628 SuperAdmin:false} 1:{Email:lo@branditorial.hu Password:mos180628 SuperAdmin:false} 2:{Email:atom@agl.group Password:mos180628 SuperAdmin:false}] Og:{Url:http://mediaownershiptool.ceu.edu/ Type:website Title:Media Ownership Tool Description:Media Ownership Image:/assets/images/MOS_og.jpg} Environment:local Db:{Environment:map[local:{Host:localhost Username:mos Password:golangforever Name:mos}] MaxIdleCons:0 MaxOpenCons:0 MaxConnLifetimeMinutes:3} Server:{ReadTimeoutSeconds:20 WriteTimeoutSeconds:20 SessionKey:mediaownership MaxRPS:5 BanMinutes:10 BanActive:false} Mode:{Debug:true Rebuild_structure:false Rebuild_data:false} Cache:{Enabled:true Dir:view/cache} AdminRouter:admin ConfigValues:map[spotify: facebook: instagram: linkedin: youtube:] Language:{Allowed:[hu en]}}
2019/04/02 13:37:43 Initializing translator
2019/04/02 13:37:43 Translator initialization done
2019/04/02 13:37:43 Ininialize connection
2019/04/02 13:37:50 Setting default language to user
2019/04/02 13:37:50 Layout prepend running
2019/04/02 13:37:50 Adding css /assets/css/main.css
2019/04/02 13:37:50 SELECT * FROM media_type ORDER BY id
2019/04/02 13:37:50 REGEXP FOUND: "^/?" in path "/"

2019/04/02 13:37:50 Anyone is allowed
2019/04/02 13:37:50 Render layout frontend
2019/04/02 13:37:51 Layout prepend running
2019/04/02 13:37:51 REGEXP FOUND: "^/interests$" in path "/interests"

2019/04/02 13:37:51 Anyone is allowed
2019/04/02 13:37:51 Render layout frontend
2019/04/02 13:37:51 Layout prepend running
2019/04/02 13:37:51 REGEXP FOUND: "^/operators$" in path "/operators"

2019/04/02 13:37:51 Anyone is allowed
2019/04/02 13:37:51 Layout prepend running
2019/04/02 13:37:51 Layout prepend running
2019/04/02 13:37:51 Layout prepend running
2019/04/02 13:37:51 REGEXP FOUND: "^/owners$" in path "/owners"

2019/04/02 13:37:51 Anyone is allowed
2019/04/02 13:37:51 REGEXP FOUND: "^/media$" in path "/media"

2019/04/02 13:37:51 Anyone is allowed
2019/04/02 13:37:51 REGEXP FOUND: "^/connections$" in path "/connections"

2019/04/02 13:37:51 Anyone is allowed
2019/04/02 13:37:51 Render layout frontend
2019/04/02 13:37:51 Render layout frontend
2019/04/02 13:38:25 Setting default language to user
2019/04/02 13:38:25 Layout prepend running
2019/04/02 13:38:25 Adding css /assets/css/main.css
2019/04/02 13:38:25 SELECT * FROM media_type ORDER BY id
2019/04/02 13:38:25 REGEXP FOUND: "^/?" in path "/"

2019/04/02 13:38:25 Anyone is allowed
2019/04/02 13:38:25 Render layout frontend
2019/04/02 13:43:25 Setting default language to user
2019/04/02 13:47:38 Layout prepend running
2019/04/02 13:47:38 Adding css /assets/css/main.css
2019/04/02 13:47:38 SELECT * FROM media_type ORDER BY id
2019/04/02 13:47:38 REGEXP FOUND: "^/?" in path "/"

2019/04/02 13:47:38 Anyone is allowed
2019/04/02 13:47:38 Render layout frontend
2019/04/02 13:47:39 Layout prepend running
2019/04/02 13:47:39 REGEXP FOUND: "^/connections$" in path "/connections"

2019/04/02 13:47:39 Anyone is allowed
2019/04/02 13:47:39 Render layout frontend
2019/04/02 13:47:40 Layout prepend running
2019/04/02 13:47:40 REGEXP FOUND: "^/operators$" in path "/operators"

2019/04/02 13:47:40 Anyone is allowed
2019/04/02 13:47:40 Render layout frontend
2019/04/02 13:47:40 Layout prepend running
2019/04/02 13:47:40 REGEXP FOUND: "^/media$" in path "/media"

2019/04/02 13:47:40 Layout prepend running
2019/04/02 13:47:40 REGEXP FOUND: "^/owners$" in path "/owners"

2019/04/02 13:47:40 Anyone is allowed
2019/04/02 13:47:40 Render layout frontend
2019/04/02 13:47:40 Layout prepend running
2019/04/02 13:47:40 Anyone is allowed
2019/04/02 13:47:40 Render layout frontend
2019/04/02 13:47:40 REGEXP FOUND: "^/interests$" in path "/interests"

2019/04/02 13:47:40 Anyone is allowed
2019/04/02 13:47:40 Render layout frontend
2019/04/02 13:48:24 Setting default language to user
2019/04/02 13:53:23 Setting default language to user
