2019/03/14 12:00:55 Setting default language to user
2019/03/14 12:05:55 Setting default language to user
2019/03/14 12:10:55 Setting default language to user
2019/03/14 12:15:55 Setting default language to user
2019/03/14 12:20:55 Setting default language to user
2019/03/14 12:25:55 Setting default language to user
2019/03/14 12:30:55 Setting default language to user
2019/03/14 12:35:55 Setting default language to user
2019/03/14 12:40:55 Setting default language to user
2019/03/14 12:45:55 Setting default language to user
2019/03/14 12:50:55 Setting default language to user
2019/03/14 12:55:55 Setting default language to user
2019/03/14 12:57:48 Setting default language to user
2019/03/14 12:57:48 Layout prepend running
2019/03/14 12:57:48 Adding css /assets/css/main.css
2019/03/14 12:57:48 SELECT * FROM media_type ORDER BY id
2019/03/14 12:57:48 REGEXP FOUND: "^/?" in path "/"

2019/03/14 12:57:48 Anyone is allowed
2019/03/14 12:57:48 Render layout frontend
2019/03/14 12:57:51 Layout prepend running
2019/03/14 12:57:51 REGEXP FOUND: "^/media$" in path "/media"

2019/03/14 12:57:51 Anyone is allowed
2019/03/14 12:57:51 Render layout frontend
2019/03/14 12:57:51 Layout prepend running
2019/03/14 12:57:51 Layout prepend running
2019/03/14 12:57:51 REGEXP FOUND: "^/owners$" in path "/owners"

2019/03/14 12:57:51 Anyone is allowed
2019/03/14 12:57:51 Layout prepend running
2019/03/14 12:57:51 REGEXP FOUND: "^/connections$" in path "/connections"

2019/03/14 12:57:51 Anyone is allowed
2019/03/14 12:57:51 Render layout frontend
2019/03/14 12:57:51 REGEXP FOUND: "^/interests$" in path "/interests"

2019/03/14 12:57:51 Anyone is allowed
2019/03/14 12:57:51 Render layout frontend
2019/03/14 12:57:51 Render layout frontend
2019/03/14 12:57:51 Layout prepend running
2019/03/14 12:57:51 REGEXP FOUND: "^/operators$" in path "/operators"

2019/03/14 12:57:51 Anyone is allowed
2019/03/14 12:57:51 Render layout frontend
