2019/04/30 10:01:59 Setting default language to user
2019/04/30 10:06:59 Setting default language to user
2019/04/30 10:13:01 Setting default language to user
2019/04/30 10:18:57 Setting default language to user
2019/04/30 10:18:57 Setting default language to user
2019/04/30 10:18:57 Layout prepend running
2019/04/30 10:18:57 Adding css /assets/css/main.css
2019/04/30 10:18:57 SELECT * FROM media_type ORDER BY id
2019/04/30 10:18:57 REGEXP FOUND: "^/?" in path "/"

2019/04/30 10:18:57 Anyone is allowed
2019/04/30 10:18:57 Render layout frontend
2019/04/30 10:18:59 Setting default language to user
2019/04/30 10:18:59 Layout prepend running
2019/04/30 10:18:59 Adding css /assets/css/main.css
2019/04/30 10:18:59 SELECT * FROM media_type ORDER BY id
2019/04/30 10:18:59 REGEXP FOUND: "^/?" in path "/"

2019/04/30 10:18:59 Anyone is allowed
2019/04/30 10:18:59 Render layout frontend
2019/04/30 10:19:00 Setting default language to user
2019/04/30 10:19:00 Layout prepend running
2019/04/30 10:19:00 Setting default language to user
2019/04/30 10:19:00 Setting default language to user
2019/04/30 10:19:00 Setting default language to user
2019/04/30 10:19:00 Layout prepend running
2019/04/30 10:19:00 REGEXP FOUND: "^/media$" in path "/media"

2019/04/30 10:19:00 Anyone is allowed
2019/04/30 10:19:00 Render layout frontend
2019/04/30 10:19:00 Layout prepend running
2019/04/30 10:19:00 REGEXP FOUND: "^/owners$" in path "/owners"

2019/04/30 10:19:00 Anyone is allowed
2019/04/30 10:19:00 Render layout frontend
2019/04/30 10:19:00 REGEXP FOUND: "^/operators$" in path "/operators"

2019/04/30 10:19:00 Anyone is allowed
2019/04/30 10:19:00 Setting default language to user
2019/04/30 10:19:00 Layout prepend running
2019/04/30 10:19:00 Render layout frontend
2019/04/30 10:19:00 REGEXP FOUND: "^/interests$" in path "/interests"

2019/04/30 10:19:00 Layout prepend running
2019/04/30 10:19:00 Anyone is allowed
2019/04/30 10:19:00 Render layout frontend
2019/04/30 10:19:24 Setting default language to user
2019/04/30 10:21:28 Layout prepend running
2019/04/30 10:21:28 Adding css /assets/css/main.css
2019/04/30 10:21:28 SELECT * FROM media_type ORDER BY id
2019/04/30 10:21:28 REGEXP FOUND: "^/?" in path "/"

2019/04/30 10:21:28 Anyone is allowed
2019/04/30 10:21:28 Render layout frontend
2019/04/30 10:21:29 Layout prepend running
2019/04/30 10:21:29 Layout prepend running
2019/04/30 10:21:29 REGEXP FOUND: "^/connections$" in path "/connections"

2019/04/30 10:21:29 Anyone is allowed
2019/04/30 10:21:29 Render layout frontend
2019/04/30 10:21:29 Layout prepend running
2019/04/30 10:21:29 Layout prepend running
2019/04/30 10:21:29 Layout prepend running
2019/04/30 10:21:29 REGEXP FOUND: "^/operators$" in path "/operators"

2019/04/30 10:21:29 Anyone is allowed
2019/04/30 10:21:29 Render layout frontend
2019/04/30 10:24:24 Setting default language to user
2019/04/30 10:29:24 Setting default language to user
2019/04/30 10:34:24 Setting default language to user
2019/04/30 10:41:27 Changing language to hu
2019/04/30 10:41:27 Layout prepend running
2019/04/30 10:41:27 Adding css /assets/css/main.css
2019/04/30 10:41:27 SELECT * FROM media_type ORDER BY id
2019/04/30 10:41:27 REGEXP FOUND: "^/?" in path "/"

2019/04/30 10:41:27 Anyone is allowed
2019/04/30 10:41:27 Render layout frontend
2019/04/30 10:41:27 Layout prepend running
2019/04/30 10:41:27 REGEXP FOUND: "^/media$" in path "/media"

2019/04/30 10:41:27 Anyone is allowed
2019/04/30 10:41:27 Render layout frontend
2019/04/30 10:41:27 Layout prepend running
2019/04/30 10:41:27 REGEXP FOUND: "^/connections$" in path "/connections"

2019/04/30 10:41:27 Anyone is allowed
2019/04/30 10:41:27 Render layout frontend
2019/04/30 10:41:27 Layout prepend running
2019/04/30 10:41:27 Layout prepend running
2019/04/30 10:41:27 Layout prepend running
2019/04/30 10:41:27 REGEXP FOUND: "^/operators$" in path "/operators"

2019/04/30 10:41:27 Anyone is allowed
2019/04/30 10:41:27 Render layout frontend
2019/04/30 10:41:27 REGEXP FOUND: "^/owners$" in path "/owners"

2019/04/30 10:41:27 Anyone is allowed
2019/04/30 10:41:27 Render layout frontend
2019/04/30 10:41:27 REGEXP FOUND: "^/interests$" in path "/interests"

2019/04/30 10:41:27 Anyone is allowed
2019/04/30 10:41:27 Render layout frontend
2019/04/30 10:41:56 Setting default language to user
2019/04/30 10:46:56 Setting default language to user
2019/04/30 10:51:56 Setting default language to user
2019/04/30 10:55:25 Changing language to hu
2019/04/30 10:55:25 Layout prepend running
2019/04/30 10:55:25 Adding css /assets/css/main.css
2019/04/30 10:55:25 SELECT * FROM media_type ORDER BY id
2019/04/30 10:55:25 REGEXP FOUND: "^/?" in path "/"

2019/04/30 10:55:25 Anyone is allowed
2019/04/30 10:55:25 Render layout frontend
2019/04/30 10:55:25 Setting default language to user
2019/04/30 10:55:25 Layout prepend running
2019/04/30 10:55:25 Setting default language to user
2019/04/30 10:55:25 Layout prepend running
2019/04/30 10:55:25 Setting default language to user
2019/04/30 10:55:25 Layout prepend running
2019/04/30 10:55:25 Setting default language to user
2019/04/30 10:55:25 Layout prepend running
2019/04/30 10:55:25 REGEXP FOUND: "^/media$" in path "/media"

2019/04/30 10:55:25 Anyone is allowed
2019/04/30 10:55:25 Render layout frontend
2019/04/30 10:55:25 REGEXP FOUND: "^/operators$" in path "/operators"

2019/04/30 10:55:25 Anyone is allowed
2019/04/30 10:55:25 Render layout frontend
2019/04/30 10:55:25 REGEXP FOUND: "^/owners$" in path "/owners"

2019/04/30 10:55:25 Anyone is allowed
2019/04/30 10:55:25 Render layout frontend
2019/04/30 10:55:25 Setting default language to user
2019/04/30 10:55:25 Layout prepend running
2019/04/30 10:55:25 REGEXP FOUND: "^/connections$" in path "/connections"

2019/04/30 10:55:25 Anyone is allowed
2019/04/30 10:55:25 Render layout frontend
2019/04/30 10:55:25 REGEXP FOUND: "^/interests$" in path "/interests"

2019/04/30 10:55:25 Anyone is allowed
2019/04/30 10:55:25 Render layout frontend
2019/04/30 10:55:41 Changing language to hu
2019/04/30 10:55:41 Layout prepend running
2019/04/30 10:55:41 Adding css /assets/css/main.css
2019/04/30 10:55:41 SELECT * FROM media_type ORDER BY id
2019/04/30 10:55:41 REGEXP FOUND: "^/?" in path "/"

2019/04/30 10:55:41 Anyone is allowed
2019/04/30 10:55:41 Render layout frontend
2019/04/30 10:55:41 Setting default language to user
2019/04/30 10:55:41 Layout prepend running
2019/04/30 10:55:41 Setting default language to user
2019/04/30 10:55:41 Layout prepend running
2019/04/30 10:55:41 Setting default language to user
2019/04/30 10:55:41 Layout prepend running
2019/04/30 10:55:41 Setting default language to user
2019/04/30 10:55:41 Layout prepend running
2019/04/30 10:55:41 Setting default language to user
2019/04/30 10:55:41 Layout prepend running
2019/04/30 10:55:41 REGEXP FOUND: "^/interests$" in path "/interests"

2019/04/30 10:55:41 Anyone is allowed
2019/04/30 10:55:41 Render layout frontend
2019/04/30 10:55:41 REGEXP FOUND: "^/operators$" in path "/operators"

2019/04/30 10:55:41 Anyone is allowed
2019/04/30 10:55:41 Render layout frontend
2019/04/30 10:55:41 REGEXP FOUND: "^/connections$" in path "/connections"

2019/04/30 10:55:41 Anyone is allowed
2019/04/30 10:55:41 Render layout frontend
2019/04/30 10:55:41 REGEXP FOUND: "^/media$" in path "/media"

2019/04/30 10:55:41 Anyone is allowed
2019/04/30 10:55:41 Render layout frontend
2019/04/30 10:55:42 Changing language to hu
2019/04/30 10:55:42 Layout prepend running
2019/04/30 10:55:42 Adding css /assets/css/main.css
2019/04/30 10:55:42 SELECT * FROM media_type ORDER BY id
2019/04/30 10:55:42 REGEXP FOUND: "^/?" in path "/"

2019/04/30 10:55:42 Anyone is allowed
2019/04/30 10:55:42 Render layout frontend
2019/04/30 10:55:42 Setting default language to user
2019/04/30 10:55:42 Layout prepend running
2019/04/30 10:55:42 REGEXP FOUND: "^/connections$" in path "/connections"

2019/04/30 10:55:42 Anyone is allowed
2019/04/30 10:55:42 Render layout frontend
2019/04/30 10:55:42 Setting default language to user
2019/04/30 10:55:42 Layout prepend running
2019/04/30 10:55:42 Setting default language to user
2019/04/30 10:55:42 Layout prepend running
2019/04/30 10:55:42 Setting default language to user
2019/04/30 10:55:42 Layout prepend running
2019/04/30 10:55:42 Setting default language to user
2019/04/30 10:55:42 Layout prepend running
2019/04/30 10:55:42 REGEXP FOUND: "^/operators$" in path "/operators"

2019/04/30 10:55:42 Anyone is allowed
2019/04/30 10:55:42 Render layout frontend
2019/04/30 10:55:43 REGEXP FOUND: "^/media$" in path "/media"

2019/04/30 10:55:43 Anyone is allowed
2019/04/30 10:55:43 Render layout frontend
2019/04/30 10:55:43 REGEXP FOUND: "^/owners$" in path "/owners"

2019/04/30 10:55:43 Anyone is allowed
2019/04/30 10:55:43 Render layout frontend
2019/04/30 10:55:43 REGEXP FOUND: "^/interests$" in path "/interests"

2019/04/30 10:55:43 Anyone is allowed
2019/04/30 10:55:43 Render layout frontend
2019/04/30 10:55:44 Changing language to hu
2019/04/30 10:55:44 Layout prepend running
2019/04/30 10:55:44 Adding css /assets/css/main.css
2019/04/30 10:55:44 SELECT * FROM media_type ORDER BY id
2019/04/30 10:55:44 REGEXP FOUND: "^/?" in path "/"

2019/04/30 10:55:44 Anyone is allowed
2019/04/30 10:55:44 Render layout frontend
2019/04/30 10:55:44 Setting default language to user
2019/04/30 10:55:44 Layout prepend running
2019/04/30 10:55:44 Setting default language to user
2019/04/30 10:55:44 Layout prepend running
2019/04/30 10:55:44 REGEXP FOUND: "^/media$" in path "/media"

2019/04/30 10:55:44 Anyone is allowed
2019/04/30 10:55:44 Render layout frontend
2019/04/30 10:55:44 Setting default language to user
2019/04/30 10:55:44 Layout prepend running
2019/04/30 10:55:44 Setting default language to user
2019/04/30 10:55:44 Layout prepend running
2019/04/30 10:55:44 Setting default language to user
2019/04/30 10:55:44 Layout prepend running
2019/04/30 10:55:44 REGEXP FOUND: "^/interests$" in path "/interests"

2019/04/30 10:55:44 Anyone is allowed
2019/04/30 10:55:44 Render layout frontend
2019/04/30 10:55:52 Changing language to hu
2019/04/30 10:55:52 Layout prepend running
2019/04/30 10:55:52 Adding css /assets/css/main.css
2019/04/30 10:55:52 SELECT * FROM media_type ORDER BY id
2019/04/30 10:55:52 REGEXP FOUND: "^/?" in path "/"

2019/04/30 10:55:52 Anyone is allowed
2019/04/30 10:55:52 Render layout frontend
2019/04/30 10:55:53 Layout prepend running
2019/04/30 10:55:53 REGEXP FOUND: "^/media$" in path "/media"

2019/04/30 10:55:53 Anyone is allowed
2019/04/30 10:55:53 Render layout frontend
2019/04/30 10:55:53 Layout prepend running
2019/04/30 10:55:53 Layout prepend running
2019/04/30 10:55:53 Layout prepend running
2019/04/30 10:55:53 Layout prepend running
2019/04/30 10:55:53 REGEXP FOUND: "^/interests$" in path "/interests"

2019/04/30 10:55:53 Anyone is allowed
2019/04/30 10:55:53 Render layout frontend
2019/04/30 10:55:53 REGEXP FOUND: "^/owners$" in path "/owners"

2019/04/30 10:55:53 Anyone is allowed
2019/04/30 10:55:53 Render layout frontend
2019/04/30 10:55:53 REGEXP FOUND: "^/connections$" in path "/connections"

2019/04/30 10:55:53 Anyone is allowed
2019/04/30 10:55:53 Render layout frontend
2019/04/30 10:55:53 REGEXP FOUND: "^/operators$" in path "/operators"

2019/04/30 10:55:53 Anyone is allowed
2019/04/30 10:55:53 Render layout frontend
2019/04/30 10:56:11 Changing language to hu
2019/04/30 10:56:11 Layout prepend running
2019/04/30 10:56:11 Adding css /assets/css/main.css
2019/04/30 10:56:11 SELECT * FROM media_type ORDER BY id
2019/04/30 10:56:11 REGEXP FOUND: "^/?" in path "/"

2019/04/30 10:56:11 Anyone is allowed
2019/04/30 10:56:11 Render layout frontend
2019/04/30 10:56:11 Setting default language to user
2019/04/30 10:56:11 Layout prepend running
2019/04/30 10:56:11 REGEXP FOUND: "^/owners$" in path "/owners"

2019/04/30 10:56:11 Anyone is allowed
2019/04/30 10:56:11 Render layout frontend
2019/04/30 10:56:11 Setting default language to user
2019/04/30 10:56:11 Layout prepend running
2019/04/30 10:56:11 REGEXP FOUND: "^/operators$" in path "/operators"

2019/04/30 10:56:11 Anyone is allowed
2019/04/30 10:56:11 Render layout frontend
2019/04/30 10:56:11 Setting default language to user
2019/04/30 10:56:11 Layout prepend running
2019/04/30 10:56:11 Setting default language to user
2019/04/30 10:56:11 Layout prepend running
2019/04/30 10:56:11 Setting default language to user
2019/04/30 10:56:11 Layout prepend running
2019/04/30 10:56:11 REGEXP FOUND: "^/connections$" in path "/connections"

2019/04/30 10:56:11 Anyone is allowed
2019/04/30 10:56:11 Render layout frontend
2019/04/30 10:56:11 REGEXP FOUND: "^/media$" in path "/media"

2019/04/30 10:56:11 Anyone is allowed
2019/04/30 10:56:11 Render layout frontend
2019/04/30 10:56:11 REGEXP FOUND: "^/interests$" in path "/interests"

2019/04/30 10:56:11 Anyone is allowed
2019/04/30 10:56:11 Render layout frontend
2019/04/30 10:56:56 Setting default language to user
