2019/03/29 13:03:21 Setting default language to user
2019/03/29 13:08:21 Setting default language to user
2019/03/29 13:13:21 Setting default language to user
2019/03/29 13:18:21 Setting default language to user
2019/03/29 13:23:21 Setting default language to user
2019/03/29 13:28:21 Setting default language to user
2019/03/29 13:33:22 Setting default language to user
2019/03/29 13:38:21 Setting default language to user
2019/03/29 13:43:21 Setting default language to user
2019/03/29 13:48:21 Setting default language to user
2019/03/29 13:53:21 Setting default language to user
2019/03/29 13:53:34 Layout prepend running
2019/03/29 13:53:34 Adding css /assets/css/main.css
2019/03/29 13:53:34 SELECT * FROM media_type ORDER BY id
2019/03/29 13:53:34 REGEXP FOUND: "^/?" in path "/"

2019/03/29 13:53:34 Anyone is allowed
2019/03/29 13:53:34 Render layout frontend
2019/03/29 13:53:36 Layout prepend running
2019/03/29 13:53:36 REGEXP FOUND: "^/media$" in path "/media"

2019/03/29 13:53:36 Layout prepend running
2019/03/29 13:53:36 REGEXP FOUND: "^/connections$" in path "/connections"

2019/03/29 13:53:36 Anyone is allowed
2019/03/29 13:53:36 Render layout frontend
2019/03/29 13:53:36 Layout prepend running
2019/03/29 13:53:36 REGEXP FOUND: "^/operators$" in path "/operators"

2019/03/29 13:53:36 Anyone is allowed
2019/03/29 13:53:36 Render layout frontend
2019/03/29 13:53:36 Anyone is allowed
2019/03/29 13:53:36 Render layout frontend
2019/03/29 13:53:36 Layout prepend running
2019/03/29 13:53:36 REGEXP FOUND: "^/owners$" in path "/owners"

2019/03/29 13:53:36 Anyone is allowed
2019/03/29 13:53:36 Render layout frontend
2019/03/29 13:53:36 Layout prepend running
2019/03/29 13:53:36 REGEXP FOUND: "^/interests$" in path "/interests"

2019/03/29 13:53:36 Anyone is allowed
2019/03/29 13:53:36 Render layout frontend
2019/03/29 13:58:21 Setting default language to user
