2019/05/17 21:02:47 Setting default language to user
2019/05/17 21:05:26 Setting default language to user
2019/05/17 21:05:26 Layout prepend running
2019/05/17 21:05:26 Adding css /assets/css/main.css
2019/05/17 21:05:26 SELECT * FROM media_type ORDER BY id
2019/05/17 21:05:26 REGEXP FOUND: "^/?" in path "/robots.txt"

2019/05/17 21:05:26 Anyone is allowed
2019/05/17 21:05:26 Render layout frontend
2019/05/17 21:05:26 Setting default language to user
2019/05/17 21:05:26 Layout prepend running
2019/05/17 21:05:26 Adding css /assets/css/main.css
2019/05/17 21:05:26 SELECT * FROM media_type ORDER BY id
2019/05/17 21:05:26 REGEXP FOUND: "^/?" in path "/"

2019/05/17 21:05:26 Anyone is allowed
2019/05/17 21:05:26 Render layout frontend
2019/05/17 21:07:46 Setting default language to user
2019/05/17 21:12:46 Setting default language to user
2019/05/17 21:17:46 Setting default language to user
2019/05/17 21:22:46 Setting default language to user
2019/05/17 21:27:46 Setting default language to user
2019/05/17 21:32:46 Setting default language to user
2019/05/17 21:37:46 Setting default language to user
2019/05/17 21:42:46 Setting default language to user
2019/05/17 21:47:47 Setting default language to user
2019/05/17 21:52:47 Setting default language to user
2019/05/17 21:57:46 Setting default language to user
