2019/03/06 11:00:53 Setting default language to user
2019/03/06 11:05:53 Setting default language to user
2019/03/06 11:10:53 Setting default language to user
2019/03/06 11:15:53 Setting default language to user
2019/03/06 11:20:53 Setting default language to user
2019/03/06 11:24:17 Setting default language to user
2019/03/06 11:24:17 Layout prepend running
2019/03/06 11:24:17 Adding css /assets/css/main.css
2019/03/06 11:24:17 SELECT * FROM media_type ORDER BY id
2019/03/06 11:24:17 REGEXP FOUND: "^/?" in path "/"

2019/03/06 11:24:17 Anyone is allowed
2019/03/06 11:24:17 Render layout frontend
2019/03/06 11:24:19 Layout prepend running
2019/03/06 11:24:19 REGEXP FOUND: "^/media$" in path "/media"

2019/03/06 11:24:19 Anyone is allowed
2019/03/06 11:24:19 Render layout frontend
2019/03/06 11:24:19 Layout prepend running
2019/03/06 11:24:19 REGEXP FOUND: "^/operators$" in path "/operators"

2019/03/06 11:24:19 Anyone is allowed
2019/03/06 11:24:19 Render layout frontend
2019/03/06 11:24:20 Layout prepend running
2019/03/06 11:24:20 Layout prepend running
2019/03/06 11:24:20 REGEXP FOUND: "^/owners$" in path "/owners"

2019/03/06 11:24:20 Anyone is allowed
2019/03/06 11:24:20 Render layout frontend
2019/03/06 11:24:20 REGEXP FOUND: "^/connections$" in path "/connections"

2019/03/06 11:24:20 Anyone is allowed
2019/03/06 11:24:20 Render layout frontend
2019/03/06 11:24:20 Layout prepend running
2019/03/06 11:24:20 REGEXP FOUND: "^/interests$" in path "/interests"

2019/03/06 11:24:20 Anyone is allowed
2019/03/06 11:24:20 Render layout frontend
2019/03/06 11:25:53 Setting default language to user
2019/03/06 11:26:21 Setting default language to user
2019/03/06 11:26:21 Layout prepend running
2019/03/06 11:26:21 Adding css /assets/css/main.css
2019/03/06 11:26:21 SELECT * FROM media_type ORDER BY id
2019/03/06 11:26:21 REGEXP FOUND: "^/?" in path "/"

2019/03/06 11:26:21 Anyone is allowed
2019/03/06 11:26:21 Render layout frontend
2019/03/06 11:27:13 Layout prepend running
2019/03/06 11:27:13 Adding css /assets/css/main.css
2019/03/06 11:27:13 SELECT * FROM media_type ORDER BY id
2019/03/06 11:27:13 REGEXP FOUND: "^/?" in path "/"

2019/03/06 11:27:13 Anyone is allowed
2019/03/06 11:27:13 Render layout frontend
2019/03/06 11:30:53 Setting default language to user
2019/03/06 11:35:53 Setting default language to user
2019/03/06 11:40:53 Setting default language to user
2019/03/06 11:45:30 Setting default language to user
2019/03/06 11:45:53 Setting default language to user
2019/03/06 11:50:53 Setting default language to user
2019/03/06 11:55:53 Setting default language to user
