2019/02/04 11:04:48 Setting default language to user
2019/02/04 11:12:54 Setting default language to user
2019/02/04 11:17:55 Setting default language to user
2019/02/04 11:22:54 Setting default language to user
2019/02/04 11:29:06 Setting default language to user
2019/02/04 11:33:01 Setting default language to user
2019/02/04 11:33:01 Layout prepend running
2019/02/04 11:33:01 Adding css /assets/css/main.css
2019/02/04 11:33:01 SELECT * FROM media_type ORDER BY id
2019/02/04 11:33:01 REGEXP FOUND: "^/?" in path "/"

2019/02/04 11:33:01 Anyone is allowed
2019/02/04 11:33:01 Render layout frontend
2019/02/04 11:33:04 Layout prepend running
2019/02/04 11:33:04 REGEXP FOUND: "^/media$" in path "/media"

2019/02/04 11:33:04 Anyone is allowed
2019/02/04 11:33:04 Render layout frontend
2019/02/04 11:33:04 Layout prepend running
2019/02/04 11:33:04 REGEXP FOUND: "^/owners$" in path "/owners"

2019/02/04 11:33:04 Anyone is allowed
2019/02/04 11:33:04 Render layout frontend
2019/02/04 11:33:04 Layout prepend running
2019/02/04 11:33:04 REGEXP FOUND: "^/operators$" in path "/operators"

2019/02/04 11:33:04 Anyone is allowed
2019/02/04 11:33:04 Render layout frontend
2019/02/04 11:33:04 Layout prepend running
2019/02/04 11:33:04 REGEXP FOUND: "^/connections$" in path "/connections"

2019/02/04 11:33:04 Anyone is allowed
2019/02/04 11:33:04 Render layout frontend
2019/02/04 11:33:04 Layout prepend running
2019/02/04 11:33:04 REGEXP FOUND: "^/interests$" in path "/interests"

2019/02/04 11:33:04 Anyone is allowed
2019/02/04 11:33:04 Render layout frontend
2019/02/04 11:34:06 Setting default language to user
2019/02/04 11:39:06 Setting default language to user
2019/02/04 11:44:06 Setting default language to user
2019/02/04 11:53:31 Setting default language to user
2019/02/04 11:58:31 Setting default language to user
