2019/02/10 06:02:19 Setting default language to user
2019/02/10 06:07:19 Setting default language to user
2019/02/10 06:12:19 Setting default language to user
2019/02/10 06:17:19 Setting default language to user
2019/02/10 06:22:19 Setting default language to user
2019/02/10 06:27:19 Setting default language to user
2019/02/10 06:32:19 Setting default language to user
2019/02/10 06:37:19 Setting default language to user
2019/02/10 06:42:19 Setting default language to user
2019/02/10 06:47:19 Setting default language to user
2019/02/10 06:51:08 Setting default language to user
2019/02/10 06:51:08 Layout prepend running
2019/02/10 06:51:08 Adding css /assets/css/main.css
2019/02/10 06:51:08 SELECT * FROM media_type ORDER BY id
2019/02/10 06:51:08 REGEXP FOUND: "^/?" in path "/robots.txt"

2019/02/10 06:51:08 Anyone is allowed
2019/02/10 06:51:08 Render layout frontend
2019/02/10 06:51:08 Setting default language to user
2019/02/10 06:52:19 Setting default language to user
2019/02/10 06:57:19 Setting default language to user
