2019/05/09 00:02:06 Setting default language to user
2019/05/09 00:05:44 Setting default language to user
2019/05/09 00:05:44 Layout prepend running
2019/05/09 00:05:44 Adding css /assets/css/main.css
2019/05/09 00:05:44 SELECT * FROM media_type ORDER BY id
2019/05/09 00:05:44 REGEXP FOUND: "^/?" in path "/robots.txt"

2019/05/09 00:05:44 Anyone is allowed
2019/05/09 00:05:44 Render layout frontend
2019/05/09 00:05:48 Setting default language to user
2019/05/09 00:05:48 Layout prepend running
2019/05/09 00:05:48 Adding css /assets/css/main.css
2019/05/09 00:05:48 SELECT * FROM media_type ORDER BY id
2019/05/09 00:05:48 REGEXP FOUND: "^/?" in path "/favicon.ico"

2019/05/09 00:05:48 Anyone is allowed
2019/05/09 00:05:48 Render layout frontend
2019/05/09 00:07:06 Setting default language to user
2019/05/09 00:12:06 Setting default language to user
2019/05/09 00:17:06 Setting default language to user
2019/05/09 00:22:06 Setting default language to user
2019/05/09 00:27:06 Setting default language to user
2019/05/09 00:32:06 Setting default language to user
2019/05/09 00:37:06 Setting default language to user
2019/05/09 00:42:06 Setting default language to user
2019/05/09 00:47:06 Setting default language to user
2019/05/09 00:52:06 Setting default language to user
2019/05/09 00:57:06 Setting default language to user
