2019/03/29 12:01:46 Config values are the following: {ViewDir:view ListenPort:9004 BrandUrl: ChiefAdmin:map[0:{Email:istvan.dombi@agl.group Password:mos180628 SuperAdmin:false} 1:{Email:lo@branditorial.hu Password:mos180628 SuperAdmin:false} 2:{Email:atom@agl.group Password:mos180628 SuperAdmin:false}] Og:{Url:http://mediaownershiptool.ceu.edu/ Type:website Title:Media Ownership Tool Description:Media Ownership Image:/assets/images/MOS_og.jpg} Environment:local Db:{Environment:map[local:{Host:localhost Username:mos Password:golangforever Name:mos}] MaxIdleCons:0 MaxOpenCons:0 MaxConnLifetimeMinutes:3} Server:{ReadTimeoutSeconds:20 WriteTimeoutSeconds:20 SessionKey:mediaownership MaxRPS:5 BanMinutes:10 BanActive:false} Mode:{Debug:true Rebuild_structure:false Rebuild_data:false} Cache:{Enabled:true Dir:view/cache} AdminRouter:admin ConfigValues:map[facebook: instagram: linkedin: youtube: spotify:] Language:{Allowed:[hu en]}}
2019/03/29 12:01:46 Initializing translator
2019/03/29 12:01:46 Translator initialization done
2019/03/29 12:01:46 Ininialize connection
2019/03/29 12:02:08 Setting default language to user
2019/03/29 12:02:08 Layout prepend running
2019/03/29 12:02:08 Adding css /assets/css/main.css
2019/03/29 12:02:08 SELECT * FROM media_type ORDER BY id
2019/03/29 12:02:08 REGEXP FOUND: "^/?" in path "/"

2019/03/29 12:02:08 Anyone is allowed
2019/03/29 12:02:08 Render layout frontend
2019/03/29 12:02:08 Layout prepend running
2019/03/29 12:02:08 REGEXP FOUND: "^/media$" in path "/media"

2019/03/29 12:02:08 Anyone is allowed
2019/03/29 12:02:08 Layout prepend running
2019/03/29 12:02:08 REGEXP FOUND: "^/interests$" in path "/interests"

2019/03/29 12:02:08 Anyone is allowed
2019/03/29 12:02:08 Render layout frontend
2019/03/29 12:02:08 Layout prepend running
2019/03/29 12:02:08 REGEXP FOUND: "^/owners$" in path "/owners"

2019/03/29 12:02:08 Anyone is allowed
2019/03/29 12:02:08 Render layout frontend
2019/03/29 12:02:08 Layout prepend running
2019/03/29 12:02:08 REGEXP FOUND: "^/operators$" in path "/operators"

2019/03/29 12:02:08 Anyone is allowed
2019/03/29 12:02:08 Layout prepend running
2019/03/29 12:02:08 Render layout frontend
2019/03/29 12:02:08 REGEXP FOUND: "^/connections$" in path "/connections"

2019/03/29 12:02:08 Anyone is allowed
2019/03/29 12:02:10 Render layout frontend
2019/03/29 12:03:00 Layout prepend running
2019/03/29 12:03:00 Adding css /assets/css/main.css
2019/03/29 12:03:00 SELECT * FROM media_type ORDER BY id
2019/03/29 12:03:00 REGEXP FOUND: "^/?" in path "/"

2019/03/29 12:03:00 Anyone is allowed
2019/03/29 12:03:00 Render layout frontend
2019/03/29 12:03:00 Layout prepend running
2019/03/29 12:03:00 REGEXP FOUND: "^/media$" in path "/media"

2019/03/29 12:03:00 Anyone is allowed
2019/03/29 12:03:00 Render layout frontend
2019/03/29 12:03:00 Layout prepend running
2019/03/29 12:03:00 REGEXP FOUND: "^/interests$" in path "/interests"

2019/03/29 12:03:00 Anyone is allowed
2019/03/29 12:03:00 Render layout frontend
2019/03/29 12:03:00 Layout prepend running
2019/03/29 12:03:00 REGEXP FOUND: "^/owners$" in path "/owners"

2019/03/29 12:03:00 Anyone is allowed
2019/03/29 12:03:00 Render layout frontend
2019/03/29 12:03:00 Layout prepend running
2019/03/29 12:03:00 REGEXP FOUND: "^/connections$" in path "/connections"

2019/03/29 12:03:00 Anyone is allowed
2019/03/29 12:03:00 Render layout frontend
2019/03/29 12:03:01 Layout prepend running
2019/03/29 12:03:01 REGEXP FOUND: "^/operators$" in path "/operators"

2019/03/29 12:03:01 Anyone is allowed
2019/03/29 12:03:01 Render layout frontend
2019/03/29 12:03:11 Layout prepend running
2019/03/29 12:03:11 Adding css /assets/css/main.css
2019/03/29 12:03:11 SELECT * FROM media_type ORDER BY id
2019/03/29 12:03:11 REGEXP FOUND: "^/?" in path "/"

2019/03/29 12:03:11 Anyone is allowed
2019/03/29 12:03:11 Render layout frontend
2019/03/29 12:03:12 Layout prepend running
2019/03/29 12:03:12 Layout prepend running
2019/03/29 12:03:12 REGEXP FOUND: "^/connections$" in path "/connections"

2019/03/29 12:03:12 Anyone is allowed
2019/03/29 12:03:12 Layout prepend running
2019/03/29 12:03:12 REGEXP FOUND: "^/media$" in path "/media"

2019/03/29 12:03:12 Anyone is allowed
2019/03/29 12:03:12 Render layout frontend
2019/03/29 12:03:21 Setting default language to user
2019/03/29 12:03:21 Layout prepend running
2019/03/29 12:03:21 Adding css /assets/css/main.css
2019/03/29 12:03:21 SELECT * FROM media_type ORDER BY id
2019/03/29 12:03:22 REGEXP FOUND: "^/?" in path "/"

2019/03/29 12:03:22 Anyone is allowed
2019/03/29 12:03:22 Render layout frontend
2019/03/29 12:03:23 Layout prepend running
2019/03/29 12:03:23 Layout prepend running
2019/03/29 12:03:23 Layout prepend running
2019/03/29 12:03:23 REGEXP FOUND: "^/connections$" in path "/connections"

2019/03/29 12:03:23 Layout prepend running
2019/03/29 12:03:23 REGEXP FOUND: "^/media$" in path "/media"

2019/03/29 12:03:23 Anyone is allowed
2019/03/29 12:03:23 Render layout frontend
2019/03/29 12:03:23 REGEXP FOUND: "^/owners$" in path "/owners"

2019/03/29 12:03:23 Anyone is allowed
2019/03/29 12:03:23 Render layout frontend
2019/03/29 12:03:23 Layout prepend running
2019/03/29 12:03:23 REGEXP FOUND: "^/interests$" in path "/interests"

2019/03/29 12:03:23 Anyone is allowed
2019/03/29 12:03:23 Render layout frontend
2019/03/29 12:03:23 REGEXP FOUND: "^/operators$" in path "/operators"

2019/03/29 12:03:23 Anyone is allowed
2019/03/29 12:03:23 Render layout frontend
2019/03/29 12:08:22 Setting default language to user
2019/03/29 12:08:22 Layout prepend running
2019/03/29 12:08:22 Adding css /assets/css/main.css
2019/03/29 12:08:22 SELECT * FROM media_type ORDER BY id
2019/03/29 12:08:22 REGEXP FOUND: "^/?" in path "/"

2019/03/29 12:08:22 Anyone is allowed
2019/03/29 12:08:22 Render layout frontend
2019/03/29 12:13:21 Setting default language to user
2019/03/29 12:18:22 Setting default language to user
2019/03/29 12:23:22 Setting default language to user
2019/03/29 12:28:21 Setting default language to user
2019/03/29 12:33:21 Setting default language to user
2019/03/29 12:38:22 Setting default language to user
2019/03/29 12:43:22 Setting default language to user
2019/03/29 12:48:22 Setting default language to user
2019/03/29 12:53:21 Setting default language to user
2019/03/29 12:58:21 Setting default language to user
