2019/06/27 08:02:02 Setting default language to user
2019/06/27 08:07:02 Setting default language to user
2019/06/27 08:12:02 Setting default language to user
2019/06/27 08:17:02 Setting default language to user
2019/06/27 08:17:24 Setting default language to user
2019/06/27 08:17:24 Layout prepend running
2019/06/27 08:17:24 Adding css /assets/css/main.css
2019/06/27 08:17:24 SELECT * FROM media_type ORDER BY id
2019/06/27 08:17:24 REGEXP FOUND: "^/?" in path "/robots.txt"

2019/06/27 08:17:24 Anyone is allowed
2019/06/27 08:17:24 Render layout frontend
2019/06/27 08:17:24 Setting default language to user
2019/06/27 08:17:24 Layout prepend running
2019/06/27 08:17:24 Adding css /assets/css/main.css
2019/06/27 08:17:24 SELECT * FROM media_type ORDER BY id
2019/06/27 08:17:24 REGEXP FOUND: "^/?" in path "/favicon.ico"

2019/06/27 08:17:24 Anyone is allowed
2019/06/27 08:17:24 Render layout frontend
2019/06/27 08:22:02 Setting default language to user
2019/06/27 08:27:02 Setting default language to user
2019/06/27 08:32:02 Setting default language to user
2019/06/27 08:37:02 Setting default language to user
2019/06/27 08:42:02 Setting default language to user
2019/06/27 08:47:02 Setting default language to user
2019/06/27 08:52:02 Setting default language to user
2019/06/27 08:57:02 Setting default language to user
