2019/01/02 10:00:38 Setting default language to user
2019/01/02 10:04:04 Setting default language to user
2019/01/02 10:09:04 Setting default language to user
2019/01/02 10:14:03 Setting default language to user
2019/01/02 10:19:03 Setting default language to user
2019/01/02 10:24:03 Setting default language to user
2019/01/02 10:29:04 Setting default language to user
2019/01/02 10:34:04 Setting default language to user
2019/01/02 10:34:05 Setting default language to user
2019/01/02 10:34:06 Setting default language to user
2019/01/02 10:34:06 Layout prepend running
2019/01/02 10:34:06 Adding css /assets/css/main.css
2019/01/02 10:34:06 SELECT * FROM media_type ORDER BY id
2019/01/02 10:34:06 REGEXP FOUND: "^/?" in path "/favicon.ico"

2019/01/02 10:34:06 Anyone is allowed
2019/01/02 10:34:06 Render layout frontend
2019/01/02 10:39:04 Setting default language to user
2019/01/02 10:44:04 Setting default language to user
2019/01/02 10:49:58 Setting default language to user
2019/01/02 10:54:57 Setting default language to user
2019/01/02 10:59:57 Setting default language to user
