2019/05/24 12:02:48 Setting default language to user
2019/05/24 12:07:48 Setting default language to user
2019/05/24 12:12:48 Setting default language to user
2019/05/24 12:17:48 Setting default language to user
2019/05/24 12:22:48 Setting default language to user
2019/05/24 12:27:48 Setting default language to user
2019/05/24 12:32:47 Setting default language to user
2019/05/24 12:37:47 Setting default language to user
2019/05/24 12:42:47 Setting default language to user
2019/05/24 12:47:47 Setting default language to user
2019/05/24 12:52:47 Setting default language to user
2019/05/24 12:57:17 Setting default language to user
2019/05/24 12:57:17 Layout prepend running
2019/05/24 12:57:17 Adding css /assets/css/main.css
2019/05/24 12:57:17 SELECT * FROM media_type ORDER BY id
2019/05/24 12:57:17 REGEXP FOUND: "^/?" in path "/robots.txt"

2019/05/24 12:57:17 Anyone is allowed
2019/05/24 12:57:17 Render layout frontend
2019/05/24 12:57:17 Setting default language to user
2019/05/24 12:57:17 Layout prepend running
2019/05/24 12:57:17 Adding css /assets/css/main.css
2019/05/24 12:57:17 SELECT * FROM media_type ORDER BY id
2019/05/24 12:57:17 REGEXP FOUND: "^/?" in path "/favicon.ico"

2019/05/24 12:57:17 Anyone is allowed
2019/05/24 12:57:17 Render layout frontend
2019/05/24 12:57:47 Setting default language to user
