2019/05/14 00:01:40 Setting default language to user
2019/05/14 00:06:40 Setting default language to user
2019/05/14 00:11:40 Setting default language to user
2019/05/14 00:16:40 Setting default language to user
2019/05/14 00:21:40 Setting default language to user
2019/05/14 00:26:40 Setting default language to user
2019/05/14 00:30:52 Setting default language to user
2019/05/14 00:30:52 Layout prepend running
2019/05/14 00:30:52 Adding css /assets/css/main.css
2019/05/14 00:30:52 SELECT * FROM media_type ORDER BY id
2019/05/14 00:30:52 REGEXP FOUND: "^/?" in path "/robots.txt"

2019/05/14 00:30:52 Anyone is allowed
2019/05/14 00:30:52 Render layout frontend
2019/05/14 00:30:52 Setting default language to user
2019/05/14 00:30:52 Layout prepend running
2019/05/14 00:30:52 Adding css /assets/css/main.css
2019/05/14 00:30:52 SELECT * FROM media_type ORDER BY id
2019/05/14 00:30:52 REGEXP FOUND: "^/?" in path "/"

2019/05/14 00:30:52 Anyone is allowed
2019/05/14 00:30:52 Render layout frontend
2019/05/14 00:31:40 Setting default language to user
2019/05/14 00:36:41 Setting default language to user
2019/05/14 00:41:40 Setting default language to user
2019/05/14 00:46:40 Setting default language to user
2019/05/14 00:51:40 Setting default language to user
2019/05/14 00:56:40 Setting default language to user
