2019/03/11 15:01:01 Setting default language to user
2019/03/11 15:06:01 Setting default language to user
2019/03/11 15:11:01 Setting default language to user
2019/03/11 15:16:01 Setting default language to user
2019/03/11 15:17:18 Setting default language to user
2019/03/11 15:17:18 Layout prepend running
2019/03/11 15:17:18 Adding css /assets/css/main.css
2019/03/11 15:17:18 SELECT * FROM media_type ORDER BY id
2019/03/11 15:17:18 REGEXP FOUND: "^/?" in path "/"

2019/03/11 15:17:18 Anyone is allowed
2019/03/11 15:17:18 Render layout frontend
2019/03/11 15:17:19 Layout prepend running
2019/03/11 15:17:19 REGEXP FOUND: "^/connections$" in path "/connections"

2019/03/11 15:17:19 Anyone is allowed
2019/03/11 15:17:19 Render layout frontend
2019/03/11 15:17:19 Layout prepend running
2019/03/11 15:17:19 REGEXP FOUND: "^/media$" in path "/media"

2019/03/11 15:17:19 Anyone is allowed
2019/03/11 15:17:19 Render layout frontend
2019/03/11 15:17:19 Layout prepend running
2019/03/11 15:17:19 REGEXP FOUND: "^/owners$" in path "/owners"

2019/03/11 15:17:19 Anyone is allowed
2019/03/11 15:17:19 Render layout frontend
2019/03/11 15:17:19 Layout prepend running
2019/03/11 15:17:19 REGEXP FOUND: "^/operators$" in path "/operators"

2019/03/11 15:17:19 Anyone is allowed
2019/03/11 15:17:19 Render layout frontend
2019/03/11 15:17:19 Layout prepend running
2019/03/11 15:17:19 REGEXP FOUND: "^/interests$" in path "/interests"

2019/03/11 15:17:19 Anyone is allowed
2019/03/11 15:17:19 Render layout frontend
2019/03/11 15:17:19 Layout prepend running
2019/03/11 15:17:19 Adding css /assets/css/main.css
2019/03/11 15:17:19 SELECT * FROM media_type ORDER BY id
2019/03/11 15:17:19 REGEXP FOUND: "^/?" in path "/favicon.ico"

2019/03/11 15:17:19 Anyone is allowed
2019/03/11 15:17:19 Render layout frontend
2019/03/11 15:21:01 Setting default language to user
2019/03/11 15:26:01 Setting default language to user
2019/03/11 15:27:16 Setting default language to user
2019/03/11 15:27:16 Layout prepend running
2019/03/11 15:27:16 Adding css /assets/css/main.css
2019/03/11 15:27:16 SELECT * FROM media_type ORDER BY id
2019/03/11 15:27:16 REGEXP FOUND: "^/?" in path "/"

2019/03/11 15:27:16 Anyone is allowed
2019/03/11 15:27:16 Render layout frontend
2019/03/11 15:27:17 Layout prepend running
2019/03/11 15:27:17 REGEXP FOUND: "^/media$" in path "/media"

2019/03/11 15:27:17 Anyone is allowed
2019/03/11 15:27:17 Render layout frontend
2019/03/11 15:27:17 Layout prepend running
2019/03/11 15:27:17 REGEXP FOUND: "^/operators$" in path "/operators"

2019/03/11 15:27:17 Anyone is allowed
2019/03/11 15:27:17 Render layout frontend
2019/03/11 15:27:17 Layout prepend running
2019/03/11 15:27:17 REGEXP FOUND: "^/owners$" in path "/owners"

2019/03/11 15:27:17 Anyone is allowed
2019/03/11 15:27:17 Render layout frontend
2019/03/11 15:27:17 Layout prepend running
2019/03/11 15:27:17 Layout prepend running
2019/03/11 15:27:17 REGEXP FOUND: "^/connections$" in path "/connections"

2019/03/11 15:27:17 Anyone is allowed
2019/03/11 15:27:17 Render layout frontend
2019/03/11 15:27:17 REGEXP FOUND: "^/interests$" in path "/interests"

2019/03/11 15:27:17 Anyone is allowed
2019/03/11 15:27:17 Render layout frontend
2019/03/11 15:31:01 Setting default language to user
2019/03/11 15:36:01 Setting default language to user
2019/03/11 15:41:01 Setting default language to user
2019/03/11 15:46:00 Setting default language to user
2019/03/11 15:47:30 Layout prepend running
2019/03/11 15:47:30 Adding css /assets/css/main.css
2019/03/11 15:47:30 SELECT * FROM media_type ORDER BY id
2019/03/11 15:47:30 REGEXP FOUND: "^/?" in path "/"

2019/03/11 15:47:30 Anyone is allowed
2019/03/11 15:47:30 Render layout frontend
2019/03/11 15:47:30 Layout prepend running
2019/03/11 15:47:30 REGEXP FOUND: "^/media$" in path "/media"

2019/03/11 15:47:30 Anyone is allowed
2019/03/11 15:47:30 Render layout frontend
2019/03/11 15:47:30 Layout prepend running
2019/03/11 15:47:30 Layout prepend running
2019/03/11 15:47:30 Layout prepend running
2019/03/11 15:47:30 REGEXP FOUND: "^/operators$" in path "/operators"

2019/03/11 15:47:30 Anyone is allowed
2019/03/11 15:47:30 Render layout frontend
2019/03/11 15:47:30 REGEXP FOUND: "^/owners$" in path "/owners"

2019/03/11 15:47:30 Anyone is allowed
2019/03/11 15:47:30 Render layout frontend
2019/03/11 15:47:30 Layout prepend running
2019/03/11 15:47:30 REGEXP FOUND: "^/connections$" in path "/connections"

2019/03/11 15:47:30 Anyone is allowed
2019/03/11 15:47:30 Render layout frontend
2019/03/11 15:47:30 REGEXP FOUND: "^/interests$" in path "/interests"

2019/03/11 15:47:30 Anyone is allowed
2019/03/11 15:47:30 Render layout frontend
2019/03/11 15:48:16 Setting default language to user
2019/03/11 15:48:16 Layout prepend running
2019/03/11 15:48:16 Adding css /assets/css/main.css
2019/03/11 15:48:16 SELECT * FROM media_type ORDER BY id
2019/03/11 15:48:16 REGEXP FOUND: "^/?" in path "/"

2019/03/11 15:48:16 Anyone is allowed
2019/03/11 15:48:16 Render layout frontend
2019/03/11 15:48:16 Setting default language to user
2019/03/11 15:48:16 Layout prepend running
2019/03/11 15:48:16 Adding css /assets/css/main.css
2019/03/11 15:48:16 SELECT * FROM media_type ORDER BY id
2019/03/11 15:48:16 REGEXP FOUND: "^/?" in path "/"

2019/03/11 15:48:16 Anyone is allowed
2019/03/11 15:48:16 Render layout frontend
2019/03/11 15:48:17 Setting default language to user
2019/03/11 15:48:17 Setting default language to user
2019/03/11 15:48:19 Setting default language to user
2019/03/11 15:51:00 Setting default language to user
2019/03/11 15:56:00 Setting default language to user
2019/03/11 15:56:19 Setting default language to user
