2019/01/25 20:00:27 Setting default language to user
2019/01/25 20:05:26 Setting default language to user
2019/01/25 20:10:27 Setting default language to user
2019/01/25 20:15:27 Setting default language to user
2019/01/25 20:20:27 Setting default language to user
2019/01/25 20:25:27 Setting default language to user
2019/01/25 20:30:26 Setting default language to user
2019/01/25 20:35:26 Setting default language to user
2019/01/25 20:40:26 Setting default language to user
2019/01/25 20:45:27 Setting default language to user
2019/01/25 20:50:26 Setting default language to user
2019/01/25 20:55:27 Setting default language to user
2019/01/25 20:58:18 Setting default language to user
2019/01/25 20:58:18 Layout prepend running
2019/01/25 20:58:18 Adding css /assets/css/main.css
2019/01/25 20:58:18 SELECT * FROM media_type ORDER BY id
2019/01/25 20:58:18 REGEXP FOUND: "^/?" in path "/robots.txt"

2019/01/25 20:58:18 Anyone is allowed
2019/01/25 20:58:18 Render layout frontend
2019/01/25 20:58:18 Setting default language to user
2019/01/25 20:58:18 Layout prepend running
2019/01/25 20:58:18 Adding css /assets/css/main.css
2019/01/25 20:58:18 SELECT * FROM media_type ORDER BY id
2019/01/25 20:58:18 REGEXP FOUND: "^/?" in path "/"

2019/01/25 20:58:18 Anyone is allowed
2019/01/25 20:58:18 Render layout frontend
2019/01/25 20:58:35 Changing language to en
2019/01/25 20:58:35 Layout prepend running
2019/01/25 20:58:35 Adding css /assets/css/main.css
2019/01/25 20:58:35 SELECT * FROM media_type ORDER BY id
2019/01/25 20:58:35 REGEXP FOUND: "^/?" in path "/"

2019/01/25 20:58:35 Anyone is allowed
2019/01/25 20:58:35 Render layout frontend
