2019/06/07 01:02:32 Setting default language to user
2019/06/07 01:07:14 Setting default language to user
2019/06/07 01:07:14 Layout prepend running
2019/06/07 01:07:14 Adding css /assets/css/main.css
2019/06/07 01:07:14 SELECT * FROM media_type ORDER BY id
2019/06/07 01:07:14 REGEXP FOUND: "^/?" in path "/favicon.ico"

2019/06/07 01:07:14 Anyone is allowed
2019/06/07 01:07:14 Render layout frontend
2019/06/07 01:07:32 Setting default language to user
2019/06/07 01:12:32 Setting default language to user
2019/06/07 01:17:32 Setting default language to user
2019/06/07 01:22:32 Setting default language to user
2019/06/07 01:27:33 Setting default language to user
2019/06/07 01:32:32 Setting default language to user
2019/06/07 01:37:32 Setting default language to user
2019/06/07 01:39:47 Setting default language to user
2019/06/07 01:39:47 Layout prepend running
2019/06/07 01:39:47 Adding css /assets/css/main.css
2019/06/07 01:39:47 SELECT * FROM media_type ORDER BY id
2019/06/07 01:39:47 REGEXP FOUND: "^/?" in path "/robots.txt"

2019/06/07 01:39:47 Anyone is allowed
2019/06/07 01:39:47 Render layout frontend
2019/06/07 01:39:51 Setting default language to user
2019/06/07 01:39:51 Layout prepend running
2019/06/07 01:39:51 Adding css /assets/css/main.css
2019/06/07 01:39:51 SELECT * FROM media_type ORDER BY id
2019/06/07 01:39:51 REGEXP FOUND: "^/?" in path "/"

2019/06/07 01:39:51 Anyone is allowed
2019/06/07 01:39:51 Render layout frontend
2019/06/07 01:42:33 Setting default language to user
2019/06/07 01:47:32 Setting default language to user
2019/06/07 01:52:33 Setting default language to user
2019/06/07 01:57:33 Setting default language to user
