2019/01/17 17:04:40 Setting default language to user
2019/01/17 17:09:41 Setting default language to user
2019/01/17 17:14:41 Setting default language to user
2019/01/17 17:14:43 Setting default language to user
2019/01/17 17:14:43 Layout prepend running
2019/01/17 17:14:43 Adding css /assets/css/main.css
2019/01/17 17:14:43 SELECT * FROM media_type ORDER BY id
2019/01/17 17:14:43 REGEXP FOUND: "^/?" in path "/"

2019/01/17 17:14:43 Anyone is allowed
2019/01/17 17:14:43 Render layout frontend
2019/01/17 17:14:46 Layout prepend running
2019/01/17 17:14:46 REGEXP FOUND: "^/connections$" in path "/connections"

2019/01/17 17:14:46 Anyone is allowed
2019/01/17 17:14:46 Render layout frontend
2019/01/17 17:14:46 Layout prepend running
2019/01/17 17:14:46 REGEXP FOUND: "^/operators$" in path "/operators"

2019/01/17 17:14:46 Anyone is allowed
2019/01/17 17:14:46 Render layout frontend
2019/01/17 17:14:46 Layout prepend running
2019/01/17 17:14:46 REGEXP FOUND: "^/owners$" in path "/owners"

2019/01/17 17:14:46 Anyone is allowed
2019/01/17 17:14:46 Render layout frontend
2019/01/17 17:14:46 Layout prepend running
2019/01/17 17:14:46 REGEXP FOUND: "^/interests$" in path "/interests"

2019/01/17 17:14:46 Anyone is allowed
2019/01/17 17:14:46 Render layout frontend
2019/01/17 17:14:47 Layout prepend running
2019/01/17 17:14:47 REGEXP FOUND: "^/media$" in path "/media"

2019/01/17 17:14:47 Anyone is allowed
2019/01/17 17:14:47 Render layout frontend
2019/01/17 17:15:04 Changing language to en
2019/01/17 17:15:04 Layout prepend running
2019/01/17 17:15:04 Adding css /assets/css/main.css
2019/01/17 17:15:04 SELECT * FROM media_type ORDER BY id
2019/01/17 17:15:04 REGEXP FOUND: "^/?" in path "/"

2019/01/17 17:15:04 Anyone is allowed
2019/01/17 17:15:04 Render layout frontend
2019/01/17 17:15:05 Layout prepend running
2019/01/17 17:15:05 REGEXP FOUND: "^/connections$" in path "/connections"

2019/01/17 17:15:05 Anyone is allowed
2019/01/17 17:15:05 Render layout frontend
2019/01/17 17:15:05 Layout prepend running
2019/01/17 17:15:05 REGEXP FOUND: "^/media$" in path "/media"

2019/01/17 17:15:05 Anyone is allowed
2019/01/17 17:15:05 Render layout frontend
2019/01/17 17:15:05 Layout prepend running
2019/01/17 17:15:05 REGEXP FOUND: "^/operators$" in path "/operators"

2019/01/17 17:15:05 Anyone is allowed
2019/01/17 17:15:05 Render layout frontend
2019/01/17 17:15:05 Layout prepend running
2019/01/17 17:15:05 Layout prepend running
2019/01/17 17:15:05 REGEXP FOUND: "^/interests$" in path "/interests"

2019/01/17 17:15:05 Anyone is allowed
2019/01/17 17:15:05 Render layout frontend
2019/01/17 17:19:41 Setting default language to user
2019/01/17 17:24:41 Setting default language to user
2019/01/17 17:29:41 Setting default language to user
2019/01/17 17:34:41 Setting default language to user
2019/01/17 17:39:41 Setting default language to user
2019/01/17 17:44:41 Setting default language to user
2019/01/17 17:49:41 Setting default language to user
2019/01/17 17:54:41 Setting default language to user
2019/01/17 17:59:40 Setting default language to user
