2019/03/29 14:03:21 Setting default language to user
2019/03/29 14:08:21 Setting default language to user
2019/03/29 14:13:22 Setting default language to user
2019/03/29 14:18:21 Setting default language to user
2019/03/29 14:22:26 Setting default language to user
2019/03/29 14:22:26 Layout prepend running
2019/03/29 14:22:26 Adding css /assets/css/main.css
2019/03/29 14:22:26 SELECT * FROM media_type ORDER BY id
2019/03/29 14:22:26 REGEXP FOUND: "^/?" in path "/"

2019/03/29 14:22:26 Anyone is allowed
2019/03/29 14:22:26 Render layout frontend
2019/03/29 14:22:28 Layout prepend running
2019/03/29 14:22:28 REGEXP FOUND: "^/media$" in path "/media"

2019/03/29 14:22:28 Anyone is allowed
2019/03/29 14:22:28 Render layout frontend
2019/03/29 14:22:28 Layout prepend running
2019/03/29 14:22:28 REGEXP FOUND: "^/operators$" in path "/operators"

2019/03/29 14:22:28 Anyone is allowed
2019/03/29 14:22:28 Render layout frontend
2019/03/29 14:22:28 Layout prepend running
2019/03/29 14:22:28 REGEXP FOUND: "^/connections$" in path "/connections"

2019/03/29 14:22:28 Anyone is allowed
2019/03/29 14:22:28 Render layout frontend
2019/03/29 14:22:28 Layout prepend running
2019/03/29 14:22:28 REGEXP FOUND: "^/owners$" in path "/owners"

2019/03/29 14:22:28 Anyone is allowed
2019/03/29 14:22:28 Render layout frontend
2019/03/29 14:22:28 Layout prepend running
2019/03/29 14:22:28 REGEXP FOUND: "^/interests$" in path "/interests"

2019/03/29 14:22:28 Anyone is allowed
2019/03/29 14:22:28 Render layout frontend
2019/03/29 14:23:21 Setting default language to user
2019/03/29 14:28:22 Setting default language to user
2019/03/29 14:33:22 Setting default language to user
2019/03/29 14:38:22 Setting default language to user
2019/03/29 14:43:22 Setting default language to user
2019/03/29 14:48:21 Setting default language to user
2019/03/29 14:53:21 Setting default language to user
2019/03/29 14:58:21 Setting default language to user
