2019/10/17 03:00:14 Setting default language to user
2019/10/17 03:05:14 Setting default language to user
2019/10/17 03:10:14 Setting default language to user
2019/10/17 03:15:14 Setting default language to user
2019/10/17 03:20:14 Setting default language to user
2019/10/17 03:25:14 Setting default language to user
2019/10/17 03:30:14 Setting default language to user
2019/10/17 03:32:27 Setting default language to user
2019/10/17 03:32:27 Layout prepend running
2019/10/17 03:32:27 Adding css /assets/css/main.css
2019/10/17 03:32:27 SELECT * FROM media_type ORDER BY id
2019/10/17 03:32:27 REGEXP FOUND: "^/?" in path "/robots.txt"

2019/10/17 03:32:27 Anyone is allowed
2019/10/17 03:32:27 Render layout frontend
2019/10/17 03:32:28 Setting default language to user
2019/10/17 03:32:28 Layout prepend running
2019/10/17 03:32:28 Adding css /assets/css/main.css
2019/10/17 03:32:28 SELECT * FROM media_type ORDER BY id
2019/10/17 03:32:28 REGEXP FOUND: "^/?" in path "/favicon.ico"

2019/10/17 03:32:28 Anyone is allowed
2019/10/17 03:32:28 Render layout frontend
2019/10/17 03:35:14 Setting default language to user
2019/10/17 03:40:14 Setting default language to user
2019/10/17 03:45:14 Setting default language to user
2019/10/17 03:50:13 Setting default language to user
2019/10/17 03:55:13 Setting default language to user
