2019/11/20 07:08:53 Setting default language to user
2019/11/20 07:12:07 Setting default language to user
2019/11/20 07:12:07 Layout prepend running
2019/11/20 07:12:08 Adding css /assets/css/main.css
2019/11/20 07:12:08 SELECT * FROM media_type ORDER BY id
2019/11/20 07:12:08 REGEXP FOUND: "^/?" in path "/robots.txt"

2019/11/20 07:12:08 Anyone is allowed
2019/11/20 07:12:08 Render layout frontend
2019/11/20 07:12:09 Changing language to en
2019/11/20 07:12:09 Layout prepend running
2019/11/20 07:12:09 Adding css /assets/css/main.css
2019/11/20 07:12:09 SELECT * FROM media_type ORDER BY id
2019/11/20 07:12:09 REGEXP FOUND: "^/?" in path "/"

2019/11/20 07:12:09 Anyone is allowed
2019/11/20 07:12:09 Render layout frontend
2019/11/20 07:12:14 Layout prepend running
2019/11/20 07:12:14 REGEXP FOUND: "^/connections$" in path "/connections"

2019/11/20 07:12:14 Anyone is allowed
2019/11/20 07:12:14 Layout prepend running
2019/11/20 07:12:14 REGEXP FOUND: "^/interests$" in path "/interests"

2019/11/20 07:12:14 Anyone is allowed
2019/11/20 07:12:14 Render layout frontend
2019/11/20 07:12:14 Layout prepend running
2019/11/20 07:12:15 REGEXP FOUND: "^/operators$" in path "/operators"

2019/11/20 07:12:15 Anyone is allowed
2019/11/20 07:12:24 Layout prepend running
2019/11/20 07:12:24 REGEXP FOUND: "^/media$" in path "/media"

2019/11/20 07:12:24 Anyone is allowed
2019/11/20 07:12:25 Layout prepend running
2019/11/20 07:12:25 Render layout frontend
2019/11/20 07:12:25 REGEXP FOUND: "^/owners$" in path "/owners"

2019/11/20 07:12:25 Anyone is allowed
2019/11/20 07:12:25 Render layout frontend
2019/11/20 07:13:53 Setting default language to user
2019/11/20 07:18:53 Setting default language to user
2019/11/20 07:23:53 Setting default language to user
2019/11/20 07:28:53 Setting default language to user
2019/11/20 07:33:53 Setting default language to user
2019/11/20 07:38:53 Setting default language to user
2019/11/20 07:43:53 Setting default language to user
2019/11/20 07:48:53 Setting default language to user
2019/11/20 07:53:53 Setting default language to user
2019/11/20 07:58:53 Setting default language to user
