2019/10/11 21:01:38 Setting default language to user
2019/10/11 21:06:38 Setting default language to user
2019/10/11 21:11:38 Setting default language to user
2019/10/11 21:16:38 Setting default language to user
2019/10/11 21:21:38 Setting default language to user
2019/10/11 21:26:38 Setting default language to user
2019/10/11 21:31:38 Setting default language to user
2019/10/11 21:36:38 Setting default language to user
2019/10/11 21:41:38 Setting default language to user
2019/10/11 21:45:14 Setting default language to user
2019/10/11 21:45:14 Layout prepend running
2019/10/11 21:45:14 Adding css /assets/css/main.css
2019/10/11 21:45:14 SELECT * FROM media_type ORDER BY id
2019/10/11 21:45:14 REGEXP FOUND: "^/?" in path "/robots.txt"

2019/10/11 21:45:14 Anyone is allowed
2019/10/11 21:45:14 Render layout frontend
2019/10/11 21:45:14 Setting default language to user
2019/10/11 21:45:14 Layout prepend running
2019/10/11 21:45:14 Adding css /assets/css/main.css
2019/10/11 21:45:14 SELECT * FROM media_type ORDER BY id
2019/10/11 21:45:14 REGEXP FOUND: "^/?" in path "/"

2019/10/11 21:45:14 Anyone is allowed
2019/10/11 21:45:14 Render layout frontend
2019/10/11 21:46:38 Setting default language to user
2019/10/11 21:51:38 Setting default language to user
2019/10/11 21:56:38 Setting default language to user
