2019/11/26 14:00:30 Setting default language to user
2019/11/26 14:00:30 Layout prepend running
2019/11/26 14:00:30 Adding css /assets/css/main.css
2019/11/26 14:00:30 SELECT * FROM media_type ORDER BY id
2019/11/26 14:00:30 REGEXP FOUND: "^/?" in path "/robots.txt"

2019/11/26 14:00:30 Anyone is allowed
2019/11/26 14:00:30 Render layout frontend
2019/11/26 14:00:31 Setting default language to user
2019/11/26 14:00:31 Layout prepend running
2019/11/26 14:00:31 Adding css /assets/css/main.css
2019/11/26 14:00:31 SELECT * FROM media_type ORDER BY id
2019/11/26 14:00:31 REGEXP FOUND: "^/?" in path "/"

2019/11/26 14:00:31 Anyone is allowed
2019/11/26 14:00:31 Render layout frontend
2019/11/26 14:00:35 Layout prepend running
2019/11/26 14:00:35 REGEXP FOUND: "^/connections$" in path "/connections"

2019/11/26 14:00:35 Anyone is allowed
2019/11/26 14:00:35 Render layout frontend
2019/11/26 14:00:35 Layout prepend running
2019/11/26 14:00:35 REGEXP FOUND: "^/interests$" in path "/interests"

2019/11/26 14:00:35 Anyone is allowed
2019/11/26 14:00:35 Render layout frontend
2019/11/26 14:00:35 Layout prepend running
2019/11/26 14:00:35 REGEXP FOUND: "^/media$" in path "/media"

2019/11/26 14:00:35 Anyone is allowed
2019/11/26 14:00:35 Render layout frontend
2019/11/26 14:00:35 Layout prepend running
2019/11/26 14:00:35 REGEXP FOUND: "^/owners$" in path "/owners"

2019/11/26 14:00:35 Anyone is allowed
2019/11/26 14:00:35 Render layout frontend
2019/11/26 14:00:36 Layout prepend running
2019/11/26 14:00:36 REGEXP FOUND: "^/operators$" in path "/operators"

2019/11/26 14:00:36 Anyone is allowed
2019/11/26 14:00:36 Render layout frontend
2019/11/26 14:00:39 Setting default language to user
2019/11/26 14:00:39 Layout prepend running
2019/11/26 14:00:39 Adding css /assets/css/main.css
2019/11/26 14:00:39 SELECT * FROM media_type ORDER BY id
2019/11/26 14:00:39 REGEXP FOUND: "^/?" in path "/favicon.ico"

2019/11/26 14:00:39 Anyone is allowed
2019/11/26 14:00:39 Render layout frontend
2019/11/26 14:01:01 Setting default language to user
2019/11/26 14:01:26 Layout prepend running
2019/11/26 14:01:26 REGEXP FOUND: "^/media$" in path "/media"

2019/11/26 14:01:26 Anyone is allowed
2019/11/26 14:01:26 Render layout frontend
2019/11/26 14:01:26 Layout prepend running
2019/11/26 14:01:26 REGEXP FOUND: "^/owners$" in path "/owners"

2019/11/26 14:01:26 Anyone is allowed
2019/11/26 14:01:26 Render layout frontend
2019/11/26 14:01:26 Layout prepend running
2019/11/26 14:01:26 REGEXP FOUND: "^/connections$" in path "/connections"

2019/11/26 14:01:26 Anyone is allowed
2019/11/26 14:01:26 Render layout frontend
2019/11/26 14:01:26 Layout prepend running
2019/11/26 14:01:26 REGEXP FOUND: "^/operators$" in path "/operators"

2019/11/26 14:01:26 Anyone is allowed
2019/11/26 14:01:26 Render layout frontend
2019/11/26 14:01:26 Layout prepend running
2019/11/26 14:01:26 REGEXP FOUND: "^/interests$" in path "/interests"

2019/11/26 14:01:26 Anyone is allowed
2019/11/26 14:01:26 Render layout frontend
2019/11/26 14:06:01 Setting default language to user
2019/11/26 14:16:17 Setting default language to user
2019/11/26 14:21:17 Setting default language to user
2019/11/26 14:26:17 Setting default language to user
2019/11/26 14:31:17 Setting default language to user
2019/11/26 14:36:17 Setting default language to user
2019/11/26 14:41:17 Setting default language to user
2019/11/26 14:46:17 Setting default language to user
2019/11/26 14:48:33 Setting default language to user
2019/11/26 14:48:33 Layout prepend running
2019/11/26 14:48:33 Adding css /assets/css/main.css
2019/11/26 14:48:33 SELECT * FROM media_type ORDER BY id
2019/11/26 14:48:33 REGEXP FOUND: "^/?" in path "/"

2019/11/26 14:48:33 Anyone is allowed
2019/11/26 14:48:33 Render layout frontend
2019/11/26 14:51:17 Setting default language to user
2019/11/26 14:56:17 Setting default language to user
