2019/10/04 09:00:18 Setting default language to user
2019/10/04 09:00:18 Layout prepend running
2019/10/04 09:00:18 Adding css /assets/css/main.css
2019/10/04 09:00:18 SELECT * FROM media_type ORDER BY id
2019/10/04 09:00:18 REGEXP FOUND: "^/?" in path "/"

2019/10/04 09:00:18 Anyone is allowed
2019/10/04 09:00:18 Render layout frontend
2019/10/04 09:00:49 Setting default language to user
2019/10/04 09:01:19 Layout prepend running
2019/10/04 09:01:19 REGEXP FOUND: "^/connections$" in path "/connections"

2019/10/04 09:01:19 Anyone is allowed
2019/10/04 09:01:19 Render layout frontend
2019/10/04 09:01:19 Layout prepend running
2019/10/04 09:01:19 REGEXP FOUND: "^/owners$" in path "/owners"

2019/10/04 09:01:19 Anyone is allowed
2019/10/04 09:01:19 Render layout frontend
2019/10/04 09:01:19 Layout prepend running
2019/10/04 09:01:19 REGEXP FOUND: "^/operators$" in path "/operators"

2019/10/04 09:01:19 Anyone is allowed
2019/10/04 09:01:19 Render layout frontend
2019/10/04 09:01:19 Layout prepend running
2019/10/04 09:01:19 REGEXP FOUND: "^/media$" in path "/media"

2019/10/04 09:01:19 Anyone is allowed
2019/10/04 09:01:19 Render layout frontend
2019/10/04 09:01:19 Layout prepend running
2019/10/04 09:01:19 REGEXP FOUND: "^/interests$" in path "/interests"

2019/10/04 09:01:19 Anyone is allowed
2019/10/04 09:01:19 Render layout frontend
2019/10/04 09:04:57 Setting default language to user
2019/10/04 09:04:57 Layout prepend running
2019/10/04 09:04:57 Adding css /assets/css/main.css
2019/10/04 09:04:57 SELECT * FROM media_type ORDER BY id
2019/10/04 09:04:57 REGEXP FOUND: "^/?" in path "/favicon.ico"

2019/10/04 09:04:57 Anyone is allowed
2019/10/04 09:04:58 Render layout frontend
2019/10/04 09:05:49 Setting default language to user
2019/10/04 09:10:49 Setting default language to user
2019/10/04 09:15:49 Setting default language to user
2019/10/04 09:20:49 Setting default language to user
2019/10/04 09:25:49 Setting default language to user
2019/10/04 09:30:49 Setting default language to user
2019/10/04 09:37:45 Setting default language to user
2019/10/04 09:42:45 Setting default language to user
2019/10/04 09:47:45 Setting default language to user
2019/10/04 09:52:45 Setting default language to user
2019/10/04 09:57:45 Setting default language to user
