2019/11/04 10:04:50 Setting default language to user
2019/11/04 10:09:50 Setting default language to user
2019/11/04 10:14:50 Setting default language to user
2019/11/04 10:19:50 Setting default language to user
2019/11/04 10:24:50 Setting default language to user
2019/11/04 10:29:50 Setting default language to user
2019/11/04 10:34:50 Setting default language to user
2019/11/04 10:39:50 Setting default language to user
2019/11/04 10:40:19 Setting default language to user
2019/11/04 10:40:19 Layout prepend running
2019/11/04 10:40:19 Adding css /assets/css/main.css
2019/11/04 10:40:19 SELECT * FROM media_type ORDER BY id
2019/11/04 10:40:19 REGEXP FOUND: "^/?" in path "/"

2019/11/04 10:40:19 Anyone is allowed
2019/11/04 10:40:19 Render layout frontend
2019/11/04 10:40:20 Layout prepend running
2019/11/04 10:40:20 REGEXP FOUND: "^/media$" in path "/media"

2019/11/04 10:40:20 Anyone is allowed
2019/11/04 10:40:20 Render layout frontend
2019/11/04 10:40:20 Layout prepend running
2019/11/04 10:40:20 Layout prepend running
2019/11/04 10:40:20 REGEXP FOUND: "^/connections$" in path "/connections"

2019/11/04 10:40:20 Anyone is allowed
2019/11/04 10:40:20 REGEXP FOUND: "^/operators$" in path "/operators"

2019/11/04 10:40:20 Anyone is allowed
2019/11/04 10:40:20 Layout prepend running
2019/11/04 10:40:20 Layout prepend running
2019/11/04 10:40:20 REGEXP FOUND: "^/owners$" in path "/owners"

2019/11/04 10:40:20 Anyone is allowed
2019/11/04 10:40:20 Render layout frontend
2019/11/04 10:40:20 REGEXP FOUND: "^/interests$" in path "/interests"

2019/11/04 10:40:20 Anyone is allowed
2019/11/04 10:40:20 Render layout frontend
2019/11/04 10:44:50 Setting default language to user
2019/11/04 10:49:49 Setting default language to user
2019/11/04 10:54:50 Setting default language to user
2019/11/04 10:59:50 Setting default language to user
