2019/10/09 06:00:58 Setting default language to user
2019/10/09 06:05:58 Setting default language to user
2019/10/09 06:06:12 Setting default language to user
2019/10/09 06:06:12 Layout prepend running
2019/10/09 06:06:12 Adding css /assets/css/main.css
2019/10/09 06:06:12 SELECT * FROM media_type ORDER BY id
2019/10/09 06:06:12 REGEXP FOUND: "^/?" in path "/robots.txt"

2019/10/09 06:06:12 Anyone is allowed
2019/10/09 06:06:12 Render layout frontend
2019/10/09 06:06:12 Setting default language to user
2019/10/09 06:06:12 Layout prepend running
2019/10/09 06:06:12 Adding css /assets/css/main.css
2019/10/09 06:06:12 SELECT * FROM media_type ORDER BY id
2019/10/09 06:06:12 REGEXP FOUND: "^/?" in path "/"

2019/10/09 06:06:12 Anyone is allowed
2019/10/09 06:06:12 Render layout frontend
2019/10/09 06:10:58 Setting default language to user
2019/10/09 06:15:58 Setting default language to user
2019/10/09 06:20:58 Setting default language to user
2019/10/09 06:25:58 Setting default language to user
2019/10/09 06:30:58 Setting default language to user
2019/10/09 06:35:58 Setting default language to user
2019/10/09 06:40:58 Setting default language to user
2019/10/09 06:45:58 Setting default language to user
2019/10/09 06:50:58 Setting default language to user
2019/10/09 06:55:58 Setting default language to user
