2019/10/10 13:01:51 Setting default language to user
2019/10/10 13:06:51 Setting default language to user
2019/10/10 13:11:18 Setting default language to user
2019/10/10 13:11:18 Layout prepend running
2019/10/10 13:11:18 Adding css /assets/css/main.css
2019/10/10 13:11:18 SELECT * FROM media_type ORDER BY id
2019/10/10 13:11:18 REGEXP FOUND: "^/?" in path "/robots.txt"

2019/10/10 13:11:18 Anyone is allowed
2019/10/10 13:11:18 Render layout frontend
2019/10/10 13:11:22 Setting default language to user
2019/10/10 13:11:22 Layout prepend running
2019/10/10 13:11:22 Adding css /assets/css/main.css
2019/10/10 13:11:22 SELECT * FROM media_type ORDER BY id
2019/10/10 13:11:22 REGEXP FOUND: "^/?" in path "/"

2019/10/10 13:11:22 Anyone is allowed
2019/10/10 13:11:22 Render layout frontend
2019/10/10 13:11:52 Setting default language to user
2019/10/10 13:16:51 Setting default language to user
2019/10/10 13:21:51 Setting default language to user
2019/10/10 13:26:52 Setting default language to user
2019/10/10 13:31:51 Setting default language to user
2019/10/10 13:36:52 Setting default language to user
2019/10/10 13:41:51 Setting default language to user
2019/10/10 13:46:51 Setting default language to user
2019/10/10 13:51:52 Setting default language to user
2019/10/10 13:56:52 Setting default language to user
