2019/12/04 11:04:33 Setting default language to user
2019/12/04 11:09:33 Setting default language to user
2019/12/04 11:14:33 Setting default language to user
2019/12/04 11:19:33 Setting default language to user
2019/12/04 11:24:33 Setting default language to user
2019/12/04 11:29:33 Setting default language to user
2019/12/04 11:34:33 Setting default language to user
2019/12/04 11:35:12 Setting default language to user
2019/12/04 11:35:12 Layout prepend running
2019/12/04 11:35:12 Adding css /assets/css/main.css
2019/12/04 11:35:12 SELECT * FROM media_type ORDER BY id
2019/12/04 11:35:12 REGEXP FOUND: "^/?" in path "/"

2019/12/04 11:35:12 Anyone is allowed
2019/12/04 11:35:12 Render layout frontend
2019/12/04 11:35:14 Layout prepend running
2019/12/04 11:35:14 REGEXP FOUND: "^/media$" in path "/media"

2019/12/04 11:35:14 Anyone is allowed
2019/12/04 11:35:14 Render layout frontend
2019/12/04 11:35:14 Layout prepend running
2019/12/04 11:35:14 REGEXP FOUND: "^/connections$" in path "/connections"

2019/12/04 11:35:14 Anyone is allowed
2019/12/04 11:35:14 Render layout frontend
2019/12/04 11:35:14 Layout prepend running
2019/12/04 11:35:14 REGEXP FOUND: "^/operators$" in path "/operators"

2019/12/04 11:35:14 Anyone is allowed
2019/12/04 11:35:14 Render layout frontend
2019/12/04 11:35:14 Layout prepend running
2019/12/04 11:35:14 REGEXP FOUND: "^/owners$" in path "/owners"

2019/12/04 11:35:14 Anyone is allowed
2019/12/04 11:35:14 Render layout frontend
2019/12/04 11:35:14 Layout prepend running
2019/12/04 11:35:14 REGEXP FOUND: "^/interests$" in path "/interests"

2019/12/04 11:35:14 Anyone is allowed
2019/12/04 11:35:14 Render layout frontend
2019/12/04 11:39:33 Setting default language to user
2019/12/04 11:44:33 Setting default language to user
2019/12/04 11:49:33 Setting default language to user
2019/12/04 11:54:33 Setting default language to user
2019/12/04 11:59:33 Setting default language to user
