2019/12/06 12:02:18 Setting default language to user
2019/12/06 12:07:18 Setting default language to user
2019/12/06 12:12:18 Setting default language to user
2019/12/06 12:17:18 Setting default language to user
2019/12/06 12:19:49 Setting default language to user
2019/12/06 12:19:49 Layout prepend running
2019/12/06 12:19:49 Adding css /assets/css/main.css
2019/12/06 12:19:49 SELECT * FROM media_type ORDER BY id
2019/12/06 12:19:50 REGEXP FOUND: "^/?" in path "/"

2019/12/06 12:19:50 Anyone is allowed
2019/12/06 12:19:50 Render layout frontend
2019/12/06 12:19:51 Setting default language to user
2019/12/06 12:19:51 Layout prepend running
2019/12/06 12:19:51 Adding css /assets/css/main.css
2019/12/06 12:19:51 SELECT * FROM media_type ORDER BY id
2019/12/06 12:19:52 REGEXP FOUND: "^/?" in path "/"

2019/12/06 12:19:52 Anyone is allowed
2019/12/06 12:19:52 Render layout frontend
2019/12/06 12:19:54 Setting default language to user
2019/12/06 12:19:54 Setting default language to user
2019/12/06 12:22:18 Setting default language to user
2019/12/06 12:27:18 Setting default language to user
2019/12/06 12:32:18 Setting default language to user
2019/12/06 12:37:18 Setting default language to user
2019/12/06 12:42:18 Setting default language to user
2019/12/06 12:47:18 Setting default language to user
2019/12/06 12:52:18 Setting default language to user
2019/12/06 12:57:18 Setting default language to user
