2019/11/04 11:04:50 Setting default language to user
2019/11/04 11:09:50 Setting default language to user
2019/11/04 11:14:50 Setting default language to user
2019/11/04 11:19:50 Setting default language to user
2019/11/04 11:20:28 Layout prepend running
2019/11/04 11:20:28 Adding css /assets/css/main.css
2019/11/04 11:20:28 SELECT * FROM media_type ORDER BY id
2019/11/04 11:20:28 REGEXP FOUND: "^/?" in path "/"

2019/11/04 11:20:28 Anyone is allowed
2019/11/04 11:20:28 Render layout frontend
2019/11/04 11:20:28 Layout prepend running
2019/11/04 11:20:28 REGEXP FOUND: "^/media$" in path "/media"

2019/11/04 11:20:28 Anyone is allowed
2019/11/04 11:20:28 Render layout frontend
2019/11/04 11:20:28 Layout prepend running
2019/11/04 11:20:28 REGEXP FOUND: "^/connections$" in path "/connections"

2019/11/04 11:20:28 Anyone is allowed
2019/11/04 11:20:28 Render layout frontend
2019/11/04 11:20:28 Layout prepend running
2019/11/04 11:20:28 REGEXP FOUND: "^/operators$" in path "/operators"

2019/11/04 11:20:28 Anyone is allowed
2019/11/04 11:20:28 Render layout frontend
2019/11/04 11:20:28 Layout prepend running
2019/11/04 11:20:28 Layout prepend running
2019/11/04 11:20:28 REGEXP FOUND: "^/interests$" in path "/interests"

2019/11/04 11:20:28 Anyone is allowed
2019/11/04 11:20:28 Render layout frontend
2019/11/04 11:20:36 Layout prepend running
2019/11/04 11:20:36 Adding css /assets/css/main.css
2019/11/04 11:20:36 SELECT * FROM media_type ORDER BY id
2019/11/04 11:20:36 REGEXP FOUND: "^/?" in path "/"

2019/11/04 11:20:36 Anyone is allowed
2019/11/04 11:20:36 Render layout frontend
2019/11/04 11:20:36 Layout prepend running
2019/11/04 11:20:36 REGEXP FOUND: "^/connections$" in path "/connections"

2019/11/04 11:20:36 Anyone is allowed
2019/11/04 11:20:36 Render layout frontend
2019/11/04 11:20:36 Layout prepend running
2019/11/04 11:20:36 Layout prepend running
2019/11/04 11:20:36 Layout prepend running
2019/11/04 11:20:36 Layout prepend running
2019/11/04 11:20:36 REGEXP FOUND: "^/interests$" in path "/interests"

2019/11/04 11:20:36 Anyone is allowed
2019/11/04 11:20:36 Render layout frontend
2019/11/04 11:20:36 REGEXP FOUND: "^/media$" in path "/media"

2019/11/04 11:20:36 Anyone is allowed
2019/11/04 11:20:36 Render layout frontend
2019/11/04 11:20:36 REGEXP FOUND: "^/operators$" in path "/operators"

2019/11/04 11:20:36 Anyone is allowed
2019/11/04 11:20:36 Render layout frontend
2019/11/04 11:20:36 REGEXP FOUND: "^/owners$" in path "/owners"

2019/11/04 11:20:36 Anyone is allowed
2019/11/04 11:20:36 Render layout frontend
2019/11/04 11:24:50 Setting default language to user
2019/11/04 11:29:50 Setting default language to user
2019/11/04 11:34:50 Setting default language to user
2019/11/04 11:39:50 Setting default language to user
2019/11/04 11:44:50 Setting default language to user
2019/11/04 11:49:50 Setting default language to user
2019/11/04 11:54:50 Setting default language to user
2019/11/04 11:59:50 Setting default language to user
