2019/10/18 04:02:51 Setting default language to user
2019/10/18 04:07:51 Setting default language to user
2019/10/18 04:12:51 Setting default language to user
2019/10/18 04:17:51 Setting default language to user
2019/10/18 04:19:34 Setting default language to user
2019/10/18 04:19:34 Layout prepend running
2019/10/18 04:19:34 Adding css /assets/css/main.css
2019/10/18 04:19:34 SELECT * FROM media_type ORDER BY id
2019/10/18 04:19:34 REGEXP FOUND: "^/?" in path "/robots.txt"

2019/10/18 04:19:34 Anyone is allowed
2019/10/18 04:19:35 Render layout frontend
2019/10/18 04:19:35 Setting default language to user
2019/10/18 04:19:35 Layout prepend running
2019/10/18 04:19:35 Adding css /assets/css/main.css
2019/10/18 04:19:35 SELECT * FROM media_type ORDER BY id
2019/10/18 04:19:35 REGEXP FOUND: "^/?" in path "/"

2019/10/18 04:19:35 Anyone is allowed
2019/10/18 04:19:35 Render layout frontend
2019/10/18 04:19:46 Setting default language to user
2019/10/18 04:19:46 Layout prepend running
2019/10/18 04:19:46 Adding css /assets/css/main.css
2019/10/18 04:19:46 SELECT * FROM media_type ORDER BY id
2019/10/18 04:19:46 REGEXP FOUND: "^/?" in path "/favicon.ico"

2019/10/18 04:19:46 Anyone is allowed
2019/10/18 04:19:46 Render layout frontend
2019/10/18 04:22:51 Setting default language to user
2019/10/18 04:27:51 Setting default language to user
2019/10/18 04:32:51 Setting default language to user
2019/10/18 04:37:51 Setting default language to user
2019/10/18 04:42:51 Setting default language to user
2019/10/18 04:47:51 Setting default language to user
2019/10/18 04:52:51 Setting default language to user
2019/10/18 04:57:51 Setting default language to user
