2019/11/06 22:03:37 Setting default language to user
2019/11/06 22:08:37 Setting default language to user
2019/11/06 22:13:37 Setting default language to user
2019/11/06 22:18:37 Setting default language to user
2019/11/06 22:20:26 Setting default language to user
2019/11/06 22:20:26 Layout prepend running
2019/11/06 22:20:26 Adding css /assets/css/main.css
2019/11/06 22:20:26 SELECT * FROM media_type ORDER BY id
2019/11/06 22:20:26 REGEXP FOUND: "^/?" in path "/robots.txt"

2019/11/06 22:20:26 Anyone is allowed
2019/11/06 22:20:26 Render layout frontend
2019/11/06 22:20:30 Setting default language to user
2019/11/06 22:20:30 Layout prepend running
2019/11/06 22:20:30 Adding css /assets/css/main.css
2019/11/06 22:20:30 SELECT * FROM media_type ORDER BY id
2019/11/06 22:20:30 REGEXP FOUND: "^/?" in path "/"

2019/11/06 22:20:30 Anyone is allowed
2019/11/06 22:20:30 Render layout frontend
2019/11/06 22:23:37 Setting default language to user
2019/11/06 22:28:37 Setting default language to user
2019/11/06 22:33:37 Setting default language to user
2019/11/06 22:38:37 Setting default language to user
2019/11/06 22:43:37 Setting default language to user
2019/11/06 22:48:37 Setting default language to user
2019/11/06 22:53:37 Setting default language to user
2019/11/06 22:58:37 Setting default language to user
