2019/12/03 14:03:26 Setting default language to user
2019/12/03 14:08:26 Setting default language to user
2019/12/03 14:13:26 Setting default language to user
2019/12/03 14:18:26 Setting default language to user
2019/12/03 14:23:26 Setting default language to user
2019/12/03 14:28:26 Setting default language to user
2019/12/03 14:33:26 Setting default language to user
2019/12/03 14:38:26 Setting default language to user
2019/12/03 14:43:26 Setting default language to user
2019/12/03 14:48:26 Setting default language to user
2019/12/03 14:52:49 Setting default language to user
2019/12/03 14:52:49 Layout prepend running
2019/12/03 14:52:49 Adding css /assets/css/main.css
2019/12/03 14:52:50 SELECT * FROM media_type ORDER BY id
2019/12/03 14:52:50 REGEXP FOUND: "^/?" in path "/"

2019/12/03 14:52:50 Anyone is allowed
2019/12/03 14:52:51 Render layout frontend
2019/12/03 14:52:52 Layout prepend running
2019/12/03 14:52:52 Layout prepend running
2019/12/03 14:52:52 Layout prepend running
2019/12/03 14:52:52 Layout prepend running
2019/12/03 14:52:52 Layout prepend running
2019/12/03 14:52:52 REGEXP FOUND: "^/operators$" in path "/operators"

2019/12/03 14:52:52 Anyone is allowed
2019/12/03 14:52:52 Render layout frontend
2019/12/03 14:52:53 REGEXP FOUND: "^/media$" in path "/media"

2019/12/03 14:52:53 Anyone is allowed
2019/12/03 14:52:53 Render layout frontend
2019/12/03 14:52:53 REGEXP FOUND: "^/interests$" in path "/interests"

2019/12/03 14:52:53 Anyone is allowed
2019/12/03 14:52:53 Render layout frontend
2019/12/03 14:53:26 Setting default language to user
2019/12/03 14:55:46 Setting default language to user
2019/12/03 14:55:46 Layout prepend running
2019/12/03 14:55:46 Adding css /assets/css/main.css
2019/12/03 14:55:46 SELECT * FROM media_type ORDER BY id
2019/12/03 14:55:46 REGEXP FOUND: "^/?" in path "/"

2019/12/03 14:55:46 Anyone is allowed
2019/12/03 14:55:46 Render layout frontend
2019/12/03 14:55:48 Setting default language to user
2019/12/03 14:55:48 Layout prepend running
2019/12/03 14:55:48 Setting default language to user
2019/12/03 14:55:48 Layout prepend running
2019/12/03 14:55:48 Setting default language to user
2019/12/03 14:55:48 Layout prepend running
2019/12/03 14:55:48 Setting default language to user
2019/12/03 14:55:48 Layout prepend running
2019/12/03 14:55:48 Setting default language to user
2019/12/03 14:55:48 Layout prepend running
2019/12/03 14:55:48 REGEXP FOUND: "^/owners$" in path "/owners"

2019/12/03 14:55:48 Anyone is allowed
2019/12/03 14:55:48 Render layout frontend
2019/12/03 14:55:48 REGEXP FOUND: "^/connections$" in path "/connections"

2019/12/03 14:55:48 Anyone is allowed
2019/12/03 14:55:48 Render layout frontend
2019/12/03 14:55:48 REGEXP FOUND: "^/media$" in path "/media"

2019/12/03 14:55:48 Anyone is allowed
2019/12/03 14:55:48 Render layout frontend
2019/12/03 14:55:48 REGEXP FOUND: "^/interests$" in path "/interests"

2019/12/03 14:55:48 Anyone is allowed
2019/12/03 14:55:48 Render layout frontend
2019/12/03 14:58:26 Setting default language to user
