2019/10/10 10:01:51 Setting default language to user
2019/10/10 10:06:51 Setting default language to user
2019/10/10 10:11:51 Setting default language to user
2019/10/10 10:16:51 Setting default language to user
2019/10/10 10:21:52 Setting default language to user
2019/10/10 10:26:51 Setting default language to user
2019/10/10 10:31:51 Setting default language to user
2019/10/10 10:36:51 Setting default language to user
2019/10/10 10:41:51 Setting default language to user
2019/10/10 10:43:48 Setting default language to user
2019/10/10 10:43:48 Layout prepend running
2019/10/10 10:43:48 Adding css /assets/css/main.css
2019/10/10 10:43:48 SELECT * FROM media_type ORDER BY id
2019/10/10 10:43:48 REGEXP FOUND: "^/?" in path "/robots.txt"

2019/10/10 10:43:48 Anyone is allowed
2019/10/10 10:43:48 Render layout frontend
2019/10/10 10:43:49 Setting default language to user
2019/10/10 10:43:49 Layout prepend running
2019/10/10 10:43:49 Adding css /assets/css/main.css
2019/10/10 10:43:49 SELECT * FROM media_type ORDER BY id
2019/10/10 10:43:49 REGEXP FOUND: "^/?" in path "/"

2019/10/10 10:43:49 Anyone is allowed
2019/10/10 10:43:49 Render layout frontend
2019/10/10 10:46:51 Setting default language to user
2019/10/10 10:47:06 Layout prepend running
2019/10/10 10:47:06 REGEXP FOUND: "^/owners$" in path "/owners"

2019/10/10 10:47:06 Anyone is allowed
2019/10/10 10:47:06 Render layout frontend
2019/10/10 10:51:51 Setting default language to user
2019/10/10 10:56:51 Setting default language to user
