2019/10/11 01:02:04 Setting default language to user
2019/10/11 01:07:04 Setting default language to user
2019/10/11 01:12:04 Setting default language to user
2019/10/11 01:17:04 Setting default language to user
2019/10/11 01:22:04 Setting default language to user
2019/10/11 01:27:04 Setting default language to user
2019/10/11 01:32:04 Setting default language to user
2019/10/11 01:37:04 Setting default language to user
2019/10/11 01:42:04 Setting default language to user
2019/10/11 01:47:04 Setting default language to user
2019/10/11 01:52:04 Setting default language to user
2019/10/11 01:57:04 Setting default language to user
2019/10/11 01:57:05 Setting default language to user
2019/10/11 01:57:05 Layout prepend running
2019/10/11 01:57:05 Adding css /assets/css/main.css
2019/10/11 01:57:05 SELECT * FROM media_type ORDER BY id
2019/10/11 01:57:05 REGEXP FOUND: "^/?" in path "/"

2019/10/11 01:57:05 Anyone is allowed
2019/10/11 01:57:05 Render layout frontend
2019/10/11 01:57:09 Layout prepend running
2019/10/11 01:57:09 REGEXP FOUND: "^/owners$" in path "/owners"

2019/10/11 01:57:09 Anyone is allowed
2019/10/11 01:57:09 Render layout frontend
