2019/10/09 16:00:44 Setting default language to user
2019/10/09 16:00:44 Layout prepend running
2019/10/09 16:00:44 Adding css /assets/css/main.css
2019/10/09 16:00:44 SELECT * FROM media_type ORDER BY id
2019/10/09 16:00:44 REGEXP FOUND: "^/?" in path "/"

2019/10/09 16:00:44 Anyone is allowed
2019/10/09 16:00:44 Render layout frontend
2019/10/09 16:00:50 Layout prepend running
2019/10/09 16:00:50 REGEXP FOUND: "^/media$" in path "/media"

2019/10/09 16:00:50 Anyone is allowed
2019/10/09 16:00:50 Render layout frontend
2019/10/09 16:00:50 Layout prepend running
2019/10/09 16:00:50 REGEXP FOUND: "^/operators$" in path "/operators"

2019/10/09 16:00:50 Anyone is allowed
2019/10/09 16:00:50 Render layout frontend
2019/10/09 16:00:50 Layout prepend running
2019/10/09 16:00:50 REGEXP FOUND: "^/owners$" in path "/owners"

2019/10/09 16:00:50 Anyone is allowed
2019/10/09 16:00:50 Render layout frontend
2019/10/09 16:00:50 Layout prepend running
2019/10/09 16:00:50 REGEXP FOUND: "^/connections$" in path "/connections"

2019/10/09 16:00:50 Anyone is allowed
2019/10/09 16:00:50 Render layout frontend
2019/10/09 16:00:51 Layout prepend running
2019/10/09 16:00:51 REGEXP FOUND: "^/interests$" in path "/interests"

2019/10/09 16:00:51 Anyone is allowed
2019/10/09 16:00:51 Render layout frontend
2019/10/09 16:00:57 Setting default language to user
2019/10/09 16:05:57 Setting default language to user
2019/10/09 16:10:57 Setting default language to user
2019/10/09 16:15:57 Setting default language to user
2019/10/09 16:20:57 Setting default language to user
2019/10/09 16:25:57 Setting default language to user
2019/10/09 16:30:57 Setting default language to user
2019/10/09 16:35:57 Setting default language to user
2019/10/09 16:40:58 Setting default language to user
2019/10/09 16:45:58 Setting default language to user
2019/10/09 16:50:57 Setting default language to user
2019/10/09 16:55:56 Setting default language to user
