2019/10/03 12:02:00 Setting default language to user
2019/10/03 12:04:41 Setting default language to user
2019/10/03 12:04:41 Layout prepend running
2019/10/03 12:04:41 Adding css /assets/css/main.css
2019/10/03 12:04:41 SELECT * FROM media_type ORDER BY id
2019/10/03 12:04:42 REGEXP FOUND: "^/?" in path "/robots.txt"

2019/10/03 12:04:42 Anyone is allowed
2019/10/03 12:04:42 Render layout frontend
2019/10/03 12:04:44 Layout prepend running
2019/10/03 12:04:44 REGEXP FOUND: "^/owners$" in path "/owners"

2019/10/03 12:04:44 Layout prepend running
2019/10/03 12:04:44 Anyone is allowed
2019/10/03 12:04:44 Render layout frontend
2019/10/03 12:04:45 Layout prepend running
2019/10/03 12:04:45 REGEXP FOUND: "^/interests$" in path "/interests"

2019/10/03 12:04:45 Anyone is allowed
2019/10/03 12:04:45 Render layout frontend
2019/10/03 12:04:45 Layout prepend running
2019/10/03 12:04:45 REGEXP FOUND: "^/media$" in path "/media"

2019/10/03 12:04:45 Anyone is allowed
2019/10/03 12:04:45 Render layout frontend
2019/10/03 12:04:45 Layout prepend running
2019/10/03 12:04:45 REGEXP FOUND: "^/connections$" in path "/connections"

2019/10/03 12:04:45 Anyone is allowed
2019/10/03 12:04:45 Render layout frontend
2019/10/03 12:07:00 Setting default language to user
2019/10/03 12:12:00 Setting default language to user
2019/10/03 12:17:00 Setting default language to user
2019/10/03 12:22:00 Setting default language to user
2019/10/03 12:27:00 Setting default language to user
2019/10/03 12:32:00 Setting default language to user
2019/10/03 12:37:00 Setting default language to user
2019/10/03 12:42:00 Setting default language to user
2019/10/03 12:47:00 Setting default language to user
2019/10/03 12:52:00 Setting default language to user
2019/10/03 12:57:00 Setting default language to user
