2019/11/20 10:03:53 Setting default language to user
2019/11/20 10:08:52 Setting default language to user
2019/11/20 10:11:35 Setting default language to user
2019/11/20 10:11:35 Layout prepend running
2019/11/20 10:11:35 Adding css /assets/css/main.css
2019/11/20 10:11:35 SELECT * FROM media_type ORDER BY id
2019/11/20 10:11:35 REGEXP FOUND: "^/?" in path "/"

2019/11/20 10:11:35 Anyone is allowed
2019/11/20 10:11:35 Render layout frontend
2019/11/20 10:11:35 Layout prepend running
2019/11/20 10:11:35 REGEXP FOUND: "^/media$" in path "/media"

2019/11/20 10:11:35 Anyone is allowed
2019/11/20 10:11:35 Render layout frontend
2019/11/20 10:11:35 Layout prepend running
2019/11/20 10:11:35 Layout prepend running
2019/11/20 10:11:35 REGEXP FOUND: "^/operators$" in path "/operators"

2019/11/20 10:11:35 Anyone is allowed
2019/11/20 10:11:35 Render layout frontend
2019/11/20 10:11:35 REGEXP FOUND: "^/connections$" in path "/connections"

2019/11/20 10:11:35 Anyone is allowed
2019/11/20 10:11:35 Render layout frontend
2019/11/20 10:11:35 Layout prepend running
2019/11/20 10:11:35 REGEXP FOUND: "^/owners$" in path "/owners"

2019/11/20 10:11:35 Anyone is allowed
2019/11/20 10:11:35 Render layout frontend
2019/11/20 10:11:35 Layout prepend running
2019/11/20 10:11:35 REGEXP FOUND: "^/interests$" in path "/interests"

2019/11/20 10:11:35 Anyone is allowed
2019/11/20 10:11:35 Render layout frontend
2019/11/20 10:13:52 Setting default language to user
2019/11/20 10:15:33 Setting default language to user
2019/11/20 10:15:34 Setting default language to user
2019/11/20 10:15:34 Layout prepend running
2019/11/20 10:15:34 Adding css /assets/css/main.css
2019/11/20 10:15:34 SELECT * FROM media_type ORDER BY id
2019/11/20 10:15:34 REGEXP FOUND: "^/?" in path "/favicon.ico"

2019/11/20 10:15:34 Anyone is allowed
2019/11/20 10:15:34 Render layout frontend
2019/11/20 10:18:52 Setting default language to user
2019/11/20 10:23:53 Setting default language to user
2019/11/20 10:28:53 Setting default language to user
2019/11/20 10:33:52 Setting default language to user
2019/11/20 10:38:53 Setting default language to user
2019/11/20 10:43:52 Setting default language to user
2019/11/20 10:48:52 Setting default language to user
2019/11/20 10:53:52 Setting default language to user
2019/11/20 10:58:52 Setting default language to user
